/home/j/INCSL/IICC26_ws/install/sjtu_drone_bringup/lib/python3.10/site-packages/sjtu_drone_bringup/apriltag_state_bridge.py
/home/j/INCSL/IICC26_ws/install/sjtu_drone_bringup/lib/python3.10/site-packages/sjtu_drone_bringup/__init__.py
/home/j/INCSL/IICC26_ws/install/sjtu_drone_bringup/lib/python3.10/site-packages/sjtu_drone_bringup/spawn_drone.py
/home/j/INCSL/IICC26_ws/install/sjtu_drone_bringup/lib/python3.10/site-packages/sjtu_drone_bringup/__pycache__/apriltag_state_bridge.cpython-310.pyc
/home/j/INCSL/IICC26_ws/install/sjtu_drone_bringup/lib/python3.10/site-packages/sjtu_drone_bringup/__pycache__/__init__.cpython-310.pyc
/home/j/INCSL/IICC26_ws/install/sjtu_drone_bringup/lib/python3.10/site-packages/sjtu_drone_bringup/__pycache__/spawn_drone.cpython-310.pyc
/home/j/INCSL/IICC26_ws/install/sjtu_drone_bringup/share/ament_index/resource_index/packages/sjtu_drone_bringup
/home/j/INCSL/IICC26_ws/install/sjtu_drone_bringup/share/sjtu_drone_bringup/package.xml
/home/j/INCSL/IICC26_ws/install/sjtu_drone_bringup/share/sjtu_drone_bringup/launch/sjtu_drone_gazebo.launch.py
/home/j/INCSL/IICC26_ws/install/sjtu_drone_bringup/share/sjtu_drone_bringup/launch/sjtu_drone_parallel.launch.py
/home/j/INCSL/IICC26_ws/install/sjtu_drone_bringup/share/sjtu_drone_bringup/launch/wind_publisher_launch.py
/home/j/INCSL/IICC26_ws/install/sjtu_drone_bringup/share/sjtu_drone_bringup/launch/sjtu_drone_bringup.launch.py
/home/j/INCSL/IICC26_ws/install/sjtu_drone_bringup/share/sjtu_drone_bringup/rviz/rviz.rviz
/home/j/INCSL/IICC26_ws/install/sjtu_drone_bringup/share/sjtu_drone_bringup/config/drone.yaml
/home/j/INCSL/IICC26_ws/install/sjtu_drone_bringup/lib/python3.10/site-packages/sjtu_drone_bringup-0.0.0-py3.10.egg-info/top_level.txt
/home/j/INCSL/IICC26_ws/install/sjtu_drone_bringup/lib/python3.10/site-packages/sjtu_drone_bringup-0.0.0-py3.10.egg-info/entry_points.txt
/home/j/INCSL/IICC26_ws/install/sjtu_drone_bringup/lib/python3.10/site-packages/sjtu_drone_bringup-0.0.0-py3.10.egg-info/dependency_links.txt
/home/j/INCSL/IICC26_ws/install/sjtu_drone_bringup/lib/python3.10/site-packages/sjtu_drone_bringup-0.0.0-py3.10.egg-info/requires.txt
/home/j/INCSL/IICC26_ws/install/sjtu_drone_bringup/lib/python3.10/site-packages/sjtu_drone_bringup-0.0.0-py3.10.egg-info/zip-safe
/home/j/INCSL/IICC26_ws/install/sjtu_drone_bringup/lib/python3.10/site-packages/sjtu_drone_bringup-0.0.0-py3.10.egg-info/PKG-INFO
/home/j/INCSL/IICC26_ws/install/sjtu_drone_bringup/lib/python3.10/site-packages/sjtu_drone_bringup-0.0.0-py3.10.egg-info/SOURCES.txt
/home/j/INCSL/IICC26_ws/install/sjtu_drone_bringup/bin/apriltag_state_bridge
/home/j/INCSL/IICC26_ws/install/sjtu_drone_bringup/bin/spawn_drone
