[INFO] [launch]: All log files can be found below /home/j/.ros/log/2026-03-20-18-35-59-915081-j-710094
[INFO] [launch]: Default logging verbosity is set to INFO
[INFO] [launch.user]: [bringup] Apriltag config: camera=/drone_w03/bottom, image=/drone_w03/bottom/image_raw, tags=/drone_w03/bottom/tags, bridge=/drone_w03/landing_tag_state, standalone=true, use_target_id=true, target_id=0
[INFO] [rviz2-1]: process started with pid [710665]
[INFO] [gzserver-2]: process started with pid [710667]
[INFO] [robot_state_publisher-3]: process started with pid [710669]
[INFO] [joint_state_publisher-4]: process started with pid [710671]
[INFO] [spawn_drone-5]: process started with pid [710673]
[INFO] [static_transform_publisher-6]: process started with pid [710676]
[INFO] [apriltag_detector_node-7]: process started with pid [710681]
[INFO] [apriltag_state_bridge-8]: process started with pid [710699]
[static_transform_publisher-6] [WARN] [1773999360.976389255] []: Old-style arguments are deprecated; see --help for new-style arguments
[static_transform_publisher-6] [INFO] [1773999360.982534716] [static_transform_publisher_g0rX4b5DL69JqAu5]: Spinning until stopped - publishing transform
[static_transform_publisher-6] translation: ('0.000000', '0.000000', '0.000000')
[static_transform_publisher-6] rotation: ('0.000000', '0.000000', '0.000000', '1.000000')
[static_transform_publisher-6] from 'world' to '/drone_w03/odom'
[robot_state_publisher-3] [INFO] [1773999361.001933522] [drone_w03.robot_state_publisher]: got segment base_footprint
[robot_state_publisher-3] [INFO] [1773999361.002034193] [drone_w03.robot_state_publisher]: got segment base_link
[robot_state_publisher-3] [INFO] [1773999361.002047400] [drone_w03.robot_state_publisher]: got segment bottom_cam_link
[robot_state_publisher-3] [INFO] [1773999361.002055803] [drone_w03.robot_state_publisher]: got segment front_cam_link
[robot_state_publisher-3] [INFO] [1773999361.002063035] [drone_w03.robot_state_publisher]: got segment sonar_link
[rviz2-1] 
[rviz2-1] (rviz2:710665): dbind-WARNING **: 18:36:01.027: Couldn't connect to accessibility bus: Failed to connect to socket /root/.cache/at-spi/bus_0: 허가 거부
[rviz2-1] /opt/ros/humble/lib/rviz2/rviz2: symbol lookup error: /snap/core20/current/lib/x86_64-linux-gnu/libpthread.so.0: undefined symbol: __libc_pthread_init, version GLIBC_PRIVATE
[ERROR] [rviz2-1]: process has died [pid 710665, exit code 127, cmd '/opt/ros/humble/lib/rviz2/rviz2 -d /home/j/INCSL/IICC26_ws/install/sjtu_drone_bringup/share/sjtu_drone_bringup/rviz/rviz.rviz --ros-args -r __node:=rviz2'].
[apriltag_detector_node-7] [INFO] [1773999361.078058059] [apriltag_detector_node]: tag detector type: umich
[gzserver-2] Gazebo multi-robot simulator, version 11.10.2
[gzserver-2] Copyright (C) 2012 Open Source Robotics Foundation.
[gzserver-2] Released under the Apache 2 License.
[gzserver-2] http://gazebosim.org
[gzserver-2] 
[gzserver-2] [1;31m[Err] [Master.cc:96] [0m[1;31mEXCEPTION: [0m[1;31mUnable to start server[bind: Address already in use]. There is probably another Gazebo process running.
[gzserver-2] [0m[1;31m
[gzserver-2] [0m[1;31m[0m[1;31m[0m[1;31m[Err] [Master.cc:96] [0m[1;31mEXCEPTION: [0m[1;31mUnable to start server[bind: Address already in use]. There is probably another Gazebo process running.
[gzserver-2] [0m[1;31m
[ERROR] [gzserver-2]: process has died [pid 710667, exit code 255, cmd 'gzserver /home/j/INCSL/IICC26_ws/install/sjtu_drone_description/share/sjtu_drone_description/worlds/landingPad.world --verbose -slibgazebo_ros_init.so -slibgazebo_ros_factory.so -slibgazebo_ros_force_system.so verbose'].
[gzserver-2] [1;36m[0m[1;32m[0m
[gzserver-2] [0m[1;31m[0m[1;31m[0m[1;33m[0m[1;31m[0m
[apriltag_state_bridge-8] [INFO] [1773999361.399835369] [apriltag_state_bridge]: AprilTag bridge started: /drone_w03/bottom/tags -> /drone_w03/landing_tag_state, use_target_id=True, target_id=0
[joint_state_publisher-4] [INFO] [1773999361.450031727] [drone_w03.joint_state_publisher]: Waiting for robot_description to be published on the robot_description topic...
[spawn_drone-5] [INFO] [1773999361.469592650] [spawn_drone]: Result False Entity [/drone_w03] already exists.
[INFO] [spawn_drone-5]: process has finished cleanly [pid 710673]
