[INFO] [launch]: All log files can be found below /home/j/.ros/log/2026-03-20-18-24-48-674147-j-684161
[INFO] [launch]: Default logging verbosity is set to INFO
[INFO] [launch.user]: [bringup] Apriltag config: camera=/drone_w04/bottom, image=/drone_w04/bottom/image_raw, tags=/drone_w04/bottom/tags, bridge=/drone_w04/landing_tag_state, standalone=true, use_target_id=true, target_id=0
[INFO] [rviz2-1]: process started with pid [684311]
[INFO] [gzserver-2]: process started with pid [684313]
[INFO] [robot_state_publisher-3]: process started with pid [684315]
[INFO] [joint_state_publisher-4]: process started with pid [684317]
[INFO] [spawn_drone-5]: process started with pid [684319]
[INFO] [static_transform_publisher-6]: process started with pid [684321]
[INFO] [apriltag_detector_node-7]: process started with pid [684323]
[INFO] [apriltag_state_bridge-8]: process started with pid [684325]
[static_transform_publisher-6] [WARN] [1773998689.395886769] []: Old-style arguments are deprecated; see --help for new-style arguments
[static_transform_publisher-6] [INFO] [1773998689.406692709] [static_transform_publisher_XH9NMp5HLu11OIy7]: Spinning until stopped - publishing transform
[static_transform_publisher-6] translation: ('0.000000', '0.000000', '0.000000')
[static_transform_publisher-6] rotation: ('0.000000', '0.000000', '0.000000', '1.000000')
[static_transform_publisher-6] from 'world' to '/drone_w04/odom'
[robot_state_publisher-3] [INFO] [1773998689.425446006] [drone_w04.robot_state_publisher]: got segment base_footprint
[robot_state_publisher-3] [INFO] [1773998689.425520191] [drone_w04.robot_state_publisher]: got segment base_link
[robot_state_publisher-3] [INFO] [1773998689.425526071] [drone_w04.robot_state_publisher]: got segment bottom_cam_link
[robot_state_publisher-3] [INFO] [1773998689.425529864] [drone_w04.robot_state_publisher]: got segment front_cam_link
[robot_state_publisher-3] [INFO] [1773998689.425532829] [drone_w04.robot_state_publisher]: got segment sonar_link
[apriltag_detector_node-7] [INFO] [1773998689.453474377] [apriltag_detector_node]: tag detector type: umich
[rviz2-1] 
[rviz2-1] (rviz2:684311): dbind-WARNING **: 18:24:49.458: Couldn't connect to accessibility bus: Failed to connect to socket /root/.cache/at-spi/bus_0: 허가 거부
[gzserver-2] Gazebo multi-robot simulator, version 11.10.2
[gzserver-2] Copyright (C) 2012 Open Source Robotics Foundation.
[gzserver-2] Released under the Apache 2 License.
[gzserver-2] http://gazebosim.org
[gzserver-2] 
[gzserver-2] [1;31m[Err] [Master.cc:96] [0m[1;31mEXCEPTION: [0m[1;31mUnable to start server[bind: Address already in use]. There is probably another Gazebo process running.
[gzserver-2] [0m[1;31m
[gzserver-2] [0m[1;31m[0m[1;31m[0m[1;31m[Err] [Master.cc:96] [0m[1;31mEXCEPTION: [0m[1;31mUnable to start server[bind: Address already in use]. There is probably another Gazebo process running.
[gzserver-2] [0m[1;31m
[ERROR] [gzserver-2]: process has died [pid 684313, exit code 255, cmd 'gzserver /home/j/INCSL/IICC26_ws/install/sjtu_drone_description/share/sjtu_drone_description/worlds/landingPad.world --verbose -slibgazebo_ros_init.so -slibgazebo_ros_factory.so -slibgazebo_ros_force_system.so verbose'].
[gzserver-2] [1;36m[0m[1;32m[0m
[gzserver-2] [0m[1;31m[0m[1;31m[0m[1;33m[0m[1;31m[0m
[apriltag_state_bridge-8] [INFO] [1773998689.693188082] [apriltag_state_bridge]: AprilTag bridge started: /drone_w04/bottom/tags -> /drone_w04/landing_tag_state, use_target_id=True, target_id=0
[joint_state_publisher-4] [INFO] [1773998689.711471281] [drone_w04.joint_state_publisher]: Waiting for robot_description to be published on the robot_description topic...
[spawn_drone-5] [INFO] [1773998689.928380768] [spawn_drone]: Result False Entity [/drone_w04] already exists.
[rviz2-1] [INFO] [1773998690.091429389] [rviz2]: Stereo is NOT SUPPORTED
[rviz2-1] [INFO] [1773998690.091532382] [rviz2]: OpenGl version: 4.6 (GLSL 4.6)
[INFO] [spawn_drone-5]: process has finished cleanly [pid 684319]
[rviz2-1] [INFO] [1773998690.185903498] [rviz2]: Stereo is NOT SUPPORTED
[rviz2-1] [INFO] [1773998690.298972161] [rviz2]: Stereo is NOT SUPPORTED
[rviz2-1] [INFO] [1773998714.893157587] [rviz2]: Stereo is NOT SUPPORTED
