[INFO] [launch]: All log files can be found below /home/j/.ros/log/2026-03-09-16-36-03-102900-j-1543244
[INFO] [launch]: Default logging verbosity is set to INFO
[INFO] [launch.user]: [bringup] Apriltag config: camera=/drone/bottom, image=/drone/bottom/image_raw, tags=/drone/bottom/tags, bridge=/landing_tag_state, standalone=true, use_target_id=true, target_id=0
[INFO] [rviz2-1]: process started with pid [1543249]
[INFO] [gzserver-2]: process started with pid [1543251]
[INFO] [robot_state_publisher-3]: process started with pid [1543253]
[INFO] [joint_state_publisher-4]: process started with pid [1543255]
[INFO] [spawn_drone-5]: process started with pid [1543257]
[INFO] [static_transform_publisher-6]: process started with pid [1543259]
[INFO] [joy_node-7]: process started with pid [1543261]
[INFO] [teleop_joystick-8]: process started with pid [1543263]
[INFO] [apriltag_detector_node-9]: process started with pid [1543265]
[INFO] [apriltag_state_bridge-10]: process started with pid [1543267]
[static_transform_publisher-6] [WARN] [1773041763.630031118] []: Old-style arguments are deprecated; see --help for new-style arguments
[static_transform_publisher-6] [INFO] [1773041763.637991363] [static_transform_publisher_JskRRsynZ6cicIrI]: Spinning until stopped - publishing transform
[static_transform_publisher-6] translation: ('0.000000', '0.000000', '0.000000')
[static_transform_publisher-6] rotation: ('0.000000', '0.000000', '0.000000', '1.000000')
[static_transform_publisher-6] from 'world' to '/drone/odom'
[robot_state_publisher-3] [INFO] [1773041763.735076542] [drone.robot_state_publisher]: got segment base_footprint
[robot_state_publisher-3] [INFO] [1773041763.735852258] [drone.robot_state_publisher]: got segment base_link
[robot_state_publisher-3] [INFO] [1773041763.736816726] [drone.robot_state_publisher]: got segment bottom_cam_link
[robot_state_publisher-3] [INFO] [1773041763.736828421] [drone.robot_state_publisher]: got segment front_cam_link
[robot_state_publisher-3] [INFO] [1773041763.736833425] [drone.robot_state_publisher]: got segment sonar_link
[apriltag_detector_node-9] [INFO] [1773041763.923167927] [apriltag_detector_node]: tag detector type: umich
[teleop_joystick-8] Traceback (most recent call last):
[teleop_joystick-8]   File "/home/j/INCSL/IICC26_ws/install/sjtu_drone_control/lib/sjtu_drone_control/teleop_joystick", line 33, in <module>
[teleop_joystick-8]     sys.exit(load_entry_point('sjtu_drone_control==0.0.0', 'console_scripts', 'teleop_joystick')())
[teleop_joystick-8]   File "/home/j/INCSL/IICC26_ws/install/sjtu_drone_control/lib/sjtu_drone_control/teleop_joystick", line 22, in importlib_load_entry_point
[teleop_joystick-8]     for entry_point in distribution(dist_name).entry_points
[teleop_joystick-8]   File "/usr/lib/python3.10/importlib/metadata/__init__.py", line 969, in distribution
[teleop_joystick-8]     return Distribution.from_name(distribution_name)
[teleop_joystick-8]   File "/usr/lib/python3.10/importlib/metadata/__init__.py", line 548, in from_name
[teleop_joystick-8]     raise PackageNotFoundError(name)
[teleop_joystick-8] importlib.metadata.PackageNotFoundError: No package metadata was found for sjtu_drone_control
[ERROR] [teleop_joystick-8]: process has died [pid 1543263, exit code 1, cmd '/home/j/INCSL/IICC26_ws/install/sjtu_drone_control/lib/sjtu_drone_control/teleop_joystick --ros-args -r __ns:=/drone'].
[gzserver-2] Gazebo multi-robot simulator, version 11.10.2
[gzserver-2] Copyright (C) 2012 Open Source Robotics Foundation.
[gzserver-2] Released under the Apache 2 License.
[gzserver-2] http://gazebosim.org
[gzserver-2] 
[gzserver-2] [1;33m[Wrn] [gazebo_ros_init.cpp:178] [0m[1;33m
[gzserver-2] #     # ####### ####### ###  #####  #######
[gzserver-2] ##    # #     #    #     #  #     # #
[gzserver-2] # #   # #     #    #     #  #       #
[gzserver-2] #  #  # #     #    #     #  #       #####
[gzserver-2] #   # # #     #    #     #  #       #
[gzserver-2] #    ## #     #    #     #  #     # #
[gzserver-2] #     # #######    #    ###  #####  #######
[gzserver-2] 
[gzserver-2] This version of Gazebo, now called Gazebo classic, reaches end-of-life
[gzserver-2] in January 2025. Users are highly encouraged to migrate to the new Gazebo
[gzserver-2] using our migration guides (https://gazebosim.org/docs/latest/gazebo_classic_migration?utm_source=gazebo_ros_pkgs&utm_medium=cli)
[gzserver-2] 
[gzserver-2] [0m[1;33m
[apriltag_state_bridge-10] [INFO] [1773041765.026077330] [apriltag_state_bridge]: AprilTag bridge started: /drone/bottom/tags -> /landing_tag_state, use_target_id=True, target_id=0
[joint_state_publisher-4] [INFO] [1773041765.635003400] [drone.joint_state_publisher]: Waiting for robot_description to be published on the robot_description topic...
[spawn_drone-5] [INFO] [1773041766.173723716] [spawn_drone]: service not available, waiting again...
[rviz2-1] [INFO] [1773041766.293984038] [rviz2]: Stereo is NOT SUPPORTED
[rviz2-1] [INFO] [1773041766.294081395] [rviz2]: OpenGl version: 4.6 (GLSL 4.6)
[rviz2-1] [INFO] [1773041766.325222077] [rviz2]: Stereo is NOT SUPPORTED
[rviz2-1] [INFO] [1773041766.460191395] [rviz2]: Stereo is NOT SUPPORTED
[spawn_drone-5] [INFO] [1773041766.704035104] [spawn_drone]: Result False Entity pushed to spawn queue, but spawn service timed outwaiting for entity to appear in simulation under the name [/drone]
[gzserver-2] [1;32m[Msg] [0m[1;32mWaiting for master.[0m[1;32m
[gzserver-2] [0m[1;32m[0m[1;32m[0m[1;32m[Msg] [0m[1;32mConnected to gazebo master @ [0m[1;32mhttp://127.0.0.1:11345[0m[1;32m
[gzserver-2] [0m[1;32m[0m[1;32m[0m[1;32m[Msg] [0m[1;32mPublicized address: [0m[1;32m172.16.52.147[0m[1;32m
[gzserver-2] [0m[1;32m[0m[1;32m[0m[1;32m[Msg] [0m[1;32mLoading world file [[0m[1;32m/home/j/INCSL/IICC26_ws/install/sjtu_drone_description/share/sjtu_drone_description/worlds/landingPad.world[0m[1;32m][0m[1;32m
[gzserver-2] [0m[1;32m[0m[1;32m[0m[1;36m[Dbg] [wind_plugin.cpp:96] [0m[1;36mWindPlugin loaded: speed=[0m[1;36m0[0m[1;36m dir=[0m[1;36m0[0m[1;36m deg area=[0m[1;36m0.1[0m[1;36m coeff=[0m[1;36m1[0m[1;36m
[gzserver-2] [0m[1;33m[0m[1;33m[0m[1;31m[Err] [Sensor.cc:510] [0m[1;31mGet noise index not valid[0m[1;31m
[gzserver-2] [0m[1;31m[0m[1;31m[0m[1;31m[Err] [Sensor.cc:510] [0m[1;31mGet noise index not valid[0m[1;31m
[gzserver-2] [0m[1;31m[0m[1;31m[0m[1;31m[Err] [Sensor.cc:510] [0m[1;31mGet noise index not valid[0m[1;31m
[gzserver-2] [0m[1;31m[0m[1;31m[0m[1;31m[Err] [Sensor.cc:510] [0m[1;31mGet noise index not valid[0m[1;31m
[gzserver-2] [0m[1;31m[0m[1;31m[0m[1;31m[Err] [Sensor.cc:510] [0m[1;31mGet noise index not valid[0m[1;31m
[gzserver-2] [0m[1;31m[0m[1;31m[0m[1;31m[Err] [Sensor.cc:510] [0m[1;31mGet noise index not valid[0m[1;31m
[gzserver-2] [0m[1;31m[0m[1;31m[0mTopic [default//drone/base_footprint/down_camera/image] is not valid.
[gzserver-2] Topic [default//drone/base_footprint/front_camera/image] is not valid.
[gzserver-2] [INFO] [1773041766.832977983] [drone.collision_plugin]: Publishing contact states to [/drone/bumper_states]
[gzserver-2] [1;33m[Wrn] [Event.cc:61] [0m[1;33mWarning: Deleting a connection right after creation. [0m[1;33mMake sure to save the ConnectionPtr from a Connect call
[INFO] [spawn_drone-5]: process has finished cleanly [pid 1543257]
[gzserver-2] [0m[INFO] [1773041767.491013550] [drone.camera_bottom]: Publishing camera info to [/drone/bottom/camera_info]
[gzserver-2] [INFO] [1773041767.529576901] [drone.camera_front]: Publishing camera info to [/drone/front/camera_info]
[gzserver-2] [INFO] [1773041767.679102810] [drone.simple_drone]: The drone plugin is loading!
[gzserver-2] [INFO] [1773041767.679454794] [drone.simple_drone]: pub_odom: 1
[gzserver-2] [INFO] [1773041767.679506004] [drone.simple_drone]: Using following parameters: 
[gzserver-2] 		link_name: base_footprint,
[gzserver-2] 		max_force: 30,
[gzserver-2] 		motion_small_noise: 0,
[gzserver-2] 		motion_drift_noise: 0,
[gzserver-2] 		motion_drift_noise_time: 50,
[gzserver-2] 		takeoff_hover_height: 2.22,
[gzserver-2] 		takeoff_vertical_speed: 0.2
[gzserver-2] [INFO] [1773041767.707753714] [drone.simple_drone]: Using the PID parameters: 
[gzserver-2] 	Roll Pitch:
[gzserver-2] 		kP: 10, kI: 0,kD: 5, Limit: 0.5, Time Constant: 0
[gzserver-2] 	Yaw:
[gzserver-2] 		kP: 2, kI: 0,kD: 1, Limit: 1.5, Time Constant: 0
[gzserver-2] 	Velocity X:
[gzserver-2] 		kP: 5, kI: 0,kD: 2.3, Limit: 2, Time Constant: 0
[gzserver-2] 	Velocity Y:
[gzserver-2] 		kP: 5, kI: 0,kD: 2.3, Limit: 2, Time Constant: 0
[gzserver-2] 	Velocity Z:
[gzserver-2] 		kP: 5, kI: 0,kD: 1, Limit: -1, Time Constant: 0
[gzserver-2] 	Position XY:
[gzserver-2] 		kP: 1.1, kI: 0,kD: 0, Limit: 5, Time Constant: 0
[gzserver-2] 	Position Z:
[gzserver-2] 		kP: 1, kI: 0,kD: 0.2, Limit: -1, Time Constant: 0
[gzserver-2] [INFO] [1773041767.707978454] [drone.simple_drone]: The drone plugin finished loading!
[gzserver-2] [INFO] [1773041773.007304677] [gazebo_wind_plugin_node]: WindPlugin: set wind_speed=0.00 wind_direction=0.0
[gzserver-2] [INFO] [1773041773.323669983] [drone.simple_drone]: Quadrotor takes off!!
[gzserver-2] [INFO] [1773041773.525826831] [gazebo_wind_plugin_node]: WindPlugin: set wind_speed=0.00 wind_direction=0.0
[gzserver-2] [INFO] [1773041774.237362399] [gazebo_wind_plugin_node]: WindPlugin: set wind_speed=0.00 wind_direction=0.0
[gzserver-2] [INFO] [1773041774.945351199] [gazebo_wind_plugin_node]: WindPlugin: set wind_speed=0.00 wind_direction=0.0
[gzserver-2] [0m[1;36m[Dbg] [wind_plugin.cpp:110] [0m[1;36mWindPlugin: received command -> speed=[0m[1;36m0[0m[1;36m dir=[0m[1;36m0[0m[1;36m
[gzserver-2] [0m[1;36m[Dbg] [wind_plugin.cpp:110] [0m[1;36mWindPlugin: received command -> speed=[0m[1;36m0[0m[1;36m dir=[0m[1;36m0[0m[1;36m
[gzserver-2] [0m[1;36m[Dbg] [wind_plugin.cpp:110] [0m[1;36mWindPlugin: received command -> speed=[0m[1;36m0[0m[1;36m dir=[0m[1;36m0[0m[1;36m
[gzserver-2] [0m[1;36m[Dbg] [wind_plugin.cpp:110] [0m[1;36mWindPlugin: received command -> speed=[0m[1;36m0[0m[1;36m dir=[0m[1;36m0[0m[1;36m
[gzserver-2] [0mEntering flying model!
[gzserver-2] [INFO] [1773041775.656448483] [gazebo_wind_plugin_node]: WindPlugin: set wind_speed=0.00 wind_direction=0.0
[gzserver-2] [INFO] [1773041776.381718292] [gazebo_wind_plugin_node]: WindPlugin: set wind_speed=0.00 wind_direction=0.0
[gzserver-2] [INFO] [1773041777.092318669] [gazebo_wind_plugin_node]: WindPlugin: set wind_speed=0.00 wind_direction=0.0
[gzserver-2] [INFO] [1773041777.813712805] [gazebo_wind_plugin_node]: WindPlugin: set wind_speed=0.00 wind_direction=0.0
[gzserver-2] [INFO] [1773041778.540119280] [gazebo_wind_plugin_node]: WindPlugin: set wind_speed=0.00 wind_direction=0.0
[gzserver-2] [INFO] [1773041779.251874140] [gazebo_wind_plugin_node]: WindPlugin: set wind_speed=0.00 wind_direction=0.0
[gzserver-2] [INFO] [1773041779.954216759] [gazebo_wind_plugin_node]: WindPlugin: set wind_speed=0.00 wind_direction=0.0
[gzserver-2] [INFO] [1773041780.668687590] [gazebo_wind_plugin_node]: WindPlugin: set wind_speed=0.00 wind_direction=0.0
[gzserver-2] [INFO] [1773041781.386725308] [gazebo_wind_plugin_node]: WindPlugin: set wind_speed=0.00 wind_direction=0.0
[gzserver-2] [INFO] [1773041782.090294881] [gazebo_wind_plugin_node]: WindPlugin: set wind_speed=0.00 wind_direction=0.0
[gzserver-2] [INFO] [1773041782.804445077] [gazebo_wind_plugin_node]: WindPlugin: set wind_speed=0.00 wind_direction=0.0
[gzserver-2] [INFO] [1773041783.521525082] [gazebo_wind_plugin_node]: WindPlugin: set wind_speed=4.55 wind_direction=7.8
[gzserver-2] [INFO] [1773041784.229564337] [gazebo_wind_plugin_node]: WindPlugin: set wind_speed=5.41 wind_direction=10.3
[gzserver-2] [INFO] [1773041784.938165581] [gazebo_wind_plugin_node]: WindPlugin: set wind_speed=6.12 wind_direction=10.2
[gzserver-2] [INFO] [1773041785.646089024] [gazebo_wind_plugin_node]: WindPlugin: set wind_speed=6.79 wind_direction=10.2
[gzserver-2] [INFO] [1773041786.367372097] [gazebo_wind_plugin_node]: WindPlugin: set wind_speed=6.35 wind_direction=16.1
[gzserver-2] [INFO] [1773041787.076559775] [gazebo_wind_plugin_node]: WindPlugin: set wind_speed=4.67 wind_direction=11.4
[gzserver-2] [INFO] [1773041787.779757873] [gazebo_wind_plugin_node]: WindPlugin: set wind_speed=4.28 wind_direction=6.4
[gzserver-2] [INFO] [1773041788.496311149] [gazebo_wind_plugin_node]: WindPlugin: set wind_speed=4.10 wind_direction=1.5
[gzserver-2] [INFO] [1773041789.210855116] [gazebo_wind_plugin_node]: WindPlugin: set wind_speed=4.61 wind_direction=4.1
[gzserver-2] [INFO] [1773041789.917083841] [gazebo_wind_plugin_node]: WindPlugin: set wind_speed=5.67 wind_direction=0.4
[gzserver-2] [INFO] [1773041790.626999062] [gazebo_wind_plugin_node]: WindPlugin: set wind_speed=6.42 wind_direction=-6.1
[gzserver-2] [INFO] [1773041791.346504786] [gazebo_wind_plugin_node]: WindPlugin: set wind_speed=6.58 wind_direction=-4.4
[gzserver-2] [INFO] [1773041792.069515887] [gazebo_wind_plugin_node]: WindPlugin: set wind_speed=6.12 wind_direction=-5.2
[gzserver-2] [INFO] [1773041792.785222544] [gazebo_wind_plugin_node]: WindPlugin: set wind_speed=4.78 wind_direction=-4.0
[gzserver-2] [INFO] [1773041793.496698605] [gazebo_wind_plugin_node]: WindPlugin: set wind_speed=4.28 wind_direction=5.0
[gzserver-2] [INFO] [1773041794.214096771] [gazebo_wind_plugin_node]: WindPlugin: set wind_speed=4.27 wind_direction=6.8
[gzserver-2] [INFO] [1773041794.925509996] [gazebo_wind_plugin_node]: WindPlugin: set wind_speed=4.88 wind_direction=14.3
[gzserver-2] [1;36m[Dbg] [wind_plugin.cpp:110] [0m[1;36mWindPlugin: received command -> speed=[0m[1;36m0[0m[1;36m dir=[0m[1;36m0[0m[1;36m
[gzserver-2] [0m[1;36m[Dbg] [wind_plugin.cpp:110] [0m[1;36mWindPlugin: received command -> speed=[0m[1;36m0[0m[1;36m dir=[0m[1;36m0[0m[1;36m
[gzserver-2] [0m[1;36m[Dbg] [wind_plugin.cpp:110] [0m[1;36mWindPlugin: received command -> speed=[0m[1;36m0[0m[1;36m dir=[0m[1;36m0[0m[1;36m
[gzserver-2] [0m[1;36m[Dbg] [wind_plugin.cpp:110] [0m[1;36mWindPlugin: received command -> speed=[0m[1;36m0[0m[1;36m dir=[0m[1;36m0[0m[1;36m
[gzserver-2] [0m[1;36m[Dbg] [wind_plugin.cpp:110] [0m[1;36mWindPlugin: received command -> speed=[0m[1;36m0[0m[1;36m dir=[0m[1;36m0[0m[1;36m
[gzserver-2] [0m[1;36m[Dbg] [wind_plugin.cpp:110] [0m[1;36mWindPlugin: received command -> speed=[0m[1;36m0[0m[1;36m dir=[0m[1;36m0[0m[1;36m
[gzserver-2] [0m[1;36m[Dbg] [wind_plugin.cpp:110] [0m[1;36mWindPlugin: received command -> speed=[0m[1;36m0[0m[1;36m dir=[0m[1;36m0[0m[1;36m
[gzserver-2] [0m[1;36m[Dbg] [wind_plugin.cpp:110] [0m[1;36mWindPlugin: received command -> speed=[0m[1;36m0[0m[1;36m dir=[0m[1;36m0[0m[1;36m
[gzserver-2] [0m[1;36m[Dbg] [wind_plugin.cpp:110] [0m[1;36mWindPlugin: received command -> speed=[0m[1;36m0[0m[1;36m dir=[0m[1;36m0[0m[1;36m
[gzserver-2] [0m[1;36m[Dbg] [wind_plugin.cpp:110] [0m[1;36mWindPlugin: received command -> speed=[0m[1;36m0[0m[1;36m dir=[0m[1;36m0[0m[1;36m
[gzserver-2] [0m[1;36m[Dbg] [wind_plugin.cpp:110] [0m[1;36mWindPlugin: received command -> speed=[0m[1;36m0[0m[1;36m dir=[0m[1;36m0[0m[1;36m
[gzserver-2] [0m[1;36m[Dbg] [wind_plugin.cpp:110] [0m[1;36mWindPlugin: received command -> speed=[0m[1;36m4.5504[0m[1;36m dir=[0m[1;36m7.79825[0m[1;36m
[gzserver-2] [0m[1;36m[Dbg] [wind_plugin.cpp:110] [0m[1;36mWindPlugin: received command -> speed=[0m[1;36m5.40677[0m[1;36m dir=[0m[1;36m10.3363[0m[1;36m
[gzserver-2] [0m[1;36m[Dbg] [wind_plugin.cpp:110] [0m[1;36mWindPlugin: received command -> speed=[0m[1;36m6.12178[0m[1;36m dir=[0m[1;36m10.2128[0m[1;36m
[gzserver-2] [0m[1;36m[Dbg] [wind_plugin.cpp:110] [0m[1;36mWindPlugin: received command -> speed=[0m[1;36m6.79002[0m[1;36m dir=[0m[1;36m10.2068[0m[1;36m
[gzserver-2] [0m[1;36m[Dbg] [wind_plugin.cpp:110] [0m[1;36mWindPlugin: received command -> speed=[0m[1;36m6.34564[0m[1;36m dir=[0m[1;36m16.0646[0m[1;36m
[gzserver-2] [0m[1;36m[Dbg] [wind_plugin.cpp:110] [0m[1;36mWindPlugin: received command -> speed=[0m[1;36m4.66902[0m[1;36m dir=[0m[1;36m11.3999[0m[1;36m
[gzserver-2] [0m[1;36m[Dbg] [wind_plugin.cpp:110] [0m[1;36mWindPlugin: received command -> speed=[0m[1;36m4.28112[0m[1;36m dir=[0m[1;36m6.40768[0m[1;36m
[gzserver-2] [0m[1;36m[Dbg] [wind_plugin.cpp:110] [0m[1;36mWindPlugin: received command -> speed=[0m[1;36m4.09798[0m[1;36m dir=[0m[1;36m1.52389[0m[1;36m
[gzserver-2] [0m[1;36m[Dbg] [wind_plugin.cpp:110] [0m[1;36mWindPlugin: received command -> speed=[0m[1;36m4.61396[0m[1;36m dir=[0m[1;36m4.12099[0m[1;36m
[gzserver-2] [0m[1;36m[Dbg] [wind_plugin.cpp:110] [0m[1;36mWindPlugin: received command -> speed=[0m[1;36m5.6692[0m[1;36m dir=[0m[1;36m0.437131[0m[1;36m
[gzserver-2] [0m[1;36m[Dbg] [wind_plugin.cpp:110] [0m[1;36mWindPlugin: received command -> speed=[0m[1;36m6.42241[0m[1;36m dir=[0m[1;36m-6.08263[0m[1;36m
[gzserver-2] [0m[1;36m[Dbg] [wind_plugin.cpp:110] [0m[1;36mWindPlugin: received command -> speed=[0m[1;36m6.57738[0m[1;36m dir=[0m[1;36m-4.41834[0m[1;36m
[gzserver-2] [0m[1;36m[Dbg] [wind_plugin.cpp:110] [0m[1;36mWindPlugin: received command -> speed=[0m[1;36m6.12242[0m[1;36m dir=[0m[1;36m-5.15007[0m[1;36m
[gzserver-2] [0m[1;36m[Dbg] [wind_plugin.cpp:110] [0m[1;36mWindPlugin: received command -> speed=[0m[1;36m4.78366[0m[1;36m dir=[0m[1;36m-3.95047[0m[1;36m
[gzserver-2] [0m[1;36m[Dbg] [wind_plugin.cpp:110] [0m[1;36mWindPlugin: received command -> speed=[0m[1;36m4.28221[0m[1;36m dir=[0m[1;36m5.04399[0m[1;36m
[gzserver-2] [0m[1;36m[Dbg] [wind_plugin.cpp:110] [0m[1;36mWindPlugin: received command -> speed=[0m[1;36m4.26949[0m[1;36m dir=[0m[1;36m6.78688[0m[1;36m
[gzserver-2] [INFO] [1773041795.640386307] [gazebo_wind_plugin_node]: WindPlugin: set wind_speed=5.80 wind_direction=15.3
[gzserver-2] [INFO] [1773041796.362485757] [gazebo_wind_plugin_node]: WindPlugin: set wind_speed=6.30 wind_direction=14.5
[gzserver-2] [INFO] [1773041797.082455107] [gazebo_wind_plugin_node]: WindPlugin: set wind_speed=6.37 wind_direction=13.2
[gzserver-2] [INFO] [1773041797.780946165] [gazebo_wind_plugin_node]: WindPlugin: set wind_speed=5.35 wind_direction=13.9
[gzserver-2] [INFO] [1773041798.497606272] [gazebo_wind_plugin_node]: WindPlugin: set wind_speed=4.60 wind_direction=11.7
[gzserver-2] [INFO] [1773041799.205382162] [gazebo_wind_plugin_node]: WindPlugin: set wind_speed=4.12 wind_direction=4.2
[gzserver-2] [INFO] [1773041799.915321777] [gazebo_wind_plugin_node]: WindPlugin: set wind_speed=4.20 wind_direction=2.8
[gzserver-2] [INFO] [1773041800.640542410] [gazebo_wind_plugin_node]: WindPlugin: set wind_speed=5.22 wind_direction=1.2
[gzserver-2] [INFO] [1773041801.359680032] [gazebo_wind_plugin_node]: WindPlugin: set wind_speed=5.93 wind_direction=-8.2
[gzserver-2] [INFO] [1773041802.079980007] [gazebo_wind_plugin_node]: WindPlugin: set wind_speed=6.44 wind_direction=-2.2
[gzserver-2] [INFO] [1773041802.800226158] [drone.simple_drone]: Quadrotor lands!!
[gzserver-2] [0m[1;36m[Dbg] [wind_plugin.cpp:110] [0m[1;36mWindPlugin: received command -> speed=[0m[1;36m4.88109[0m[1;36m dir=[0m[1;36m14.3347[0m[1;36m
[gzserver-2] [0m[1;36m[Dbg] [wind_plugin.cpp:110] [0m[1;36mWindPlugin: received command -> speed=[0m[1;36m5.80088[0m[1;36m dir=[0m[1;36m15.254[0m[1;36m
[gzserver-2] [0m[1;36m[Dbg] [wind_plugin.cpp:110] [0m[1;36mWindPlugin: received command -> speed=[0m[1;36m6.30312[0m[1;36m dir=[0m[1;36m14.4815[0m[1;36m
[gzserver-2] [0m[1;36m[Dbg] [wind_plugin.cpp:110] [0m[1;36mWindPlugin: received command -> speed=[0m[1;36m6.37224[0m[1;36m dir=[0m[1;36m13.2233[0m[1;36m
[gzserver-2] [0m[1;36m[Dbg] [wind_plugin.cpp:110] [0m[1;36mWindPlugin: received command -> speed=[0m[1;36m5.34851[0m[1;36m dir=[0m[1;36m13.9478[0m[1;36m
[gzserver-2] [0m[1;36m[Dbg] [wind_plugin.cpp:110] [0m[1;36mWindPlugin: received command -> speed=[0m[1;36m4.59696[0m[1;36m dir=[0m[1;36m11.7322[0m[1;36m
[gzserver-2] [0m[1;36m[Dbg] [wind_plugin.cpp:110] [0m[1;36mWindPlugin: received command -> speed=[0m[1;36m4.11612[0m[1;36m dir=[0m[1;36m4.20048[0m[1;36m
[gzserver-2] [0m[1;36m[Dbg] [wind_plugin.cpp:110] [0m[1;36mWindPlugin: received command -> speed=[0m[1;36m4.20131[0m[1;36m dir=[0m[1;36m2.77904[0m[1;36m
[gzserver-2] [0m[1;36m[Dbg] [wind_plugin.cpp:110] [0m[1;36mWindPlugin: received command -> speed=[0m[1;36m5.22237[0m[1;36m dir=[0m[1;36m1.15331[0m[1;36m
[gzserver-2] [0m[1;36m[Dbg] [wind_plugin.cpp:110] [0m[1;36mWindPlugin: received command -> speed=[0m[1;36m5.93341[0m[1;36m dir=[0m[1;36m-8.18202[0m[1;36m
[gzserver-2] [0m[1;36m[Dbg] [wind_plugin.cpp:110] [0m[1;36mWindPlugin: received command -> speed=[0m[1;36m6.43906[0m[1;36m dir=[0m[1;36m-2.1962[0m[1;36m
[gzserver-2] [0mLanded!
