[INFO] [launch]: All log files can be found below /home/j/.ros/log/2026-03-10-17-58-50-864268-j-3845938
[INFO] [launch]: Default logging verbosity is set to INFO
[INFO] [launch.user]: [bringup] Apriltag config: camera=/drone/bottom, image=/drone/bottom/image_raw, tags=/drone/bottom/tags, bridge=/landing_tag_state, standalone=true, use_target_id=true, target_id=0
[INFO] [rviz2-1]: process started with pid [3845939]
[INFO] [gzserver-2]: process started with pid [3845941]
[INFO] [robot_state_publisher-3]: process started with pid [3845943]
[INFO] [joint_state_publisher-4]: process started with pid [3845945]
[INFO] [spawn_drone-5]: process started with pid [3845947]
[INFO] [static_transform_publisher-6]: process started with pid [3845949]
[INFO] [joy_node-7]: process started with pid [3845951]
[INFO] [teleop_joystick-8]: process started with pid [3845953]
[INFO] [apriltag_detector_node-9]: process started with pid [3845955]
[INFO] [apriltag_state_bridge-10]: process started with pid [3845957]
[static_transform_publisher-6] [WARN] [1773133131.329936902] []: Old-style arguments are deprecated; see --help for new-style arguments
[static_transform_publisher-6] [INFO] [1773133131.335234201] [static_transform_publisher_I40lN3Beil8YEsPT]: Spinning until stopped - publishing transform
[static_transform_publisher-6] translation: ('0.000000', '0.000000', '0.000000')
[static_transform_publisher-6] rotation: ('0.000000', '0.000000', '0.000000', '1.000000')
[static_transform_publisher-6] from 'world' to '/drone/odom'
[robot_state_publisher-3] [INFO] [1773133131.353717336] [drone.robot_state_publisher]: got segment base_footprint
[robot_state_publisher-3] [INFO] [1773133131.353780622] [drone.robot_state_publisher]: got segment base_link
[robot_state_publisher-3] [INFO] [1773133131.353786201] [drone.robot_state_publisher]: got segment bottom_cam_link
[robot_state_publisher-3] [INFO] [1773133131.353789276] [drone.robot_state_publisher]: got segment front_cam_link
[robot_state_publisher-3] [INFO] [1773133131.353792088] [drone.robot_state_publisher]: got segment sonar_link
[rviz2-1] 
[rviz2-1] (rviz2:3845939): dbind-WARNING **: 17:58:51.362: Couldn't connect to accessibility bus: Failed to connect to socket /root/.cache/at-spi/bus_0: 허가 거부
[teleop_joystick-8] Traceback (most recent call last):
[teleop_joystick-8]   File "/home/j/INCSL/IICC26_ws/install/sjtu_drone_control/lib/sjtu_drone_control/teleop_joystick", line 33, in <module>
[teleop_joystick-8]     sys.exit(load_entry_point('sjtu_drone_control==0.0.0', 'console_scripts', 'teleop_joystick')())
[teleop_joystick-8]   File "/home/j/INCSL/IICC26_ws/install/sjtu_drone_control/lib/sjtu_drone_control/teleop_joystick", line 22, in importlib_load_entry_point
[teleop_joystick-8]     for entry_point in distribution(dist_name).entry_points
[teleop_joystick-8]   File "/usr/lib/python3.10/importlib/metadata/__init__.py", line 969, in distribution
[teleop_joystick-8]     return Distribution.from_name(distribution_name)
[teleop_joystick-8]   File "/usr/lib/python3.10/importlib/metadata/__init__.py", line 548, in from_name
[teleop_joystick-8]     raise PackageNotFoundError(name)
[teleop_joystick-8] importlib.metadata.PackageNotFoundError: No package metadata was found for sjtu_drone_control
[apriltag_detector_node-9] [INFO] [1773133131.380220106] [apriltag_detector_node]: tag detector type: umich
[ERROR] [teleop_joystick-8]: process has died [pid 3845953, exit code 1, cmd '/home/j/INCSL/IICC26_ws/install/sjtu_drone_control/lib/sjtu_drone_control/teleop_joystick --ros-args -r __ns:=/drone'].
[gzserver-2] Gazebo multi-robot simulator, version 11.10.2
[gzserver-2] Copyright (C) 2012 Open Source Robotics Foundation.
[gzserver-2] Released under the Apache 2 License.
[gzserver-2] http://gazebosim.org
[gzserver-2] 
[joint_state_publisher-4] [INFO] [1773133131.577496570] [drone.joint_state_publisher]: Waiting for robot_description to be published on the robot_description topic...
[apriltag_state_bridge-10] [INFO] [1773133131.587932377] [apriltag_state_bridge]: AprilTag bridge started: /drone/bottom/tags -> /landing_tag_state, use_target_id=True, target_id=0
[gzserver-2] [1;33m[Wrn] [gazebo_ros_init.cpp:178] [0m[1;33m
[gzserver-2] #     # ####### ####### ###  #####  #######
[gzserver-2] ##    # #     #    #     #  #     # #
[gzserver-2] # #   # #     #    #     #  #       #
[gzserver-2] #  #  # #     #    #     #  #       #####
[gzserver-2] #   # # #     #    #     #  #       #
[gzserver-2] #    ## #     #    #     #  #     # #
[gzserver-2] #     # #######    #    ###  #####  #######
[gzserver-2] 
[gzserver-2] This version of Gazebo, now called Gazebo classic, reaches end-of-life
[gzserver-2] in January 2025. Users are highly encouraged to migrate to the new Gazebo
[gzserver-2] using our migration guides (https://gazebosim.org/docs/latest/gazebo_classic_migration?utm_source=gazebo_ros_pkgs&utm_medium=cli)
[gzserver-2] 
[gzserver-2] [0m[1;33m
[rviz2-1] [INFO] [1773133132.201569418] [rviz2]: Stereo is NOT SUPPORTED
[rviz2-1] [INFO] [1773133132.201650911] [rviz2]: OpenGl version: 4.6 (GLSL 4.6)
[rviz2-1] [INFO] [1773133132.286128964] [rviz2]: Stereo is NOT SUPPORTED
[rviz2-1] [INFO] [1773133132.374618553] [rviz2]: Stereo is NOT SUPPORTED
[spawn_drone-5] [INFO] [1773133132.753158647] [spawn_drone]: Result False Entity pushed to spawn queue, but spawn service timed outwaiting for entity to appear in simulation under the name [/drone]
[gzserver-2] [1;32m[Msg] [0m[1;32mWaiting for master.[0m[1;32m
[gzserver-2] [0m[1;32m[0m[1;32m[0m[1;32m[Msg] [0m[1;32mConnected to gazebo master @ [0m[1;32mhttp://127.0.0.1:11345[0m[1;32m
[gzserver-2] [0m[1;32m[0m[1;32m[0m[1;32m[Msg] [0m[1;32mPublicized address: [0m[1;32m172.16.52.147[0m[1;32m
[gzserver-2] [0m[1;32m[0m[1;32m[0m[1;32m[Msg] [0m[1;32mLoading world file [[0m[1;32m/home/j/INCSL/IICC26_ws/install/sjtu_drone_description/share/sjtu_drone_description/worlds/landingPad.world[0m[1;32m][0m[1;32m
[gzserver-2] [0m[1;32m[0m[1;32m[0m[1;36m[Dbg] [wind_plugin.cpp:96] [0m[1;36mWindPlugin loaded: speed=[0m[1;36m0[0m[1;36m dir=[0m[1;36m0[0m[1;36m deg area=[0m[1;36m0.1[0m[1;36m coeff=[0m[1;36m1[0m[1;36m
[gzserver-2] [0m[1;33m[0m[1;33m[0m[1;31m[Err] [Sensor.cc:510] [0m[1;31mGet noise index not valid[0m[1;31m
[gzserver-2] [0m[1;31m[0m[1;31m[0m[1;31m[Err] [Sensor.cc:510] [0m[1;31mGet noise index not valid[0m[1;31m
[gzserver-2] [0m[1;31m[0m[1;31m[0m[1;31m[Err] [Sensor.cc:510] [0m[1;31mGet noise index not valid[0m[1;31m
[gzserver-2] [0m[1;31m[0m[1;31m[0m[1;31m[Err] [Sensor.cc:510] [0m[1;31mGet noise index not valid[0m[1;31m
[gzserver-2] [0m[1;31m[0m[1;31m[0m[1;31m[Err] [Sensor.cc:510] [0m[1;31mGet noise index not valid[0m[1;31m
[gzserver-2] [0m[1;31m[0m[1;31m[0m[1;31m[Err] [Sensor.cc:510] [0m[1;31mGet noise index not valid[0m[1;31m
[gzserver-2] [0m[1;31m[0m[1;31m[0mTopic [default//drone/base_footprint/down_camera/image] is not valid.
[gzserver-2] [INFO] [1773133132.776312444] [drone.collision_plugin]: Publishing contact states to [/drone/bumper_states]
[gzserver-2] Topic [default//drone/base_footprint/front_camera/image] is not valid.
[gzserver-2] [1;33m[Wrn] [Event.cc:61] [0m[1;33mWarning: Deleting a connection right after creation. [0m[1;33mMake sure to save the ConnectionPtr from a Connect call
[INFO] [spawn_drone-5]: process has finished cleanly [pid 3845947]
[gzserver-2] [0m[INFO] [1773133133.367211143] [drone.camera_bottom]: Publishing camera info to [/drone/bottom/camera_info]
[gzserver-2] [INFO] [1773133133.370072660] [drone.camera_front]: Publishing camera info to [/drone/front/camera_info]
[gzserver-2] [INFO] [1773133133.491486693] [drone.simple_drone]: The drone plugin is loading!
[gzserver-2] [INFO] [1773133133.491690455] [drone.simple_drone]: pub_odom: 1
[gzserver-2] [INFO] [1773133133.491723317] [drone.simple_drone]: Using following parameters: 
[gzserver-2] 		link_name: base_footprint,
[gzserver-2] 		max_force: 30,
[gzserver-2] 		motion_small_noise: 0,
[gzserver-2] 		motion_drift_noise: 0,
[gzserver-2] 		motion_drift_noise_time: 50,
[gzserver-2] 		takeoff_hover_height: 2.1,
[gzserver-2] 		takeoff_vertical_speed: 0.2
[gzserver-2] [INFO] [1773133133.503327136] [drone.simple_drone]: Using the PID parameters: 
[gzserver-2] 	Roll Pitch:
[gzserver-2] 		kP: 10, kI: 0,kD: 5, Limit: 0.5, Time Constant: 0
[gzserver-2] 	Yaw:
[gzserver-2] 		kP: 2, kI: 0,kD: 1, Limit: 1.5, Time Constant: 0
[gzserver-2] 	Velocity X:
[gzserver-2] 		kP: 5, kI: 0,kD: 2.3, Limit: 2, Time Constant: 0
[gzserver-2] 	Velocity Y:
[gzserver-2] 		kP: 5, kI: 0,kD: 2.3, Limit: 2, Time Constant: 0
[gzserver-2] 	Velocity Z:
[gzserver-2] 		kP: 5, kI: 0,kD: 1, Limit: -1, Time Constant: 0
[gzserver-2] 	Position XY:
[gzserver-2] 		kP: 1.1, kI: 0,kD: 0, Limit: 5, Time Constant: 0
[gzserver-2] 	Position Z:
[gzserver-2] 		kP: 1, kI: 0,kD: 0.2, Limit: -1, Time Constant: 0
[gzserver-2] [INFO] [1773133133.503472737] [drone.simple_drone]: The drone plugin finished loading!
[gzserver-2] [INFO] [1773133140.710247069] [gazebo_wind_plugin_node]: WindPlugin: set wind_speed=0.00 wind_direction=0.0
[gzserver-2] [INFO] [1773133140.996593086] [gazebo_wind_plugin_node]: WindPlugin: set wind_speed=0.00 wind_direction=0.0
[gzserver-2] [INFO] [1773133141.045558145] [drone.simple_drone]: Quadrotor takes off!!
[gzserver-2] [INFO] [1773133141.255230263] [gazebo_wind_plugin_node]: WindPlugin: set wind_speed=0.00 wind_direction=0.0
[gzserver-2] [INFO] [1773133141.500771209] [gazebo_wind_plugin_node]: WindPlugin: set wind_speed=0.00 wind_direction=0.0
[gzserver-2] [INFO] [1773133141.747379184] [gazebo_wind_plugin_node]: WindPlugin: set wind_speed=0.00 wind_direction=0.0
[gzserver-2] [INFO] [1773133141.985074078] [gazebo_wind_plugin_node]: WindPlugin: set wind_speed=0.00 wind_direction=0.0
[gzserver-2] [INFO] [1773133142.218874192] [gazebo_wind_plugin_node]: WindPlugin: set wind_speed=0.00 wind_direction=0.0
[gzserver-2] [INFO] [1773133142.458777215] [gazebo_wind_plugin_node]: WindPlugin: set wind_speed=0.00 wind_direction=0.0
[gzserver-2] [INFO] [1773133142.695893728] [gazebo_wind_plugin_node]: WindPlugin: set wind_speed=0.00 wind_direction=0.0
[gzserver-2] [0m[1;36m[Dbg] [wind_plugin.cpp:110] [0m[1;36mWindPlugin: received command -> speed=[0m[1;36m0[0m[1;36m dir=[0m[1;36m0[0m[1;36m
[gzserver-2] [0m[1;36m[Dbg] [wind_plugin.cpp:110] [0m[1;36mWindPlugin: received command -> speed=[0m[1;36m0[0m[1;36m dir=[0m[1;36m0[0m[1;36m
[gzserver-2] [0m[1;36m[Dbg] [wind_plugin.cpp:110] [0m[1;36mWindPlugin: received command -> speed=[0m[1;36m0[0m[1;36m dir=[0m[1;36m0[0m[1;36m
[gzserver-2] [0m[1;36m[Dbg] [wind_plugin.cpp:110] [0m[1;36mWindPlugin: received command -> speed=[0m[1;36m0[0m[1;36m dir=[0m[1;36m0[0m[1;36m
[gzserver-2] [0m[1;36m[Dbg] [wind_plugin.cpp:110] [0m[1;36mWindPlugin: received command -> speed=[0m[1;36m0[0m[1;36m dir=[0m[1;36m0[0m[1;36m
[gzserver-2] [0m[1;36m[Dbg] [wind_plugin.cpp:110] [0m[1;36mWindPlugin: received command -> speed=[0m[1;36m0[0m[1;36m dir=[0m[1;36m0[0m[1;36m
[gzserver-2] [0m[1;36m[Dbg] [wind_plugin.cpp:110] [0m[1;36mWindPlugin: received command -> speed=[0m[1;36m0[0m[1;36m dir=[0m[1;36m0[0m[1;36m
[gzserver-2] [0m[1;36m[Dbg] [wind_plugin.cpp:110] [0m[1;36mWindPlugin: received command -> speed=[0m[1;36m0[0m[1;36m dir=[0m[1;36m0[0m[1;36m
[gzserver-2] [0m[1;36m[Dbg] [wind_plugin.cpp:110] [0m[1;36mWindPlugin: received command -> speed=[0m[1;36m0[0m[1;36m dir=[0m[1;36m0[0m[1;36m
[gzserver-2] [0mEntering flying model!
[gzserver-2] [INFO] [1773133142.952991793] [gazebo_wind_plugin_node]: WindPlugin: set wind_speed=0.55 wind_direction=-19.2
[gzserver-2] [INFO] [1773133143.196732958] [gazebo_wind_plugin_node]: WindPlugin: set wind_speed=0.55 wind_direction=-19.2
[gzserver-2] [INFO] [1773133143.436611346] [gazebo_wind_plugin_node]: WindPlugin: set wind_speed=0.57 wind_direction=-22.0
[gzserver-2] [INFO] [1773133143.675833815] [gazebo_wind_plugin_node]: WindPlugin: set wind_speed=0.57 wind_direction=-22.0
[gzserver-2] [INFO] [1773133143.909916596] [gazebo_wind_plugin_node]: WindPlugin: set wind_speed=0.57 wind_direction=-22.0
[gzserver-2] [INFO] [1773133144.144205621] [gazebo_wind_plugin_node]: WindPlugin: set wind_speed=0.57 wind_direction=-22.0
[gzserver-2] [INFO] [1773133144.378066678] [gazebo_wind_plugin_node]: WindPlugin: set wind_speed=0.43 wind_direction=-19.8
[gzserver-2] [INFO] [1773133144.612452752] [gazebo_wind_plugin_node]: WindPlugin: set wind_speed=0.43 wind_direction=-19.8
[gzserver-2] [INFO] [1773133144.852039259] [gazebo_wind_plugin_node]: WindPlugin: set wind_speed=0.43 wind_direction=-19.8
[gzserver-2] [INFO] [1773133145.097716638] [gazebo_wind_plugin_node]: WindPlugin: set wind_speed=0.43 wind_direction=-19.8
[gzserver-2] [INFO] [1773133145.337741700] [gazebo_wind_plugin_node]: WindPlugin: set wind_speed=0.60 wind_direction=-21.1
[gzserver-2] [INFO] [1773133145.574192964] [gazebo_wind_plugin_node]: WindPlugin: set wind_speed=0.60 wind_direction=-21.1
[gzserver-2] [INFO] [1773133145.815659045] [gazebo_wind_plugin_node]: WindPlugin: set wind_speed=0.60 wind_direction=-21.1
[gzserver-2] [INFO] [1773133145.858908036] [drone.simple_drone]: Quadrotor lands!!
[gzserver-2] [INFO] [1773133146.063230980] [gazebo_wind_plugin_node]: WindPlugin: set wind_speed=0.60 wind_direction=-21.1
[gzserver-2] [INFO] [1773133146.302659976] [gazebo_wind_plugin_node]: WindPlugin: set wind_speed=0.52 wind_direction=-21.0
[gzserver-2] [INFO] [1773133146.543419526] [gazebo_wind_plugin_node]: WindPlugin: set wind_speed=0.52 wind_direction=-21.0
[gzserver-2] [INFO] [1773133146.783238795] [gazebo_wind_plugin_node]: WindPlugin: set wind_speed=0.52 wind_direction=-21.0
[gzserver-2] [1;36m[Dbg] [wind_plugin.cpp:110] [0m[1;36mWindPlugin: received command -> speed=[0m[1;36m0.548088[0m[1;36m dir=[0m[1;36m-19.2276[0m[1;36m
[gzserver-2] [0m[1;36m[Dbg] [wind_plugin.cpp:110] [0m[1;36mWindPlugin: received command -> speed=[0m[1;36m0.548088[0m[1;36m dir=[0m[1;36m-19.2276[0m[1;36m
[gzserver-2] [0m[1;36m[Dbg] [wind_plugin.cpp:110] [0m[1;36mWindPlugin: received command -> speed=[0m[1;36m0.570506[0m[1;36m dir=[0m[1;36m-22.0474[0m[1;36m
[gzserver-2] [0m[1;36m[Dbg] [wind_plugin.cpp:110] [0m[1;36mWindPlugin: received command -> speed=[0m[1;36m0.570506[0m[1;36m dir=[0m[1;36m-22.0474[0m[1;36m
[gzserver-2] [0m[1;36m[Dbg] [wind_plugin.cpp:110] [0m[1;36mWindPlugin: received command -> speed=[0m[1;36m0.570506[0m[1;36m dir=[0m[1;36m-22.0474[0m[1;36m
[gzserver-2] [0m[1;36m[Dbg] [wind_plugin.cpp:110] [0m[1;36mWindPlugin: received command -> speed=[0m[1;36m0.570506[0m[1;36m dir=[0m[1;36m-22.0474[0m[1;36m
[gzserver-2] [0m[1;36m[Dbg] [wind_plugin.cpp:110] [0m[1;36mWindPlugin: received command -> speed=[0m[1;36m0.428629[0m[1;36m dir=[0m[1;36m-19.7779[0m[1;36m
[gzserver-2] [0m[1;36m[Dbg] [wind_plugin.cpp:110] [0m[1;36mWindPlugin: received command -> speed=[0m[1;36m0.428629[0m[1;36m dir=[0m[1;36m-19.7779[0m[1;36m
[gzserver-2] [0m[1;36m[Dbg] [wind_plugin.cpp:110] [0m[1;36mWindPlugin: received command -> speed=[0m[1;36m0.428629[0m[1;36m dir=[0m[1;36m-19.7779[0m[1;36m
[gzserver-2] [0m[1;36m[Dbg] [wind_plugin.cpp:110] [0m[1;36mWindPlugin: received command -> speed=[0m[1;36m0.428629[0m[1;36m dir=[0m[1;36m-19.7779[0m[1;36m
[gzserver-2] [0m[1;36m[Dbg] [wind_plugin.cpp:110] [0m[1;36mWindPlugin: received command -> speed=[0m[1;36m0.596666[0m[1;36m dir=[0m[1;36m-21.1109[0m[1;36m
[gzserver-2] [0m[1;36m[Dbg] [wind_plugin.cpp:110] [0m[1;36mWindPlugin: received command -> speed=[0m[1;36m0.596666[0m[1;36m dir=[0m[1;36m-21.1109[0m[1;36m
[gzserver-2] [0m[1;36m[Dbg] [wind_plugin.cpp:110] [0m[1;36mWindPlugin: received command -> speed=[0m[1;36m0.596666[0m[1;36m dir=[0m[1;36m-21.1109[0m[1;36m
[gzserver-2] [0m[1;36m[Dbg] [wind_plugin.cpp:110] [0m[1;36mWindPlugin: received command -> speed=[0m[1;36m0.596666[0m[1;36m dir=[0m[1;36m-21.1109[0m[1;36m
[gzserver-2] [0m[1;36m[Dbg] [wind_plugin.cpp:110] [0m[1;36mWindPlugin: received command -> speed=[0m[1;36m0.523111[0m[1;36m dir=[0m[1;36m-20.9905[0m[1;36m
[gzserver-2] [0m[1;36m[Dbg] [wind_plugin.cpp:110] [0m[1;36mWindPlugin: received command -> speed=[0m[1;36m0.523111[0m[1;36m dir=[0m[1;36m-20.9905[0m[1;36m
[gzserver-2] [0m[1;36m[Dbg] [wind_plugin.cpp:110] [0m[1;36mWindPlugin: received command -> speed=[0m[1;36m0.523111[0m[1;36m dir=[0m[1;36m-20.9905[0m[1;36m
[gzserver-2] [0mLanded!
[gzserver-2] [INFO] [1773133147.022735051] [gazebo_wind_plugin_node]: WindPlugin: set wind_speed=0.52 wind_direction=-21.0
[gzserver-2] [INFO] [1773133147.253822949] [gazebo_wind_plugin_node]: WindPlugin: set wind_speed=0.30 wind_direction=-20.9
[gzserver-2] [INFO] [1773133147.493624011] [gazebo_wind_plugin_node]: WindPlugin: set wind_speed=0.30 wind_direction=-20.9
[gzserver-2] [INFO] [1773133147.723552873] [gazebo_wind_plugin_node]: WindPlugin: set wind_speed=0.30 wind_direction=-20.9
[gzserver-2] [INFO] [1773133147.958635104] [gazebo_wind_plugin_node]: WindPlugin: set wind_speed=0.30 wind_direction=-20.9
[gzserver-2] [INFO] [1773133148.194310074] [gazebo_wind_plugin_node]: WindPlugin: set wind_speed=0.30 wind_direction=-20.9
[gzserver-2] [INFO] [1773133148.428814060] [gazebo_wind_plugin_node]: WindPlugin: set wind_speed=0.64 wind_direction=-21.6
[gzserver-2] [INFO] [1773133148.663657069] [gazebo_wind_plugin_node]: WindPlugin: set wind_speed=0.64 wind_direction=-21.6
