[INFO] [launch]: All log files can be found below /home/j/.ros/log/2026-03-09-23-39-03-694916-j-41678
[INFO] [launch]: Default logging verbosity is set to INFO
[INFO] [launch.user]: [bringup] Apriltag config: camera=/drone/bottom, image=/drone/bottom/image_raw, tags=/drone/bottom/tags, bridge=/landing_tag_state, standalone=true, use_target_id=true, target_id=0
[INFO] [rviz2-1]: process started with pid [41679]
[INFO] [gzserver-2]: process started with pid [41681]
[INFO] [robot_state_publisher-3]: process started with pid [41683]
[INFO] [joint_state_publisher-4]: process started with pid [41685]
[INFO] [spawn_drone-5]: process started with pid [41687]
[INFO] [static_transform_publisher-6]: process started with pid [41689]
[INFO] [joy_node-7]: process started with pid [41691]
[INFO] [teleop_joystick-8]: process started with pid [41693]
[INFO] [apriltag_detector_node-9]: process started with pid [41695]
[INFO] [apriltag_state_bridge-10]: process started with pid [41697]
[static_transform_publisher-6] [WARN] [1773067144.186094819] []: Old-style arguments are deprecated; see --help for new-style arguments
[static_transform_publisher-6] [INFO] [1773067144.194151813] [static_transform_publisher_YbmDk5JHyKr6mIww]: Spinning until stopped - publishing transform
[static_transform_publisher-6] translation: ('0.000000', '0.000000', '0.000000')
[static_transform_publisher-6] rotation: ('0.000000', '0.000000', '0.000000', '1.000000')
[static_transform_publisher-6] from 'world' to '/drone/odom'
[rviz2-1] 
[rviz2-1] (rviz2:41679): dbind-WARNING **: 23:39:04.220: Couldn't connect to accessibility bus: Failed to connect to socket /root/.cache/at-spi/bus_0: 허가 거부
[robot_state_publisher-3] [INFO] [1773067144.221829295] [drone.robot_state_publisher]: got segment base_footprint
[robot_state_publisher-3] [INFO] [1773067144.221931236] [drone.robot_state_publisher]: got segment base_link
[robot_state_publisher-3] [INFO] [1773067144.221946403] [drone.robot_state_publisher]: got segment bottom_cam_link
[robot_state_publisher-3] [INFO] [1773067144.221955709] [drone.robot_state_publisher]: got segment front_cam_link
[robot_state_publisher-3] [INFO] [1773067144.221964138] [drone.robot_state_publisher]: got segment sonar_link
[apriltag_detector_node-9] [INFO] [1773067144.224861047] [apriltag_detector_node]: tag detector type: umich
[teleop_joystick-8] Traceback (most recent call last):
[teleop_joystick-8]   File "/home/j/INCSL/IICC26_ws/install/sjtu_drone_control/lib/sjtu_drone_control/teleop_joystick", line 33, in <module>
[teleop_joystick-8]     sys.exit(load_entry_point('sjtu_drone_control==0.0.0', 'console_scripts', 'teleop_joystick')())
[teleop_joystick-8]   File "/home/j/INCSL/IICC26_ws/install/sjtu_drone_control/lib/sjtu_drone_control/teleop_joystick", line 22, in importlib_load_entry_point
[teleop_joystick-8]     for entry_point in distribution(dist_name).entry_points
[teleop_joystick-8]   File "/usr/lib/python3.10/importlib/metadata/__init__.py", line 969, in distribution
[teleop_joystick-8]     return Distribution.from_name(distribution_name)
[teleop_joystick-8]   File "/usr/lib/python3.10/importlib/metadata/__init__.py", line 548, in from_name
[teleop_joystick-8]     raise PackageNotFoundError(name)
[teleop_joystick-8] importlib.metadata.PackageNotFoundError: No package metadata was found for sjtu_drone_control
[ERROR] [teleop_joystick-8]: process has died [pid 41693, exit code 1, cmd '/home/j/INCSL/IICC26_ws/install/sjtu_drone_control/lib/sjtu_drone_control/teleop_joystick --ros-args -r __ns:=/drone'].
[gzserver-2] Gazebo multi-robot simulator, version 11.10.2
[gzserver-2] Copyright (C) 2012 Open Source Robotics Foundation.
[gzserver-2] Released under the Apache 2 License.
[gzserver-2] http://gazebosim.org
[gzserver-2] 
[apriltag_state_bridge-10] [INFO] [1773067144.494614888] [apriltag_state_bridge]: AprilTag bridge started: /drone/bottom/tags -> /landing_tag_state, use_target_id=True, target_id=0
[joint_state_publisher-4] [INFO] [1773067144.511040352] [drone.joint_state_publisher]: Waiting for robot_description to be published on the robot_description topic...
[gzserver-2] [1;33m[Wrn] [gazebo_ros_init.cpp:178] [0m[1;33m
[gzserver-2] #     # ####### ####### ###  #####  #######
[gzserver-2] ##    # #     #    #     #  #     # #
[gzserver-2] # #   # #     #    #     #  #       #
[gzserver-2] #  #  # #     #    #     #  #       #####
[gzserver-2] #   # # #     #    #     #  #       #
[gzserver-2] #    ## #     #    #     #  #     # #
[gzserver-2] #     # #######    #    ###  #####  #######
[gzserver-2] 
[gzserver-2] This version of Gazebo, now called Gazebo classic, reaches end-of-life
[gzserver-2] in January 2025. Users are highly encouraged to migrate to the new Gazebo
[gzserver-2] using our migration guides (https://gazebosim.org/docs/latest/gazebo_classic_migration?utm_source=gazebo_ros_pkgs&utm_medium=cli)
[gzserver-2] 
[gzserver-2] [0m[1;33m
[rviz2-1] [INFO] [1773067144.637256766] [rviz2]: Stereo is NOT SUPPORTED
[rviz2-1] [INFO] [1773067144.637347662] [rviz2]: OpenGl version: 4.6 (GLSL 4.6)
[rviz2-1] [INFO] [1773067144.665062182] [rviz2]: Stereo is NOT SUPPORTED
[rviz2-1] [INFO] [1773067144.782534729] [rviz2]: Stereo is NOT SUPPORTED
[spawn_drone-5] [INFO] [1773067145.361962643] [spawn_drone]: Result False Entity pushed to spawn queue, but spawn service timed outwaiting for entity to appear in simulation under the name [/drone]
[gzserver-2] [1;32m[Msg] [0m[1;32mWaiting for master.[0m[1;32m
[gzserver-2] [0m[1;32m[0m[1;32m[0m[1;32m[Msg] [0m[1;32mConnected to gazebo master @ [0m[1;32mhttp://127.0.0.1:11345[0m[1;32m
[gzserver-2] [0m[1;32m[0m[1;32m[0m[1;32m[Msg] [0m[1;32mPublicized address: [0m[1;32m192.168.0.11[0m[1;32m
[gzserver-2] [0m[1;32m[0m[1;32m[0m[1;32m[Msg] [0m[1;32mLoading world file [[0m[1;32m/home/j/INCSL/IICC26_ws/install/sjtu_drone_description/share/sjtu_drone_description/worlds/landingPad.world[0m[1;32m][0m[1;32m
[gzserver-2] [0m[1;32m[0m[1;32m[0m[1;36m[Dbg] [wind_plugin.cpp:96] [0m[1;36mWindPlugin loaded: speed=[0m[1;36m0[0m[1;36m dir=[0m[1;36m0[0m[1;36m deg area=[0m[1;36m0.1[0m[1;36m coeff=[0m[1;36m1[0m[1;36m
[gzserver-2] [0m[1;33m[0m[1;33m[0m[1;31m[Err] [Sensor.cc:510] [0m[1;31mGet noise index not valid[0m[1;31m
[gzserver-2] [0m[1;31m[0m[1;31m[0m[1;31m[Err] [Sensor.cc:510] [0m[1;31mGet noise index not valid[0m[1;31m
[gzserver-2] [0m[1;31m[0m[1;31m[0m[1;31m[Err] [Sensor.cc:510] [0m[1;31mGet noise index not valid[0m[1;31m
[gzserver-2] [0m[1;31m[0m[1;31m[0m[1;31m[Err] [Sensor.cc:510] [0m[1;31mGet noise index not valid[0m[1;31m
[gzserver-2] [0m[1;31m[0m[1;31m[0m[1;31m[Err] [Sensor.cc:510] [0m[1;31mGet noise index not valid[0m[1;31m
[gzserver-2] [0m[1;31m[0m[1;31m[0m[1;31m[Err] [Sensor.cc:510] [0m[1;31mGet noise index not valid[0m[1;31m
[gzserver-2] [0m[1;31m[0m[1;31m[0mTopic [default//drone/base_footprint/down_camera/image] is not valid.
[gzserver-2] Topic [default//drone/base_footprint/front_camera/image] is not valid.
[gzserver-2] [INFO] [1773067145.392352543] [drone.collision_plugin]: Publishing contact states to [/drone/bumper_states]
[gzserver-2] [1;33m[Wrn] [Event.cc:61] [0m[1;33mWarning: Deleting a connection right after creation. [0m[1;33mMake sure to save the ConnectionPtr from a Connect call
[INFO] [spawn_drone-5]: process has finished cleanly [pid 41687]
[gzserver-2] [0m[INFO] [1773067145.970416417] [drone.camera_bottom]: Publishing camera info to [/drone/bottom/camera_info]
[gzserver-2] [INFO] [1773067145.974855151] [drone.camera_front]: Publishing camera info to [/drone/front/camera_info]
[gzserver-2] [INFO] [1773067146.096257077] [drone.simple_drone]: The drone plugin is loading!
[gzserver-2] [INFO] [1773067146.096457904] [drone.simple_drone]: pub_odom: 1
[gzserver-2] [INFO] [1773067146.096491113] [drone.simple_drone]: Using following parameters: 
[gzserver-2] 		link_name: base_footprint,
[gzserver-2] 		max_force: 30,
[gzserver-2] 		motion_small_noise: 0,
[gzserver-2] 		motion_drift_noise: 0,
[gzserver-2] 		motion_drift_noise_time: 50,
[gzserver-2] 		takeoff_hover_height: 1.73,
[gzserver-2] 		takeoff_vertical_speed: 0.2
[gzserver-2] [INFO] [1773067146.108175457] [drone.simple_drone]: Using the PID parameters: 
[gzserver-2] 	Roll Pitch:
[gzserver-2] 		kP: 10, kI: 0,kD: 5, Limit: 0.5, Time Constant: 0
[gzserver-2] 	Yaw:
[gzserver-2] 		kP: 2, kI: 0,kD: 1, Limit: 1.5, Time Constant: 0
[gzserver-2] 	Velocity X:
[gzserver-2] 		kP: 5, kI: 0,kD: 2.3, Limit: 2, Time Constant: 0
[gzserver-2] 	Velocity Y:
[gzserver-2] 		kP: 5, kI: 0,kD: 2.3, Limit: 2, Time Constant: 0
[gzserver-2] 	Velocity Z:
[gzserver-2] 		kP: 5, kI: 0,kD: 1, Limit: -1, Time Constant: 0
[gzserver-2] 	Position XY:
[gzserver-2] 		kP: 1.1, kI: 0,kD: 0, Limit: 5, Time Constant: 0
[gzserver-2] 	Position Z:
[gzserver-2] 		kP: 1, kI: 0,kD: 0.2, Limit: -1, Time Constant: 0
[gzserver-2] [INFO] [1773067146.108312919] [drone.simple_drone]: The drone plugin finished loading!
[gzserver-2] [INFO] [1773067153.588761263] [gazebo_wind_plugin_node]: WindPlugin: set wind_speed=0.00 wind_direction=0.0
[gzserver-2] [INFO] [1773067153.975289955] [drone.simple_drone]: Quadrotor takes off!!
[gzserver-2] [INFO] [1773067154.185250992] [gazebo_wind_plugin_node]: WindPlugin: set wind_speed=0.00 wind_direction=0.0
[gzserver-2] [INFO] [1773067154.924759295] [gazebo_wind_plugin_node]: WindPlugin: set wind_speed=0.00 wind_direction=0.0
[gzserver-2] [0m[1;36m[Dbg] [wind_plugin.cpp:110] [0m[1;36mWindPlugin: received command -> speed=[0m[1;36m0[0m[1;36m dir=[0m[1;36m0[0m[1;36m
[gzserver-2] [0m[1;36m[Dbg] [wind_plugin.cpp:110] [0m[1;36mWindPlugin: received command -> speed=[0m[1;36m0[0m[1;36m dir=[0m[1;36m0[0m[1;36m
[gzserver-2] [0m[1;36m[Dbg] [wind_plugin.cpp:110] [0m[1;36mWindPlugin: received command -> speed=[0m[1;36m0[0m[1;36m dir=[0m[1;36m0[0m[1;36m
[gzserver-2] [0mEntering flying model!
[gzserver-2] [INFO] [1773067155.638243081] [gazebo_wind_plugin_node]: WindPlugin: set wind_speed=0.00 wind_direction=0.0
[gzserver-2] [INFO] [1773067156.353785215] [gazebo_wind_plugin_node]: WindPlugin: set wind_speed=0.00 wind_direction=0.0
[gzserver-2] [INFO] [1773067157.064947435] [gazebo_wind_plugin_node]: WindPlugin: set wind_speed=0.00 wind_direction=0.0
[gzserver-2] [INFO] [1773067157.786271526] [gazebo_wind_plugin_node]: WindPlugin: set wind_speed=0.00 wind_direction=0.0
[gzserver-2] [INFO] [1773067158.502482650] [gazebo_wind_plugin_node]: WindPlugin: set wind_speed=0.00 wind_direction=0.0
[gzserver-2] [INFO] [1773067159.226000386] [gazebo_wind_plugin_node]: WindPlugin: set wind_speed=0.00 wind_direction=0.0
[gzserver-2] [INFO] [1773067159.940875792] [gazebo_wind_plugin_node]: WindPlugin: set wind_speed=0.00 wind_direction=0.0
[gzserver-2] [INFO] [1773067160.657719593] [gazebo_wind_plugin_node]: WindPlugin: set wind_speed=0.00 wind_direction=0.0
[gzserver-2] [INFO] [1773067161.367014600] [gazebo_wind_plugin_node]: WindPlugin: set wind_speed=0.00 wind_direction=0.0
[gzserver-2] [INFO] [1773067162.085243924] [gazebo_wind_plugin_node]: WindPlugin: set wind_speed=0.00 wind_direction=0.0
[gzserver-2] [INFO] [1773067162.804488069] [gazebo_wind_plugin_node]: WindPlugin: set wind_speed=0.00 wind_direction=0.0
[gzserver-2] [INFO] [1773067163.513426880] [gazebo_wind_plugin_node]: WindPlugin: set wind_speed=0.00 wind_direction=0.0
[gzserver-2] [INFO] [1773067164.228021376] [gazebo_wind_plugin_node]: WindPlugin: set wind_speed=2.18 wind_direction=-126.6
[gzserver-2] [INFO] [1773067164.944147906] [gazebo_wind_plugin_node]: WindPlugin: set wind_speed=2.18 wind_direction=-126.6
[gzserver-2] [INFO] [1773067165.638069801] [gazebo_wind_plugin_node]: WindPlugin: set wind_speed=2.17 wind_direction=-126.7
[gzserver-2] [INFO] [1773067166.346136358] [gazebo_wind_plugin_node]: WindPlugin: set wind_speed=1.89 wind_direction=-129.0
[gzserver-2] [INFO] [1773067167.053137305] [gazebo_wind_plugin_node]: WindPlugin: set wind_speed=1.89 wind_direction=-129.0
[gzserver-2] [INFO] [1773067167.761851631] [gazebo_wind_plugin_node]: WindPlugin: set wind_speed=2.06 wind_direction=-128.8
[gzserver-2] [INFO] [1773067168.474669743] [gazebo_wind_plugin_node]: WindPlugin: set wind_speed=1.94 wind_direction=-128.4
[gzserver-2] [INFO] [1773067169.186095512] [gazebo_wind_plugin_node]: WindPlugin: set wind_speed=2.25 wind_direction=-125.9
[gzserver-2] [INFO] [1773067169.887650512] [gazebo_wind_plugin_node]: WindPlugin: set wind_speed=2.25 wind_direction=-125.9
[gzserver-2] [INFO] [1773067170.608234679] [gazebo_wind_plugin_node]: WindPlugin: set wind_speed=1.93 wind_direction=-126.4
[gzserver-2] [INFO] [1773067171.122091479] [gazebo_wind_plugin_node]: WindPlugin: set wind_speed=2.07 wind_direction=-126.0
[gzserver-2] [INFO] [1773067171.874214724] [gazebo_wind_plugin_node]: WindPlugin: set wind_speed=2.07 wind_direction=-126.0
[gzserver-2] [INFO] [1773067172.428050800] [gazebo_wind_plugin_node]: WindPlugin: set wind_speed=2.04 wind_direction=-128.3
[gzserver-2] [INFO] [1773067173.145970040] [gazebo_wind_plugin_node]: WindPlugin: set wind_speed=2.04 wind_direction=-128.1
[gzserver-2] [INFO] [1773067173.858193568] [gazebo_wind_plugin_node]: WindPlugin: set wind_speed=2.04 wind_direction=-128.1
[gzserver-2] [INFO] [1773067174.561018035] [gazebo_wind_plugin_node]: WindPlugin: set wind_speed=2.06 wind_direction=-126.3
[gzserver-2] [1;36m[Dbg] [wind_plugin.cpp:110] [0m[1;36mWindPlugin: received command -> speed=[0m[1;36m0[0m[1;36m dir=[0m[1;36m0[0m[1;36m
[gzserver-2] [0m[1;36m[Dbg] [wind_plugin.cpp:110] [0m[1;36mWindPlugin: received command -> speed=[0m[1;36m0[0m[1;36m dir=[0m[1;36m0[0m[1;36m
[gzserver-2] [0m[1;36m[Dbg] [wind_plugin.cpp:110] [0m[1;36mWindPlugin: received command -> speed=[0m[1;36m0[0m[1;36m dir=[0m[1;36m0[0m[1;36m
[gzserver-2] [0m[1;36m[Dbg] [wind_plugin.cpp:110] [0m[1;36mWindPlugin: received command -> speed=[0m[1;36m0[0m[1;36m dir=[0m[1;36m0[0m[1;36m
[gzserver-2] [0m[1;36m[Dbg] [wind_plugin.cpp:110] [0m[1;36mWindPlugin: received command -> speed=[0m[1;36m0[0m[1;36m dir=[0m[1;36m0[0m[1;36m
[gzserver-2] [0m[1;36m[Dbg] [wind_plugin.cpp:110] [0m[1;36mWindPlugin: received command -> speed=[0m[1;36m0[0m[1;36m dir=[0m[1;36m0[0m[1;36m
[gzserver-2] [0m[1;36m[Dbg] [wind_plugin.cpp:110] [0m[1;36mWindPlugin: received command -> speed=[0m[1;36m0[0m[1;36m dir=[0m[1;36m0[0m[1;36m
[gzserver-2] [0m[1;36m[Dbg] [wind_plugin.cpp:110] [0m[1;36mWindPlugin: received command -> speed=[0m[1;36m0[0m[1;36m dir=[0m[1;36m0[0m[1;36m
[gzserver-2] [0m[1;36m[Dbg] [wind_plugin.cpp:110] [0m[1;36mWindPlugin: received command -> speed=[0m[1;36m0[0m[1;36m dir=[0m[1;36m0[0m[1;36m
[gzserver-2] [0m[1;36m[Dbg] [wind_plugin.cpp:110] [0m[1;36mWindPlugin: received command -> speed=[0m[1;36m0[0m[1;36m dir=[0m[1;36m0[0m[1;36m
[gzserver-2] [0m[1;36m[Dbg] [wind_plugin.cpp:110] [0m[1;36mWindPlugin: received command -> speed=[0m[1;36m0[0m[1;36m dir=[0m[1;36m0[0m[1;36m
[gzserver-2] [0m[1;36m[Dbg] [wind_plugin.cpp:110] [0m[1;36mWindPlugin: received command -> speed=[0m[1;36m0[0m[1;36m dir=[0m[1;36m0[0m[1;36m
[gzserver-2] [0m[1;36m[Dbg] [wind_plugin.cpp:110] [0m[1;36mWindPlugin: received command -> speed=[0m[1;36m2.17659[0m[1;36m dir=[0m[1;36m-126.607[0m[1;36m
[gzserver-2] [0m[1;36m[Dbg] [wind_plugin.cpp:110] [0m[1;36mWindPlugin: received command -> speed=[0m[1;36m2.17659[0m[1;36m dir=[0m[1;36m-126.607[0m[1;36m
[gzserver-2] [0m[1;36m[Dbg] [wind_plugin.cpp:110] [0m[1;36mWindPlugin: received command -> speed=[0m[1;36m2.1702[0m[1;36m dir=[0m[1;36m-126.682[0m[1;36m
[gzserver-2] [0m[1;36m[Dbg] [wind_plugin.cpp:110] [0m[1;36mWindPlugin: received command -> speed=[0m[1;36m1.89382[0m[1;36m dir=[0m[1;36m-128.957[0m[1;36m
[gzserver-2] [0m[1;36m[Dbg] [wind_plugin.cpp:110] [0m[1;36mWindPlugin: received command -> speed=[0m[1;36m1.89382[0m[1;36m dir=[0m[1;36m-128.957[0m[1;36m
[gzserver-2] [0m[1;36m[Dbg] [wind_plugin.cpp:110] [0m[1;36mWindPlugin: received command -> speed=[0m[1;36m2.05873[0m[1;36m dir=[0m[1;36m-128.805[0m[1;36m
[gzserver-2] [0m[1;36m[Dbg] [wind_plugin.cpp:110] [0m[1;36mWindPlugin: received command -> speed=[0m[1;36m1.93714[0m[1;36m dir=[0m[1;36m-128.379[0m[1;36m
[gzserver-2] [0m[1;36m[Dbg] [wind_plugin.cpp:110] [0m[1;36mWindPlugin: received command -> speed=[0m[1;36m2.25403[0m[1;36m dir=[0m[1;36m-125.93[0m[1;36m
[gzserver-2] [0m[1;36m[Dbg] [wind_plugin.cpp:110] [0m[1;36mWindPlugin: received command -> speed=[0m[1;36m2.25403[0m[1;36m dir=[0m[1;36m-125.93[0m[1;36m
[gzserver-2] [0m[1;36m[Dbg] [wind_plugin.cpp:110] [0m[1;36mWindPlugin: received command -> speed=[0m[1;36m1.92769[0m[1;36m dir=[0m[1;36m-126.362[0m[1;36m
[gzserver-2] [0m[1;36m[Dbg] [wind_plugin.cpp:110] [0m[1;36mWindPlugin: received command -> speed=[0m[1;36m2.0704[0m[1;36m dir=[0m[1;36m-126.044[0m[1;36m
[gzserver-2] [0m[1;36m[Dbg] [wind_plugin.cpp:110] [0m[1;36mWindPlugin: received command -> speed=[0m[1;36m2.0704[0m[1;36m dir=[0m[1;36m-126.044[0m[1;36m
[gzserver-2] [0m[1;36m[Dbg] [wind_plugin.cpp:110] [0m[1;36mWindPlugin: received command -> speed=[0m[1;36m2.03849[0m[1;36m dir=[0m[1;36m-128.268[0m[1;36m
[gzserver-2] [0m[1;36m[Dbg] [wind_plugin.cpp:110] [0m[1;36mWindPlugin: received command -> speed=[0m[1;36m2.04308[0m[1;36m dir=[0m[1;36m-128.074[0m[1;36m
[gzserver-2] [0m[1;36m[Dbg] [wind_plugin.cpp:110] [0m[1;36mWindPlugin: received command -> speed=[0m[1;36m2.04308[0m[1;36m dir=[0m[1;36m-128.074[0m[1;36m
[gzserver-2] [INFO] [1773067175.309866922] [gazebo_wind_plugin_node]: WindPlugin: set wind_speed=2.06 wind_direction=-126.7
[gzserver-2] [INFO] [1773067175.842588770] [gazebo_wind_plugin_node]: WindPlugin: set wind_speed=2.06 wind_direction=-126.7
[gzserver-2] [INFO] [1773067176.342948870] [gazebo_wind_plugin_node]: WindPlugin: set wind_speed=2.07 wind_direction=-127.3
[gzserver-2] [INFO] [1773067176.858543721] [gazebo_wind_plugin_node]: WindPlugin: set wind_speed=2.07 wind_direction=-127.3
[gzserver-2] [INFO] [1773067177.588812835] [gazebo_wind_plugin_node]: WindPlugin: set wind_speed=2.06 wind_direction=-127.5
[gzserver-2] [INFO] [1773067178.108265060] [gazebo_wind_plugin_node]: WindPlugin: set wind_speed=1.97 wind_direction=-126.6
[gzserver-2] [INFO] [1773067178.869477334] [gazebo_wind_plugin_node]: WindPlugin: set wind_speed=1.97 wind_direction=-126.6
[gzserver-2] [INFO] [1773067179.583570779] [gazebo_wind_plugin_node]: WindPlugin: set wind_speed=2.23 wind_direction=-126.5
[gzserver-2] [INFO] [1773067180.122593983] [gazebo_wind_plugin_node]: WindPlugin: set wind_speed=1.93 wind_direction=-127.6
[gzserver-2] [INFO] [1773067180.824958730] [gazebo_wind_plugin_node]: WindPlugin: set wind_speed=1.93 wind_direction=-127.6
[gzserver-2] [INFO] [1773067181.536479496] [gazebo_wind_plugin_node]: WindPlugin: set wind_speed=1.98 wind_direction=-126.9
[gzserver-2] [INFO] [1773067182.295538940] [gazebo_wind_plugin_node]: WindPlugin: set wind_speed=2.00 wind_direction=-121.4
[gzserver-2] [INFO] [1773067183.005027433] [gazebo_wind_plugin_node]: WindPlugin: set wind_speed=2.00 wind_direction=-121.4
[gzserver-2] [INFO] [1773067183.724259426] [gazebo_wind_plugin_node]: WindPlugin: set wind_speed=1.88 wind_direction=-125.3
[gzserver-2] [INFO] [1773067184.257672393] [gazebo_wind_plugin_node]: WindPlugin: set wind_speed=1.99 wind_direction=-125.9
[gzserver-2] [INFO] [1773067184.969311179] [gazebo_wind_plugin_node]: WindPlugin: set wind_speed=1.99 wind_direction=-125.9
[gzserver-2] [INFO] [1773067185.712322814] [gazebo_wind_plugin_node]: WindPlugin: set wind_speed=1.87 wind_direction=-126.2
[gzserver-2] [INFO] [1773067186.267438447] [gazebo_wind_plugin_node]: WindPlugin: set wind_speed=1.89 wind_direction=-127.2
[gzserver-2] [INFO] [1773067186.769284551] [gazebo_wind_plugin_node]: WindPlugin: set wind_speed=1.89 wind_direction=-127.2
[gzserver-2] [INFO] [1773067187.347495362] [gazebo_wind_plugin_node]: WindPlugin: set wind_speed=1.99 wind_direction=-128.8
[gzserver-2] [INFO] [1773067187.869608175] [gazebo_wind_plugin_node]: WindPlugin: set wind_speed=1.99 wind_direction=-128.8
[gzserver-2] [INFO] [1773067188.596912953] [gazebo_wind_plugin_node]: WindPlugin: set wind_speed=1.94 wind_direction=-124.3
[gzserver-2] [INFO] [1773067189.307621332] [gazebo_wind_plugin_node]: WindPlugin: set wind_speed=1.93 wind_direction=-125.0
[gzserver-2] [INFO] [1773067190.025360165] [gazebo_wind_plugin_node]: WindPlugin: set wind_speed=1.93 wind_direction=-125.0
[gzserver-2] [INFO] [1773067190.742789586] [gazebo_wind_plugin_node]: WindPlugin: set wind_speed=1.99 wind_direction=-123.2
[gzserver-2] [INFO] [1773067191.459503258] [gazebo_wind_plugin_node]: WindPlugin: set wind_speed=1.97 wind_direction=-125.5
[gzserver-2] [INFO] [1773067192.155344657] [gazebo_wind_plugin_node]: WindPlugin: set wind_speed=1.81 wind_direction=-124.6
[gzserver-2] [0m[1;36m[Dbg] [wind_plugin.cpp:110] [0m[1;36mWindPlugin: received command -> speed=[0m[1;36m2.06493[0m[1;36m dir=[0m[1;36m-126.312[0m[1;36m
[gzserver-2] [0m[1;36m[Dbg] [wind_plugin.cpp:110] [0m[1;36mWindPlugin: received command -> speed=[0m[1;36m2.05822[0m[1;36m dir=[0m[1;36m-126.709[0m[1;36m
[gzserver-2] [0m[1;36m[Dbg] [wind_plugin.cpp:110] [0m[1;36mWindPlugin: received command -> speed=[0m[1;36m2.05822[0m[1;36m dir=[0m[1;36m-126.709[0m[1;36m
[gzserver-2] [0m[1;36m[Dbg] [wind_plugin.cpp:110] [0m[1;36mWindPlugin: received command -> speed=[0m[1;36m2.07339[0m[1;36m dir=[0m[1;36m-127.348[0m[1;36m
[gzserver-2] [0m[1;36m[Dbg] [wind_plugin.cpp:110] [0m[1;36mWindPlugin: received command -> speed=[0m[1;36m2.07339[0m[1;36m dir=[0m[1;36m-127.348[0m[1;36m
[gzserver-2] [0m[1;36m[Dbg] [wind_plugin.cpp:110] [0m[1;36mWindPlugin: received command -> speed=[0m[1;36m2.06346[0m[1;36m dir=[0m[1;36m-127.485[0m[1;36m
[gzserver-2] [0m[1;36m[Dbg] [wind_plugin.cpp:110] [0m[1;36mWindPlugin: received command -> speed=[0m[1;36m1.9709[0m[1;36m dir=[0m[1;36m-126.65[0m[1;36m
[gzserver-2] [0m[1;36m[Dbg] [wind_plugin.cpp:110] [0m[1;36mWindPlugin: received command -> speed=[0m[1;36m1.9709[0m[1;36m dir=[0m[1;36m-126.65[0m[1;36m
[gzserver-2] [0m[1;36m[Dbg] [wind_plugin.cpp:110] [0m[1;36mWindPlugin: received command -> speed=[0m[1;36m2.23188[0m[1;36m dir=[0m[1;36m-126.542[0m[1;36m
[gzserver-2] [0m[1;36m[Dbg] [wind_plugin.cpp:110] [0m[1;36mWindPlugin: received command -> speed=[0m[1;36m1.93219[0m[1;36m dir=[0m[1;36m-127.559[0m[1;36m
[gzserver-2] [0m[1;36m[Dbg] [wind_plugin.cpp:110] [0m[1;36mWindPlugin: received command -> speed=[0m[1;36m1.93219[0m[1;36m dir=[0m[1;36m-127.559[0m[1;36m
[gzserver-2] [0m[1;36m[Dbg] [wind_plugin.cpp:110] [0m[1;36mWindPlugin: received command -> speed=[0m[1;36m1.98442[0m[1;36m dir=[0m[1;36m-126.894[0m[1;36m
[gzserver-2] [0m[1;36m[Dbg] [wind_plugin.cpp:110] [0m[1;36mWindPlugin: received command -> speed=[0m[1;36m2.00155[0m[1;36m dir=[0m[1;36m-121.371[0m[1;36m
[gzserver-2] [0m[1;36m[Dbg] [wind_plugin.cpp:110] [0m[1;36mWindPlugin: received command -> speed=[0m[1;36m2.00155[0m[1;36m dir=[0m[1;36m-121.371[0m[1;36m
[gzserver-2] [0m[1;36m[Dbg] [wind_plugin.cpp:110] [0m[1;36mWindPlugin: received command -> speed=[0m[1;36m1.88077[0m[1;36m dir=[0m[1;36m-125.276[0m[1;36m
[gzserver-2] [0m[1;36m[Dbg] [wind_plugin.cpp:110] [0m[1;36mWindPlugin: received command -> speed=[0m[1;36m1.99071[0m[1;36m dir=[0m[1;36m-125.864[0m[1;36m
[gzserver-2] [0m[1;36m[Dbg] [wind_plugin.cpp:110] [0m[1;36mWindPlugin: received command -> speed=[0m[1;36m1.99071[0m[1;36m dir=[0m[1;36m-125.864[0m[1;36m
[gzserver-2] [0m[1;36m[Dbg] [wind_plugin.cpp:110] [0m[1;36mWindPlugin: received command -> speed=[0m[1;36m1.86802[0m[1;36m dir=[0m[1;36m-126.19[0m[1;36m
[gzserver-2] [0m[1;36m[Dbg] [wind_plugin.cpp:110] [0m[1;36mWindPlugin: received command -> speed=[0m[1;36m1.89209[0m[1;36m dir=[0m[1;36m-127.195[0m[1;36m
[gzserver-2] [0m[1;36m[Dbg] [wind_plugin.cpp:110] [0m[1;36mWindPlugin: received command -> speed=[0m[1;36m1.89209[0m[1;36m dir=[0m[1;36m-127.195[0m[1;36m
[gzserver-2] [0m[1;36m[Dbg] [wind_plugin.cpp:110] [0m[1;36mWindPlugin: received command -> speed=[0m[1;36m1.98901[0m[1;36m dir=[0m[1;36m-128.783[0m[1;36m
[gzserver-2] [0m[1;36m[Dbg] [wind_plugin.cpp:110] [0m[1;36mWindPlugin: received command -> speed=[0m[1;36m1.98901[0m[1;36m dir=[0m[1;36m-128.783[0m[1;36m
[gzserver-2] [0m[1;36m[Dbg] [wind_plugin.cpp:110] [0m[1;36mWindPlugin: received command -> speed=[0m[1;36m1.94262[0m[1;36m dir=[0m[1;36m-124.295[0m[1;36m
[gzserver-2] [0m[1;36m[Dbg] [wind_plugin.cpp:110] [0m[1;36mWindPlugin: received command -> speed=[0m[1;36m1.93353[0m[1;36m dir=[0m[1;36m-125.009[0m[1;36m
[gzserver-2] [0m[1;36m[Dbg] [wind_plugin.cpp:110] [0m[1;36mWindPlugin: received command -> speed=[0m[1;36m1.93353[0m[1;36m dir=[0m[1;36m-125.009[0m[1;36m
[gzserver-2] [0m[1;36m[Dbg] [wind_plugin.cpp:110] [0m[1;36mWindPlugin: received command -> speed=[0m[1;36m1.98947[0m[1;36m dir=[0m[1;36m-123.176[0m[1;36m
[gzserver-2] [0m[1;36m[Dbg] [wind_plugin.cpp:110] [0m[1;36mWindPlugin: received command -> speed=[0m[1;36m1.97355[0m[1;36m dir=[0m[1;36m-125.48[0m[1;36m
[gzserver-2] [INFO] [1773067192.853755764] [gazebo_wind_plugin_node]: WindPlugin: set wind_speed=1.81 wind_direction=-124.6
[gzserver-2] [INFO] [1773067193.565484340] [gazebo_wind_plugin_node]: WindPlugin: set wind_speed=1.94 wind_direction=-124.8
[gzserver-2] [INFO] [1773067194.267327711] [gazebo_wind_plugin_node]: WindPlugin: set wind_speed=1.92 wind_direction=-123.8
[gzserver-2] [INFO] [1773067194.984735418] [gazebo_wind_plugin_node]: WindPlugin: set wind_speed=1.92 wind_direction=-123.8
[gzserver-2] [INFO] [1773067195.691706020] [gazebo_wind_plugin_node]: WindPlugin: set wind_speed=1.80 wind_direction=-124.6
[gzserver-2] [INFO] [1773067196.404732761] [gazebo_wind_plugin_node]: WindPlugin: set wind_speed=1.81 wind_direction=-125.9
[gzserver-2] [INFO] [1773067197.112504678] [gazebo_wind_plugin_node]: WindPlugin: set wind_speed=1.89 wind_direction=-123.5
[gzserver-2] [INFO] [1773067197.824005509] [gazebo_wind_plugin_node]: WindPlugin: set wind_speed=1.89 wind_direction=-123.5
[gzserver-2] [INFO] [1773067198.531411237] [gazebo_wind_plugin_node]: WindPlugin: set wind_speed=1.88 wind_direction=-121.6
[gzserver-2] [INFO] [1773067199.244211521] [gazebo_wind_plugin_node]: WindPlugin: set wind_speed=1.83 wind_direction=-122.5
[gzserver-2] [INFO] [1773067199.957634591] [gazebo_wind_plugin_node]: WindPlugin: set wind_speed=1.83 wind_direction=-122.5
[gzserver-2] [INFO] [1773067200.675214704] [gazebo_wind_plugin_node]: WindPlugin: set wind_speed=2.00 wind_direction=-125.0
[gzserver-2] [INFO] [1773067201.393139715] [gazebo_wind_plugin_node]: WindPlugin: set wind_speed=1.85 wind_direction=-125.0
[gzserver-2] [INFO] [1773067202.102927950] [gazebo_wind_plugin_node]: WindPlugin: set wind_speed=1.93 wind_direction=-124.6
[gzserver-2] [INFO] [1773067202.804356193] [gazebo_wind_plugin_node]: WindPlugin: set wind_speed=1.93 wind_direction=-124.6
[gzserver-2] [INFO] [1773067203.505818203] [gazebo_wind_plugin_node]: WindPlugin: set wind_speed=1.87 wind_direction=-122.2
[gzserver-2] [INFO] [1773067204.212393297] [gazebo_wind_plugin_node]: WindPlugin: set wind_speed=1.83 wind_direction=-124.0
[gzserver-2] [INFO] [1773067204.924161357] [gazebo_wind_plugin_node]: WindPlugin: set wind_speed=1.83 wind_direction=-124.0
[gzserver-2] [INFO] [1773067205.633907196] [gazebo_wind_plugin_node]: WindPlugin: set wind_speed=1.89 wind_direction=-125.6
[gzserver-2] [INFO] [1773067206.350203906] [gazebo_wind_plugin_node]: WindPlugin: set wind_speed=1.98 wind_direction=-124.3
[gzserver-2] [INFO] [1773067207.045943936] [gazebo_wind_plugin_node]: WindPlugin: set wind_speed=1.98 wind_direction=-124.3
[gzserver-2] [INFO] [1773067207.763701140] [gazebo_wind_plugin_node]: WindPlugin: set wind_speed=1.98 wind_direction=-122.9
[gzserver-2] [INFO] [1773067208.460002975] [gazebo_wind_plugin_node]: WindPlugin: set wind_speed=1.91 wind_direction=-119.3
[gzserver-2] [INFO] [1773067209.157654448] [gazebo_wind_plugin_node]: WindPlugin: set wind_speed=2.10 wind_direction=-122.6
[gzserver-2] [INFO] [1773067209.869528694] [gazebo_wind_plugin_node]: WindPlugin: set wind_speed=2.10 wind_direction=-122.6
[gzserver-2] [INFO] [1773067210.585199334] [gazebo_wind_plugin_node]: WindPlugin: set wind_speed=1.82 wind_direction=-127.3
[gzserver-2] [INFO] [1773067211.298838151] [gazebo_wind_plugin_node]: WindPlugin: set wind_speed=1.97 wind_direction=-124.9
[gzserver-2] [0m[1;36m[Dbg] [wind_plugin.cpp:110] [0m[1;36mWindPlugin: received command -> speed=[0m[1;36m1.8101[0m[1;36m dir=[0m[1;36m-124.618[0m[1;36m
[gzserver-2] [0m[1;36m[Dbg] [wind_plugin.cpp:110] [0m[1;36mWindPlugin: received command -> speed=[0m[1;36m1.8101[0m[1;36m dir=[0m[1;36m-124.618[0m[1;36m
[gzserver-2] [0m[1;36m[Dbg] [wind_plugin.cpp:110] [0m[1;36mWindPlugin: received command -> speed=[0m[1;36m1.94257[0m[1;36m dir=[0m[1;36m-124.841[0m[1;36m
[gzserver-2] [0m[1;36m[Dbg] [wind_plugin.cpp:110] [0m[1;36mWindPlugin: received command -> speed=[0m[1;36m1.91745[0m[1;36m dir=[0m[1;36m-123.794[0m[1;36m
[gzserver-2] [0m[1;36m[Dbg] [wind_plugin.cpp:110] [0m[1;36mWindPlugin: received command -> speed=[0m[1;36m1.91745[0m[1;36m dir=[0m[1;36m-123.794[0m[1;36m
[gzserver-2] [0m[1;36m[Dbg] [wind_plugin.cpp:110] [0m[1;36mWindPlugin: received command -> speed=[0m[1;36m1.80459[0m[1;36m dir=[0m[1;36m-124.567[0m[1;36m
[gzserver-2] [0m[1;36m[Dbg] [wind_plugin.cpp:110] [0m[1;36mWindPlugin: received command -> speed=[0m[1;36m1.80865[0m[1;36m dir=[0m[1;36m-125.927[0m[1;36m
[gzserver-2] [0m[1;36m[Dbg] [wind_plugin.cpp:110] [0m[1;36mWindPlugin: received command -> speed=[0m[1;36m1.8932[0m[1;36m dir=[0m[1;36m-123.508[0m[1;36m
[gzserver-2] [0m[1;36m[Dbg] [wind_plugin.cpp:110] [0m[1;36mWindPlugin: received command -> speed=[0m[1;36m1.8932[0m[1;36m dir=[0m[1;36m-123.508[0m[1;36m
[gzserver-2] [0m[1;36m[Dbg] [wind_plugin.cpp:110] [0m[1;36mWindPlugin: received command -> speed=[0m[1;36m1.88479[0m[1;36m dir=[0m[1;36m-121.558[0m[1;36m
[gzserver-2] [0m[1;36m[Dbg] [wind_plugin.cpp:110] [0m[1;36mWindPlugin: received command -> speed=[0m[1;36m1.82899[0m[1;36m dir=[0m[1;36m-122.533[0m[1;36m
[gzserver-2] [0m[1;36m[Dbg] [wind_plugin.cpp:110] [0m[1;36mWindPlugin: received command -> speed=[0m[1;36m1.82899[0m[1;36m dir=[0m[1;36m-122.533[0m[1;36m
[gzserver-2] [0m[1;36m[Dbg] [wind_plugin.cpp:110] [0m[1;36mWindPlugin: received command -> speed=[0m[1;36m1.99684[0m[1;36m dir=[0m[1;36m-125.022[0m[1;36m
[gzserver-2] [0m[1;36m[Dbg] [wind_plugin.cpp:110] [0m[1;36mWindPlugin: received command -> speed=[0m[1;36m1.84678[0m[1;36m dir=[0m[1;36m-124.974[0m[1;36m
[gzserver-2] [0m[1;36m[Dbg] [wind_plugin.cpp:110] [0m[1;36mWindPlugin: received command -> speed=[0m[1;36m1.92866[0m[1;36m dir=[0m[1;36m-124.593[0m[1;36m
[gzserver-2] [0m[1;36m[Dbg] [wind_plugin.cpp:110] [0m[1;36mWindPlugin: received command -> speed=[0m[1;36m1.92866[0m[1;36m dir=[0m[1;36m-124.593[0m[1;36m
[gzserver-2] [0m[1;36m[Dbg] [wind_plugin.cpp:110] [0m[1;36mWindPlugin: received command -> speed=[0m[1;36m1.86922[0m[1;36m dir=[0m[1;36m-122.227[0m[1;36m
[gzserver-2] [0m[1;36m[Dbg] [wind_plugin.cpp:110] [0m[1;36mWindPlugin: received command -> speed=[0m[1;36m1.8285[0m[1;36m dir=[0m[1;36m-123.98[0m[1;36m
[gzserver-2] [0m[1;36m[Dbg] [wind_plugin.cpp:110] [0m[1;36mWindPlugin: received command -> speed=[0m[1;36m1.8285[0m[1;36m dir=[0m[1;36m-123.98[0m[1;36m
[gzserver-2] [0m[1;36m[Dbg] [wind_plugin.cpp:110] [0m[1;36mWindPlugin: received command -> speed=[0m[1;36m1.88993[0m[1;36m dir=[0m[1;36m-125.617[0m[1;36m
[gzserver-2] [0m[1;36m[Dbg] [wind_plugin.cpp:110] [0m[1;36mWindPlugin: received command -> speed=[0m[1;36m1.97923[0m[1;36m dir=[0m[1;36m-124.328[0m[1;36m
[gzserver-2] [0m[1;36m[Dbg] [wind_plugin.cpp:110] [0m[1;36mWindPlugin: received command -> speed=[0m[1;36m1.97923[0m[1;36m dir=[0m[1;36m-124.328[0m[1;36m
[gzserver-2] [0m[1;36m[Dbg] [wind_plugin.cpp:110] [0m[1;36mWindPlugin: received command -> speed=[0m[1;36m1.97668[0m[1;36m dir=[0m[1;36m-122.93[0m[1;36m
[gzserver-2] [0m[1;36m[Dbg] [wind_plugin.cpp:110] [0m[1;36mWindPlugin: received command -> speed=[0m[1;36m1.90635[0m[1;36m dir=[0m[1;36m-119.296[0m[1;36m
[gzserver-2] [0m[1;36m[Dbg] [wind_plugin.cpp:110] [0m[1;36mWindPlugin: received command -> speed=[0m[1;36m2.10144[0m[1;36m dir=[0m[1;36m-122.586[0m[1;36m
[gzserver-2] [0m[1;36m[Dbg] [wind_plugin.cpp:110] [0m[1;36mWindPlugin: received command -> speed=[0m[1;36m2.10144[0m[1;36m dir=[0m[1;36m-122.586[0m[1;36m
[gzserver-2] [0m[1;36m[Dbg] [wind_plugin.cpp:110] [0m[1;36mWindPlugin: received command -> speed=[0m[1;36m1.82139[0m[1;36m dir=[0m[1;36m-127.279[0m[1;36m
[gzserver-2] [INFO] [1773067212.001179306] [gazebo_wind_plugin_node]: WindPlugin: set wind_speed=1.97 wind_direction=-124.9
[gzserver-2] [INFO] [1773067212.703763757] [gazebo_wind_plugin_node]: WindPlugin: set wind_speed=2.10 wind_direction=-124.0
[gzserver-2] [INFO] [1773067213.424942166] [gazebo_wind_plugin_node]: WindPlugin: set wind_speed=1.89 wind_direction=-124.0
[gzserver-2] [INFO] [1773067214.139106176] [gazebo_wind_plugin_node]: WindPlugin: set wind_speed=1.93 wind_direction=-118.9
[gzserver-2] [INFO] [1773067214.855637443] [gazebo_wind_plugin_node]: WindPlugin: set wind_speed=1.93 wind_direction=-118.9
[gzserver-2] [INFO] [1773067215.553270630] [gazebo_wind_plugin_node]: WindPlugin: set wind_speed=1.81 wind_direction=-123.5
[gzserver-2] [INFO] [1773067216.259546389] [gazebo_wind_plugin_node]: WindPlugin: set wind_speed=1.88 wind_direction=-122.1
[gzserver-2] [INFO] [1773067216.971359772] [gazebo_wind_plugin_node]: WindPlugin: set wind_speed=1.88 wind_direction=-122.1
[gzserver-2] [INFO] [1773067217.689035775] [gazebo_wind_plugin_node]: WindPlugin: set wind_speed=1.93 wind_direction=-122.3
[gzserver-2] [INFO] [1773067218.395169638] [gazebo_wind_plugin_node]: WindPlugin: set wind_speed=1.94 wind_direction=-120.7
[gzserver-2] [INFO] [1773067219.101933417] [gazebo_wind_plugin_node]: WindPlugin: set wind_speed=1.86 wind_direction=-120.9
[gzserver-2] [INFO] [1773067219.813056579] [gazebo_wind_plugin_node]: WindPlugin: set wind_speed=1.86 wind_direction=-120.9
[gzserver-2] [INFO] [1773067220.519397516] [gazebo_wind_plugin_node]: WindPlugin: set wind_speed=1.81 wind_direction=-120.7
[gzserver-2] [INFO] [1773067221.232767858] [gazebo_wind_plugin_node]: WindPlugin: set wind_speed=1.87 wind_direction=-122.9
[gzserver-2] [INFO] [1773067221.939173029] [gazebo_wind_plugin_node]: WindPlugin: set wind_speed=1.87 wind_direction=-122.9
[gzserver-2] [INFO] [1773067222.651302630] [gazebo_wind_plugin_node]: WindPlugin: set wind_speed=1.80 wind_direction=-123.2
[gzserver-2] [INFO] [1773067223.374389545] [gazebo_wind_plugin_node]: WindPlugin: set wind_speed=1.95 wind_direction=-123.8
[gzserver-2] [INFO] [1773067224.087265886] [gazebo_wind_plugin_node]: WindPlugin: set wind_speed=1.95 wind_direction=-123.8
[gzserver-2] [INFO] [1773067224.799782404] [gazebo_wind_plugin_node]: WindPlugin: set wind_speed=1.90 wind_direction=-123.0
[gzserver-2] [INFO] [1773067225.501159329] [gazebo_wind_plugin_node]: WindPlugin: set wind_speed=1.85 wind_direction=-120.6
[gzserver-2] [INFO] [1773067226.207111281] [gazebo_wind_plugin_node]: WindPlugin: set wind_speed=1.84 wind_direction=-122.9
[gzserver-2] [INFO] [1773067226.921103870] [gazebo_wind_plugin_node]: WindPlugin: set wind_speed=1.84 wind_direction=-122.9
[gzserver-2] [INFO] [1773067227.638414572] [gazebo_wind_plugin_node]: WindPlugin: set wind_speed=1.95 wind_direction=-120.6
[gzserver-2] [INFO] [1773067228.349402574] [gazebo_wind_plugin_node]: WindPlugin: set wind_speed=2.03 wind_direction=-122.4
[gzserver-2] [INFO] [1773067229.049904600] [gazebo_wind_plugin_node]: WindPlugin: set wind_speed=2.03 wind_direction=-122.4
[gzserver-2] [INFO] [1773067229.770323152] [gazebo_wind_plugin_node]: WindPlugin: set wind_speed=2.02 wind_direction=-119.2
[gzserver-2] [INFO] [1773067230.481853006] [gazebo_wind_plugin_node]: WindPlugin: set wind_speed=1.95 wind_direction=-121.1
[gzserver-2] [0m[1;36m[Dbg] [wind_plugin.cpp:110] [0m[1;36mWindPlugin: received command -> speed=[0m[1;36m1.96635[0m[1;36m dir=[0m[1;36m-124.911[0m[1;36m
[gzserver-2] [0m[1;36m[Dbg] [wind_plugin.cpp:110] [0m[1;36mWindPlugin: received command -> speed=[0m[1;36m1.96635[0m[1;36m dir=[0m[1;36m-124.911[0m[1;36m
[gzserver-2] [0m[1;36m[Dbg] [wind_plugin.cpp:110] [0m[1;36mWindPlugin: received command -> speed=[0m[1;36m2.09664[0m[1;36m dir=[0m[1;36m-124.014[0m[1;36m
[gzserver-2] [0m[1;36m[Dbg] [wind_plugin.cpp:110] [0m[1;36mWindPlugin: received command -> speed=[0m[1;36m1.89314[0m[1;36m dir=[0m[1;36m-124[0m[1;36m
[gzserver-2] [0m[1;36m[Dbg] [wind_plugin.cpp:110] [0m[1;36mWindPlugin: received command -> speed=[0m[1;36m1.93123[0m[1;36m dir=[0m[1;36m-118.941[0m[1;36m
[gzserver-2] [0m[1;36m[Dbg] [wind_plugin.cpp:110] [0m[1;36mWindPlugin: received command -> speed=[0m[1;36m1.93123[0m[1;36m dir=[0m[1;36m-118.941[0m[1;36m
[gzserver-2] [0m[1;36m[Dbg] [wind_plugin.cpp:110] [0m[1;36mWindPlugin: received command -> speed=[0m[1;36m1.80827[0m[1;36m dir=[0m[1;36m-123.478[0m[1;36m
[gzserver-2] [0m[1;36m[Dbg] [wind_plugin.cpp:110] [0m[1;36mWindPlugin: received command -> speed=[0m[1;36m1.87642[0m[1;36m dir=[0m[1;36m-122.129[0m[1;36m
[gzserver-2] [0m[1;36m[Dbg] [wind_plugin.cpp:110] [0m[1;36mWindPlugin: received command -> speed=[0m[1;36m1.87642[0m[1;36m dir=[0m[1;36m-122.129[0m[1;36m
[gzserver-2] [0m[1;36m[Dbg] [wind_plugin.cpp:110] [0m[1;36mWindPlugin: received command -> speed=[0m[1;36m1.92667[0m[1;36m dir=[0m[1;36m-122.337[0m[1;36m
[gzserver-2] [0m[1;36m[Dbg] [wind_plugin.cpp:110] [0m[1;36mWindPlugin: received command -> speed=[0m[1;36m1.93832[0m[1;36m dir=[0m[1;36m-120.65[0m[1;36m
[gzserver-2] [0m[1;36m[Dbg] [wind_plugin.cpp:110] [0m[1;36mWindPlugin: received command -> speed=[0m[1;36m1.85715[0m[1;36m dir=[0m[1;36m-120.86[0m[1;36m
[gzserver-2] [0m[1;36m[Dbg] [wind_plugin.cpp:110] [0m[1;36mWindPlugin: received command -> speed=[0m[1;36m1.85715[0m[1;36m dir=[0m[1;36m-120.86[0m[1;36m
[gzserver-2] [0m[1;36m[Dbg] [wind_plugin.cpp:110] [0m[1;36mWindPlugin: received command -> speed=[0m[1;36m1.81033[0m[1;36m dir=[0m[1;36m-120.735[0m[1;36m
[gzserver-2] [0m[1;36m[Dbg] [wind_plugin.cpp:110] [0m[1;36mWindPlugin: received command -> speed=[0m[1;36m1.8747[0m[1;36m dir=[0m[1;36m-122.94[0m[1;36m
[gzserver-2] [0m[1;36m[Dbg] [wind_plugin.cpp:110] [0m[1;36mWindPlugin: received command -> speed=[0m[1;36m1.8747[0m[1;36m dir=[0m[1;36m-122.94[0m[1;36m
[gzserver-2] [0m[1;36m[Dbg] [wind_plugin.cpp:110] [0m[1;36mWindPlugin: received command -> speed=[0m[1;36m1.80346[0m[1;36m dir=[0m[1;36m-123.203[0m[1;36m
[gzserver-2] [0m[1;36m[Dbg] [wind_plugin.cpp:110] [0m[1;36mWindPlugin: received command -> speed=[0m[1;36m1.94937[0m[1;36m dir=[0m[1;36m-123.831[0m[1;36m
[gzserver-2] [0m[1;36m[Dbg] [wind_plugin.cpp:110] [0m[1;36mWindPlugin: received command -> speed=[0m[1;36m1.94937[0m[1;36m dir=[0m[1;36m-123.831[0m[1;36m
[gzserver-2] [0m[1;36m[Dbg] [wind_plugin.cpp:110] [0m[1;36mWindPlugin: received command -> speed=[0m[1;36m1.89941[0m[1;36m dir=[0m[1;36m-123.022[0m[1;36m
[gzserver-2] [0m[1;36m[Dbg] [wind_plugin.cpp:110] [0m[1;36mWindPlugin: received command -> speed=[0m[1;36m1.84692[0m[1;36m dir=[0m[1;36m-120.618[0m[1;36m
[gzserver-2] [0m[1;36m[Dbg] [wind_plugin.cpp:110] [0m[1;36mWindPlugin: received command -> speed=[0m[1;36m1.83997[0m[1;36m dir=[0m[1;36m-122.912[0m[1;36m
[gzserver-2] [0m[1;36m[Dbg] [wind_plugin.cpp:110] [0m[1;36mWindPlugin: received command -> speed=[0m[1;36m1.83997[0m[1;36m dir=[0m[1;36m-122.912[0m[1;36m
[gzserver-2] [0m[1;36m[Dbg] [wind_plugin.cpp:110] [0m[1;36mWindPlugin: received command -> speed=[0m[1;36m1.946[0m[1;36m dir=[0m[1;36m-120.577[0m[1;36m
[gzserver-2] [0m[1;36m[Dbg] [wind_plugin.cpp:110] [0m[1;36mWindPlugin: received command -> speed=[0m[1;36m2.02883[0m[1;36m dir=[0m[1;36m-122.355[0m[1;36m
[gzserver-2] [0m[1;36m[Dbg] [wind_plugin.cpp:110] [0m[1;36mWindPlugin: received command -> speed=[0m[1;36m2.02883[0m[1;36m dir=[0m[1;36m-122.355[0m[1;36m
[gzserver-2] [0m[1;36m[Dbg] [wind_plugin.cpp:110] [0m[1;36mWindPlugin: received command -> speed=[0m[1;36m2.01962[0m[1;36m dir=[0m[1;36m-119.191[0m[1;36m
[gzserver-2] [INFO] [1773067231.189723713] [gazebo_wind_plugin_node]: WindPlugin: set wind_speed=1.98 wind_direction=-119.9
[gzserver-2] [INFO] [1773067231.907926870] [gazebo_wind_plugin_node]: WindPlugin: set wind_speed=1.98 wind_direction=-119.9
[gzserver-2] [INFO] [1773067232.621023172] [gazebo_wind_plugin_node]: WindPlugin: set wind_speed=1.92 wind_direction=-116.9
[gzserver-2] [INFO] [1773067233.332558813] [gazebo_wind_plugin_node]: WindPlugin: set wind_speed=1.94 wind_direction=-117.3
[gzserver-2] [INFO] [1773067234.052723925] [gazebo_wind_plugin_node]: WindPlugin: set wind_speed=1.94 wind_direction=-117.3
[gzserver-2] [INFO] [1773067234.759577646] [gazebo_wind_plugin_node]: WindPlugin: set wind_speed=1.94 wind_direction=-117.1
[gzserver-2] [INFO] [1773067235.471707710] [gazebo_wind_plugin_node]: WindPlugin: set wind_speed=1.92 wind_direction=-115.5
[gzserver-2] [INFO] [1773067236.189641389] [gazebo_wind_plugin_node]: WindPlugin: set wind_speed=1.98 wind_direction=-117.8
[gzserver-2] [INFO] [1773067236.893272128] [gazebo_wind_plugin_node]: WindPlugin: set wind_speed=1.98 wind_direction=-117.8
[gzserver-2] [INFO] [1773067237.602192510] [gazebo_wind_plugin_node]: WindPlugin: set wind_speed=1.88 wind_direction=-117.8
[gzserver-2] [INFO] [1773067238.311378254] [gazebo_wind_plugin_node]: WindPlugin: set wind_speed=1.99 wind_direction=-119.9
[gzserver-2] [INFO] [1773067239.023370879] [gazebo_wind_plugin_node]: WindPlugin: set wind_speed=1.99 wind_direction=-119.9
[gzserver-2] [INFO] [1773067239.725920381] [gazebo_wind_plugin_node]: WindPlugin: set wind_speed=1.95 wind_direction=-119.5
[gzserver-2] [INFO] [1773067240.437744549] [gazebo_wind_plugin_node]: WindPlugin: set wind_speed=2.06 wind_direction=-115.9
[gzserver-2] [INFO] [1773067241.155425770] [gazebo_wind_plugin_node]: WindPlugin: set wind_speed=2.08 wind_direction=-116.5
[gzserver-2] [INFO] [1773067241.866611663] [gazebo_wind_plugin_node]: WindPlugin: set wind_speed=2.08 wind_direction=-116.5
[gzserver-2] [INFO] [1773067242.568170855] [gazebo_wind_plugin_node]: WindPlugin: set wind_speed=2.05 wind_direction=-116.4
[gzserver-2] [INFO] [1773067243.279869495] [gazebo_wind_plugin_node]: WindPlugin: set wind_speed=2.07 wind_direction=-115.8
[gzserver-2] [INFO] [1773067243.992251960] [gazebo_wind_plugin_node]: WindPlugin: set wind_speed=2.07 wind_direction=-115.8
[gzserver-2] [INFO] [1773067244.704077604] [gazebo_wind_plugin_node]: WindPlugin: set wind_speed=1.97 wind_direction=-113.6
[gzserver-2] [INFO] [1773067245.416263233] [gazebo_wind_plugin_node]: WindPlugin: set wind_speed=2.10 wind_direction=-113.6
[gzserver-2] [INFO] [1773067246.133724738] [gazebo_wind_plugin_node]: WindPlugin: set wind_speed=2.01 wind_direction=-115.7
[gzserver-2] [INFO] [1773067246.840101247] [gazebo_wind_plugin_node]: WindPlugin: set wind_speed=2.01 wind_direction=-115.7
[gzserver-2] [INFO] [1773067247.542931680] [gazebo_wind_plugin_node]: WindPlugin: set wind_speed=2.04 wind_direction=-115.8
[gzserver-2] [INFO] [1773067248.246595681] [gazebo_wind_plugin_node]: WindPlugin: set wind_speed=2.13 wind_direction=-113.2
[gzserver-2] [INFO] [1773067248.959497909] [gazebo_wind_plugin_node]: WindPlugin: set wind_speed=2.13 wind_direction=-113.2
[gzserver-2] [INFO] [1773067249.678227056] [gazebo_wind_plugin_node]: WindPlugin: set wind_speed=2.00 wind_direction=-112.6
[gzserver-2] [0m[1;36m[Dbg] [wind_plugin.cpp:110] [0m[1;36mWindPlugin: received command -> speed=[0m[1;36m1.94675[0m[1;36m dir=[0m[1;36m-121.148[0m[1;36m
[gzserver-2] [0m[1;36m[Dbg] [wind_plugin.cpp:110] [0m[1;36mWindPlugin: received command -> speed=[0m[1;36m1.97717[0m[1;36m dir=[0m[1;36m-119.876[0m[1;36m
[gzserver-2] [0m[1;36m[Dbg] [wind_plugin.cpp:110] [0m[1;36mWindPlugin: received command -> speed=[0m[1;36m1.97717[0m[1;36m dir=[0m[1;36m-119.876[0m[1;36m
[gzserver-2] [0m[1;36m[Dbg] [wind_plugin.cpp:110] [0m[1;36mWindPlugin: received command -> speed=[0m[1;36m1.92375[0m[1;36m dir=[0m[1;36m-116.878[0m[1;36m
[gzserver-2] [0m[1;36m[Dbg] [wind_plugin.cpp:110] [0m[1;36mWindPlugin: received command -> speed=[0m[1;36m1.94311[0m[1;36m dir=[0m[1;36m-117.289[0m[1;36m
[gzserver-2] [0m[1;36m[Dbg] [wind_plugin.cpp:110] [0m[1;36mWindPlugin: received command -> speed=[0m[1;36m1.94311[0m[1;36m dir=[0m[1;36m-117.289[0m[1;36m
[gzserver-2] [0m[1;36m[Dbg] [wind_plugin.cpp:110] [0m[1;36mWindPlugin: received command -> speed=[0m[1;36m1.93707[0m[1;36m dir=[0m[1;36m-117.124[0m[1;36m
[gzserver-2] [0m[1;36m[Dbg] [wind_plugin.cpp:110] [0m[1;36mWindPlugin: received command -> speed=[0m[1;36m1.91735[0m[1;36m dir=[0m[1;36m-115.48[0m[1;36m
[gzserver-2] [0m[1;36m[Dbg] [wind_plugin.cpp:110] [0m[1;36mWindPlugin: received command -> speed=[0m[1;36m1.9756[0m[1;36m dir=[0m[1;36m-117.806[0m[1;36m
[gzserver-2] [0m[1;36m[Dbg] [wind_plugin.cpp:110] [0m[1;36mWindPlugin: received command -> speed=[0m[1;36m1.9756[0m[1;36m dir=[0m[1;36m-117.806[0m[1;36m
[gzserver-2] [0m[1;36m[Dbg] [wind_plugin.cpp:110] [0m[1;36mWindPlugin: received command -> speed=[0m[1;36m1.87584[0m[1;36m dir=[0m[1;36m-117.754[0m[1;36m
[gzserver-2] [0m[1;36m[Dbg] [wind_plugin.cpp:110] [0m[1;36mWindPlugin: received command -> speed=[0m[1;36m1.99214[0m[1;36m dir=[0m[1;36m-119.86[0m[1;36m
[gzserver-2] [0m[1;36m[Dbg] [wind_plugin.cpp:110] [0m[1;36mWindPlugin: received command -> speed=[0m[1;36m1.99214[0m[1;36m dir=[0m[1;36m-119.86[0m[1;36m
[gzserver-2] [0m[1;36m[Dbg] [wind_plugin.cpp:110] [0m[1;36mWindPlugin: received command -> speed=[0m[1;36m1.95468[0m[1;36m dir=[0m[1;36m-119.464[0m[1;36m
[gzserver-2] [0m[1;36m[Dbg] [wind_plugin.cpp:110] [0m[1;36mWindPlugin: received command -> speed=[0m[1;36m2.06054[0m[1;36m dir=[0m[1;36m-115.942[0m[1;36m
[gzserver-2] [0m[1;36m[Dbg] [wind_plugin.cpp:110] [0m[1;36mWindPlugin: received command -> speed=[0m[1;36m2.07589[0m[1;36m dir=[0m[1;36m-116.492[0m[1;36m
[gzserver-2] [0m[1;36m[Dbg] [wind_plugin.cpp:110] [0m[1;36mWindPlugin: received command -> speed=[0m[1;36m2.07589[0m[1;36m dir=[0m[1;36m-116.492[0m[1;36m
[gzserver-2] [0m[1;36m[Dbg] [wind_plugin.cpp:110] [0m[1;36mWindPlugin: received command -> speed=[0m[1;36m2.05368[0m[1;36m dir=[0m[1;36m-116.431[0m[1;36m
[gzserver-2] [0m[1;36m[Dbg] [wind_plugin.cpp:110] [0m[1;36mWindPlugin: received command -> speed=[0m[1;36m2.06934[0m[1;36m dir=[0m[1;36m-115.765[0m[1;36m
[gzserver-2] [0m[1;36m[Dbg] [wind_plugin.cpp:110] [0m[1;36mWindPlugin: received command -> speed=[0m[1;36m2.06934[0m[1;36m dir=[0m[1;36m-115.765[0m[1;36m
[gzserver-2] [0m[1;36m[Dbg] [wind_plugin.cpp:110] [0m[1;36mWindPlugin: received command -> speed=[0m[1;36m1.97493[0m[1;36m dir=[0m[1;36m-113.637[0m[1;36m
[gzserver-2] [0m[1;36m[Dbg] [wind_plugin.cpp:110] [0m[1;36mWindPlugin: received command -> speed=[0m[1;36m2.09871[0m[1;36m dir=[0m[1;36m-113.639[0m[1;36m
[gzserver-2] [0m[1;36m[Dbg] [wind_plugin.cpp:110] [0m[1;36mWindPlugin: received command -> speed=[0m[1;36m2.00563[0m[1;36m dir=[0m[1;36m-115.708[0m[1;36m
[gzserver-2] [0m[1;36m[Dbg] [wind_plugin.cpp:110] [0m[1;36mWindPlugin: received command -> speed=[0m[1;36m2.00563[0m[1;36m dir=[0m[1;36m-115.708[0m[1;36m
[gzserver-2] [0m[1;36m[Dbg] [wind_plugin.cpp:110] [0m[1;36mWindPlugin: received command -> speed=[0m[1;36m2.04489[0m[1;36m dir=[0m[1;36m-115.773[0m[1;36m
[gzserver-2] [0m[1;36m[Dbg] [wind_plugin.cpp:110] [0m[1;36mWindPlugin: received command -> speed=[0m[1;36m2.13031[0m[1;36m dir=[0m[1;36m-113.227[0m[1;36m
[gzserver-2] [0m[1;36m[Dbg] [wind_plugin.cpp:110] [0m[1;36mWindPlugin: received command -> speed=[0m[1;36m2.13031[0m[1;36m dir=[0m[1;36m-113.227[0m[1;36m
[gzserver-2] [INFO] [1773067250.390604125] [gazebo_wind_plugin_node]: WindPlugin: set wind_speed=1.88 wind_direction=-113.9
[gzserver-2] [INFO] [1773067251.101127290] [gazebo_wind_plugin_node]: WindPlugin: set wind_speed=1.86 wind_direction=-110.3
[gzserver-2] [INFO] [1773067251.814796005] [gazebo_wind_plugin_node]: WindPlugin: set wind_speed=1.86 wind_direction=-110.3
[gzserver-2] [INFO] [1773067252.527230064] [gazebo_wind_plugin_node]: WindPlugin: set wind_speed=1.84 wind_direction=-111.0
[gzserver-2] [INFO] [1773067253.244798867] [gazebo_wind_plugin_node]: WindPlugin: set wind_speed=2.01 wind_direction=-113.9
[gzserver-2] [INFO] [1773067253.956428408] [gazebo_wind_plugin_node]: WindPlugin: set wind_speed=2.01 wind_direction=-113.9
[gzserver-2] [INFO] [1773067254.677090351] [gazebo_wind_plugin_node]: WindPlugin: set wind_speed=1.92 wind_direction=-109.2
[gzserver-2] [INFO] [1773067255.389544788] [gazebo_wind_plugin_node]: WindPlugin: set wind_speed=2.08 wind_direction=-112.3
[gzserver-2] [INFO] [1773067256.090704750] [gazebo_wind_plugin_node]: WindPlugin: set wind_speed=2.02 wind_direction=-109.9
[gzserver-2] [INFO] [1773067256.791698767] [gazebo_wind_plugin_node]: WindPlugin: set wind_speed=2.02 wind_direction=-109.9
[gzserver-2] [INFO] [1773067257.515444538] [gazebo_wind_plugin_node]: WindPlugin: set wind_speed=2.08 wind_direction=-111.0
[gzserver-2] [INFO] [1773067258.035131452] [gazebo_wind_plugin_node]: WindPlugin: set wind_speed=2.08 wind_direction=-111.0
[gzserver-2] [INFO] [1773067258.743131769] [gazebo_wind_plugin_node]: WindPlugin: set wind_speed=2.06 wind_direction=-109.3
[gzserver-2] [INFO] [1773067259.462420383] [gazebo_wind_plugin_node]: WindPlugin: set wind_speed=2.04 wind_direction=-111.1
[gzserver-2] [INFO] [1773067260.184536306] [gazebo_wind_plugin_node]: WindPlugin: set wind_speed=2.08 wind_direction=-108.6
[gzserver-2] [INFO] [1773067260.904259315] [gazebo_wind_plugin_node]: WindPlugin: set wind_speed=2.08 wind_direction=-108.6
[gzserver-2] [INFO] [1773067261.622520614] [gazebo_wind_plugin_node]: WindPlugin: set wind_speed=2.06 wind_direction=-110.7
[gzserver-2] [INFO] [1773067262.344153038] [gazebo_wind_plugin_node]: WindPlugin: set wind_speed=2.35 wind_direction=-110.0
[gzserver-2] [INFO] [1773067263.063394843] [gazebo_wind_plugin_node]: WindPlugin: set wind_speed=2.35 wind_direction=-110.0
[gzserver-2] [INFO] [1773067263.776692383] [gazebo_wind_plugin_node]: WindPlugin: set wind_speed=2.13 wind_direction=-109.6
[gzserver-2] [INFO] [1773067264.489064177] [gazebo_wind_plugin_node]: WindPlugin: set wind_speed=2.17 wind_direction=-107.3
[gzserver-2] [INFO] [1773067265.201726562] [gazebo_wind_plugin_node]: WindPlugin: set wind_speed=2.09 wind_direction=-109.0
[gzserver-2] [INFO] [1773067265.909006977] [gazebo_wind_plugin_node]: WindPlugin: set wind_speed=2.09 wind_direction=-109.0
[gzserver-2] [INFO] [1773067266.611710846] [gazebo_wind_plugin_node]: WindPlugin: set wind_speed=2.21 wind_direction=-108.8
[gzserver-2] [INFO] [1773067267.329597353] [gazebo_wind_plugin_node]: WindPlugin: set wind_speed=2.09 wind_direction=-107.5
[gzserver-2] [INFO] [1773067268.032569148] [gazebo_wind_plugin_node]: WindPlugin: set wind_speed=2.09 wind_direction=-107.5
[gzserver-2] [0m[1;36m[Dbg] [wind_plugin.cpp:110] [0m[1;36mWindPlugin: received command -> speed=[0m[1;36m1.99896[0m[1;36m dir=[0m[1;36m-112.612[0m[1;36m
[gzserver-2] [0m[1;36m[Dbg] [wind_plugin.cpp:110] [0m[1;36mWindPlugin: received command -> speed=[0m[1;36m1.87757[0m[1;36m dir=[0m[1;36m-113.937[0m[1;36m
[gzserver-2] [0m[1;36m[Dbg] [wind_plugin.cpp:110] [0m[1;36mWindPlugin: received command -> speed=[0m[1;36m1.85784[0m[1;36m dir=[0m[1;36m-110.303[0m[1;36m
[gzserver-2] [0m[1;36m[Dbg] [wind_plugin.cpp:110] [0m[1;36mWindPlugin: received command -> speed=[0m[1;36m1.85784[0m[1;36m dir=[0m[1;36m-110.303[0m[1;36m
[gzserver-2] [0m[1;36m[Dbg] [wind_plugin.cpp:110] [0m[1;36mWindPlugin: received command -> speed=[0m[1;36m1.84115[0m[1;36m dir=[0m[1;36m-111.005[0m[1;36m
[gzserver-2] [0m[1;36m[Dbg] [wind_plugin.cpp:110] [0m[1;36mWindPlugin: received command -> speed=[0m[1;36m2.00526[0m[1;36m dir=[0m[1;36m-113.893[0m[1;36m
[gzserver-2] [0m[1;36m[Dbg] [wind_plugin.cpp:110] [0m[1;36mWindPlugin: received command -> speed=[0m[1;36m2.00526[0m[1;36m dir=[0m[1;36m-113.893[0m[1;36m
[gzserver-2] [0m[1;36m[Dbg] [wind_plugin.cpp:110] [0m[1;36mWindPlugin: received command -> speed=[0m[1;36m1.91703[0m[1;36m dir=[0m[1;36m-109.225[0m[1;36m
[gzserver-2] [0m[1;36m[Dbg] [wind_plugin.cpp:110] [0m[1;36mWindPlugin: received command -> speed=[0m[1;36m2.07826[0m[1;36m dir=[0m[1;36m-112.3[0m[1;36m
[gzserver-2] [0m[1;36m[Dbg] [wind_plugin.cpp:110] [0m[1;36mWindPlugin: received command -> speed=[0m[1;36m2.01662[0m[1;36m dir=[0m[1;36m-109.881[0m[1;36m
[gzserver-2] [0m[1;36m[Dbg] [wind_plugin.cpp:110] [0m[1;36mWindPlugin: received command -> speed=[0m[1;36m2.01662[0m[1;36m dir=[0m[1;36m-109.881[0m[1;36m
[gzserver-2] [0m[1;36m[Dbg] [wind_plugin.cpp:110] [0m[1;36mWindPlugin: received command -> speed=[0m[1;36m2.07748[0m[1;36m dir=[0m[1;36m-111.043[0m[1;36m
[gzserver-2] [0m[1;36m[Dbg] [wind_plugin.cpp:110] [0m[1;36mWindPlugin: received command -> speed=[0m[1;36m2.07748[0m[1;36m dir=[0m[1;36m-111.043[0m[1;36m
[gzserver-2] [0m[1;36m[Dbg] [wind_plugin.cpp:110] [0m[1;36mWindPlugin: received command -> speed=[0m[1;36m2.05775[0m[1;36m dir=[0m[1;36m-109.268[0m[1;36m
[gzserver-2] [0m[1;36m[Dbg] [wind_plugin.cpp:110] [0m[1;36mWindPlugin: received command -> speed=[0m[1;36m2.03612[0m[1;36m dir=[0m[1;36m-111.101[0m[1;36m
[gzserver-2] [0m[1;36m[Dbg] [wind_plugin.cpp:110] [0m[1;36mWindPlugin: received command -> speed=[0m[1;36m2.08489[0m[1;36m dir=[0m[1;36m-108.573[0m[1;36m
[gzserver-2] [0m[1;36m[Dbg] [wind_plugin.cpp:110] [0m[1;36mWindPlugin: received command -> speed=[0m[1;36m2.08489[0m[1;36m dir=[0m[1;36m-108.573[0m[1;36m
[gzserver-2] [0m[1;36m[Dbg] [wind_plugin.cpp:110] [0m[1;36mWindPlugin: received command -> speed=[0m[1;36m2.06092[0m[1;36m dir=[0m[1;36m-110.69[0m[1;36m
[gzserver-2] [0m[1;36m[Dbg] [wind_plugin.cpp:110] [0m[1;36mWindPlugin: received command -> speed=[0m[1;36m2.35269[0m[1;36m dir=[0m[1;36m-109.98[0m[1;36m
[gzserver-2] [0m[1;36m[Dbg] [wind_plugin.cpp:110] [0m[1;36mWindPlugin: received command -> speed=[0m[1;36m2.35269[0m[1;36m dir=[0m[1;36m-109.98[0m[1;36m
[gzserver-2] [0m[1;36m[Dbg] [wind_plugin.cpp:110] [0m[1;36mWindPlugin: received command -> speed=[0m[1;36m2.12638[0m[1;36m dir=[0m[1;36m-109.569[0m[1;36m
[gzserver-2] [0m[1;36m[Dbg] [wind_plugin.cpp:110] [0m[1;36mWindPlugin: received command -> speed=[0m[1;36m2.17006[0m[1;36m dir=[0m[1;36m-107.291[0m[1;36m
[gzserver-2] [0m[1;36m[Dbg] [wind_plugin.cpp:110] [0m[1;36mWindPlugin: received command -> speed=[0m[1;36m2.08621[0m[1;36m dir=[0m[1;36m-109.038[0m[1;36m
[gzserver-2] [0m[1;36m[Dbg] [wind_plugin.cpp:110] [0m[1;36mWindPlugin: received command -> speed=[0m[1;36m2.08621[0m[1;36m dir=[0m[1;36m-109.038[0m[1;36m
[gzserver-2] [0m[1;36m[Dbg] [wind_plugin.cpp:110] [0m[1;36mWindPlugin: received command -> speed=[0m[1;36m2.2124[0m[1;36m dir=[0m[1;36m-108.831[0m[1;36m
[gzserver-2] [0m[1;36m[Dbg] [wind_plugin.cpp:110] [0m[1;36mWindPlugin: received command -> speed=[0m[1;36m2.08553[0m[1;36m dir=[0m[1;36m-107.497[0m[1;36m
[gzserver-2] [INFO] [1773067268.750697878] [gazebo_wind_plugin_node]: WindPlugin: set wind_speed=2.32 wind_direction=-107.8
[gzserver-2] [INFO] [1773067269.462732057] [gazebo_wind_plugin_node]: WindPlugin: set wind_speed=2.16 wind_direction=-108.5
[gzserver-2] [INFO] [1773067270.177256977] [gazebo_wind_plugin_node]: WindPlugin: set wind_speed=2.25 wind_direction=-108.3
[gzserver-2] [INFO] [1773067270.880564951] [gazebo_wind_plugin_node]: WindPlugin: set wind_speed=2.25 wind_direction=-108.3
[gzserver-2] [INFO] [1773067271.587006168] [gazebo_wind_plugin_node]: WindPlugin: set wind_speed=2.09 wind_direction=-110.2
[gzserver-2] [INFO] [1773067272.306659216] [gazebo_wind_plugin_node]: WindPlugin: set wind_speed=2.18 wind_direction=-108.0
[gzserver-2] [INFO] [1773067273.026799320] [gazebo_wind_plugin_node]: WindPlugin: set wind_speed=2.18 wind_direction=-108.0
[gzserver-2] [INFO] [1773067273.745099991] [gazebo_wind_plugin_node]: WindPlugin: set wind_speed=2.31 wind_direction=-109.7
[gzserver-2] [INFO] [1773067274.451488113] [gazebo_wind_plugin_node]: WindPlugin: set wind_speed=2.13 wind_direction=-107.6
[gzserver-2] [INFO] [1773067275.166722543] [gazebo_wind_plugin_node]: WindPlugin: set wind_speed=2.22 wind_direction=-106.8
[gzserver-2] [INFO] [1773067275.875662388] [gazebo_wind_plugin_node]: WindPlugin: set wind_speed=2.22 wind_direction=-106.8
[gzserver-2] [INFO] [1773067276.583145109] [gazebo_wind_plugin_node]: WindPlugin: set wind_speed=2.21 wind_direction=-108.6
[gzserver-2] [INFO] [1773067277.284172293] [gazebo_wind_plugin_node]: WindPlugin: set wind_speed=2.33 wind_direction=-108.8
[gzserver-2] [INFO] [1773067277.995767671] [gazebo_wind_plugin_node]: WindPlugin: set wind_speed=2.33 wind_direction=-108.8
[gzserver-2] [INFO] [1773067278.713470453] [gazebo_wind_plugin_node]: WindPlugin: set wind_speed=2.21 wind_direction=-107.7
[gzserver-2] [INFO] [1773067279.427167640] [gazebo_wind_plugin_node]: WindPlugin: set wind_speed=2.28 wind_direction=-108.0
[gzserver-2] [INFO] [1773067280.133380090] [gazebo_wind_plugin_node]: WindPlugin: set wind_speed=2.23 wind_direction=-109.4
[gzserver-2] [INFO] [1773067280.850547993] [gazebo_wind_plugin_node]: WindPlugin: set wind_speed=2.23 wind_direction=-109.4
[gzserver-2] [INFO] [1773067281.563582497] [gazebo_wind_plugin_node]: WindPlugin: set wind_speed=2.29 wind_direction=-104.3
[gzserver-2] [INFO] [1773067282.270299556] [gazebo_wind_plugin_node]: WindPlugin: set wind_speed=2.29 wind_direction=-109.1
[gzserver-2] [INFO] [1773067282.968931832] [gazebo_wind_plugin_node]: WindPlugin: set wind_speed=2.29 wind_direction=-109.1
[gzserver-2] [INFO] [1773067283.687354065] [gazebo_wind_plugin_node]: WindPlugin: set wind_speed=2.30 wind_direction=-104.3
[gzserver-2] [INFO] [1773067284.401264044] [gazebo_wind_plugin_node]: WindPlugin: set wind_speed=2.48 wind_direction=-109.0
[gzserver-2] [INFO] [1773067285.109299815] [gazebo_wind_plugin_node]: WindPlugin: set wind_speed=2.50 wind_direction=-107.6
[gzserver-2] [INFO] [1773067285.829272866] [gazebo_wind_plugin_node]: WindPlugin: set wind_speed=2.50 wind_direction=-107.6
[gzserver-2] [INFO] [1773067286.540787883] [gazebo_wind_plugin_node]: WindPlugin: set wind_speed=2.29 wind_direction=-106.4
[gzserver-2] [INFO] [1773067287.252773017] [gazebo_wind_plugin_node]: WindPlugin: set wind_speed=2.26 wind_direction=-106.3
[gzserver-2] [0m[1;36m[Dbg] [wind_plugin.cpp:110] [0m[1;36mWindPlugin: received command -> speed=[0m[1;36m2.08553[0m[1;36m dir=[0m[1;36m-107.497[0m[1;36m
[gzserver-2] [0m[1;36m[Dbg] [wind_plugin.cpp:110] [0m[1;36mWindPlugin: received command -> speed=[0m[1;36m2.31777[0m[1;36m dir=[0m[1;36m-107.796[0m[1;36m
[gzserver-2] [0m[1;36m[Dbg] [wind_plugin.cpp:110] [0m[1;36mWindPlugin: received command -> speed=[0m[1;36m2.16211[0m[1;36m dir=[0m[1;36m-108.467[0m[1;36m
[gzserver-2] [0m[1;36m[Dbg] [wind_plugin.cpp:110] [0m[1;36mWindPlugin: received command -> speed=[0m[1;36m2.25199[0m[1;36m dir=[0m[1;36m-108.274[0m[1;36m
[gzserver-2] [0m[1;36m[Dbg] [wind_plugin.cpp:110] [0m[1;36mWindPlugin: received command -> speed=[0m[1;36m2.25199[0m[1;36m dir=[0m[1;36m-108.274[0m[1;36m
[gzserver-2] [0m[1;36m[Dbg] [wind_plugin.cpp:110] [0m[1;36mWindPlugin: received command -> speed=[0m[1;36m2.08507[0m[1;36m dir=[0m[1;36m-110.223[0m[1;36m
[gzserver-2] [0m[1;36m[Dbg] [wind_plugin.cpp:110] [0m[1;36mWindPlugin: received command -> speed=[0m[1;36m2.17895[0m[1;36m dir=[0m[1;36m-107.999[0m[1;36m
[gzserver-2] [0m[1;36m[Dbg] [wind_plugin.cpp:110] [0m[1;36mWindPlugin: received command -> speed=[0m[1;36m2.17895[0m[1;36m dir=[0m[1;36m-107.999[0m[1;36m
[gzserver-2] [0m[1;36m[Dbg] [wind_plugin.cpp:110] [0m[1;36mWindPlugin: received command -> speed=[0m[1;36m2.3144[0m[1;36m dir=[0m[1;36m-109.681[0m[1;36m
[gzserver-2] [0m[1;36m[Dbg] [wind_plugin.cpp:110] [0m[1;36mWindPlugin: received command -> speed=[0m[1;36m2.13183[0m[1;36m dir=[0m[1;36m-107.563[0m[1;36m
[gzserver-2] [0m[1;36m[Dbg] [wind_plugin.cpp:110] [0m[1;36mWindPlugin: received command -> speed=[0m[1;36m2.21689[0m[1;36m dir=[0m[1;36m-106.809[0m[1;36m
[gzserver-2] [0m[1;36m[Dbg] [wind_plugin.cpp:110] [0m[1;36mWindPlugin: received command -> speed=[0m[1;36m2.21689[0m[1;36m dir=[0m[1;36m-106.809[0m[1;36m
[gzserver-2] [0m[1;36m[Dbg] [wind_plugin.cpp:110] [0m[1;36mWindPlugin: received command -> speed=[0m[1;36m2.21235[0m[1;36m dir=[0m[1;36m-108.576[0m[1;36m
[gzserver-2] [0m[1;36m[Dbg] [wind_plugin.cpp:110] [0m[1;36mWindPlugin: received command -> speed=[0m[1;36m2.33271[0m[1;36m dir=[0m[1;36m-108.767[0m[1;36m
[gzserver-2] [0m[1;36m[Dbg] [wind_plugin.cpp:110] [0m[1;36mWindPlugin: received command -> speed=[0m[1;36m2.33271[0m[1;36m dir=[0m[1;36m-108.767[0m[1;36m
[gzserver-2] [0m[1;36m[Dbg] [wind_plugin.cpp:110] [0m[1;36mWindPlugin: received command -> speed=[0m[1;36m2.21386[0m[1;36m dir=[0m[1;36m-107.669[0m[1;36m
[gzserver-2] [0m[1;36m[Dbg] [wind_plugin.cpp:110] [0m[1;36mWindPlugin: received command -> speed=[0m[1;36m2.28225[0m[1;36m dir=[0m[1;36m-108.036[0m[1;36m
[gzserver-2] [0m[1;36m[Dbg] [wind_plugin.cpp:110] [0m[1;36mWindPlugin: received command -> speed=[0m[1;36m2.22807[0m[1;36m dir=[0m[1;36m-109.392[0m[1;36m
[gzserver-2] [0m[1;36m[Dbg] [wind_plugin.cpp:110] [0m[1;36mWindPlugin: received command -> speed=[0m[1;36m2.22807[0m[1;36m dir=[0m[1;36m-109.392[0m[1;36m
[gzserver-2] [0m[1;36m[Dbg] [wind_plugin.cpp:110] [0m[1;36mWindPlugin: received command -> speed=[0m[1;36m2.29336[0m[1;36m dir=[0m[1;36m-104.288[0m[1;36m
[gzserver-2] [0m[1;36m[Dbg] [wind_plugin.cpp:110] [0m[1;36mWindPlugin: received command -> speed=[0m[1;36m2.28943[0m[1;36m dir=[0m[1;36m-109.072[0m[1;36m
[gzserver-2] [0m[1;36m[Dbg] [wind_plugin.cpp:110] [0m[1;36mWindPlugin: received command -> speed=[0m[1;36m2.28943[0m[1;36m dir=[0m[1;36m-109.072[0m[1;36m
[gzserver-2] [0m[1;36m[Dbg] [wind_plugin.cpp:110] [0m[1;36mWindPlugin: received command -> speed=[0m[1;36m2.29876[0m[1;36m dir=[0m[1;36m-104.301[0m[1;36m
[gzserver-2] [0m[1;36m[Dbg] [wind_plugin.cpp:110] [0m[1;36mWindPlugin: received command -> speed=[0m[1;36m2.47683[0m[1;36m dir=[0m[1;36m-108.962[0m[1;36m
[gzserver-2] [0m[1;36m[Dbg] [wind_plugin.cpp:110] [0m[1;36mWindPlugin: received command -> speed=[0m[1;36m2.49876[0m[1;36m dir=[0m[1;36m-107.552[0m[1;36m
[gzserver-2] [0m[1;36m[Dbg] [wind_plugin.cpp:110] [0m[1;36mWindPlugin: received command -> speed=[0m[1;36m2.49876[0m[1;36m dir=[0m[1;36m-107.552[0m[1;36m
[gzserver-2] [0m[1;36m[Dbg] [wind_plugin.cpp:110] [0m[1;36mWindPlugin: received command -> speed=[0m[1;36m2.29395[0m[1;36m dir=[0m[1;36m-106.424[0m[1;36m
[gzserver-2] [INFO] [1773067287.971867259] [gazebo_wind_plugin_node]: WindPlugin: set wind_speed=2.26 wind_direction=-106.3
[gzserver-2] [INFO] [1773067288.690332925] [gazebo_wind_plugin_node]: WindPlugin: set wind_speed=2.32 wind_direction=-105.5
[gzserver-2] [INFO] [1773067289.407917020] [gazebo_wind_plugin_node]: WindPlugin: set wind_speed=2.34 wind_direction=-107.9
[gzserver-2] [INFO] [1773067290.108970605] [gazebo_wind_plugin_node]: WindPlugin: set wind_speed=2.60 wind_direction=-106.5
[gzserver-2] [INFO] [1773067290.820347868] [gazebo_wind_plugin_node]: WindPlugin: set wind_speed=2.60 wind_direction=-106.5
[gzserver-2] [INFO] [1773067291.538332786] [gazebo_wind_plugin_node]: WindPlugin: set wind_speed=2.38 wind_direction=-106.3
[gzserver-2] [INFO] [1773067292.249593646] [gazebo_wind_plugin_node]: WindPlugin: set wind_speed=2.66 wind_direction=-105.6
[gzserver-2] [INFO] [1773067292.950686752] [gazebo_wind_plugin_node]: WindPlugin: set wind_speed=2.66 wind_direction=-105.6
[gzserver-2] [INFO] [1773067293.663556616] [gazebo_wind_plugin_node]: WindPlugin: set wind_speed=2.53 wind_direction=-104.5
[gzserver-2] [INFO] [1773067294.370947198] [gazebo_wind_plugin_node]: WindPlugin: set wind_speed=2.51 wind_direction=-104.4
[gzserver-2] [INFO] [1773067295.084112930] [gazebo_wind_plugin_node]: WindPlugin: set wind_speed=2.51 wind_direction=-104.4
[gzserver-2] [INFO] [1773067295.797040406] [gazebo_wind_plugin_node]: WindPlugin: set wind_speed=2.69 wind_direction=-108.8
[gzserver-2] [INFO] [1773067296.504170034] [gazebo_wind_plugin_node]: WindPlugin: set wind_speed=2.42 wind_direction=-103.1
[gzserver-2] [INFO] [1773067297.227576877] [gazebo_wind_plugin_node]: WindPlugin: set wind_speed=2.58 wind_direction=-105.3
[gzserver-2] [INFO] [1773067297.935394780] [gazebo_wind_plugin_node]: WindPlugin: set wind_speed=2.58 wind_direction=-105.3
[gzserver-2] [INFO] [1773067298.638076744] [gazebo_wind_plugin_node]: WindPlugin: set wind_speed=2.62 wind_direction=-107.1
