[INFO] [launch]: All log files can be found below /home/j/.ros/log/2026-03-10-17-58-03-034169-j-3838526
[INFO] [launch]: Default logging verbosity is set to INFO
[INFO] [launch.user]: [bringup] Apriltag config: camera=/drone/bottom, image=/drone/bottom/image_raw, tags=/drone/bottom/tags, bridge=/landing_tag_state, standalone=true, use_target_id=true, target_id=0
[INFO] [rviz2-1]: process started with pid [3838529]
[INFO] [gzserver-2]: process started with pid [3838531]
[INFO] [robot_state_publisher-3]: process started with pid [3838533]
[INFO] [joint_state_publisher-4]: process started with pid [3838535]
[INFO] [spawn_drone-5]: process started with pid [3838537]
[INFO] [static_transform_publisher-6]: process started with pid [3838539]
[INFO] [joy_node-7]: process started with pid [3838541]
[INFO] [teleop_joystick-8]: process started with pid [3838543]
[INFO] [apriltag_detector_node-9]: process started with pid [3838545]
[INFO] [apriltag_state_bridge-10]: process started with pid [3838547]
[static_transform_publisher-6] [WARN] [1773133083.506926705] []: Old-style arguments are deprecated; see --help for new-style arguments
[static_transform_publisher-6] [INFO] [1773133083.511985392] [static_transform_publisher_tOveUIneCLxhzzlp]: Spinning until stopped - publishing transform
[static_transform_publisher-6] translation: ('0.000000', '0.000000', '0.000000')
[static_transform_publisher-6] rotation: ('0.000000', '0.000000', '0.000000', '1.000000')
[static_transform_publisher-6] from 'world' to '/drone/odom'
[robot_state_publisher-3] [INFO] [1773133083.530015478] [drone.robot_state_publisher]: got segment base_footprint
[robot_state_publisher-3] [INFO] [1773133083.530084444] [drone.robot_state_publisher]: got segment base_link
[robot_state_publisher-3] [INFO] [1773133083.530092150] [drone.robot_state_publisher]: got segment bottom_cam_link
[robot_state_publisher-3] [INFO] [1773133083.530096595] [drone.robot_state_publisher]: got segment front_cam_link
[robot_state_publisher-3] [INFO] [1773133083.530100857] [drone.robot_state_publisher]: got segment sonar_link
[rviz2-1] 
[rviz2-1] (rviz2:3838529): dbind-WARNING **: 17:58:03.546: Couldn't connect to accessibility bus: Failed to connect to socket /root/.cache/at-spi/bus_0: 허가 거부
[teleop_joystick-8] Traceback (most recent call last):
[teleop_joystick-8]   File "/home/j/INCSL/IICC26_ws/install/sjtu_drone_control/lib/sjtu_drone_control/teleop_joystick", line 33, in <module>
[teleop_joystick-8]     sys.exit(load_entry_point('sjtu_drone_control==0.0.0', 'console_scripts', 'teleop_joystick')())
[teleop_joystick-8]   File "/home/j/INCSL/IICC26_ws/install/sjtu_drone_control/lib/sjtu_drone_control/teleop_joystick", line 22, in importlib_load_entry_point
[teleop_joystick-8]     for entry_point in distribution(dist_name).entry_points
[teleop_joystick-8]   File "/usr/lib/python3.10/importlib/metadata/__init__.py", line 969, in distribution
[teleop_joystick-8]     return Distribution.from_name(distribution_name)
[teleop_joystick-8]   File "/usr/lib/python3.10/importlib/metadata/__init__.py", line 548, in from_name
[teleop_joystick-8]     raise PackageNotFoundError(name)
[teleop_joystick-8] importlib.metadata.PackageNotFoundError: No package metadata was found for sjtu_drone_control
[apriltag_detector_node-9] [INFO] [1773133083.562070908] [apriltag_detector_node]: tag detector type: umich
[ERROR] [teleop_joystick-8]: process has died [pid 3838543, exit code 1, cmd '/home/j/INCSL/IICC26_ws/install/sjtu_drone_control/lib/sjtu_drone_control/teleop_joystick --ros-args -r __ns:=/drone'].
[gzserver-2] Gazebo multi-robot simulator, version 11.10.2
[gzserver-2] Copyright (C) 2012 Open Source Robotics Foundation.
[gzserver-2] Released under the Apache 2 License.
[gzserver-2] http://gazebosim.org
[gzserver-2] 
[gzserver-2] [1;33m[Wrn] [gazebo_ros_init.cpp:178] [0m[1;33m
[gzserver-2] #     # ####### ####### ###  #####  #######
[gzserver-2] ##    # #     #    #     #  #     # #
[gzserver-2] # #   # #     #    #     #  #       #
[gzserver-2] #  #  # #     #    #     #  #       #####
[gzserver-2] #   # # #     #    #     #  #       #
[gzserver-2] #    ## #     #    #     #  #     # #
[gzserver-2] #     # #######    #    ###  #####  #######
[gzserver-2] 
[gzserver-2] This version of Gazebo, now called Gazebo classic, reaches end-of-life
[gzserver-2] in January 2025. Users are highly encouraged to migrate to the new Gazebo
[gzserver-2] using our migration guides (https://gazebosim.org/docs/latest/gazebo_classic_migration?utm_source=gazebo_ros_pkgs&utm_medium=cli)
[gzserver-2] 
[gzserver-2] [0m[1;33m
[joint_state_publisher-4] [INFO] [1773133083.772930230] [drone.joint_state_publisher]: Waiting for robot_description to be published on the robot_description topic...
[apriltag_state_bridge-10] [INFO] [1773133083.776218825] [apriltag_state_bridge]: AprilTag bridge started: /drone/bottom/tags -> /landing_tag_state, use_target_id=True, target_id=0
[rviz2-1] [INFO] [1773133084.391565474] [rviz2]: Stereo is NOT SUPPORTED
[rviz2-1] [INFO] [1773133084.391658134] [rviz2]: OpenGl version: 4.6 (GLSL 4.6)
[rviz2-1] [INFO] [1773133084.509579384] [rviz2]: Stereo is NOT SUPPORTED
[rviz2-1] [INFO] [1773133084.586131886] [rviz2]: Stereo is NOT SUPPORTED
[gzserver-2] [1;32m[Msg] [0m[1;32mWaiting for master.[0m[1;32m
[gzserver-2] [0m[1;32m[0m[1;32m[0m[1;32m[Msg] [0m[1;32mConnected to gazebo master @ [0m[1;32mhttp://127.0.0.1:11345[0m[1;32m
[gzserver-2] [0m[1;32m[0m[1;32m[0m[1;32m[Msg] [0m[1;32mPublicized address: [0m[1;32m172.16.52.147[0m[1;32m
[gzserver-2] [0m[1;32m[0m[1;32m[0m[1;32m[Msg] [0m[1;32mLoading world file [[0m[1;32m/home/j/INCSL/IICC26_ws/install/sjtu_drone_description/share/sjtu_drone_description/worlds/landingPad.world[0m[1;32m][0m[1;32m
[gzserver-2] [0m[1;32m[0m[1;32m[0m[1;36m[Dbg] [wind_plugin.cpp:96] [0m[1;36mWindPlugin loaded: speed=[0m[1;36m0[0m[1;36m dir=[0m[1;36m0[0m[1;36m deg area=[0m[1;36m0.1[0m[1;36m coeff=[0m[1;36m1[0m[1;36m
[gzserver-2] [0m[1;33m[0m[1;33m[0m[1;31m[Err] [Sensor.cc:510] [0m[1;31mGet noise index not valid[0m[1;31m
[gzserver-2] [0m[1;31m[0m[1;31m[0m[1;31m[Err] [Sensor.cc:510] [0m[1;31mGet noise index not valid[0m[1;31m
[gzserver-2] [0m[1;31m[0m[1;31m[0m[1;31m[Err] [Sensor.cc:510] [0m[1;31mGet noise index not valid[0m[1;31m
[gzserver-2] [0m[1;31m[0m[1;31m[0m[1;31m[Err] [Sensor.cc:510] [0m[1;31mGet noise index not valid[0m[1;31m
[gzserver-2] [0m[1;31m[0m[1;31m[0m[1;31m[Err] [Sensor.cc:510] [0m[1;31mGet noise index not valid[0m[1;31m
[gzserver-2] [0m[1;31m[0m[1;31m[0m[1;31m[Err] [Sensor.cc:510] [0m[1;31mGet noise index not valid[0m[1;31m
[gzserver-2] [0m[1;31m[0m[1;31m[0mTopic [default//drone/base_footprint/down_camera/image] is not valid.
[gzserver-2] Topic [default//drone/base_footprint/front_camera/image] is not valid.
[gzserver-2] [INFO] [1773133084.841805861] [drone.collision_plugin]: Publishing contact states to [/drone/bumper_states]
[gzserver-2] [1;33m[Wrn] [Event.cc:61] [0m[1;33mWarning: Deleting a connection right after creation. [0m[1;33mMake sure to save the ConnectionPtr from a Connect call
[gzserver-2] [0m[INFO] [1773133085.599872480] [drone.camera_bottom]: Publishing camera info to [/drone/bottom/camera_info]
[gzserver-2] [INFO] [1773133085.604399693] [drone.camera_front]: Publishing camera info to [/drone/front/camera_info]
[spawn_drone-5] [INFO] [1773133085.613012528] [spawn_drone]: Result True SpawnEntity: Successfully spawned entity [/drone]
[gzserver-2] [INFO] [1773133085.725808098] [drone.simple_drone]: The drone plugin is loading!
[gzserver-2] [INFO] [1773133085.726015738] [drone.simple_drone]: pub_odom: 1
[gzserver-2] [INFO] [1773133085.726049951] [drone.simple_drone]: Using following parameters: 
[gzserver-2] 		link_name: base_footprint,
[gzserver-2] 		max_force: 30,
[gzserver-2] 		motion_small_noise: 0,
[gzserver-2] 		motion_drift_noise: 0,
[gzserver-2] 		motion_drift_noise_time: 50,
[gzserver-2] 		takeoff_hover_height: 2.19,
[gzserver-2] 		takeoff_vertical_speed: 0.2
[gzserver-2] [INFO] [1773133085.737963661] [drone.simple_drone]: Using the PID parameters: 
[gzserver-2] 	Roll Pitch:
[gzserver-2] 		kP: 10, kI: 0,kD: 5, Limit: 0.5, Time Constant: 0
[gzserver-2] 	Yaw:
[gzserver-2] 		kP: 2, kI: 0,kD: 1, Limit: 1.5, Time Constant: 0
[gzserver-2] 	Velocity X:
[gzserver-2] 		kP: 5, kI: 0,kD: 2.3, Limit: 2, Time Constant: 0
[gzserver-2] 	Velocity Y:
[gzserver-2] 		kP: 5, kI: 0,kD: 2.3, Limit: 2, Time Constant: 0
[gzserver-2] 	Velocity Z:
[gzserver-2] 		kP: 5, kI: 0,kD: 1, Limit: -1, Time Constant: 0
[gzserver-2] 	Position XY:
[gzserver-2] 		kP: 1.1, kI: 0,kD: 0, Limit: 5, Time Constant: 0
[gzserver-2] 	Position Z:
[gzserver-2] 		kP: 1, kI: 0,kD: 0.2, Limit: -1, Time Constant: 0
[gzserver-2] [INFO] [1773133085.738107866] [drone.simple_drone]: The drone plugin finished loading!
[INFO] [spawn_drone-5]: process has finished cleanly [pid 3838537]
[gzserver-2] [INFO] [1773133092.893981914] [gazebo_wind_plugin_node]: WindPlugin: set wind_speed=0.00 wind_direction=0.0
[gzserver-2] [INFO] [1773133093.171479647] [gazebo_wind_plugin_node]: WindPlugin: set wind_speed=0.00 wind_direction=0.0
[gzserver-2] [INFO] [1773133093.210956728] [drone.simple_drone]: Quadrotor takes off!!
[gzserver-2] [INFO] [1773133093.413138648] [gazebo_wind_plugin_node]: WindPlugin: set wind_speed=0.00 wind_direction=0.0
[gzserver-2] [INFO] [1773133093.651704298] [gazebo_wind_plugin_node]: WindPlugin: set wind_speed=0.00 wind_direction=0.0
[gzserver-2] [INFO] [1773133093.886421891] [gazebo_wind_plugin_node]: WindPlugin: set wind_speed=0.00 wind_direction=0.0
[gzserver-2] [INFO] [1773133094.116156984] [gazebo_wind_plugin_node]: WindPlugin: set wind_speed=0.00 wind_direction=0.0
[gzserver-2] [INFO] [1773133094.344908588] [gazebo_wind_plugin_node]: WindPlugin: set wind_speed=0.00 wind_direction=0.0
[gzserver-2] [INFO] [1773133094.587878021] [gazebo_wind_plugin_node]: WindPlugin: set wind_speed=0.00 wind_direction=0.0
[gzserver-2] [INFO] [1773133094.830659529] [gazebo_wind_plugin_node]: WindPlugin: set wind_speed=0.00 wind_direction=0.0
[gzserver-2] [0m[1;36m[Dbg] [wind_plugin.cpp:110] [0m[1;36mWindPlugin: received command -> speed=[0m[1;36m0[0m[1;36m dir=[0m[1;36m0[0m[1;36m
[gzserver-2] [0m[1;36m[Dbg] [wind_plugin.cpp:110] [0m[1;36mWindPlugin: received command -> speed=[0m[1;36m0[0m[1;36m dir=[0m[1;36m0[0m[1;36m
[gzserver-2] [0m[1;36m[Dbg] [wind_plugin.cpp:110] [0m[1;36mWindPlugin: received command -> speed=[0m[1;36m0[0m[1;36m dir=[0m[1;36m0[0m[1;36m
[gzserver-2] [0m[1;36m[Dbg] [wind_plugin.cpp:110] [0m[1;36mWindPlugin: received command -> speed=[0m[1;36m0[0m[1;36m dir=[0m[1;36m0[0m[1;36m
[gzserver-2] [0m[1;36m[Dbg] [wind_plugin.cpp:110] [0m[1;36mWindPlugin: received command -> speed=[0m[1;36m0[0m[1;36m dir=[0m[1;36m0[0m[1;36m
[gzserver-2] [0m[1;36m[Dbg] [wind_plugin.cpp:110] [0m[1;36mWindPlugin: received command -> speed=[0m[1;36m0[0m[1;36m dir=[0m[1;36m0[0m[1;36m
[gzserver-2] [0m[1;36m[Dbg] [wind_plugin.cpp:110] [0m[1;36mWindPlugin: received command -> speed=[0m[1;36m0[0m[1;36m dir=[0m[1;36m0[0m[1;36m
[gzserver-2] [0m[1;36m[Dbg] [wind_plugin.cpp:110] [0m[1;36mWindPlugin: received command -> speed=[0m[1;36m0[0m[1;36m dir=[0m[1;36m0[0m[1;36m
[gzserver-2] [0m[1;36m[Dbg] [wind_plugin.cpp:110] [0m[1;36mWindPlugin: received command -> speed=[0m[1;36m0[0m[1;36m dir=[0m[1;36m0[0m[1;36m
[gzserver-2] [0mEntering flying model!
[gzserver-2] [INFO] [1773133095.070459078] [gazebo_wind_plugin_node]: WindPlugin: set wind_speed=0.00 wind_direction=0.0
[gzserver-2] [INFO] [1773133095.310931507] [gazebo_wind_plugin_node]: WindPlugin: set wind_speed=0.78 wind_direction=-72.6
[gzserver-2] [INFO] [1773133095.545079570] [gazebo_wind_plugin_node]: WindPlugin: set wind_speed=0.63 wind_direction=-69.9
[gzserver-2] [INFO] [1773133095.780055789] [gazebo_wind_plugin_node]: WindPlugin: set wind_speed=0.63 wind_direction=-69.9
[gzserver-2] [INFO] [1773133096.019577796] [gazebo_wind_plugin_node]: WindPlugin: set wind_speed=0.63 wind_direction=-69.9
[gzserver-2] [INFO] [1773133096.258357889] [gazebo_wind_plugin_node]: WindPlugin: set wind_speed=0.63 wind_direction=-69.9
[gzserver-2] [INFO] [1773133096.492856277] [gazebo_wind_plugin_node]: WindPlugin: set wind_speed=0.75 wind_direction=-72.0
[gzserver-2] [INFO] [1773133096.721950227] [gazebo_wind_plugin_node]: WindPlugin: set wind_speed=0.75 wind_direction=-72.0
[gzserver-2] [INFO] [1773133096.961145664] [gazebo_wind_plugin_node]: WindPlugin: set wind_speed=0.75 wind_direction=-72.0
[gzserver-2] [INFO] [1773133097.190710805] [gazebo_wind_plugin_node]: WindPlugin: set wind_speed=0.75 wind_direction=-72.0
[gzserver-2] [INFO] [1773133097.428238998] [gazebo_wind_plugin_node]: WindPlugin: set wind_speed=0.46 wind_direction=-72.0
[gzserver-2] [INFO] [1773133097.663294012] [gazebo_wind_plugin_node]: WindPlugin: set wind_speed=0.46 wind_direction=-72.0
[gzserver-2] [INFO] [1773133097.897250485] [gazebo_wind_plugin_node]: WindPlugin: set wind_speed=0.46 wind_direction=-72.0
[gzserver-2] [INFO] [1773133098.136672287] [gazebo_wind_plugin_node]: WindPlugin: set wind_speed=0.46 wind_direction=-72.0
[gzserver-2] [INFO] [1773133098.382063647] [gazebo_wind_plugin_node]: WindPlugin: set wind_speed=0.46 wind_direction=-72.0
[gzserver-2] [INFO] [1773133098.621819186] [gazebo_wind_plugin_node]: WindPlugin: set wind_speed=0.88 wind_direction=-71.7
[gzserver-2] [INFO] [1773133098.857517702] [gazebo_wind_plugin_node]: WindPlugin: set wind_speed=0.88 wind_direction=-71.7
[gzserver-2] [INFO] [1773133099.096808003] [gazebo_wind_plugin_node]: WindPlugin: set wind_speed=0.88 wind_direction=-71.7
[gzserver-2] [INFO] [1773133099.337102040] [gazebo_wind_plugin_node]: WindPlugin: set wind_speed=0.88 wind_direction=-71.7
[gzserver-2] [INFO] [1773133099.579758127] [gazebo_wind_plugin_node]: WindPlugin: set wind_speed=0.84 wind_direction=-73.8
[gzserver-2] [INFO] [1773133099.822652533] [gazebo_wind_plugin_node]: WindPlugin: set wind_speed=0.84 wind_direction=-73.8
[gzserver-2] [INFO] [1773133099.862528970] [drone.simple_drone]: Quadrotor lands!!
[gzserver-2] [INFO] [1773133100.064204566] [gazebo_wind_plugin_node]: WindPlugin: set wind_speed=0.84 wind_direction=-73.8
[gzserver-2] [INFO] [1773133100.303801571] [gazebo_wind_plugin_node]: WindPlugin: set wind_speed=0.84 wind_direction=-73.8
[gzserver-2] [INFO] [1773133100.534513035] [gazebo_wind_plugin_node]: WindPlugin: set wind_speed=0.79 wind_direction=-72.5
[gzserver-2] [INFO] [1773133100.776750138] [gazebo_wind_plugin_node]: WindPlugin: set wind_speed=0.79 wind_direction=-72.5
[gzserver-2] [1;36m[Dbg] [wind_plugin.cpp:110] [0m[1;36mWindPlugin: received command -> speed=[0m[1;36m0[0m[1;36m dir=[0m[1;36m0[0m[1;36m
[gzserver-2] [0m[1;36m[Dbg] [wind_plugin.cpp:110] [0m[1;36mWindPlugin: received command -> speed=[0m[1;36m0.778804[0m[1;36m dir=[0m[1;36m-72.6198[0m[1;36m
[gzserver-2] [0m[1;36m[Dbg] [wind_plugin.cpp:110] [0m[1;36mWindPlugin: received command -> speed=[0m[1;36m0.630193[0m[1;36m dir=[0m[1;36m-69.939[0m[1;36m
[gzserver-2] [0m[1;36m[Dbg] [wind_plugin.cpp:110] [0m[1;36mWindPlugin: received command -> speed=[0m[1;36m0.630193[0m[1;36m dir=[0m[1;36m-69.939[0m[1;36m
[gzserver-2] [0m[1;36m[Dbg] [wind_plugin.cpp:110] [0m[1;36mWindPlugin: received command -> speed=[0m[1;36m0.630193[0m[1;36m dir=[0m[1;36m-69.939[0m[1;36m
[gzserver-2] [0m[1;36m[Dbg] [wind_plugin.cpp:110] [0m[1;36mWindPlugin: received command -> speed=[0m[1;36m0.630193[0m[1;36m dir=[0m[1;36m-69.939[0m[1;36m
[gzserver-2] [0m[1;36m[Dbg] [wind_plugin.cpp:110] [0m[1;36mWindPlugin: received command -> speed=[0m[1;36m0.75363[0m[1;36m dir=[0m[1;36m-72.013[0m[1;36m
[gzserver-2] [0m[1;36m[Dbg] [wind_plugin.cpp:110] [0m[1;36mWindPlugin: received command -> speed=[0m[1;36m0.75363[0m[1;36m dir=[0m[1;36m-72.013[0m[1;36m
[gzserver-2] [0m[1;36m[Dbg] [wind_plugin.cpp:110] [0m[1;36mWindPlugin: received command -> speed=[0m[1;36m0.75363[0m[1;36m dir=[0m[1;36m-72.013[0m[1;36m
[gzserver-2] [0m[1;36m[Dbg] [wind_plugin.cpp:110] [0m[1;36mWindPlugin: received command -> speed=[0m[1;36m0.75363[0m[1;36m dir=[0m[1;36m-72.013[0m[1;36m
[gzserver-2] [0m[1;36m[Dbg] [wind_plugin.cpp:110] [0m[1;36mWindPlugin: received command -> speed=[0m[1;36m0.460195[0m[1;36m dir=[0m[1;36m-71.9601[0m[1;36m
[gzserver-2] [0m[1;36m[Dbg] [wind_plugin.cpp:110] [0m[1;36mWindPlugin: received command -> speed=[0m[1;36m0.460195[0m[1;36m dir=[0m[1;36m-71.9601[0m[1;36m
[gzserver-2] [0m[1;36m[Dbg] [wind_plugin.cpp:110] [0m[1;36mWindPlugin: received command -> speed=[0m[1;36m0.460195[0m[1;36m dir=[0m[1;36m-71.9601[0m[1;36m
[gzserver-2] [0m[1;36m[Dbg] [wind_plugin.cpp:110] [0m[1;36mWindPlugin: received command -> speed=[0m[1;36m0.460195[0m[1;36m dir=[0m[1;36m-71.9601[0m[1;36m
[gzserver-2] [0m[1;36m[Dbg] [wind_plugin.cpp:110] [0m[1;36mWindPlugin: received command -> speed=[0m[1;36m0.460195[0m[1;36m dir=[0m[1;36m-71.9601[0m[1;36m
[gzserver-2] [0m[1;36m[Dbg] [wind_plugin.cpp:110] [0m[1;36mWindPlugin: received command -> speed=[0m[1;36m0.879456[0m[1;36m dir=[0m[1;36m-71.6766[0m[1;36m
[gzserver-2] [0m[1;36m[Dbg] [wind_plugin.cpp:110] [0m[1;36mWindPlugin: received command -> speed=[0m[1;36m0.879456[0m[1;36m dir=[0m[1;36m-71.6766[0m[1;36m
[gzserver-2] [0m[1;36m[Dbg] [wind_plugin.cpp:110] [0m[1;36mWindPlugin: received command -> speed=[0m[1;36m0.879456[0m[1;36m dir=[0m[1;36m-71.6766[0m[1;36m
[gzserver-2] [0m[1;36m[Dbg] [wind_plugin.cpp:110] [0m[1;36mWindPlugin: received command -> speed=[0m[1;36m0.879456[0m[1;36m dir=[0m[1;36m-71.6766[0m[1;36m
[gzserver-2] [0m[1;36m[Dbg] [wind_plugin.cpp:110] [0m[1;36mWindPlugin: received command -> speed=[0m[1;36m0.836603[0m[1;36m dir=[0m[1;36m-73.8489[0m[1;36m
[gzserver-2] [0m[1;36m[Dbg] [wind_plugin.cpp:110] [0m[1;36mWindPlugin: received command -> speed=[0m[1;36m0.836603[0m[1;36m dir=[0m[1;36m-73.8489[0m[1;36m
[gzserver-2] [0m[1;36m[Dbg] [wind_plugin.cpp:110] [0m[1;36mWindPlugin: received command -> speed=[0m[1;36m0.836603[0m[1;36m dir=[0m[1;36m-73.8489[0m[1;36m
[gzserver-2] [0m[1;36m[Dbg] [wind_plugin.cpp:110] [0m[1;36mWindPlugin: received command -> speed=[0m[1;36m0.836603[0m[1;36m dir=[0m[1;36m-73.8489[0m[1;36m
[gzserver-2] [0m[1;36m[Dbg] [wind_plugin.cpp:110] [0m[1;36mWindPlugin: received command -> speed=[0m[1;36m0.788665[0m[1;36m dir=[0m[1;36m-72.5223[0m[1;36m
[gzserver-2] [0m[1;36m[Dbg] [wind_plugin.cpp:110] [0m[1;36mWindPlugin: received command -> speed=[0m[1;36m0.788665[0m[1;36m dir=[0m[1;36m-72.5223[0m[1;36m
[gzserver-2] [0mLanded!
[gzserver-2] [INFO] [1773133101.011061585] [gazebo_wind_plugin_node]: WindPlugin: set wind_speed=0.79 wind_direction=-72.5
[gzserver-2] [INFO] [1773133101.245576723] [gazebo_wind_plugin_node]: WindPlugin: set wind_speed=0.79 wind_direction=-72.5
[gzserver-2] [INFO] [1773133101.484560164] [gazebo_wind_plugin_node]: WindPlugin: set wind_speed=0.67 wind_direction=-72.5
[gzserver-2] [INFO] [1773133101.713426085] [gazebo_wind_plugin_node]: WindPlugin: set wind_speed=0.67 wind_direction=-72.5
[gzserver-2] [INFO] [1773133101.952941753] [gazebo_wind_plugin_node]: WindPlugin: set wind_speed=0.67 wind_direction=-72.5
[gzserver-2] [INFO] [1773133102.192281403] [gazebo_wind_plugin_node]: WindPlugin: set wind_speed=0.67 wind_direction=-72.5
[gzserver-2] [INFO] [1773133102.432480156] [gazebo_wind_plugin_node]: WindPlugin: set wind_speed=0.61 wind_direction=-71.7
[gzserver-2] [INFO] [1773133102.666228932] [gazebo_wind_plugin_node]: WindPlugin: set wind_speed=0.61 wind_direction=-71.7
