[INFO] [launch]: All log files can be found below /home/j/.ros/log/2026-03-10-17-57-17-106000-j-3831130
[INFO] [launch]: Default logging verbosity is set to INFO
[INFO] [launch.user]: [bringup] Apriltag config: camera=/drone/bottom, image=/drone/bottom/image_raw, tags=/drone/bottom/tags, bridge=/landing_tag_state, standalone=true, use_target_id=true, target_id=0
[INFO] [rviz2-1]: process started with pid [3831133]
[INFO] [gzserver-2]: process started with pid [3831135]
[INFO] [robot_state_publisher-3]: process started with pid [3831137]
[INFO] [joint_state_publisher-4]: process started with pid [3831139]
[INFO] [spawn_drone-5]: process started with pid [3831141]
[INFO] [static_transform_publisher-6]: process started with pid [3831143]
[INFO] [joy_node-7]: process started with pid [3831145]
[INFO] [teleop_joystick-8]: process started with pid [3831147]
[INFO] [apriltag_detector_node-9]: process started with pid [3831149]
[INFO] [apriltag_state_bridge-10]: process started with pid [3831151]
[static_transform_publisher-6] [WARN] [1773133037.571983411] []: Old-style arguments are deprecated; see --help for new-style arguments
[static_transform_publisher-6] [INFO] [1773133037.576871102] [static_transform_publisher_5PxpdumoFSlwORVB]: Spinning until stopped - publishing transform
[static_transform_publisher-6] translation: ('0.000000', '0.000000', '0.000000')
[static_transform_publisher-6] rotation: ('0.000000', '0.000000', '0.000000', '1.000000')
[static_transform_publisher-6] from 'world' to '/drone/odom'
[robot_state_publisher-3] [INFO] [1773133037.603208949] [drone.robot_state_publisher]: got segment base_footprint
[robot_state_publisher-3] [INFO] [1773133037.603308826] [drone.robot_state_publisher]: got segment base_link
[robot_state_publisher-3] [INFO] [1773133037.603321058] [drone.robot_state_publisher]: got segment bottom_cam_link
[robot_state_publisher-3] [INFO] [1773133037.603329245] [drone.robot_state_publisher]: got segment front_cam_link
[robot_state_publisher-3] [INFO] [1773133037.603336222] [drone.robot_state_publisher]: got segment sonar_link
[rviz2-1] 
[rviz2-1] (rviz2:3831133): dbind-WARNING **: 17:57:17.604: Couldn't connect to accessibility bus: Failed to connect to socket /root/.cache/at-spi/bus_0: 허가 거부
[teleop_joystick-8] Traceback (most recent call last):
[teleop_joystick-8]   File "/home/j/INCSL/IICC26_ws/install/sjtu_drone_control/lib/sjtu_drone_control/teleop_joystick", line 33, in <module>
[teleop_joystick-8]     sys.exit(load_entry_point('sjtu_drone_control==0.0.0', 'console_scripts', 'teleop_joystick')())
[teleop_joystick-8]   File "/home/j/INCSL/IICC26_ws/install/sjtu_drone_control/lib/sjtu_drone_control/teleop_joystick", line 22, in importlib_load_entry_point
[teleop_joystick-8]     for entry_point in distribution(dist_name).entry_points
[teleop_joystick-8]   File "/usr/lib/python3.10/importlib/metadata/__init__.py", line 969, in distribution
[teleop_joystick-8]     return Distribution.from_name(distribution_name)
[teleop_joystick-8]   File "/usr/lib/python3.10/importlib/metadata/__init__.py", line 548, in from_name
[teleop_joystick-8]     raise PackageNotFoundError(name)
[teleop_joystick-8] importlib.metadata.PackageNotFoundError: No package metadata was found for sjtu_drone_control
[apriltag_detector_node-9] [INFO] [1773133037.625756730] [apriltag_detector_node]: tag detector type: umich
[ERROR] [teleop_joystick-8]: process has died [pid 3831147, exit code 1, cmd '/home/j/INCSL/IICC26_ws/install/sjtu_drone_control/lib/sjtu_drone_control/teleop_joystick --ros-args -r __ns:=/drone'].
[gzserver-2] Gazebo multi-robot simulator, version 11.10.2
[gzserver-2] Copyright (C) 2012 Open Source Robotics Foundation.
[gzserver-2] Released under the Apache 2 License.
[gzserver-2] http://gazebosim.org
[gzserver-2] 
[joint_state_publisher-4] [INFO] [1773133037.849088833] [drone.joint_state_publisher]: Waiting for robot_description to be published on the robot_description topic...
[apriltag_state_bridge-10] [INFO] [1773133037.854684029] [apriltag_state_bridge]: AprilTag bridge started: /drone/bottom/tags -> /landing_tag_state, use_target_id=True, target_id=0
[gzserver-2] [1;33m[Wrn] [gazebo_ros_init.cpp:178] [0m[1;33m
[gzserver-2] #     # ####### ####### ###  #####  #######
[gzserver-2] ##    # #     #    #     #  #     # #
[gzserver-2] # #   # #     #    #     #  #       #
[gzserver-2] #  #  # #     #    #     #  #       #####
[gzserver-2] #   # # #     #    #     #  #       #
[gzserver-2] #    ## #     #    #     #  #     # #
[gzserver-2] #     # #######    #    ###  #####  #######
[gzserver-2] 
[gzserver-2] This version of Gazebo, now called Gazebo classic, reaches end-of-life
[gzserver-2] in January 2025. Users are highly encouraged to migrate to the new Gazebo
[gzserver-2] using our migration guides (https://gazebosim.org/docs/latest/gazebo_classic_migration?utm_source=gazebo_ros_pkgs&utm_medium=cli)
[gzserver-2] 
[gzserver-2] [0m[1;33m
[rviz2-1] [INFO] [1773133038.396898728] [rviz2]: Stereo is NOT SUPPORTED
[rviz2-1] [INFO] [1773133038.396986174] [rviz2]: OpenGl version: 4.6 (GLSL 4.6)
[rviz2-1] [INFO] [1773133038.486710164] [rviz2]: Stereo is NOT SUPPORTED
[rviz2-1] [INFO] [1773133038.574832808] [rviz2]: Stereo is NOT SUPPORTED
[spawn_drone-5] [INFO] [1773133038.985686064] [spawn_drone]: Result False Entity pushed to spawn queue, but spawn service timed outwaiting for entity to appear in simulation under the name [/drone]
[gzserver-2] [1;32m[Msg] [0m[1;32mWaiting for master.[0m[1;32m
[gzserver-2] [0m[1;32m[0m[1;32m[0m[1;32m[Msg] [0m[1;32mConnected to gazebo master @ [0m[1;32mhttp://127.0.0.1:11345[0m[1;32m
[gzserver-2] [0m[1;32m[0m[1;32m[0m[1;32m[Msg] [0m[1;32mPublicized address: [0m[1;32m172.16.52.147[0m[1;32m
[gzserver-2] [0m[1;32m[0m[1;32m[0m[1;32m[Msg] [0m[1;32mLoading world file [[0m[1;32m/home/j/INCSL/IICC26_ws/install/sjtu_drone_description/share/sjtu_drone_description/worlds/landingPad.world[0m[1;32m][0m[1;32m
[gzserver-2] [0m[1;32m[0m[1;32m[0m[1;36m[Dbg] [wind_plugin.cpp:96] [0m[1;36mWindPlugin loaded: speed=[0m[1;36m0[0m[1;36m dir=[0m[1;36m0[0m[1;36m deg area=[0m[1;36m0.1[0m[1;36m coeff=[0m[1;36m1[0m[1;36m
[gzserver-2] [0m[1;33m[0m[1;33m[0m[1;31m[Err] [Sensor.cc:510] [0m[1;31mGet noise index not valid[0m[1;31m
[gzserver-2] [0m[1;31m[0m[1;31m[0m[1;31m[Err] [Sensor.cc:510] [0m[1;31mGet noise index not valid[0m[1;31m
[gzserver-2] [0m[1;31m[0m[1;31m[0m[1;31m[Err] [Sensor.cc:510] [0m[1;31mGet noise index not valid[0m[1;31m
[gzserver-2] [0m[1;31m[0m[1;31m[0m[1;31m[Err] [Sensor.cc:510] [0m[1;31mGet noise index not valid[0m[1;31m
[gzserver-2] [0m[1;31m[0m[1;31m[0m[1;31m[Err] [Sensor.cc:510] [0m[1;31mGet noise index not valid[0m[1;31m
[gzserver-2] [0m[1;31m[0m[1;31m[0m[1;31m[Err] [Sensor.cc:510] [0m[1;31mGet noise index not valid[0m[1;31m
[gzserver-2] [0m[1;31m[0m[1;31m[0mTopic [default//drone/base_footprint/down_camera/image] is not valid.
[gzserver-2] [INFO] [1773133039.015921198] [drone.collision_plugin]: Publishing contact states to [/drone/bumper_states]
[gzserver-2] Topic [default//drone/base_footprint/front_camera/image] is not valid.
[gzserver-2] [1;33m[Wrn] [Event.cc:61] [0m[1;33mWarning: Deleting a connection right after creation. [0m[1;33mMake sure to save the ConnectionPtr from a Connect call
[INFO] [spawn_drone-5]: process has finished cleanly [pid 3831141]
[gzserver-2] [0m[INFO] [1773133039.599127354] [drone.camera_bottom]: Publishing camera info to [/drone/bottom/camera_info]
[gzserver-2] [INFO] [1773133039.603911621] [drone.camera_front]: Publishing camera info to [/drone/front/camera_info]
[gzserver-2] [INFO] [1773133039.725823388] [drone.simple_drone]: The drone plugin is loading!
[gzserver-2] [INFO] [1773133039.726043526] [drone.simple_drone]: pub_odom: 1
[gzserver-2] [INFO] [1773133039.726080340] [drone.simple_drone]: Using following parameters: 
[gzserver-2] 		link_name: base_footprint,
[gzserver-2] 		max_force: 30,
[gzserver-2] 		motion_small_noise: 0,
[gzserver-2] 		motion_drift_noise: 0,
[gzserver-2] 		motion_drift_noise_time: 50,
[gzserver-2] 		takeoff_hover_height: 1.82,
[gzserver-2] 		takeoff_vertical_speed: 0.2
[gzserver-2] [INFO] [1773133039.738101980] [drone.simple_drone]: Using the PID parameters: 
[gzserver-2] 	Roll Pitch:
[gzserver-2] 		kP: 10, kI: 0,kD: 5, Limit: 0.5, Time Constant: 0
[gzserver-2] 	Yaw:
[gzserver-2] 		kP: 2, kI: 0,kD: 1, Limit: 1.5, Time Constant: 0
[gzserver-2] 	Velocity X:
[gzserver-2] 		kP: 5, kI: 0,kD: 2.3, Limit: 2, Time Constant: 0
[gzserver-2] 	Velocity Y:
[gzserver-2] 		kP: 5, kI: 0,kD: 2.3, Limit: 2, Time Constant: 0
[gzserver-2] 	Velocity Z:
[gzserver-2] 		kP: 5, kI: 0,kD: 1, Limit: -1, Time Constant: 0
[gzserver-2] 	Position XY:
[gzserver-2] 		kP: 1.1, kI: 0,kD: 0, Limit: 5, Time Constant: 0
[gzserver-2] 	Position Z:
[gzserver-2] 		kP: 1, kI: 0,kD: 0.2, Limit: -1, Time Constant: 0
[gzserver-2] [INFO] [1773133039.738234808] [drone.simple_drone]: The drone plugin finished loading!
[gzserver-2] [INFO] [1773133046.959521693] [gazebo_wind_plugin_node]: WindPlugin: set wind_speed=0.00 wind_direction=0.0
[gzserver-2] [INFO] [1773133047.234936220] [gazebo_wind_plugin_node]: WindPlugin: set wind_speed=0.00 wind_direction=0.0
[gzserver-2] [INFO] [1773133047.277321443] [drone.simple_drone]: Quadrotor takes off!!
[gzserver-2] [INFO] [1773133047.478473793] [gazebo_wind_plugin_node]: WindPlugin: set wind_speed=0.00 wind_direction=0.0
[gzserver-2] [INFO] [1773133047.725622094] [gazebo_wind_plugin_node]: WindPlugin: set wind_speed=0.00 wind_direction=0.0
[gzserver-2] [INFO] [1773133047.964840506] [gazebo_wind_plugin_node]: WindPlugin: set wind_speed=0.00 wind_direction=0.0
[gzserver-2] [INFO] [1773133048.193693648] [gazebo_wind_plugin_node]: WindPlugin: set wind_speed=0.00 wind_direction=0.0
[gzserver-2] [INFO] [1773133048.434757456] [gazebo_wind_plugin_node]: WindPlugin: set wind_speed=0.00 wind_direction=0.0
[gzserver-2] [INFO] [1773133048.674007886] [gazebo_wind_plugin_node]: WindPlugin: set wind_speed=0.00 wind_direction=0.0
[gzserver-2] [0m[1;36m[Dbg] [wind_plugin.cpp:110] [0m[1;36mWindPlugin: received command -> speed=[0m[1;36m0[0m[1;36m dir=[0m[1;36m0[0m[1;36m
[gzserver-2] [0m[1;36m[Dbg] [wind_plugin.cpp:110] [0m[1;36mWindPlugin: received command -> speed=[0m[1;36m0[0m[1;36m dir=[0m[1;36m0[0m[1;36m
[gzserver-2] [0m[1;36m[Dbg] [wind_plugin.cpp:110] [0m[1;36mWindPlugin: received command -> speed=[0m[1;36m0[0m[1;36m dir=[0m[1;36m0[0m[1;36m
[gzserver-2] [0m[1;36m[Dbg] [wind_plugin.cpp:110] [0m[1;36mWindPlugin: received command -> speed=[0m[1;36m0[0m[1;36m dir=[0m[1;36m0[0m[1;36m
[gzserver-2] [0m[1;36m[Dbg] [wind_plugin.cpp:110] [0m[1;36mWindPlugin: received command -> speed=[0m[1;36m0[0m[1;36m dir=[0m[1;36m0[0m[1;36m
[gzserver-2] [0m[1;36m[Dbg] [wind_plugin.cpp:110] [0m[1;36mWindPlugin: received command -> speed=[0m[1;36m0[0m[1;36m dir=[0m[1;36m0[0m[1;36m
[gzserver-2] [0m[1;36m[Dbg] [wind_plugin.cpp:110] [0m[1;36mWindPlugin: received command -> speed=[0m[1;36m0[0m[1;36m dir=[0m[1;36m0[0m[1;36m
[gzserver-2] [0m[1;36m[Dbg] [wind_plugin.cpp:110] [0m[1;36mWindPlugin: received command -> speed=[0m[1;36m0[0m[1;36m dir=[0m[1;36m0[0m[1;36m
[gzserver-2] [0mEntering flying model!
[gzserver-2] [INFO] [1773133048.913505349] [gazebo_wind_plugin_node]: WindPlugin: set wind_speed=0.00 wind_direction=0.0
[gzserver-2] [INFO] [1773133049.154215505] [gazebo_wind_plugin_node]: WindPlugin: set wind_speed=2.54 wind_direction=-62.8
[gzserver-2] [INFO] [1773133049.396703467] [gazebo_wind_plugin_node]: WindPlugin: set wind_speed=2.54 wind_direction=-62.8
[gzserver-2] [INFO] [1773133049.635556293] [gazebo_wind_plugin_node]: WindPlugin: set wind_speed=2.32 wind_direction=-65.1
[gzserver-2] [INFO] [1773133049.875402942] [gazebo_wind_plugin_node]: WindPlugin: set wind_speed=2.32 wind_direction=-65.1
[gzserver-2] [INFO] [1773133050.114775868] [gazebo_wind_plugin_node]: WindPlugin: set wind_speed=2.32 wind_direction=-65.1
[gzserver-2] [INFO] [1773133050.350813395] [gazebo_wind_plugin_node]: WindPlugin: set wind_speed=2.32 wind_direction=-65.1
[gzserver-2] [INFO] [1773133050.590684917] [gazebo_wind_plugin_node]: WindPlugin: set wind_speed=2.36 wind_direction=-60.7
[gzserver-2] [INFO] [1773133050.829988975] [gazebo_wind_plugin_node]: WindPlugin: set wind_speed=2.36 wind_direction=-60.7
[gzserver-2] [INFO] [1773133051.064343008] [gazebo_wind_plugin_node]: WindPlugin: set wind_speed=2.36 wind_direction=-60.7
[gzserver-2] [INFO] [1773133051.297881769] [gazebo_wind_plugin_node]: WindPlugin: set wind_speed=2.36 wind_direction=-60.7
[gzserver-2] [INFO] [1773133051.532375958] [gazebo_wind_plugin_node]: WindPlugin: set wind_speed=2.62 wind_direction=-62.1
[gzserver-2] [INFO] [1773133051.766872000] [gazebo_wind_plugin_node]: WindPlugin: set wind_speed=2.62 wind_direction=-62.1
[gzserver-2] [INFO] [1773133052.006215324] [gazebo_wind_plugin_node]: WindPlugin: set wind_speed=2.62 wind_direction=-62.1
[gzserver-2] [INFO] [1773133052.048105261] [drone.simple_drone]: Quadrotor lands!!
[gzserver-2] [INFO] [1773133052.248014663] [gazebo_wind_plugin_node]: WindPlugin: set wind_speed=2.62 wind_direction=-62.1
[gzserver-2] [INFO] [1773133052.489969287] [gazebo_wind_plugin_node]: WindPlugin: set wind_speed=2.26 wind_direction=-61.6
[gzserver-2] [INFO] [1773133052.729794906] [gazebo_wind_plugin_node]: WindPlugin: set wind_speed=2.26 wind_direction=-61.6
[gzserver-2] [INFO] [1773133052.965123492] [gazebo_wind_plugin_node]: WindPlugin: set wind_speed=2.26 wind_direction=-61.6
[gzserver-2] [1;36m[Dbg] [wind_plugin.cpp:110] [0m[1;36mWindPlugin: received command -> speed=[0m[1;36m0[0m[1;36m dir=[0m[1;36m0[0m[1;36m
[gzserver-2] [0m[1;36m[Dbg] [wind_plugin.cpp:110] [0m[1;36mWindPlugin: received command -> speed=[0m[1;36m2.53841[0m[1;36m dir=[0m[1;36m-62.8393[0m[1;36m
[gzserver-2] [0m[1;36m[Dbg] [wind_plugin.cpp:110] [0m[1;36mWindPlugin: received command -> speed=[0m[1;36m2.53841[0m[1;36m dir=[0m[1;36m-62.8393[0m[1;36m
[gzserver-2] [0m[1;36m[Dbg] [wind_plugin.cpp:110] [0m[1;36mWindPlugin: received command -> speed=[0m[1;36m2.31679[0m[1;36m dir=[0m[1;36m-65.146[0m[1;36m
[gzserver-2] [0m[1;36m[Dbg] [wind_plugin.cpp:110] [0m[1;36mWindPlugin: received command -> speed=[0m[1;36m2.31679[0m[1;36m dir=[0m[1;36m-65.146[0m[1;36m
[gzserver-2] [0m[1;36m[Dbg] [wind_plugin.cpp:110] [0m[1;36mWindPlugin: received command -> speed=[0m[1;36m2.31679[0m[1;36m dir=[0m[1;36m-65.146[0m[1;36m
[gzserver-2] [0m[1;36m[Dbg] [wind_plugin.cpp:110] [0m[1;36mWindPlugin: received command -> speed=[0m[1;36m2.31679[0m[1;36m dir=[0m[1;36m-65.146[0m[1;36m
[gzserver-2] [0m[1;36m[Dbg] [wind_plugin.cpp:110] [0m[1;36mWindPlugin: received command -> speed=[0m[1;36m2.36198[0m[1;36m dir=[0m[1;36m-60.7298[0m[1;36m
[gzserver-2] [0m[1;36m[Dbg] [wind_plugin.cpp:110] [0m[1;36mWindPlugin: received command -> speed=[0m[1;36m2.36198[0m[1;36m dir=[0m[1;36m-60.7298[0m[1;36m
[gzserver-2] [0m[1;36m[Dbg] [wind_plugin.cpp:110] [0m[1;36mWindPlugin: received command -> speed=[0m[1;36m2.36198[0m[1;36m dir=[0m[1;36m-60.7298[0m[1;36m
[gzserver-2] [0m[1;36m[Dbg] [wind_plugin.cpp:110] [0m[1;36mWindPlugin: received command -> speed=[0m[1;36m2.36198[0m[1;36m dir=[0m[1;36m-60.7298[0m[1;36m
[gzserver-2] [0m[1;36m[Dbg] [wind_plugin.cpp:110] [0m[1;36mWindPlugin: received command -> speed=[0m[1;36m2.61732[0m[1;36m dir=[0m[1;36m-62.0982[0m[1;36m
[gzserver-2] [0m[1;36m[Dbg] [wind_plugin.cpp:110] [0m[1;36mWindPlugin: received command -> speed=[0m[1;36m2.61732[0m[1;36m dir=[0m[1;36m-62.0982[0m[1;36m
[gzserver-2] [0m[1;36m[Dbg] [wind_plugin.cpp:110] [0m[1;36mWindPlugin: received command -> speed=[0m[1;36m2.61732[0m[1;36m dir=[0m[1;36m-62.0982[0m[1;36m
[gzserver-2] [0m[1;36m[Dbg] [wind_plugin.cpp:110] [0m[1;36mWindPlugin: received command -> speed=[0m[1;36m2.61732[0m[1;36m dir=[0m[1;36m-62.0982[0m[1;36m
[gzserver-2] [0m[1;36m[Dbg] [wind_plugin.cpp:110] [0m[1;36mWindPlugin: received command -> speed=[0m[1;36m2.26075[0m[1;36m dir=[0m[1;36m-61.5872[0m[1;36m
[gzserver-2] [0m[1;36m[Dbg] [wind_plugin.cpp:110] [0m[1;36mWindPlugin: received command -> speed=[0m[1;36m2.26075[0m[1;36m dir=[0m[1;36m-61.5872[0m[1;36m
[gzserver-2] [0m[1;36m[Dbg] [wind_plugin.cpp:110] [0m[1;36mWindPlugin: received command -> speed=[0m[1;36m2.26075[0m[1;36m dir=[0m[1;36m-61.5872[0m[1;36m
[gzserver-2] [0mLanded!
[gzserver-2] [INFO] [1773133053.199487786] [gazebo_wind_plugin_node]: WindPlugin: set wind_speed=2.26 wind_direction=-61.6
[gzserver-2] [INFO] [1773133053.439939635] [gazebo_wind_plugin_node]: WindPlugin: set wind_speed=2.26 wind_direction=-61.6
[gzserver-2] [INFO] [1773133053.680074307] [gazebo_wind_plugin_node]: WindPlugin: set wind_speed=2.53 wind_direction=-58.1
[gzserver-2] [INFO] [1773133053.919274462] [gazebo_wind_plugin_node]: WindPlugin: set wind_speed=2.53 wind_direction=-58.1
[gzserver-2] [INFO] [1773133054.153879093] [gazebo_wind_plugin_node]: WindPlugin: set wind_speed=2.53 wind_direction=-58.1
[gzserver-2] [INFO] [1773133054.394538851] [gazebo_wind_plugin_node]: WindPlugin: set wind_speed=2.53 wind_direction=-58.1
[gzserver-2] [INFO] [1773133054.633837587] [gazebo_wind_plugin_node]: WindPlugin: set wind_speed=2.42 wind_direction=-59.6
[gzserver-2] [INFO] [1773133054.870522878] [gazebo_wind_plugin_node]: WindPlugin: set wind_speed=2.42 wind_direction=-59.6
