[INFO] [launch]: All log files can be found below /home/j/.ros/log/2026-03-10-17-59-36-636245-j-3853350
[INFO] [launch]: Default logging verbosity is set to INFO
[INFO] [launch.user]: [bringup] Apriltag config: camera=/drone/bottom, image=/drone/bottom/image_raw, tags=/drone/bottom/tags, bridge=/landing_tag_state, standalone=true, use_target_id=true, target_id=0
[INFO] [rviz2-1]: process started with pid [3853351]
[INFO] [gzserver-2]: process started with pid [3853353]
[INFO] [robot_state_publisher-3]: process started with pid [3853355]
[INFO] [joint_state_publisher-4]: process started with pid [3853357]
[INFO] [spawn_drone-5]: process started with pid [3853359]
[INFO] [static_transform_publisher-6]: process started with pid [3853361]
[INFO] [joy_node-7]: process started with pid [3853363]
[INFO] [teleop_joystick-8]: process started with pid [3853365]
[INFO] [apriltag_detector_node-9]: process started with pid [3853367]
[INFO] [apriltag_state_bridge-10]: process started with pid [3853369]
[static_transform_publisher-6] [WARN] [1773133177.109505814] []: Old-style arguments are deprecated; see --help for new-style arguments
[static_transform_publisher-6] [INFO] [1773133177.115636870] [static_transform_publisher_CVSlykfcj3FZmmBZ]: Spinning until stopped - publishing transform
[static_transform_publisher-6] translation: ('0.000000', '0.000000', '0.000000')
[static_transform_publisher-6] rotation: ('0.000000', '0.000000', '0.000000', '1.000000')
[static_transform_publisher-6] from 'world' to '/drone/odom'
[robot_state_publisher-3] [INFO] [1773133177.139931201] [drone.robot_state_publisher]: got segment base_footprint
[robot_state_publisher-3] [INFO] [1773133177.139984849] [drone.robot_state_publisher]: got segment base_link
[robot_state_publisher-3] [INFO] [1773133177.139990532] [drone.robot_state_publisher]: got segment bottom_cam_link
[robot_state_publisher-3] [INFO] [1773133177.139993946] [drone.robot_state_publisher]: got segment front_cam_link
[robot_state_publisher-3] [INFO] [1773133177.139996971] [drone.robot_state_publisher]: got segment sonar_link
[rviz2-1] 
[rviz2-1] (rviz2:3853351): dbind-WARNING **: 17:59:37.144: Couldn't connect to accessibility bus: Failed to connect to socket /root/.cache/at-spi/bus_0: 허가 거부
[apriltag_detector_node-9] [INFO] [1773133177.144948255] [apriltag_detector_node]: tag detector type: umich
[teleop_joystick-8] Traceback (most recent call last):
[teleop_joystick-8]   File "/home/j/INCSL/IICC26_ws/install/sjtu_drone_control/lib/sjtu_drone_control/teleop_joystick", line 33, in <module>
[teleop_joystick-8]     sys.exit(load_entry_point('sjtu_drone_control==0.0.0', 'console_scripts', 'teleop_joystick')())
[teleop_joystick-8]   File "/home/j/INCSL/IICC26_ws/install/sjtu_drone_control/lib/sjtu_drone_control/teleop_joystick", line 22, in importlib_load_entry_point
[teleop_joystick-8]     for entry_point in distribution(dist_name).entry_points
[teleop_joystick-8]   File "/usr/lib/python3.10/importlib/metadata/__init__.py", line 969, in distribution
[teleop_joystick-8]     return Distribution.from_name(distribution_name)
[teleop_joystick-8]   File "/usr/lib/python3.10/importlib/metadata/__init__.py", line 548, in from_name
[teleop_joystick-8]     raise PackageNotFoundError(name)
[teleop_joystick-8] importlib.metadata.PackageNotFoundError: No package metadata was found for sjtu_drone_control
[ERROR] [teleop_joystick-8]: process has died [pid 3853365, exit code 1, cmd '/home/j/INCSL/IICC26_ws/install/sjtu_drone_control/lib/sjtu_drone_control/teleop_joystick --ros-args -r __ns:=/drone'].
[gzserver-2] Gazebo multi-robot simulator, version 11.10.2
[gzserver-2] Copyright (C) 2012 Open Source Robotics Foundation.
[gzserver-2] Released under the Apache 2 License.
[gzserver-2] http://gazebosim.org
[gzserver-2] 
[gzserver-2] [1;33m[Wrn] [gazebo_ros_init.cpp:178] [0m[1;33m
[gzserver-2] #     # ####### ####### ###  #####  #######
[gzserver-2] ##    # #     #    #     #  #     # #
[gzserver-2] # #   # #     #    #     #  #       #
[gzserver-2] #  #  # #     #    #     #  #       #####
[gzserver-2] #   # # #     #    #     #  #       #
[gzserver-2] #    ## #     #    #     #  #     # #
[gzserver-2] #     # #######    #    ###  #####  #######
[gzserver-2] 
[gzserver-2] This version of Gazebo, now called Gazebo classic, reaches end-of-life
[gzserver-2] in January 2025. Users are highly encouraged to migrate to the new Gazebo
[gzserver-2] using our migration guides (https://gazebosim.org/docs/latest/gazebo_classic_migration?utm_source=gazebo_ros_pkgs&utm_medium=cli)
[gzserver-2] 
[gzserver-2] [0m[1;33m
[joint_state_publisher-4] [INFO] [1773133177.387800915] [drone.joint_state_publisher]: Waiting for robot_description to be published on the robot_description topic...
[apriltag_state_bridge-10] [INFO] [1773133177.397008724] [apriltag_state_bridge]: AprilTag bridge started: /drone/bottom/tags -> /landing_tag_state, use_target_id=True, target_id=0
[rviz2-1] [INFO] [1773133177.937195625] [rviz2]: Stereo is NOT SUPPORTED
[rviz2-1] [INFO] [1773133177.937315684] [rviz2]: OpenGl version: 4.6 (GLSL 4.6)
[rviz2-1] [INFO] [1773133178.027476648] [rviz2]: Stereo is NOT SUPPORTED
[rviz2-1] [INFO] [1773133178.118876978] [rviz2]: Stereo is NOT SUPPORTED
[spawn_drone-5] [INFO] [1773133178.490715190] [spawn_drone]: Result False Entity pushed to spawn queue, but spawn service timed outwaiting for entity to appear in simulation under the name [/drone]
[gzserver-2] [1;32m[Msg] [0m[1;32mWaiting for master.[0m[1;32m
[gzserver-2] [0m[1;32m[0m[1;32m[0m[1;32m[Msg] [0m[1;32mConnected to gazebo master @ [0m[1;32mhttp://127.0.0.1:11345[0m[1;32m
[gzserver-2] [0m[1;32m[0m[1;32m[0m[1;32m[Msg] [0m[1;32mPublicized address: [0m[1;32m172.16.52.147[0m[1;32m
[gzserver-2] [0m[1;32m[0m[1;32m[0m[1;32m[Msg] [0m[1;32mLoading world file [[0m[1;32m/home/j/INCSL/IICC26_ws/install/sjtu_drone_description/share/sjtu_drone_description/worlds/landingPad.world[0m[1;32m][0m[1;32m
[gzserver-2] [0m[1;32m[0m[1;32m[0m[1;36m[Dbg] [wind_plugin.cpp:96] [0m[1;36mWindPlugin loaded: speed=[0m[1;36m0[0m[1;36m dir=[0m[1;36m0[0m[1;36m deg area=[0m[1;36m0.1[0m[1;36m coeff=[0m[1;36m1[0m[1;36m
[gzserver-2] [0m[1;33m[0m[1;33m[0m[1;31m[Err] [Sensor.cc:510] [0m[1;31mGet noise index not valid[0m[1;31m
[gzserver-2] [0m[1;31m[0m[1;31m[0m[1;31m[Err] [Sensor.cc:510] [0m[1;31mGet noise index not valid[0m[1;31m
[gzserver-2] [0m[1;31m[0m[1;31m[0m[1;31m[Err] [Sensor.cc:510] [0m[1;31mGet noise index not valid[0m[1;31m
[gzserver-2] [0m[1;31m[0m[1;31m[0m[1;31m[Err] [Sensor.cc:510] [0m[1;31mGet noise index not valid[0m[1;31m
[gzserver-2] [0m[1;31m[0m[1;31m[0m[1;31m[Err] [Sensor.cc:510] [0m[1;31mGet noise index not valid[0m[1;31m
[gzserver-2] [0m[1;31m[0m[1;31m[0m[1;31m[Err] [Sensor.cc:510] [0m[1;31mGet noise index not valid[0m[1;31m
[gzserver-2] [0m[1;31m[0m[1;31m[0mTopic [default//drone/base_footprint/down_camera/image] is not valid.
[gzserver-2] [INFO] [1773133178.524645780] [drone.collision_plugin]: Publishing contact states to [/drone/bumper_states]
[gzserver-2] Topic [default//drone/base_footprint/front_camera/image] is not valid.
[gzserver-2] [1;33m[Wrn] [Event.cc:61] [0m[1;33mWarning: Deleting a connection right after creation. [0m[1;33mMake sure to save the ConnectionPtr from a Connect call
[INFO] [spawn_drone-5]: process has finished cleanly [pid 3853359]
[gzserver-2] [0m[INFO] [1773133179.110703248] [drone.camera_bottom]: Publishing camera info to [/drone/bottom/camera_info]
[gzserver-2] [INFO] [1773133179.113588144] [drone.camera_front]: Publishing camera info to [/drone/front/camera_info]
[gzserver-2] [INFO] [1773133179.237193632] [drone.simple_drone]: The drone plugin is loading!
[gzserver-2] [INFO] [1773133179.237411383] [drone.simple_drone]: pub_odom: 1
[gzserver-2] [INFO] [1773133179.237448662] [drone.simple_drone]: Using following parameters: 
[gzserver-2] 		link_name: base_footprint,
[gzserver-2] 		max_force: 30,
[gzserver-2] 		motion_small_noise: 0,
[gzserver-2] 		motion_drift_noise: 0,
[gzserver-2] 		motion_drift_noise_time: 50,
[gzserver-2] 		takeoff_hover_height: 2.35,
[gzserver-2] 		takeoff_vertical_speed: 0.2
[gzserver-2] [INFO] [1773133179.249383879] [drone.simple_drone]: Using the PID parameters: 
[gzserver-2] 	Roll Pitch:
[gzserver-2] 		kP: 10, kI: 0,kD: 5, Limit: 0.5, Time Constant: 0
[gzserver-2] 	Yaw:
[gzserver-2] 		kP: 2, kI: 0,kD: 1, Limit: 1.5, Time Constant: 0
[gzserver-2] 	Velocity X:
[gzserver-2] 		kP: 5, kI: 0,kD: 2.3, Limit: 2, Time Constant: 0
[gzserver-2] 	Velocity Y:
[gzserver-2] 		kP: 5, kI: 0,kD: 2.3, Limit: 2, Time Constant: 0
[gzserver-2] 	Velocity Z:
[gzserver-2] 		kP: 5, kI: 0,kD: 1, Limit: -1, Time Constant: 0
[gzserver-2] 	Position XY:
[gzserver-2] 		kP: 1.1, kI: 0,kD: 0, Limit: 5, Time Constant: 0
[gzserver-2] 	Position Z:
[gzserver-2] 		kP: 1, kI: 0,kD: 0.2, Limit: -1, Time Constant: 0
[gzserver-2] [INFO] [1773133179.249530485] [drone.simple_drone]: The drone plugin finished loading!
[gzserver-2] [INFO] [1773133186.482397755] [gazebo_wind_plugin_node]: WindPlugin: set wind_speed=0.00 wind_direction=0.0
[gzserver-2] [INFO] [1773133186.753408013] [gazebo_wind_plugin_node]: WindPlugin: set wind_speed=0.00 wind_direction=0.0
[gzserver-2] [INFO] [1773133186.788021451] [drone.simple_drone]: Quadrotor takes off!!
[gzserver-2] [INFO] [1773133186.990605496] [gazebo_wind_plugin_node]: WindPlugin: set wind_speed=0.00 wind_direction=0.0
[gzserver-2] [INFO] [1773133187.234365238] [gazebo_wind_plugin_node]: WindPlugin: set wind_speed=0.00 wind_direction=0.0
[gzserver-2] [INFO] [1773133187.473410780] [gazebo_wind_plugin_node]: WindPlugin: set wind_speed=0.00 wind_direction=0.0
[gzserver-2] [INFO] [1773133187.712644510] [gazebo_wind_plugin_node]: WindPlugin: set wind_speed=0.00 wind_direction=0.0
[gzserver-2] [INFO] [1773133187.952039345] [gazebo_wind_plugin_node]: WindPlugin: set wind_speed=0.00 wind_direction=0.0
[gzserver-2] [INFO] [1773133188.192083007] [gazebo_wind_plugin_node]: WindPlugin: set wind_speed=0.00 wind_direction=0.0
[gzserver-2] [INFO] [1773133188.426367849] [gazebo_wind_plugin_node]: WindPlugin: set wind_speed=0.00 wind_direction=0.0
[gzserver-2] [0m[1;36m[Dbg] [wind_plugin.cpp:110] [0m[1;36mWindPlugin: received command -> speed=[0m[1;36m0[0m[1;36m dir=[0m[1;36m0[0m[1;36m
[gzserver-2] [0m[1;36m[Dbg] [wind_plugin.cpp:110] [0m[1;36mWindPlugin: received command -> speed=[0m[1;36m0[0m[1;36m dir=[0m[1;36m0[0m[1;36m
[gzserver-2] [0m[1;36m[Dbg] [wind_plugin.cpp:110] [0m[1;36mWindPlugin: received command -> speed=[0m[1;36m0[0m[1;36m dir=[0m[1;36m0[0m[1;36m
[gzserver-2] [0m[1;36m[Dbg] [wind_plugin.cpp:110] [0m[1;36mWindPlugin: received command -> speed=[0m[1;36m0[0m[1;36m dir=[0m[1;36m0[0m[1;36m
[gzserver-2] [0m[1;36m[Dbg] [wind_plugin.cpp:110] [0m[1;36mWindPlugin: received command -> speed=[0m[1;36m0[0m[1;36m dir=[0m[1;36m0[0m[1;36m
[gzserver-2] [0m[1;36m[Dbg] [wind_plugin.cpp:110] [0m[1;36mWindPlugin: received command -> speed=[0m[1;36m0[0m[1;36m dir=[0m[1;36m0[0m[1;36m
[gzserver-2] [0m[1;36m[Dbg] [wind_plugin.cpp:110] [0m[1;36mWindPlugin: received command -> speed=[0m[1;36m0[0m[1;36m dir=[0m[1;36m0[0m[1;36m
[gzserver-2] [0m[1;36m[Dbg] [wind_plugin.cpp:110] [0m[1;36mWindPlugin: received command -> speed=[0m[1;36m0[0m[1;36m dir=[0m[1;36m0[0m[1;36m
[gzserver-2] [0m[1;36m[Dbg] [wind_plugin.cpp:110] [0m[1;36mWindPlugin: received command -> speed=[0m[1;36m0[0m[1;36m dir=[0m[1;36m0[0m[1;36m
[gzserver-2] [0mEntering flying model!
[gzserver-2] [INFO] [1773133188.668642940] [gazebo_wind_plugin_node]: WindPlugin: set wind_speed=0.00 wind_direction=0.0
[gzserver-2] [INFO] [1773133188.906549625] [gazebo_wind_plugin_node]: WindPlugin: set wind_speed=0.78 wind_direction=92.3
[gzserver-2] [INFO] [1773133189.140940136] [gazebo_wind_plugin_node]: WindPlugin: set wind_speed=1.00 wind_direction=92.8
[gzserver-2] [INFO] [1773133189.380262392] [gazebo_wind_plugin_node]: WindPlugin: set wind_speed=1.00 wind_direction=92.8
[gzserver-2] [INFO] [1773133189.619523768] [gazebo_wind_plugin_node]: WindPlugin: set wind_speed=1.00 wind_direction=92.8
[gzserver-2] [INFO] [1773133189.859513714] [gazebo_wind_plugin_node]: WindPlugin: set wind_speed=1.00 wind_direction=92.8
[gzserver-2] [INFO] [1773133190.098819005] [gazebo_wind_plugin_node]: WindPlugin: set wind_speed=0.83 wind_direction=91.2
[gzserver-2] [INFO] [1773133190.338309682] [gazebo_wind_plugin_node]: WindPlugin: set wind_speed=0.83 wind_direction=91.2
[gzserver-2] [INFO] [1773133190.574392263] [gazebo_wind_plugin_node]: WindPlugin: set wind_speed=0.83 wind_direction=91.2
[gzserver-2] [INFO] [1773133190.827245943] [gazebo_wind_plugin_node]: WindPlugin: set wind_speed=0.83 wind_direction=91.2
[gzserver-2] [INFO] [1773133191.072157830] [gazebo_wind_plugin_node]: WindPlugin: set wind_speed=0.75 wind_direction=91.2
[gzserver-2] [INFO] [1773133191.305977481] [gazebo_wind_plugin_node]: WindPlugin: set wind_speed=0.75 wind_direction=91.2
[gzserver-2] [INFO] [1773133191.545307045] [gazebo_wind_plugin_node]: WindPlugin: set wind_speed=0.75 wind_direction=91.2
[gzserver-2] [INFO] [1773133191.785302647] [gazebo_wind_plugin_node]: WindPlugin: set wind_speed=0.75 wind_direction=91.2
[gzserver-2] [INFO] [1773133192.020401090] [gazebo_wind_plugin_node]: WindPlugin: set wind_speed=0.83 wind_direction=89.7
[gzserver-2] [INFO] [1773133192.259060661] [gazebo_wind_plugin_node]: WindPlugin: set wind_speed=0.83 wind_direction=89.7
[gzserver-2] [INFO] [1773133192.493517141] [gazebo_wind_plugin_node]: WindPlugin: set wind_speed=0.83 wind_direction=89.7
[gzserver-2] [INFO] [1773133192.723724352] [gazebo_wind_plugin_node]: WindPlugin: set wind_speed=0.83 wind_direction=89.7
[gzserver-2] [INFO] [1773133192.953745314] [gazebo_wind_plugin_node]: WindPlugin: set wind_speed=0.83 wind_direction=89.7
[gzserver-2] [INFO] [1773133193.192962586] [gazebo_wind_plugin_node]: WindPlugin: set wind_speed=0.86 wind_direction=90.6
[gzserver-2] [INFO] [1773133193.427349783] [gazebo_wind_plugin_node]: WindPlugin: set wind_speed=0.86 wind_direction=90.6
[gzserver-2] [INFO] [1773133193.666609420] [gazebo_wind_plugin_node]: WindPlugin: set wind_speed=0.86 wind_direction=90.6
[gzserver-2] [INFO] [1773133193.901181573] [gazebo_wind_plugin_node]: WindPlugin: set wind_speed=0.86 wind_direction=90.6
[gzserver-2] [INFO] [1773133194.140583345] [gazebo_wind_plugin_node]: WindPlugin: set wind_speed=1.05 wind_direction=93.2
[gzserver-2] [INFO] [1773133194.184147969] [drone.simple_drone]: Quadrotor lands!!
[gzserver-2] [INFO] [1773133194.386830272] [gazebo_wind_plugin_node]: WindPlugin: set wind_speed=1.05 wind_direction=93.2
[gzserver-2] [INFO] [1773133194.639971833] [gazebo_wind_plugin_node]: WindPlugin: set wind_speed=1.05 wind_direction=93.2
[gzserver-2] [INFO] [1773133194.885054270] [gazebo_wind_plugin_node]: WindPlugin: set wind_speed=1.05 wind_direction=93.2
[gzserver-2] [1;36m[Dbg] [wind_plugin.cpp:110] [0m[1;36mWindPlugin: received command -> speed=[0m[1;36m0[0m[1;36m dir=[0m[1;36m0[0m[1;36m
[gzserver-2] [0m[1;36m[Dbg] [wind_plugin.cpp:110] [0m[1;36mWindPlugin: received command -> speed=[0m[1;36m0.777028[0m[1;36m dir=[0m[1;36m92.3215[0m[1;36m
[gzserver-2] [0m[1;36m[Dbg] [wind_plugin.cpp:110] [0m[1;36mWindPlugin: received command -> speed=[0m[1;36m0.999064[0m[1;36m dir=[0m[1;36m92.8199[0m[1;36m
[gzserver-2] [0m[1;36m[Dbg] [wind_plugin.cpp:110] [0m[1;36mWindPlugin: received command -> speed=[0m[1;36m0.999064[0m[1;36m dir=[0m[1;36m92.8199[0m[1;36m
[gzserver-2] [0m[1;36m[Dbg] [wind_plugin.cpp:110] [0m[1;36mWindPlugin: received command -> speed=[0m[1;36m0.999064[0m[1;36m dir=[0m[1;36m92.8199[0m[1;36m
[gzserver-2] [0m[1;36m[Dbg] [wind_plugin.cpp:110] [0m[1;36mWindPlugin: received command -> speed=[0m[1;36m0.999064[0m[1;36m dir=[0m[1;36m92.8199[0m[1;36m
[gzserver-2] [0m[1;36m[Dbg] [wind_plugin.cpp:110] [0m[1;36mWindPlugin: received command -> speed=[0m[1;36m0.834012[0m[1;36m dir=[0m[1;36m91.1692[0m[1;36m
[gzserver-2] [0m[1;36m[Dbg] [wind_plugin.cpp:110] [0m[1;36mWindPlugin: received command -> speed=[0m[1;36m0.834012[0m[1;36m dir=[0m[1;36m91.1692[0m[1;36m
[gzserver-2] [0m[1;36m[Dbg] [wind_plugin.cpp:110] [0m[1;36mWindPlugin: received command -> speed=[0m[1;36m0.834012[0m[1;36m dir=[0m[1;36m91.1692[0m[1;36m
[gzserver-2] [0m[1;36m[Dbg] [wind_plugin.cpp:110] [0m[1;36mWindPlugin: received command -> speed=[0m[1;36m0.834012[0m[1;36m dir=[0m[1;36m91.1692[0m[1;36m
[gzserver-2] [0m[1;36m[Dbg] [wind_plugin.cpp:110] [0m[1;36mWindPlugin: received command -> speed=[0m[1;36m0.754075[0m[1;36m dir=[0m[1;36m91.1644[0m[1;36m
[gzserver-2] [0m[1;36m[Dbg] [wind_plugin.cpp:110] [0m[1;36mWindPlugin: received command -> speed=[0m[1;36m0.754075[0m[1;36m dir=[0m[1;36m91.1644[0m[1;36m
[gzserver-2] [0m[1;36m[Dbg] [wind_plugin.cpp:110] [0m[1;36mWindPlugin: received command -> speed=[0m[1;36m0.754075[0m[1;36m dir=[0m[1;36m91.1644[0m[1;36m
[gzserver-2] [0m[1;36m[Dbg] [wind_plugin.cpp:110] [0m[1;36mWindPlugin: received command -> speed=[0m[1;36m0.754075[0m[1;36m dir=[0m[1;36m91.1644[0m[1;36m
[gzserver-2] [0m[1;36m[Dbg] [wind_plugin.cpp:110] [0m[1;36mWindPlugin: received command -> speed=[0m[1;36m0.829243[0m[1;36m dir=[0m[1;36m89.7088[0m[1;36m
[gzserver-2] [0m[1;36m[Dbg] [wind_plugin.cpp:110] [0m[1;36mWindPlugin: received command -> speed=[0m[1;36m0.829243[0m[1;36m dir=[0m[1;36m89.7088[0m[1;36m
[gzserver-2] [0m[1;36m[Dbg] [wind_plugin.cpp:110] [0m[1;36mWindPlugin: received command -> speed=[0m[1;36m0.829243[0m[1;36m dir=[0m[1;36m89.7088[0m[1;36m
[gzserver-2] [0m[1;36m[Dbg] [wind_plugin.cpp:110] [0m[1;36mWindPlugin: received command -> speed=[0m[1;36m0.829243[0m[1;36m dir=[0m[1;36m89.7088[0m[1;36m
[gzserver-2] [0m[1;36m[Dbg] [wind_plugin.cpp:110] [0m[1;36mWindPlugin: received command -> speed=[0m[1;36m0.829243[0m[1;36m dir=[0m[1;36m89.7088[0m[1;36m
[gzserver-2] [0m[1;36m[Dbg] [wind_plugin.cpp:110] [0m[1;36mWindPlugin: received command -> speed=[0m[1;36m0.864614[0m[1;36m dir=[0m[1;36m90.6222[0m[1;36m
[gzserver-2] [0m[1;36m[Dbg] [wind_plugin.cpp:110] [0m[1;36mWindPlugin: received command -> speed=[0m[1;36m0.864614[0m[1;36m dir=[0m[1;36m90.6222[0m[1;36m
[gzserver-2] [0m[1;36m[Dbg] [wind_plugin.cpp:110] [0m[1;36mWindPlugin: received command -> speed=[0m[1;36m0.864614[0m[1;36m dir=[0m[1;36m90.6222[0m[1;36m
[gzserver-2] [0m[1;36m[Dbg] [wind_plugin.cpp:110] [0m[1;36mWindPlugin: received command -> speed=[0m[1;36m0.864614[0m[1;36m dir=[0m[1;36m90.6222[0m[1;36m
[gzserver-2] [0m[1;36m[Dbg] [wind_plugin.cpp:110] [0m[1;36mWindPlugin: received command -> speed=[0m[1;36m1.05426[0m[1;36m dir=[0m[1;36m93.1951[0m[1;36m
[gzserver-2] [0m[1;36m[Dbg] [wind_plugin.cpp:110] [0m[1;36mWindPlugin: received command -> speed=[0m[1;36m1.05426[0m[1;36m dir=[0m[1;36m93.1951[0m[1;36m
[gzserver-2] [0m[1;36m[Dbg] [wind_plugin.cpp:110] [0m[1;36mWindPlugin: received command -> speed=[0m[1;36m1.05426[0m[1;36m dir=[0m[1;36m93.1951[0m[1;36m
[gzserver-2] [INFO] [1773133195.124683502] [gazebo_wind_plugin_node]: WindPlugin: set wind_speed=0.79 wind_direction=97.4
[gzserver-2] [0m[1;36m[Dbg] [wind_plugin.cpp:110] [0m[1;36mWindPlugin: received command -> speed=[0m[1;36m1.05426[0m[1;36m dir=[0m[1;36m93.1951[0m[1;36m
[gzserver-2] [0m[1;36m[Dbg] [wind_plugin.cpp:110] [0m[1;36mWindPlugin: received command -> speed=[0m[1;36m0.794136[0m[1;36m dir=[0m[1;36m97.4095[0m[1;36m
[gzserver-2] [0mLanded!
[gzserver-2] [INFO] [1773133195.366308620] [gazebo_wind_plugin_node]: WindPlugin: set wind_speed=0.79 wind_direction=97.4
[gzserver-2] [INFO] [1773133195.605807522] [gazebo_wind_plugin_node]: WindPlugin: set wind_speed=0.79 wind_direction=97.4
[gzserver-2] [INFO] [1773133195.866483618] [gazebo_wind_plugin_node]: WindPlugin: set wind_speed=0.79 wind_direction=97.4
[gzserver-2] [INFO] [1773133196.106781745] [gazebo_wind_plugin_node]: WindPlugin: set wind_speed=0.70 wind_direction=92.4
[gzserver-2] [INFO] [1773133196.348406118] [gazebo_wind_plugin_node]: WindPlugin: set wind_speed=0.70 wind_direction=92.4
[gzserver-2] [INFO] [1773133196.582629064] [gazebo_wind_plugin_node]: WindPlugin: set wind_speed=0.70 wind_direction=92.4
[gzserver-2] [INFO] [1773133196.821749458] [gazebo_wind_plugin_node]: WindPlugin: set wind_speed=0.70 wind_direction=92.4
[gzserver-2] [INFO] [1773133197.063730262] [gazebo_wind_plugin_node]: WindPlugin: set wind_speed=0.71 wind_direction=90.4
