[INFO] [launch]: All log files can be found below /home/j/.ros/log/2026-03-10-18-00-25-214181-j-3860775
[INFO] [launch]: Default logging verbosity is set to INFO
[INFO] [launch.user]: [bringup] Apriltag config: camera=/drone/bottom, image=/drone/bottom/image_raw, tags=/drone/bottom/tags, bridge=/landing_tag_state, standalone=true, use_target_id=true, target_id=0
[INFO] [rviz2-1]: process started with pid [3860783]
[INFO] [gzserver-2]: process started with pid [3860785]
[INFO] [robot_state_publisher-3]: process started with pid [3860788]
[INFO] [joint_state_publisher-4]: process started with pid [3860790]
[INFO] [spawn_drone-5]: process started with pid [3860792]
[INFO] [static_transform_publisher-6]: process started with pid [3860794]
[INFO] [joy_node-7]: process started with pid [3860797]
[INFO] [teleop_joystick-8]: process started with pid [3860801]
[INFO] [apriltag_detector_node-9]: process started with pid [3860804]
[INFO] [apriltag_state_bridge-10]: process started with pid [3860806]
[static_transform_publisher-6] [WARN] [1773133225.689196015] []: Old-style arguments are deprecated; see --help for new-style arguments
[static_transform_publisher-6] [INFO] [1773133225.695859021] [static_transform_publisher_HaSsvRokwOtdvvvl]: Spinning until stopped - publishing transform
[static_transform_publisher-6] translation: ('0.000000', '0.000000', '0.000000')
[static_transform_publisher-6] rotation: ('0.000000', '0.000000', '0.000000', '1.000000')
[static_transform_publisher-6] from 'world' to '/drone/odom'
[rviz2-1] 
[rviz2-1] (rviz2:3860783): dbind-WARNING **: 18:00:25.714: Couldn't connect to accessibility bus: Failed to connect to socket /root/.cache/at-spi/bus_0: 허가 거부
[robot_state_publisher-3] [INFO] [1773133225.717254486] [drone.robot_state_publisher]: got segment base_footprint
[robot_state_publisher-3] [INFO] [1773133225.717358513] [drone.robot_state_publisher]: got segment base_link
[robot_state_publisher-3] [INFO] [1773133225.717371413] [drone.robot_state_publisher]: got segment bottom_cam_link
[robot_state_publisher-3] [INFO] [1773133225.717379871] [drone.robot_state_publisher]: got segment front_cam_link
[robot_state_publisher-3] [INFO] [1773133225.717387491] [drone.robot_state_publisher]: got segment sonar_link
[apriltag_detector_node-9] [INFO] [1773133225.725699170] [apriltag_detector_node]: tag detector type: umich
[teleop_joystick-8] Traceback (most recent call last):
[teleop_joystick-8]   File "/home/j/INCSL/IICC26_ws/install/sjtu_drone_control/lib/sjtu_drone_control/teleop_joystick", line 33, in <module>
[teleop_joystick-8]     sys.exit(load_entry_point('sjtu_drone_control==0.0.0', 'console_scripts', 'teleop_joystick')())
[teleop_joystick-8]   File "/home/j/INCSL/IICC26_ws/install/sjtu_drone_control/lib/sjtu_drone_control/teleop_joystick", line 22, in importlib_load_entry_point
[teleop_joystick-8]     for entry_point in distribution(dist_name).entry_points
[teleop_joystick-8]   File "/usr/lib/python3.10/importlib/metadata/__init__.py", line 969, in distribution
[teleop_joystick-8]     return Distribution.from_name(distribution_name)
[teleop_joystick-8]   File "/usr/lib/python3.10/importlib/metadata/__init__.py", line 548, in from_name
[teleop_joystick-8]     raise PackageNotFoundError(name)
[teleop_joystick-8] importlib.metadata.PackageNotFoundError: No package metadata was found for sjtu_drone_control
[ERROR] [teleop_joystick-8]: process has died [pid 3860801, exit code 1, cmd '/home/j/INCSL/IICC26_ws/install/sjtu_drone_control/lib/sjtu_drone_control/teleop_joystick --ros-args -r __ns:=/drone'].
[gzserver-2] Gazebo multi-robot simulator, version 11.10.2
[gzserver-2] Copyright (C) 2012 Open Source Robotics Foundation.
[gzserver-2] Released under the Apache 2 License.
[gzserver-2] http://gazebosim.org
[gzserver-2] 
[apriltag_state_bridge-10] [INFO] [1773133225.918818903] [apriltag_state_bridge]: AprilTag bridge started: /drone/bottom/tags -> /landing_tag_state, use_target_id=True, target_id=0
[joint_state_publisher-4] [INFO] [1773133225.968672789] [drone.joint_state_publisher]: Waiting for robot_description to be published on the robot_description topic...
[gzserver-2] [1;33m[Wrn] [gazebo_ros_init.cpp:178] [0m[1;33m
[gzserver-2] #     # ####### ####### ###  #####  #######
[gzserver-2] ##    # #     #    #     #  #     # #
[gzserver-2] # #   # #     #    #     #  #       #
[gzserver-2] #  #  # #     #    #     #  #       #####
[gzserver-2] #   # # #     #    #     #  #       #
[gzserver-2] #    ## #     #    #     #  #     # #
[gzserver-2] #     # #######    #    ###  #####  #######
[gzserver-2] 
[gzserver-2] This version of Gazebo, now called Gazebo classic, reaches end-of-life
[gzserver-2] in January 2025. Users are highly encouraged to migrate to the new Gazebo
[gzserver-2] using our migration guides (https://gazebosim.org/docs/latest/gazebo_classic_migration?utm_source=gazebo_ros_pkgs&utm_medium=cli)
[gzserver-2] 
[gzserver-2] [0m[1;33m
[rviz2-1] [INFO] [1773133226.418218623] [rviz2]: Stereo is NOT SUPPORTED
[rviz2-1] [INFO] [1773133226.418358032] [rviz2]: OpenGl version: 4.6 (GLSL 4.6)
[rviz2-1] [INFO] [1773133226.567206665] [rviz2]: Stereo is NOT SUPPORTED
[rviz2-1] [INFO] [1773133226.662233518] [rviz2]: Stereo is NOT SUPPORTED
[spawn_drone-5] [INFO] [1773133227.144979718] [spawn_drone]: Result False Entity pushed to spawn queue, but spawn service timed outwaiting for entity to appear in simulation under the name [/drone]
[gzserver-2] [1;32m[Msg] [0m[1;32mWaiting for master.[0m[1;32m
[gzserver-2] [0m[1;32m[0m[1;32m[0m[1;32m[Msg] [0m[1;32mConnected to gazebo master @ [0m[1;32mhttp://127.0.0.1:11345[0m[1;32m
[gzserver-2] [0m[1;32m[0m[1;32m[0m[1;32m[Msg] [0m[1;32mPublicized address: [0m[1;32m172.16.52.147[0m[1;32m
[gzserver-2] [0m[1;32m[0m[1;32m[0m[1;32m[Msg] [0m[1;32mLoading world file [[0m[1;32m/home/j/INCSL/IICC26_ws/install/sjtu_drone_description/share/sjtu_drone_description/worlds/landingPad.world[0m[1;32m][0m[1;32m
[gzserver-2] [0m[1;32m[0m[1;32m[0m[1;36m[Dbg] [wind_plugin.cpp:96] [0m[1;36mWindPlugin loaded: speed=[0m[1;36m0[0m[1;36m dir=[0m[1;36m0[0m[1;36m deg area=[0m[1;36m0.1[0m[1;36m coeff=[0m[1;36m1[0m[1;36m
[gzserver-2] [0m[1;33m[0m[1;33m[0m[1;31m[Err] [Sensor.cc:510] [0m[1;31mGet noise index not valid[0m[1;31m
[gzserver-2] [0m[1;31m[0m[1;31m[0m[1;31m[Err] [Sensor.cc:510] [0m[1;31mGet noise index not valid[0m[1;31m
[gzserver-2] [0m[1;31m[0m[1;31m[0m[1;31m[Err] [Sensor.cc:510] [0m[1;31mGet noise index not valid[0m[1;31m
[gzserver-2] [0m[1;31m[0m[1;31m[0m[1;31m[Err] [Sensor.cc:510] [0m[1;31mGet noise index not valid[0m[1;31m
[gzserver-2] [0m[1;31m[0m[1;31m[0m[1;31m[Err] [Sensor.cc:510] [0m[1;31mGet noise index not valid[0m[1;31m
[gzserver-2] [0m[1;31m[0m[1;31m[0m[1;31m[Err] [Sensor.cc:510] [0m[1;31mGet noise index not valid[0m[1;31m
[gzserver-2] [0m[1;31m[0m[1;31m[0mTopic [default//drone/base_footprint/down_camera/image] is not valid.
[gzserver-2] [INFO] [1773133227.177153599] [drone.collision_plugin]: Publishing contact states to [/drone/bumper_states]
[gzserver-2] Topic [default//drone/base_footprint/front_camera/image] is not valid.
[gzserver-2] [1;33m[Wrn] [Event.cc:61] [0m[1;33mWarning: Deleting a connection right after creation. [0m[1;33mMake sure to save the ConnectionPtr from a Connect call
[INFO] [spawn_drone-5]: process has finished cleanly [pid 3860792]
[gzserver-2] [0m[INFO] [1773133227.771126541] [drone.camera_bottom]: Publishing camera info to [/drone/bottom/camera_info]
[gzserver-2] [INFO] [1773133227.775541841] [drone.camera_front]: Publishing camera info to [/drone/front/camera_info]
[gzserver-2] [INFO] [1773133227.897103628] [drone.simple_drone]: The drone plugin is loading!
[gzserver-2] [INFO] [1773133227.897363435] [drone.simple_drone]: pub_odom: 1
[gzserver-2] [INFO] [1773133227.897409817] [drone.simple_drone]: Using following parameters: 
[gzserver-2] 		link_name: base_footprint,
[gzserver-2] 		max_force: 30,
[gzserver-2] 		motion_small_noise: 0,
[gzserver-2] 		motion_drift_noise: 0,
[gzserver-2] 		motion_drift_noise_time: 50,
[gzserver-2] 		takeoff_hover_height: 2.08,
[gzserver-2] 		takeoff_vertical_speed: 0.2
[gzserver-2] [INFO] [1773133227.909015621] [drone.simple_drone]: Using the PID parameters: 
[gzserver-2] 	Roll Pitch:
[gzserver-2] 		kP: 10, kI: 0,kD: 5, Limit: 0.5, Time Constant: 0
[gzserver-2] 	Yaw:
[gzserver-2] 		kP: 2, kI: 0,kD: 1, Limit: 1.5, Time Constant: 0
[gzserver-2] 	Velocity X:
[gzserver-2] 		kP: 5, kI: 0,kD: 2.3, Limit: 2, Time Constant: 0
[gzserver-2] 	Velocity Y:
[gzserver-2] 		kP: 5, kI: 0,kD: 2.3, Limit: 2, Time Constant: 0
[gzserver-2] 	Velocity Z:
[gzserver-2] 		kP: 5, kI: 0,kD: 1, Limit: -1, Time Constant: 0
[gzserver-2] 	Position XY:
[gzserver-2] 		kP: 1.1, kI: 0,kD: 0, Limit: 5, Time Constant: 0
[gzserver-2] 	Position Z:
[gzserver-2] 		kP: 1, kI: 0,kD: 0.2, Limit: -1, Time Constant: 0
[gzserver-2] [INFO] [1773133227.909156246] [drone.simple_drone]: The drone plugin finished loading!
[gzserver-2] [INFO] [1773133235.055188488] [gazebo_wind_plugin_node]: WindPlugin: set wind_speed=0.00 wind_direction=0.0
[gzserver-2] [INFO] [1773133235.325624641] [gazebo_wind_plugin_node]: WindPlugin: set wind_speed=0.00 wind_direction=0.0
[gzserver-2] [INFO] [1773133235.363184523] [drone.simple_drone]: Quadrotor takes off!!
[gzserver-2] [INFO] [1773133235.569289686] [gazebo_wind_plugin_node]: WindPlugin: set wind_speed=0.00 wind_direction=0.0
[gzserver-2] [INFO] [1773133235.803353607] [gazebo_wind_plugin_node]: WindPlugin: set wind_speed=0.00 wind_direction=0.0
[gzserver-2] [INFO] [1773133236.037641711] [gazebo_wind_plugin_node]: WindPlugin: set wind_speed=0.00 wind_direction=0.0
[gzserver-2] [INFO] [1773133236.266461795] [gazebo_wind_plugin_node]: WindPlugin: set wind_speed=0.00 wind_direction=0.0
[gzserver-2] [INFO] [1773133236.500445783] [gazebo_wind_plugin_node]: WindPlugin: set wind_speed=0.00 wind_direction=0.0
[gzserver-2] [INFO] [1773133236.739503163] [gazebo_wind_plugin_node]: WindPlugin: set wind_speed=0.00 wind_direction=0.0
[gzserver-2] [INFO] [1773133236.978588275] [gazebo_wind_plugin_node]: WindPlugin: set wind_speed=0.00 wind_direction=0.0
[gzserver-2] [0m[1;36m[Dbg] [wind_plugin.cpp:110] [0m[1;36mWindPlugin: received command -> speed=[0m[1;36m0[0m[1;36m dir=[0m[1;36m0[0m[1;36m
[gzserver-2] [0m[1;36m[Dbg] [wind_plugin.cpp:110] [0m[1;36mWindPlugin: received command -> speed=[0m[1;36m0[0m[1;36m dir=[0m[1;36m0[0m[1;36m
[gzserver-2] [0m[1;36m[Dbg] [wind_plugin.cpp:110] [0m[1;36mWindPlugin: received command -> speed=[0m[1;36m0[0m[1;36m dir=[0m[1;36m0[0m[1;36m
[gzserver-2] [0m[1;36m[Dbg] [wind_plugin.cpp:110] [0m[1;36mWindPlugin: received command -> speed=[0m[1;36m0[0m[1;36m dir=[0m[1;36m0[0m[1;36m
[gzserver-2] [0m[1;36m[Dbg] [wind_plugin.cpp:110] [0m[1;36mWindPlugin: received command -> speed=[0m[1;36m0[0m[1;36m dir=[0m[1;36m0[0m[1;36m
[gzserver-2] [0m[1;36m[Dbg] [wind_plugin.cpp:110] [0m[1;36mWindPlugin: received command -> speed=[0m[1;36m0[0m[1;36m dir=[0m[1;36m0[0m[1;36m
[gzserver-2] [0m[1;36m[Dbg] [wind_plugin.cpp:110] [0m[1;36mWindPlugin: received command -> speed=[0m[1;36m0[0m[1;36m dir=[0m[1;36m0[0m[1;36m
[gzserver-2] [0m[1;36m[Dbg] [wind_plugin.cpp:110] [0m[1;36mWindPlugin: received command -> speed=[0m[1;36m0[0m[1;36m dir=[0m[1;36m0[0m[1;36m
[gzserver-2] [0m[1;36m[Dbg] [wind_plugin.cpp:110] [0m[1;36mWindPlugin: received command -> speed=[0m[1;36m0[0m[1;36m dir=[0m[1;36m0[0m[1;36m
[gzserver-2] [0mEntering flying model!
[gzserver-2] [INFO] [1773133237.218025590] [gazebo_wind_plugin_node]: WindPlugin: set wind_speed=0.00 wind_direction=0.0
[gzserver-2] [INFO] [1773133237.469385393] [gazebo_wind_plugin_node]: WindPlugin: set wind_speed=1.33 wind_direction=47.0
[gzserver-2] [INFO] [1773133237.712535279] [gazebo_wind_plugin_node]: WindPlugin: set wind_speed=1.41 wind_direction=49.4
[gzserver-2] [INFO] [1773133237.954340116] [gazebo_wind_plugin_node]: WindPlugin: set wind_speed=1.41 wind_direction=49.4
[gzserver-2] [INFO] [1773133238.188257366] [gazebo_wind_plugin_node]: WindPlugin: set wind_speed=1.41 wind_direction=49.4
[gzserver-2] [INFO] [1773133238.422554655] [gazebo_wind_plugin_node]: WindPlugin: set wind_speed=1.41 wind_direction=49.4
[gzserver-2] [INFO] [1773133238.663042858] [gazebo_wind_plugin_node]: WindPlugin: set wind_speed=1.22 wind_direction=47.4
[gzserver-2] [INFO] [1773133238.898163974] [gazebo_wind_plugin_node]: WindPlugin: set wind_speed=1.22 wind_direction=47.4
[gzserver-2] [INFO] [1773133239.137926687] [gazebo_wind_plugin_node]: WindPlugin: set wind_speed=1.22 wind_direction=47.4
[gzserver-2] [INFO] [1773133239.377085406] [gazebo_wind_plugin_node]: WindPlugin: set wind_speed=1.22 wind_direction=47.4
[gzserver-2] [INFO] [1773133239.616416939] [gazebo_wind_plugin_node]: WindPlugin: set wind_speed=1.32 wind_direction=46.7
[gzserver-2] [INFO] [1773133239.855597748] [gazebo_wind_plugin_node]: WindPlugin: set wind_speed=1.32 wind_direction=46.7
[gzserver-2] [INFO] [1773133240.095468470] [gazebo_wind_plugin_node]: WindPlugin: set wind_speed=1.32 wind_direction=46.7
[gzserver-2] [INFO] [1773133240.335688874] [gazebo_wind_plugin_node]: WindPlugin: set wind_speed=1.32 wind_direction=46.7
[gzserver-2] [INFO] [1773133240.368964743] [drone.simple_drone]: Quadrotor lands!!
[gzserver-2] [INFO] [1773133240.572123077] [gazebo_wind_plugin_node]: WindPlugin: set wind_speed=1.35 wind_direction=47.2
[gzserver-2] [INFO] [1773133240.803772357] [gazebo_wind_plugin_node]: WindPlugin: set wind_speed=1.35 wind_direction=47.2
[gzserver-2] [INFO] [1773133241.033012276] [gazebo_wind_plugin_node]: WindPlugin: set wind_speed=1.35 wind_direction=47.2
[gzserver-2] [INFO] [1773133241.271413620] [gazebo_wind_plugin_node]: WindPlugin: set wind_speed=1.35 wind_direction=47.2
[gzserver-2] [1;36m[Dbg] [wind_plugin.cpp:110] [0m[1;36mWindPlugin: received command -> speed=[0m[1;36m0[0m[1;36m dir=[0m[1;36m0[0m[1;36m
[gzserver-2] [0m[1;36m[Dbg] [wind_plugin.cpp:110] [0m[1;36mWindPlugin: received command -> speed=[0m[1;36m1.32697[0m[1;36m dir=[0m[1;36m47.0039[0m[1;36m
[gzserver-2] [0m[1;36m[Dbg] [wind_plugin.cpp:110] [0m[1;36mWindPlugin: received command -> speed=[0m[1;36m1.40702[0m[1;36m dir=[0m[1;36m49.4299[0m[1;36m
[gzserver-2] [0m[1;36m[Dbg] [wind_plugin.cpp:110] [0m[1;36mWindPlugin: received command -> speed=[0m[1;36m1.40702[0m[1;36m dir=[0m[1;36m49.4299[0m[1;36m
[gzserver-2] [0m[1;36m[Dbg] [wind_plugin.cpp:110] [0m[1;36mWindPlugin: received command -> speed=[0m[1;36m1.40702[0m[1;36m dir=[0m[1;36m49.4299[0m[1;36m
[gzserver-2] [0m[1;36m[Dbg] [wind_plugin.cpp:110] [0m[1;36mWindPlugin: received command -> speed=[0m[1;36m1.40702[0m[1;36m dir=[0m[1;36m49.4299[0m[1;36m
[gzserver-2] [0m[1;36m[Dbg] [wind_plugin.cpp:110] [0m[1;36mWindPlugin: received command -> speed=[0m[1;36m1.21942[0m[1;36m dir=[0m[1;36m47.4203[0m[1;36m
[gzserver-2] [0m[1;36m[Dbg] [wind_plugin.cpp:110] [0m[1;36mWindPlugin: received command -> speed=[0m[1;36m1.21942[0m[1;36m dir=[0m[1;36m47.4203[0m[1;36m
[gzserver-2] [0m[1;36m[Dbg] [wind_plugin.cpp:110] [0m[1;36mWindPlugin: received command -> speed=[0m[1;36m1.21942[0m[1;36m dir=[0m[1;36m47.4203[0m[1;36m
[gzserver-2] [0m[1;36m[Dbg] [wind_plugin.cpp:110] [0m[1;36mWindPlugin: received command -> speed=[0m[1;36m1.21942[0m[1;36m dir=[0m[1;36m47.4203[0m[1;36m
[gzserver-2] [0m[1;36m[Dbg] [wind_plugin.cpp:110] [0m[1;36mWindPlugin: received command -> speed=[0m[1;36m1.32122[0m[1;36m dir=[0m[1;36m46.6684[0m[1;36m
[gzserver-2] [0m[1;36m[Dbg] [wind_plugin.cpp:110] [0m[1;36mWindPlugin: received command -> speed=[0m[1;36m1.32122[0m[1;36m dir=[0m[1;36m46.6684[0m[1;36m
[gzserver-2] [0m[1;36m[Dbg] [wind_plugin.cpp:110] [0m[1;36mWindPlugin: received command -> speed=[0m[1;36m1.32122[0m[1;36m dir=[0m[1;36m46.6684[0m[1;36m
[gzserver-2] [0m[1;36m[Dbg] [wind_plugin.cpp:110] [0m[1;36mWindPlugin: received command -> speed=[0m[1;36m1.32122[0m[1;36m dir=[0m[1;36m46.6684[0m[1;36m
[gzserver-2] [0m[1;36m[Dbg] [wind_plugin.cpp:110] [0m[1;36mWindPlugin: received command -> speed=[0m[1;36m1.34581[0m[1;36m dir=[0m[1;36m47.1935[0m[1;36m
[gzserver-2] [0m[1;36m[Dbg] [wind_plugin.cpp:110] [0m[1;36mWindPlugin: received command -> speed=[0m[1;36m1.34581[0m[1;36m dir=[0m[1;36m47.1935[0m[1;36m
[gzserver-2] [0m[1;36m[Dbg] [wind_plugin.cpp:110] [0m[1;36mWindPlugin: received command -> speed=[0m[1;36m1.34581[0m[1;36m dir=[0m[1;36m47.1935[0m[1;36m
[gzserver-2] [0m[1;36m[Dbg] [wind_plugin.cpp:110] [0m[1;36mWindPlugin: received command -> speed=[0m[1;36m1.34581[0m[1;36m dir=[0m[1;36m47.1935[0m[1;36m
[gzserver-2] [0mLanded!
[gzserver-2] [INFO] [1773133241.505600785] [gazebo_wind_plugin_node]: WindPlugin: set wind_speed=1.35 wind_direction=47.2
[gzserver-2] [INFO] [1773133241.740072115] [gazebo_wind_plugin_node]: WindPlugin: set wind_speed=1.23 wind_direction=48.2
[gzserver-2] [INFO] [1773133241.978966981] [gazebo_wind_plugin_node]: WindPlugin: set wind_speed=1.23 wind_direction=48.2
[gzserver-2] [INFO] [1773133242.214593589] [gazebo_wind_plugin_node]: WindPlugin: set wind_speed=1.23 wind_direction=48.2
[gzserver-2] [INFO] [1773133242.454078915] [gazebo_wind_plugin_node]: WindPlugin: set wind_speed=1.23 wind_direction=48.2
[gzserver-2] [INFO] [1773133242.693350171] [gazebo_wind_plugin_node]: WindPlugin: set wind_speed=1.38 wind_direction=51.1
[gzserver-2] [INFO] [1773133242.933444647] [gazebo_wind_plugin_node]: WindPlugin: set wind_speed=1.38 wind_direction=51.1
[gzserver-2] [INFO] [1773133243.172567336] [gazebo_wind_plugin_node]: WindPlugin: set wind_speed=1.38 wind_direction=51.1
