[INFO] [launch]: All log files can be found below /home/j/.ros/log/2026-03-09-16-29-40-764490-j-1524458
[INFO] [launch]: Default logging verbosity is set to INFO
[INFO] [launch.user]: [bringup] Apriltag config: camera=/drone/bottom, image=/drone/bottom/image_raw, tags=/drone/bottom/tags, bridge=/landing_tag_state, standalone=true, use_target_id=true, target_id=0
[INFO] [rviz2-1]: process started with pid [1524459]
[INFO] [gzserver-2]: process started with pid [1524461]
[INFO] [robot_state_publisher-3]: process started with pid [1524463]
[INFO] [joint_state_publisher-4]: process started with pid [1524465]
[INFO] [spawn_drone-5]: process started with pid [1524467]
[INFO] [static_transform_publisher-6]: process started with pid [1524469]
[INFO] [joy_node-7]: process started with pid [1524471]
[INFO] [teleop_joystick-8]: process started with pid [1524473]
[INFO] [apriltag_detector_node-9]: process started with pid [1524475]
[INFO] [apriltag_state_bridge-10]: process started with pid [1524477]
[static_transform_publisher-6] [WARN] [1773041381.283246031] []: Old-style arguments are deprecated; see --help for new-style arguments
[static_transform_publisher-6] [INFO] [1773041381.328465619] [static_transform_publisher_VCn3rPPjNg8IS3YV]: Spinning until stopped - publishing transform
[static_transform_publisher-6] translation: ('0.000000', '0.000000', '0.000000')
[static_transform_publisher-6] rotation: ('0.000000', '0.000000', '0.000000', '1.000000')
[static_transform_publisher-6] from 'world' to '/drone/odom'
[robot_state_publisher-3] [INFO] [1773041381.407228669] [drone.robot_state_publisher]: got segment base_footprint
[robot_state_publisher-3] [INFO] [1773041381.407350418] [drone.robot_state_publisher]: got segment base_link
[robot_state_publisher-3] [INFO] [1773041381.407366697] [drone.robot_state_publisher]: got segment bottom_cam_link
[robot_state_publisher-3] [INFO] [1773041381.407377898] [drone.robot_state_publisher]: got segment front_cam_link
[robot_state_publisher-3] [INFO] [1773041381.407387419] [drone.robot_state_publisher]: got segment sonar_link
[apriltag_detector_node-9] [INFO] [1773041381.488515484] [apriltag_detector_node]: tag detector type: umich
[teleop_joystick-8] Traceback (most recent call last):
[teleop_joystick-8]   File "/home/j/INCSL/IICC26_ws/install/sjtu_drone_control/lib/sjtu_drone_control/teleop_joystick", line 33, in <module>
[teleop_joystick-8]     sys.exit(load_entry_point('sjtu_drone_control==0.0.0', 'console_scripts', 'teleop_joystick')())
[teleop_joystick-8]   File "/home/j/INCSL/IICC26_ws/install/sjtu_drone_control/lib/sjtu_drone_control/teleop_joystick", line 22, in importlib_load_entry_point
[teleop_joystick-8]     for entry_point in distribution(dist_name).entry_points
[teleop_joystick-8]   File "/usr/lib/python3.10/importlib/metadata/__init__.py", line 969, in distribution
[teleop_joystick-8]     return Distribution.from_name(distribution_name)
[teleop_joystick-8]   File "/usr/lib/python3.10/importlib/metadata/__init__.py", line 548, in from_name
[teleop_joystick-8]     raise PackageNotFoundError(name)
[teleop_joystick-8] importlib.metadata.PackageNotFoundError: No package metadata was found for sjtu_drone_control
[ERROR] [teleop_joystick-8]: process has died [pid 1524473, exit code 1, cmd '/home/j/INCSL/IICC26_ws/install/sjtu_drone_control/lib/sjtu_drone_control/teleop_joystick --ros-args -r __ns:=/drone'].
[gzserver-2] Gazebo multi-robot simulator, version 11.10.2
[gzserver-2] Copyright (C) 2012 Open Source Robotics Foundation.
[gzserver-2] Released under the Apache 2 License.
[gzserver-2] http://gazebosim.org
[gzserver-2] 
[apriltag_state_bridge-10] [INFO] [1773041382.008895257] [apriltag_state_bridge]: AprilTag bridge started: /drone/bottom/tags -> /landing_tag_state, use_target_id=True, target_id=0
[gzserver-2] [1;33m[Wrn] [gazebo_ros_init.cpp:178] [0m[1;33m
[gzserver-2] #     # ####### ####### ###  #####  #######
[gzserver-2] ##    # #     #    #     #  #     # #
[gzserver-2] # #   # #     #    #     #  #       #
[gzserver-2] #  #  # #     #    #     #  #       #####
[gzserver-2] #   # # #     #    #     #  #       #
[gzserver-2] #    ## #     #    #     #  #     # #
[gzserver-2] #     # #######    #    ###  #####  #######
[gzserver-2] 
[gzserver-2] This version of Gazebo, now called Gazebo classic, reaches end-of-life
[gzserver-2] in January 2025. Users are highly encouraged to migrate to the new Gazebo
[gzserver-2] using our migration guides (https://gazebosim.org/docs/latest/gazebo_classic_migration?utm_source=gazebo_ros_pkgs&utm_medium=cli)
[gzserver-2] 
[gzserver-2] [0m[1;33m
[joint_state_publisher-4] [INFO] [1773041382.178400966] [drone.joint_state_publisher]: Waiting for robot_description to be published on the robot_description topic...
[rviz2-1] [INFO] [1773041382.394120808] [rviz2]: Stereo is NOT SUPPORTED
[rviz2-1] [INFO] [1773041382.394208972] [rviz2]: OpenGl version: 4.6 (GLSL 4.6)
[rviz2-1] [INFO] [1773041382.465240235] [rviz2]: Stereo is NOT SUPPORTED
[rviz2-1] [INFO] [1773041382.601444622] [rviz2]: Stereo is NOT SUPPORTED
[gzserver-2] [1;32m[Msg] [0m[1;32mWaiting for master.[0m[1;32m
[gzserver-2] [0m[1;32m[0m[1;32m[0m[1;32m[Msg] [0m[1;32mConnected to gazebo master @ [0m[1;32mhttp://127.0.0.1:11345[0m[1;32m
[gzserver-2] [0m[1;32m[0m[1;32m[0m[1;32m[Msg] [0m[1;32mPublicized address: [0m[1;32m172.16.52.147[0m[1;32m
[gzserver-2] [0m[1;32m[0m[1;32m[0m[1;32m[Msg] [0m[1;32mLoading world file [[0m[1;32m/home/j/INCSL/IICC26_ws/install/sjtu_drone_description/share/sjtu_drone_description/worlds/landingPad.world[0m[1;32m][0m[1;32m
[gzserver-2] [0m[1;32m[0m[1;32m[0m[1;36m[Dbg] [wind_plugin.cpp:96] [0m[1;36mWindPlugin loaded: speed=[0m[1;36m0[0m[1;36m dir=[0m[1;36m0[0m[1;36m deg area=[0m[1;36m0.1[0m[1;36m coeff=[0m[1;36m1[0m[1;36m
[gzserver-2] [0m[1;33m[0m[1;33m[0m[1;31m[Err] [Sensor.cc:510] [0m[1;31mGet noise index not valid[0m[1;31m
[gzserver-2] [0m[1;31m[0m[1;31m[0m[1;31m[Err] [Sensor.cc:510] [0m[1;31mGet noise index not valid[0m[1;31m
[gzserver-2] [0m[1;31m[0m[1;31m[0m[1;31m[Err] [Sensor.cc:510] [0m[1;31mGet noise index not valid[0m[1;31m
[gzserver-2] [0m[1;31m[0m[1;31m[0m[1;31m[Err] [Sensor.cc:510] [0m[1;31mGet noise index not valid[0m[1;31m
[gzserver-2] [0m[1;31m[0m[1;31m[0m[1;31m[Err] [Sensor.cc:510] [0m[1;31mGet noise index not valid[0m[1;31m
[gzserver-2] [0m[1;31m[0m[1;31m[0m[1;31m[Err] [Sensor.cc:510] [0m[1;31mGet noise index not valid[0m[1;31m
[gzserver-2] [0m[1;31m[0m[1;31m[0mTopic [default//drone/base_footprint/down_camera/image] is not valid.
[gzserver-2] [INFO] [1773041383.230474478] [drone.collision_plugin]: Publishing contact states to [/drone/bumper_states]
[gzserver-2] Topic [default//drone/base_footprint/front_camera/image] is not valid.
[gzserver-2] [1;33m[Wrn] [Event.cc:61] [0m[1;33mWarning: Deleting a connection right after creation. [0m[1;33mMake sure to save the ConnectionPtr from a Connect call
[gzserver-2] [0m[INFO] [1773041383.721111975] [drone.camera_bottom]: Publishing camera info to [/drone/bottom/camera_info]
[gzserver-2] [INFO] [1773041383.753021082] [drone.camera_front]: Publishing camera info to [/drone/front/camera_info]
[spawn_drone-5] [INFO] [1773041383.772786815] [spawn_drone]: Result True SpawnEntity: Successfully spawned entity [/drone]
[gzserver-2] [INFO] [1773041383.905262802] [drone.simple_drone]: The drone plugin is loading!
[gzserver-2] [INFO] [1773041383.905624142] [drone.simple_drone]: pub_odom: 1
[gzserver-2] [INFO] [1773041383.905677601] [drone.simple_drone]: Using following parameters: 
[gzserver-2] 		link_name: base_footprint,
[gzserver-2] 		max_force: 30,
[gzserver-2] 		motion_small_noise: 0,
[gzserver-2] 		motion_drift_noise: 0,
[gzserver-2] 		motion_drift_noise_time: 50,
[gzserver-2] 		takeoff_hover_height: 1.53,
[gzserver-2] 		takeoff_vertical_speed: 0.2
[gzserver-2] [INFO] [1773041383.935764946] [drone.simple_drone]: Using the PID parameters: 
[gzserver-2] 	Roll Pitch:
[gzserver-2] 		kP: 10, kI: 0,kD: 5, Limit: 0.5, Time Constant: 0
[gzserver-2] 	Yaw:
[gzserver-2] 		kP: 2, kI: 0,kD: 1, Limit: 1.5, Time Constant: 0
[gzserver-2] 	Velocity X:
[gzserver-2] 		kP: 5, kI: 0,kD: 2.3, Limit: 2, Time Constant: 0
[gzserver-2] 	Velocity Y:
[gzserver-2] 		kP: 5, kI: 0,kD: 2.3, Limit: 2, Time Constant: 0
[gzserver-2] 	Velocity Z:
[gzserver-2] 		kP: 5, kI: 0,kD: 1, Limit: -1, Time Constant: 0
[gzserver-2] 	Position XY:
[gzserver-2] 		kP: 1.1, kI: 0,kD: 0, Limit: 5, Time Constant: 0
[gzserver-2] 	Position Z:
[gzserver-2] 		kP: 1, kI: 0,kD: 0.2, Limit: -1, Time Constant: 0
[gzserver-2] [INFO] [1773041383.936115325] [drone.simple_drone]: The drone plugin finished loading!
[INFO] [spawn_drone-5]: process has finished cleanly [pid 1524467]
[gzserver-2] [INFO] [1773041390.721126046] [gazebo_wind_plugin_node]: WindPlugin: set wind_speed=0.00 wind_direction=0.0
[gzserver-2] [INFO] [1773041391.142489014] [drone.simple_drone]: Quadrotor takes off!!
[gzserver-2] [INFO] [1773041391.345743514] [gazebo_wind_plugin_node]: WindPlugin: set wind_speed=0.00 wind_direction=0.0
[gzserver-2] [INFO] [1773041392.057163901] [gazebo_wind_plugin_node]: WindPlugin: set wind_speed=0.00 wind_direction=0.0
[gzserver-2] [0m[1;36m[Dbg] [wind_plugin.cpp:110] [0m[1;36mWindPlugin: received command -> speed=[0m[1;36m0[0m[1;36m dir=[0m[1;36m0[0m[1;36m
[gzserver-2] [0m[1;36m[Dbg] [wind_plugin.cpp:110] [0m[1;36mWindPlugin: received command -> speed=[0m[1;36m0[0m[1;36m dir=[0m[1;36m0[0m[1;36m
[gzserver-2] [0m[1;36m[Dbg] [wind_plugin.cpp:110] [0m[1;36mWindPlugin: received command -> speed=[0m[1;36m0[0m[1;36m dir=[0m[1;36m0[0m[1;36m
[gzserver-2] [0mEntering flying model!
[gzserver-2] [INFO] [1773041392.768006926] [gazebo_wind_plugin_node]: WindPlugin: set wind_speed=0.00 wind_direction=0.0
[gzserver-2] [INFO] [1773041393.487529124] [gazebo_wind_plugin_node]: WindPlugin: set wind_speed=0.00 wind_direction=0.0
[gzserver-2] [INFO] [1773041394.043453363] [gazebo_wind_plugin_node]: WindPlugin: set wind_speed=0.00 wind_direction=0.0
[gzserver-2] [INFO] [1773041394.750142682] [gazebo_wind_plugin_node]: WindPlugin: set wind_speed=0.00 wind_direction=0.0
[gzserver-2] [INFO] [1773041395.468410187] [gazebo_wind_plugin_node]: WindPlugin: set wind_speed=0.00 wind_direction=0.0
[gzserver-2] [INFO] [1773041396.187166672] [gazebo_wind_plugin_node]: WindPlugin: set wind_speed=0.00 wind_direction=0.0
[gzserver-2] [INFO] [1773041396.896042553] [gazebo_wind_plugin_node]: WindPlugin: set wind_speed=0.00 wind_direction=0.0
[gzserver-2] [INFO] [1773041397.611763743] [gazebo_wind_plugin_node]: WindPlugin: set wind_speed=0.00 wind_direction=0.0
[gzserver-2] [INFO] [1773041398.323187167] [gazebo_wind_plugin_node]: WindPlugin: set wind_speed=0.00 wind_direction=0.0
[gzserver-2] [INFO] [1773041399.042640799] [gazebo_wind_plugin_node]: WindPlugin: set wind_speed=0.00 wind_direction=0.0
[gzserver-2] [INFO] [1773041399.751096579] [gazebo_wind_plugin_node]: WindPlugin: set wind_speed=0.00 wind_direction=0.0
[gzserver-2] [INFO] [1773041400.461608104] [gazebo_wind_plugin_node]: WindPlugin: set wind_speed=0.00 wind_direction=0.0
[gzserver-2] [INFO] [1773041401.165198997] [gazebo_wind_plugin_node]: WindPlugin: set wind_speed=0.85 wind_direction=-80.4
[gzserver-2] [INFO] [1773041401.890930837] [gazebo_wind_plugin_node]: WindPlugin: set wind_speed=0.86 wind_direction=-80.3
[gzserver-2] [INFO] [1773041402.594783149] [gazebo_wind_plugin_node]: WindPlugin: set wind_speed=1.35 wind_direction=-77.3
[gzserver-2] [INFO] [1773041403.303523647] [gazebo_wind_plugin_node]: WindPlugin: set wind_speed=1.40 wind_direction=-81.2
[gzserver-2] [INFO] [1773041403.995799066] [gazebo_wind_plugin_node]: WindPlugin: set wind_speed=1.23 wind_direction=-81.3
[gzserver-2] [INFO] [1773041404.705659760] [gazebo_wind_plugin_node]: WindPlugin: set wind_speed=0.68 wind_direction=-83.9
[gzserver-2] [INFO] [1773041405.402037094] [gazebo_wind_plugin_node]: WindPlugin: set wind_speed=0.80 wind_direction=-81.8
[gzserver-2] [INFO] [1773041406.121814857] [gazebo_wind_plugin_node]: WindPlugin: set wind_speed=0.83 wind_direction=-89.8
[gzserver-2] [INFO] [1773041406.831105408] [gazebo_wind_plugin_node]: WindPlugin: set wind_speed=0.94 wind_direction=-95.5
[gzserver-2] [INFO] [1773041407.539700447] [gazebo_wind_plugin_node]: WindPlugin: set wind_speed=0.77 wind_direction=-99.1
[gzserver-2] [INFO] [1773041408.248709901] [gazebo_wind_plugin_node]: WindPlugin: set wind_speed=0.94 wind_direction=-96.8
[gzserver-2] [INFO] [1773041408.968312013] [gazebo_wind_plugin_node]: WindPlugin: set wind_speed=1.13 wind_direction=-102.6
[gzserver-2] [INFO] [1773041409.686475224] [gazebo_wind_plugin_node]: WindPlugin: set wind_speed=1.02 wind_direction=-100.5
[gzserver-2] [INFO] [1773041410.392270390] [gazebo_wind_plugin_node]: WindPlugin: set wind_speed=0.82 wind_direction=-92.2
[gzserver-2] [INFO] [1773041411.112504013] [gazebo_wind_plugin_node]: WindPlugin: set wind_speed=0.95 wind_direction=-94.0
[gzserver-2] [INFO] [1773041411.826890750] [gazebo_wind_plugin_node]: WindPlugin: set wind_speed=0.65 wind_direction=-87.1
[gzserver-2] [1;36m[Dbg] [wind_plugin.cpp:110] [0m[1;36mWindPlugin: received command -> speed=[0m[1;36m0[0m[1;36m dir=[0m[1;36m0[0m[1;36m
[gzserver-2] [0m[1;36m[Dbg] [wind_plugin.cpp:110] [0m[1;36mWindPlugin: received command -> speed=[0m[1;36m0[0m[1;36m dir=[0m[1;36m0[0m[1;36m
[gzserver-2] [0m[1;36m[Dbg] [wind_plugin.cpp:110] [0m[1;36mWindPlugin: received command -> speed=[0m[1;36m0[0m[1;36m dir=[0m[1;36m0[0m[1;36m
[gzserver-2] [0m[1;36m[Dbg] [wind_plugin.cpp:110] [0m[1;36mWindPlugin: received command -> speed=[0m[1;36m0[0m[1;36m dir=[0m[1;36m0[0m[1;36m
[gzserver-2] [0m[1;36m[Dbg] [wind_plugin.cpp:110] [0m[1;36mWindPlugin: received command -> speed=[0m[1;36m0[0m[1;36m dir=[0m[1;36m0[0m[1;36m
[gzserver-2] [0m[1;36m[Dbg] [wind_plugin.cpp:110] [0m[1;36mWindPlugin: received command -> speed=[0m[1;36m0[0m[1;36m dir=[0m[1;36m0[0m[1;36m
[gzserver-2] [0m[1;36m[Dbg] [wind_plugin.cpp:110] [0m[1;36mWindPlugin: received command -> speed=[0m[1;36m0[0m[1;36m dir=[0m[1;36m0[0m[1;36m
[gzserver-2] [0m[1;36m[Dbg] [wind_plugin.cpp:110] [0m[1;36mWindPlugin: received command -> speed=[0m[1;36m0[0m[1;36m dir=[0m[1;36m0[0m[1;36m
[gzserver-2] [0m[1;36m[Dbg] [wind_plugin.cpp:110] [0m[1;36mWindPlugin: received command -> speed=[0m[1;36m0[0m[1;36m dir=[0m[1;36m0[0m[1;36m
[gzserver-2] [0m[1;36m[Dbg] [wind_plugin.cpp:110] [0m[1;36mWindPlugin: received command -> speed=[0m[1;36m0[0m[1;36m dir=[0m[1;36m0[0m[1;36m
[gzserver-2] [0m[1;36m[Dbg] [wind_plugin.cpp:110] [0m[1;36mWindPlugin: received command -> speed=[0m[1;36m0[0m[1;36m dir=[0m[1;36m0[0m[1;36m
[gzserver-2] [0m[1;36m[Dbg] [wind_plugin.cpp:110] [0m[1;36mWindPlugin: received command -> speed=[0m[1;36m0[0m[1;36m dir=[0m[1;36m0[0m[1;36m
[gzserver-2] [0m[1;36m[Dbg] [wind_plugin.cpp:110] [0m[1;36mWindPlugin: received command -> speed=[0m[1;36m0.851443[0m[1;36m dir=[0m[1;36m-80.3774[0m[1;36m
[gzserver-2] [0m[1;36m[Dbg] [wind_plugin.cpp:110] [0m[1;36mWindPlugin: received command -> speed=[0m[1;36m0.857402[0m[1;36m dir=[0m[1;36m-80.3236[0m[1;36m
[gzserver-2] [0m[1;36m[Dbg] [wind_plugin.cpp:110] [0m[1;36mWindPlugin: received command -> speed=[0m[1;36m1.34662[0m[1;36m dir=[0m[1;36m-77.2715[0m[1;36m
[gzserver-2] [0m[1;36m[Dbg] [wind_plugin.cpp:110] [0m[1;36mWindPlugin: received command -> speed=[0m[1;36m1.4014[0m[1;36m dir=[0m[1;36m-81.2032[0m[1;36m
[gzserver-2] [0m[1;36m[Dbg] [wind_plugin.cpp:110] [0m[1;36mWindPlugin: received command -> speed=[0m[1;36m1.23259[0m[1;36m dir=[0m[1;36m-81.2505[0m[1;36m
[gzserver-2] [0m[1;36m[Dbg] [wind_plugin.cpp:110] [0m[1;36mWindPlugin: received command -> speed=[0m[1;36m0.680121[0m[1;36m dir=[0m[1;36m-83.9097[0m[1;36m
[gzserver-2] [0m[1;36m[Dbg] [wind_plugin.cpp:110] [0m[1;36mWindPlugin: received command -> speed=[0m[1;36m0.80006[0m[1;36m dir=[0m[1;36m-81.8008[0m[1;36m
[gzserver-2] [0m[1;36m[Dbg] [wind_plugin.cpp:110] [0m[1;36mWindPlugin: received command -> speed=[0m[1;36m0.833151[0m[1;36m dir=[0m[1;36m-89.7634[0m[1;36m
[gzserver-2] [0m[1;36m[Dbg] [wind_plugin.cpp:110] [0m[1;36mWindPlugin: received command -> speed=[0m[1;36m0.939525[0m[1;36m dir=[0m[1;36m-95.5196[0m[1;36m
[gzserver-2] [0m[1;36m[Dbg] [wind_plugin.cpp:110] [0m[1;36mWindPlugin: received command -> speed=[0m[1;36m0.771687[0m[1;36m dir=[0m[1;36m-99.0668[0m[1;36m
[gzserver-2] [0m[1;36m[Dbg] [wind_plugin.cpp:110] [0m[1;36mWindPlugin: received command -> speed=[0m[1;36m0.942551[0m[1;36m dir=[0m[1;36m-96.7958[0m[1;36m
[gzserver-2] [0m[1;36m[Dbg] [wind_plugin.cpp:110] [0m[1;36mWindPlugin: received command -> speed=[0m[1;36m1.13454[0m[1;36m dir=[0m[1;36m-102.608[0m[1;36m
[gzserver-2] [0m[1;36m[Dbg] [wind_plugin.cpp:110] [0m[1;36mWindPlugin: received command -> speed=[0m[1;36m1.01658[0m[1;36m dir=[0m[1;36m-100.508[0m[1;36m
[gzserver-2] [0m[1;36m[Dbg] [wind_plugin.cpp:110] [0m[1;36mWindPlugin: received command -> speed=[0m[1;36m0.821988[0m[1;36m dir=[0m[1;36m-92.2353[0m[1;36m
[gzserver-2] [0m[1;36m[Dbg] [wind_plugin.cpp:110] [0m[1;36mWindPlugin: received command -> speed=[0m[1;36m0.948163[0m[1;36m dir=[0m[1;36m-94.0186[0m[1;36m
[gzserver-2] [INFO] [1773041412.537115002] [gazebo_wind_plugin_node]: WindPlugin: set wind_speed=0.84 wind_direction=-85.7
[gzserver-2] [INFO] [1773041413.250920952] [gazebo_wind_plugin_node]: WindPlugin: set wind_speed=1.16 wind_direction=-85.0
[gzserver-2] [INFO] [1773041413.950271439] [gazebo_wind_plugin_node]: WindPlugin: set wind_speed=1.52 wind_direction=-80.8
[gzserver-2] [INFO] [1773041414.653988885] [gazebo_wind_plugin_node]: WindPlugin: set wind_speed=1.21 wind_direction=-81.6
[gzserver-2] [INFO] [1773041415.353034571] [gazebo_wind_plugin_node]: WindPlugin: set wind_speed=0.87 wind_direction=-78.5
[gzserver-2] [INFO] [1773041416.062372174] [gazebo_wind_plugin_node]: WindPlugin: set wind_speed=0.85 wind_direction=-83.5
[gzserver-2] [INFO] [1773041416.760328113] [gazebo_wind_plugin_node]: WindPlugin: set wind_speed=0.73 wind_direction=-86.0
[gzserver-2] [INFO] [1773041417.469890286] [gazebo_wind_plugin_node]: WindPlugin: set wind_speed=0.98 wind_direction=-90.1
[gzserver-2] [INFO] [1773041418.184440771] [gazebo_wind_plugin_node]: WindPlugin: set wind_speed=0.95 wind_direction=-92.3
[gzserver-2] [INFO] [1773041418.891621496] [gazebo_wind_plugin_node]: WindPlugin: set wind_speed=1.16 wind_direction=-101.0
[gzserver-2] [INFO] [1773041419.600390693] [gazebo_wind_plugin_node]: WindPlugin: set wind_speed=1.11 wind_direction=-103.6
[gzserver-2] [INFO] [1773041420.303965911] [gazebo_wind_plugin_node]: WindPlugin: set wind_speed=1.22 wind_direction=-94.7
[gzserver-2] [INFO] [1773041420.538698406] [drone.simple_drone]: Quadrotor lands!!
[gzserver-2] [0m[1;36m[Dbg] [wind_plugin.cpp:110] [0m[1;36mWindPlugin: received command -> speed=[0m[1;36m0.651083[0m[1;36m dir=[0m[1;36m-87.0904[0m[1;36m
[gzserver-2] [0m[1;36m[Dbg] [wind_plugin.cpp:110] [0m[1;36mWindPlugin: received command -> speed=[0m[1;36m0.842778[0m[1;36m dir=[0m[1;36m-85.6888[0m[1;36m
[gzserver-2] [0m[1;36m[Dbg] [wind_plugin.cpp:110] [0m[1;36mWindPlugin: received command -> speed=[0m[1;36m1.16108[0m[1;36m dir=[0m[1;36m-85.0476[0m[1;36m
[gzserver-2] [0m[1;36m[Dbg] [wind_plugin.cpp:110] [0m[1;36mWindPlugin: received command -> speed=[0m[1;36m1.52118[0m[1;36m dir=[0m[1;36m-80.8178[0m[1;36m
[gzserver-2] [0m[1;36m[Dbg] [wind_plugin.cpp:110] [0m[1;36mWindPlugin: received command -> speed=[0m[1;36m1.20522[0m[1;36m dir=[0m[1;36m-81.6241[0m[1;36m
[gzserver-2] [0m[1;36m[Dbg] [wind_plugin.cpp:110] [0m[1;36mWindPlugin: received command -> speed=[0m[1;36m0.8687[0m[1;36m dir=[0m[1;36m-78.4818[0m[1;36m
[gzserver-2] [0m[1;36m[Dbg] [wind_plugin.cpp:110] [0m[1;36mWindPlugin: received command -> speed=[0m[1;36m0.846373[0m[1;36m dir=[0m[1;36m-83.5375[0m[1;36m
[gzserver-2] [0m[1;36m[Dbg] [wind_plugin.cpp:110] [0m[1;36mWindPlugin: received command -> speed=[0m[1;36m0.732854[0m[1;36m dir=[0m[1;36m-85.994[0m[1;36m
[gzserver-2] [0m[1;36m[Dbg] [wind_plugin.cpp:110] [0m[1;36mWindPlugin: received command -> speed=[0m[1;36m0.976221[0m[1;36m dir=[0m[1;36m-90.0568[0m[1;36m
[gzserver-2] [0m[1;36m[Dbg] [wind_plugin.cpp:110] [0m[1;36mWindPlugin: received command -> speed=[0m[1;36m0.950928[0m[1;36m dir=[0m[1;36m-92.3097[0m[1;36m
[gzserver-2] [0m[1;36m[Dbg] [wind_plugin.cpp:110] [0m[1;36mWindPlugin: received command -> speed=[0m[1;36m1.16312[0m[1;36m dir=[0m[1;36m-101.026[0m[1;36m
[gzserver-2] [0m[1;36m[Dbg] [wind_plugin.cpp:110] [0m[1;36mWindPlugin: received command -> speed=[0m[1;36m1.10868[0m[1;36m dir=[0m[1;36m-103.625[0m[1;36m
[gzserver-2] [0m[1;36m[Dbg] [wind_plugin.cpp:110] [0m[1;36mWindPlugin: received command -> speed=[0m[1;36m1.2222[0m[1;36m dir=[0m[1;36m-94.6585[0m[1;36m
[gzserver-2] [0mLanded!
