[INFO] [launch]: All log files can be found below /home/j/.ros/log/2026-03-10-11-08-33-773672-j-401509
[INFO] [launch]: Default logging verbosity is set to INFO
[INFO] [launch.user]: [bringup] Apriltag config: camera=/drone/bottom, image=/drone/bottom/image_raw, tags=/drone/bottom/tags, bridge=/landing_tag_state, standalone=true, use_target_id=true, target_id=0
[INFO] [rviz2-1]: process started with pid [401537]
[INFO] [gzserver-2]: process started with pid [401539]
[INFO] [robot_state_publisher-3]: process started with pid [401541]
[INFO] [joint_state_publisher-4]: process started with pid [401543]
[INFO] [spawn_drone-5]: process started with pid [401545]
[INFO] [static_transform_publisher-6]: process started with pid [401547]
[INFO] [joy_node-7]: process started with pid [401549]
[INFO] [teleop_joystick-8]: process started with pid [401551]
[INFO] [apriltag_detector_node-9]: process started with pid [401553]
[INFO] [apriltag_state_bridge-10]: process started with pid [401555]
[static_transform_publisher-6] [WARN] [1773108514.259286684] []: Old-style arguments are deprecated; see --help for new-style arguments
[static_transform_publisher-6] [INFO] [1773108514.268416391] [static_transform_publisher_mMcDhFcQJLPzpX6j]: Spinning until stopped - publishing transform
[static_transform_publisher-6] translation: ('0.000000', '0.000000', '0.000000')
[static_transform_publisher-6] rotation: ('0.000000', '0.000000', '0.000000', '1.000000')
[static_transform_publisher-6] from 'world' to '/drone/odom'
[robot_state_publisher-3] [INFO] [1773108514.289952761] [drone.robot_state_publisher]: got segment base_footprint
[robot_state_publisher-3] [INFO] [1773108514.290015442] [drone.robot_state_publisher]: got segment base_link
[robot_state_publisher-3] [INFO] [1773108514.290020981] [drone.robot_state_publisher]: got segment bottom_cam_link
[robot_state_publisher-3] [INFO] [1773108514.290025007] [drone.robot_state_publisher]: got segment front_cam_link
[robot_state_publisher-3] [INFO] [1773108514.290027879] [drone.robot_state_publisher]: got segment sonar_link
[teleop_joystick-8] Traceback (most recent call last):
[teleop_joystick-8]   File "/home/j/INCSL/IICC26_ws/install/sjtu_drone_control/lib/sjtu_drone_control/teleop_joystick", line 33, in <module>
[teleop_joystick-8]     sys.exit(load_entry_point('sjtu_drone_control==0.0.0', 'console_scripts', 'teleop_joystick')())
[teleop_joystick-8]   File "/home/j/INCSL/IICC26_ws/install/sjtu_drone_control/lib/sjtu_drone_control/teleop_joystick", line 22, in importlib_load_entry_point
[teleop_joystick-8]     for entry_point in distribution(dist_name).entry_points
[teleop_joystick-8]   File "/usr/lib/python3.10/importlib/metadata/__init__.py", line 969, in distribution
[teleop_joystick-8]     return Distribution.from_name(distribution_name)
[teleop_joystick-8]   File "/usr/lib/python3.10/importlib/metadata/__init__.py", line 548, in from_name
[teleop_joystick-8]     raise PackageNotFoundError(name)
[teleop_joystick-8] importlib.metadata.PackageNotFoundError: No package metadata was found for sjtu_drone_control
[apriltag_detector_node-9] [INFO] [1773108514.313449346] [apriltag_detector_node]: tag detector type: umich
[rviz2-1] 
[rviz2-1] (rviz2:401537): dbind-WARNING **: 11:08:34.316: Couldn't connect to accessibility bus: Failed to connect to socket /root/.cache/at-spi/bus_0: 허가 거부
[ERROR] [teleop_joystick-8]: process has died [pid 401551, exit code 1, cmd '/home/j/INCSL/IICC26_ws/install/sjtu_drone_control/lib/sjtu_drone_control/teleop_joystick --ros-args -r __ns:=/drone'].
[gzserver-2] Gazebo multi-robot simulator, version 11.10.2
[gzserver-2] Copyright (C) 2012 Open Source Robotics Foundation.
[gzserver-2] Released under the Apache 2 License.
[gzserver-2] http://gazebosim.org
[gzserver-2] 
[apriltag_state_bridge-10] [INFO] [1773108514.457619360] [apriltag_state_bridge]: AprilTag bridge started: /drone/bottom/tags -> /landing_tag_state, use_target_id=True, target_id=0
[joint_state_publisher-4] [INFO] [1773108514.546500037] [drone.joint_state_publisher]: Waiting for robot_description to be published on the robot_description topic...
[gzserver-2] [1;33m[Wrn] [gazebo_ros_init.cpp:178] [0m[1;33m
[gzserver-2] #     # ####### ####### ###  #####  #######
[gzserver-2] ##    # #     #    #     #  #     # #
[gzserver-2] # #   # #     #    #     #  #       #
[gzserver-2] #  #  # #     #    #     #  #       #####
[gzserver-2] #   # # #     #    #     #  #       #
[gzserver-2] #    ## #     #    #     #  #     # #
[gzserver-2] #     # #######    #    ###  #####  #######
[gzserver-2] 
[gzserver-2] This version of Gazebo, now called Gazebo classic, reaches end-of-life
[gzserver-2] in January 2025. Users are highly encouraged to migrate to the new Gazebo
[gzserver-2] using our migration guides (https://gazebosim.org/docs/latest/gazebo_classic_migration?utm_source=gazebo_ros_pkgs&utm_medium=cli)
[gzserver-2] 
[gzserver-2] [0m[1;33m
[rviz2-1] [INFO] [1773108515.421951797] [rviz2]: Stereo is NOT SUPPORTED
[rviz2-1] [INFO] [1773108515.422044697] [rviz2]: OpenGl version: 4.6 (GLSL 4.6)
[spawn_drone-5] [INFO] [1773108515.538816055] [spawn_drone]: service not available, waiting again...
[rviz2-1] [INFO] [1773108515.629328449] [rviz2]: Stereo is NOT SUPPORTED
[rviz2-1] [INFO] [1773108515.912907364] [rviz2]: Stereo is NOT SUPPORTED
[gzserver-2] [1;32m[Msg] [0m[1;32mWaiting for master.[0m[1;32m
[gzserver-2] [0m[1;32m[0m[1;32m[0m[1;32m[Msg] [0m[1;32mConnected to gazebo master @ [0m[1;32mhttp://127.0.0.1:11345[0m[1;32m
[gzserver-2] [0m[1;32m[0m[1;32m[0m[1;32m[Msg] [0m[1;32mPublicized address: [0m[1;32m172.16.52.147[0m[1;32m
[gzserver-2] [0m[1;32m[0m[1;32m[0m[1;32m[Msg] [0m[1;32mLoading world file [[0m[1;32m/home/j/INCSL/IICC26_ws/install/sjtu_drone_description/share/sjtu_drone_description/worlds/landingPad.world[0m[1;32m][0m[1;32m
[gzserver-2] [0m[1;32m[0m[1;32m[0m[1;36m[Dbg] [wind_plugin.cpp:96] [0m[1;36mWindPlugin loaded: speed=[0m[1;36m0[0m[1;36m dir=[0m[1;36m0[0m[1;36m deg area=[0m[1;36m0.1[0m[1;36m coeff=[0m[1;36m1[0m[1;36m
[gzserver-2] [0m[1;33m[0m[1;33m[0m[1;31m[Err] [Sensor.cc:510] [0m[1;31mGet noise index not valid[0m[1;31m
[gzserver-2] [0m[1;31m[0m[1;31m[0m[1;31m[Err] [Sensor.cc:510] [0m[1;31mGet noise index not valid[0m[1;31m
[gzserver-2] [0m[1;31m[0m[1;31m[0m[1;31m[Err] [Sensor.cc:510] [0m[1;31mGet noise index not valid[0m[1;31m
[gzserver-2] [0m[1;31m[0m[1;31m[0m[1;31m[Err] [Sensor.cc:510] [0m[1;31mGet noise index not valid[0m[1;31m
[gzserver-2] [0m[1;31m[0m[1;31m[0m[1;31m[Err] [Sensor.cc:510] [0m[1;31mGet noise index not valid[0m[1;31m
[gzserver-2] [0m[1;31m[0m[1;31m[0m[1;31m[Err] [Sensor.cc:510] [0m[1;31mGet noise index not valid[0m[1;31m
[gzserver-2] [0m[1;31m[0m[1;31m[0mTopic [default//drone/base_footprint/down_camera/image] is not valid.
[gzserver-2] [INFO] [1773108516.184330540] [drone.collision_plugin]: Publishing contact states to [/drone/bumper_states]
[gzserver-2] Topic [default//drone/base_footprint/front_camera/image] is not valid.
[gzserver-2] [1;33m[Wrn] [Event.cc:61] [0m[1;33mWarning: Deleting a connection right after creation. [0m[1;33mMake sure to save the ConnectionPtr from a Connect call
[gzserver-2] [0m[INFO] [1773108516.744614156] [drone.camera_bottom]: Publishing camera info to [/drone/bottom/camera_info]
[gzserver-2] [INFO] [1773108516.747996972] [drone.camera_front]: Publishing camera info to [/drone/front/camera_info]
[spawn_drone-5] [INFO] [1773108516.749460788] [spawn_drone]: Result True SpawnEntity: Successfully spawned entity [/drone]
[gzserver-2] [INFO] [1773108516.871261058] [drone.simple_drone]: The drone plugin is loading!
[gzserver-2] [INFO] [1773108516.871466854] [drone.simple_drone]: pub_odom: 1
[gzserver-2] [INFO] [1773108516.871500516] [drone.simple_drone]: Using following parameters: 
[gzserver-2] 		link_name: base_footprint,
[gzserver-2] 		max_force: 30,
[gzserver-2] 		motion_small_noise: 0,
[gzserver-2] 		motion_drift_noise: 0,
[gzserver-2] 		motion_drift_noise_time: 50,
[gzserver-2] 		takeoff_hover_height: 2.43,
[gzserver-2] 		takeoff_vertical_speed: 0.2
[gzserver-2] [INFO] [1773108516.883875272] [drone.simple_drone]: Using the PID parameters: 
[gzserver-2] 	Roll Pitch:
[gzserver-2] 		kP: 10, kI: 0,kD: 5, Limit: 0.5, Time Constant: 0
[gzserver-2] 	Yaw:
[gzserver-2] 		kP: 2, kI: 0,kD: 1, Limit: 1.5, Time Constant: 0
[gzserver-2] 	Velocity X:
[gzserver-2] 		kP: 5, kI: 0,kD: 2.3, Limit: 2, Time Constant: 0
[gzserver-2] 	Velocity Y:
[gzserver-2] 		kP: 5, kI: 0,kD: 2.3, Limit: 2, Time Constant: 0
[gzserver-2] 	Velocity Z:
[gzserver-2] 		kP: 5, kI: 0,kD: 1, Limit: -1, Time Constant: 0
[gzserver-2] 	Position XY:
[gzserver-2] 		kP: 1.1, kI: 0,kD: 0, Limit: 5, Time Constant: 0
[gzserver-2] 	Position Z:
[gzserver-2] 		kP: 1, kI: 0,kD: 0.2, Limit: -1, Time Constant: 0
[gzserver-2] [INFO] [1773108516.884014392] [drone.simple_drone]: The drone plugin finished loading!
[INFO] [spawn_drone-5]: process has finished cleanly [pid 401545]
[gzserver-2] [INFO] [1773108523.589287728] [gazebo_wind_plugin_node]: WindPlugin: set wind_speed=0.00 wind_direction=0.0
[gzserver-2] [INFO] [1773108523.863744460] [gazebo_wind_plugin_node]: WindPlugin: set wind_speed=0.00 wind_direction=0.0
[gzserver-2] [INFO] [1773108523.905063677] [drone.simple_drone]: Quadrotor takes off!!
[gzserver-2] [INFO] [1773108524.107082895] [gazebo_wind_plugin_node]: WindPlugin: set wind_speed=0.00 wind_direction=0.0
[gzserver-2] [INFO] [1773108524.377785982] [gazebo_wind_plugin_node]: WindPlugin: set wind_speed=0.00 wind_direction=0.0
[gzserver-2] [INFO] [1773108524.607727897] [gazebo_wind_plugin_node]: WindPlugin: set wind_speed=0.00 wind_direction=0.0
[gzserver-2] [INFO] [1773108524.843455356] [gazebo_wind_plugin_node]: WindPlugin: set wind_speed=0.00 wind_direction=0.0
[gzserver-2] [INFO] [1773108525.078595824] [gazebo_wind_plugin_node]: WindPlugin: set wind_speed=0.00 wind_direction=0.0
[gzserver-2] [INFO] [1773108525.319515270] [gazebo_wind_plugin_node]: WindPlugin: set wind_speed=0.00 wind_direction=0.0
[gzserver-2] [INFO] [1773108525.560939402] [gazebo_wind_plugin_node]: WindPlugin: set wind_speed=0.00 wind_direction=0.0
[gzserver-2] [0m[1;36m[Dbg] [wind_plugin.cpp:110] [0m[1;36mWindPlugin: received command -> speed=[0m[1;36m0[0m[1;36m dir=[0m[1;36m0[0m[1;36m
[gzserver-2] [0m[1;36m[Dbg] [wind_plugin.cpp:110] [0m[1;36mWindPlugin: received command -> speed=[0m[1;36m0[0m[1;36m dir=[0m[1;36m0[0m[1;36m
[gzserver-2] [0m[1;36m[Dbg] [wind_plugin.cpp:110] [0m[1;36mWindPlugin: received command -> speed=[0m[1;36m0[0m[1;36m dir=[0m[1;36m0[0m[1;36m
[gzserver-2] [0m[1;36m[Dbg] [wind_plugin.cpp:110] [0m[1;36mWindPlugin: received command -> speed=[0m[1;36m0[0m[1;36m dir=[0m[1;36m0[0m[1;36m
[gzserver-2] [0m[1;36m[Dbg] [wind_plugin.cpp:110] [0m[1;36mWindPlugin: received command -> speed=[0m[1;36m0[0m[1;36m dir=[0m[1;36m0[0m[1;36m
[gzserver-2] [0m[1;36m[Dbg] [wind_plugin.cpp:110] [0m[1;36mWindPlugin: received command -> speed=[0m[1;36m0[0m[1;36m dir=[0m[1;36m0[0m[1;36m
[gzserver-2] [0m[1;36m[Dbg] [wind_plugin.cpp:110] [0m[1;36mWindPlugin: received command -> speed=[0m[1;36m0[0m[1;36m dir=[0m[1;36m0[0m[1;36m
[gzserver-2] [0m[1;36m[Dbg] [wind_plugin.cpp:110] [0m[1;36mWindPlugin: received command -> speed=[0m[1;36m0[0m[1;36m dir=[0m[1;36m0[0m[1;36m
[gzserver-2] [0m[1;36m[Dbg] [wind_plugin.cpp:110] [0m[1;36mWindPlugin: received command -> speed=[0m[1;36m0[0m[1;36m dir=[0m[1;36m0[0m[1;36m
[gzserver-2] [0mEntering flying model!
[gzserver-2] [INFO] [1773108525.794845250] [gazebo_wind_plugin_node]: WindPlugin: set wind_speed=0.00 wind_direction=0.0
[gzserver-2] [INFO] [1773108526.029846066] [gazebo_wind_plugin_node]: WindPlugin: set wind_speed=2.09 wind_direction=-71.0
[gzserver-2] [INFO] [1773108526.263807086] [gazebo_wind_plugin_node]: WindPlugin: set wind_speed=2.04 wind_direction=-74.0
[gzserver-2] [INFO] [1773108526.493584254] [gazebo_wind_plugin_node]: WindPlugin: set wind_speed=2.04 wind_direction=-74.0
[gzserver-2] [INFO] [1773108526.732766132] [gazebo_wind_plugin_node]: WindPlugin: set wind_speed=2.04 wind_direction=-74.0
[gzserver-2] [INFO] [1773108526.974869534] [gazebo_wind_plugin_node]: WindPlugin: set wind_speed=2.04 wind_direction=-74.0
[gzserver-2] [INFO] [1773108527.214490578] [gazebo_wind_plugin_node]: WindPlugin: set wind_speed=2.16 wind_direction=-75.9
[gzserver-2] [INFO] [1773108527.454298699] [gazebo_wind_plugin_node]: WindPlugin: set wind_speed=2.16 wind_direction=-75.9
[gzserver-2] [INFO] [1773108527.691270420] [gazebo_wind_plugin_node]: WindPlugin: set wind_speed=2.16 wind_direction=-75.9
[gzserver-2] [INFO] [1773108527.930881188] [gazebo_wind_plugin_node]: WindPlugin: set wind_speed=2.16 wind_direction=-75.9
[gzserver-2] [INFO] [1773108528.170288206] [gazebo_wind_plugin_node]: WindPlugin: set wind_speed=2.23 wind_direction=-72.1
[gzserver-2] [INFO] [1773108528.403904856] [gazebo_wind_plugin_node]: WindPlugin: set wind_speed=2.23 wind_direction=-72.1
[gzserver-2] [INFO] [1773108528.638395844] [gazebo_wind_plugin_node]: WindPlugin: set wind_speed=2.23 wind_direction=-72.1
[gzserver-2] [INFO] [1773108528.875140233] [gazebo_wind_plugin_node]: WindPlugin: set wind_speed=2.23 wind_direction=-72.1
[gzserver-2] [INFO] [1773108529.116864296] [gazebo_wind_plugin_node]: WindPlugin: set wind_speed=2.12 wind_direction=-73.9
[gzserver-2] [INFO] [1773108529.362953502] [gazebo_wind_plugin_node]: WindPlugin: set wind_speed=2.12 wind_direction=-73.9
[gzserver-2] [INFO] [1773108529.617289460] [gazebo_wind_plugin_node]: WindPlugin: set wind_speed=2.12 wind_direction=-73.9
[gzserver-2] [INFO] [1773108529.864518702] [gazebo_wind_plugin_node]: WindPlugin: set wind_speed=2.12 wind_direction=-73.9
[gzserver-2] [INFO] [1773108530.104081617] [gazebo_wind_plugin_node]: WindPlugin: set wind_speed=2.13 wind_direction=-72.4
[gzserver-2] [INFO] [1773108530.339152065] [gazebo_wind_plugin_node]: WindPlugin: set wind_speed=2.13 wind_direction=-72.4
[gzserver-2] [INFO] [1773108530.574416640] [gazebo_wind_plugin_node]: WindPlugin: set wind_speed=2.13 wind_direction=-72.4
[gzserver-2] [INFO] [1773108530.804593870] [gazebo_wind_plugin_node]: WindPlugin: set wind_speed=2.13 wind_direction=-72.4
[gzserver-2] [INFO] [1773108531.041576827] [gazebo_wind_plugin_node]: WindPlugin: set wind_speed=2.13 wind_direction=-72.4
[gzserver-2] [INFO] [1773108531.286630100] [gazebo_wind_plugin_node]: WindPlugin: set wind_speed=2.20 wind_direction=-71.4
[gzserver-2] [INFO] [1773108531.526715390] [gazebo_wind_plugin_node]: WindPlugin: set wind_speed=2.20 wind_direction=-71.4
[gzserver-2] [INFO] [1773108531.565571939] [drone.simple_drone]: Quadrotor lands!!
[gzserver-2] [INFO] [1773108531.766930512] [gazebo_wind_plugin_node]: WindPlugin: set wind_speed=2.20 wind_direction=-71.4
[gzserver-2] [INFO] [1773108532.006039377] [gazebo_wind_plugin_node]: WindPlugin: set wind_speed=2.20 wind_direction=-71.4
[gzserver-2] [1;36m[Dbg] [wind_plugin.cpp:110] [0m[1;36mWindPlugin: received command -> speed=[0m[1;36m0[0m[1;36m dir=[0m[1;36m0[0m[1;36m
[gzserver-2] [0m[1;36m[Dbg] [wind_plugin.cpp:110] [0m[1;36mWindPlugin: received command -> speed=[0m[1;36m2.09348[0m[1;36m dir=[0m[1;36m-71.009[0m[1;36m
[gzserver-2] [0m[1;36m[Dbg] [wind_plugin.cpp:110] [0m[1;36mWindPlugin: received command -> speed=[0m[1;36m2.03743[0m[1;36m dir=[0m[1;36m-73.9714[0m[1;36m
[gzserver-2] [0m[1;36m[Dbg] [wind_plugin.cpp:110] [0m[1;36mWindPlugin: received command -> speed=[0m[1;36m2.03743[0m[1;36m dir=[0m[1;36m-73.9714[0m[1;36m
[gzserver-2] [0m[1;36m[Dbg] [wind_plugin.cpp:110] [0m[1;36mWindPlugin: received command -> speed=[0m[1;36m2.03743[0m[1;36m dir=[0m[1;36m-73.9714[0m[1;36m
[gzserver-2] [0m[1;36m[Dbg] [wind_plugin.cpp:110] [0m[1;36mWindPlugin: received command -> speed=[0m[1;36m2.03743[0m[1;36m dir=[0m[1;36m-73.9714[0m[1;36m
[gzserver-2] [0m[1;36m[Dbg] [wind_plugin.cpp:110] [0m[1;36mWindPlugin: received command -> speed=[0m[1;36m2.16287[0m[1;36m dir=[0m[1;36m-75.9117[0m[1;36m
[gzserver-2] [0m[1;36m[Dbg] [wind_plugin.cpp:110] [0m[1;36mWindPlugin: received command -> speed=[0m[1;36m2.16287[0m[1;36m dir=[0m[1;36m-75.9117[0m[1;36m
[gzserver-2] [0m[1;36m[Dbg] [wind_plugin.cpp:110] [0m[1;36mWindPlugin: received command -> speed=[0m[1;36m2.16287[0m[1;36m dir=[0m[1;36m-75.9117[0m[1;36m
[gzserver-2] [0m[1;36m[Dbg] [wind_plugin.cpp:110] [0m[1;36mWindPlugin: received command -> speed=[0m[1;36m2.16287[0m[1;36m dir=[0m[1;36m-75.9117[0m[1;36m
[gzserver-2] [0m[1;36m[Dbg] [wind_plugin.cpp:110] [0m[1;36mWindPlugin: received command -> speed=[0m[1;36m2.22876[0m[1;36m dir=[0m[1;36m-72.1155[0m[1;36m
[gzserver-2] [0m[1;36m[Dbg] [wind_plugin.cpp:110] [0m[1;36mWindPlugin: received command -> speed=[0m[1;36m2.22876[0m[1;36m dir=[0m[1;36m-72.1155[0m[1;36m
[gzserver-2] [0m[1;36m[Dbg] [wind_plugin.cpp:110] [0m[1;36mWindPlugin: received command -> speed=[0m[1;36m2.22876[0m[1;36m dir=[0m[1;36m-72.1155[0m[1;36m
[gzserver-2] [0m[1;36m[Dbg] [wind_plugin.cpp:110] [0m[1;36mWindPlugin: received command -> speed=[0m[1;36m2.22876[0m[1;36m dir=[0m[1;36m-72.1155[0m[1;36m
[gzserver-2] [0m[1;36m[Dbg] [wind_plugin.cpp:110] [0m[1;36mWindPlugin: received command -> speed=[0m[1;36m2.11643[0m[1;36m dir=[0m[1;36m-73.8649[0m[1;36m
[gzserver-2] [0m[1;36m[Dbg] [wind_plugin.cpp:110] [0m[1;36mWindPlugin: received command -> speed=[0m[1;36m2.11643[0m[1;36m dir=[0m[1;36m-73.8649[0m[1;36m
[gzserver-2] [0m[1;36m[Dbg] [wind_plugin.cpp:110] [0m[1;36mWindPlugin: received command -> speed=[0m[1;36m2.11643[0m[1;36m dir=[0m[1;36m-73.8649[0m[1;36m
[gzserver-2] [0m[1;36m[Dbg] [wind_plugin.cpp:110] [0m[1;36mWindPlugin: received command -> speed=[0m[1;36m2.11643[0m[1;36m dir=[0m[1;36m-73.8649[0m[1;36m
[gzserver-2] [0m[1;36m[Dbg] [wind_plugin.cpp:110] [0m[1;36mWindPlugin: received command -> speed=[0m[1;36m2.12954[0m[1;36m dir=[0m[1;36m-72.438[0m[1;36m
[gzserver-2] [0m[1;36m[Dbg] [wind_plugin.cpp:110] [0m[1;36mWindPlugin: received command -> speed=[0m[1;36m2.12954[0m[1;36m dir=[0m[1;36m-72.438[0m[1;36m
[gzserver-2] [0m[1;36m[Dbg] [wind_plugin.cpp:110] [0m[1;36mWindPlugin: received command -> speed=[0m[1;36m2.12954[0m[1;36m dir=[0m[1;36m-72.438[0m[1;36m
[gzserver-2] [0m[1;36m[Dbg] [wind_plugin.cpp:110] [0m[1;36mWindPlugin: received command -> speed=[0m[1;36m2.12954[0m[1;36m dir=[0m[1;36m-72.438[0m[1;36m
[gzserver-2] [0m[1;36m[Dbg] [wind_plugin.cpp:110] [0m[1;36mWindPlugin: received command -> speed=[0m[1;36m2.12954[0m[1;36m dir=[0m[1;36m-72.438[0m[1;36m
[gzserver-2] [0m[1;36m[Dbg] [wind_plugin.cpp:110] [0m[1;36mWindPlugin: received command -> speed=[0m[1;36m2.1966[0m[1;36m dir=[0m[1;36m-71.4316[0m[1;36m
[gzserver-2] [0m[1;36m[Dbg] [wind_plugin.cpp:110] [0m[1;36mWindPlugin: received command -> speed=[0m[1;36m2.1966[0m[1;36m dir=[0m[1;36m-71.4316[0m[1;36m
[gzserver-2] [0m[1;36m[Dbg] [wind_plugin.cpp:110] [0m[1;36mWindPlugin: received command -> speed=[0m[1;36m2.1966[0m[1;36m dir=[0m[1;36m-71.4316[0m[1;36m
[gzserver-2] [INFO] [1773108532.246182448] [gazebo_wind_plugin_node]: WindPlugin: set wind_speed=2.01 wind_direction=-72.6
[gzserver-2] [INFO] [1773108532.486309927] [gazebo_wind_plugin_node]: WindPlugin: set wind_speed=2.01 wind_direction=-72.6
[gzserver-2] [0m[1;36m[Dbg] [wind_plugin.cpp:110] [0m[1;36mWindPlugin: received command -> speed=[0m[1;36m2.1966[0m[1;36m dir=[0m[1;36m-71.4316[0m[1;36m
[gzserver-2] [0m[1;36m[Dbg] [wind_plugin.cpp:110] [0m[1;36mWindPlugin: received command -> speed=[0m[1;36m2.01289[0m[1;36m dir=[0m[1;36m-72.6382[0m[1;36m
[gzserver-2] [0m[1;36m[Dbg] [wind_plugin.cpp:110] [0m[1;36mWindPlugin: received command -> speed=[0m[1;36m2.01289[0m[1;36m dir=[0m[1;36m-72.6382[0m[1;36m
[gzserver-2] [0mLanded!
[gzserver-2] [INFO] [1773108532.725888153] [gazebo_wind_plugin_node]: WindPlugin: set wind_speed=2.01 wind_direction=-72.6
[gzserver-2] [INFO] [1773108532.965727352] [gazebo_wind_plugin_node]: WindPlugin: set wind_speed=2.01 wind_direction=-72.6
[gzserver-2] [INFO] [1773108533.205690369] [gazebo_wind_plugin_node]: WindPlugin: set wind_speed=2.30 wind_direction=-70.4
[gzserver-2] [INFO] [1773108533.440690851] [gazebo_wind_plugin_node]: WindPlugin: set wind_speed=2.30 wind_direction=-70.4
[gzserver-2] [INFO] [1773108533.676822006] [gazebo_wind_plugin_node]: WindPlugin: set wind_speed=2.30 wind_direction=-70.4
[gzserver-2] [INFO] [1773108533.916203111] [gazebo_wind_plugin_node]: WindPlugin: set wind_speed=2.30 wind_direction=-70.4
[gzserver-2] [INFO] [1773108534.155739561] [gazebo_wind_plugin_node]: WindPlugin: set wind_speed=2.24 wind_direction=-74.3
[gzserver-2] [INFO] [1773108534.395447263] [gazebo_wind_plugin_node]: WindPlugin: set wind_speed=2.24 wind_direction=-74.3
