[INFO] [launch]: All log files can be found below /home/j/.ros/log/2026-03-10-11-07-44-900211-j-394012
[INFO] [launch]: Default logging verbosity is set to INFO
[INFO] [launch.user]: [bringup] Apriltag config: camera=/drone/bottom, image=/drone/bottom/image_raw, tags=/drone/bottom/tags, bridge=/landing_tag_state, standalone=true, use_target_id=true, target_id=0
[INFO] [rviz2-1]: process started with pid [394018]
[INFO] [gzserver-2]: process started with pid [394020]
[INFO] [robot_state_publisher-3]: process started with pid [394022]
[INFO] [joint_state_publisher-4]: process started with pid [394024]
[INFO] [spawn_drone-5]: process started with pid [394026]
[INFO] [static_transform_publisher-6]: process started with pid [394028]
[INFO] [joy_node-7]: process started with pid [394030]
[INFO] [teleop_joystick-8]: process started with pid [394032]
[INFO] [apriltag_detector_node-9]: process started with pid [394034]
[INFO] [apriltag_state_bridge-10]: process started with pid [394036]
[static_transform_publisher-6] [WARN] [1773108465.384506139] []: Old-style arguments are deprecated; see --help for new-style arguments
[static_transform_publisher-6] [INFO] [1773108465.390167464] [static_transform_publisher_0vAXBQV8nWF2skBf]: Spinning until stopped - publishing transform
[static_transform_publisher-6] translation: ('0.000000', '0.000000', '0.000000')
[static_transform_publisher-6] rotation: ('0.000000', '0.000000', '0.000000', '1.000000')
[static_transform_publisher-6] from 'world' to '/drone/odom'
[robot_state_publisher-3] [INFO] [1773108465.409722360] [drone.robot_state_publisher]: got segment base_footprint
[robot_state_publisher-3] [INFO] [1773108465.409793885] [drone.robot_state_publisher]: got segment base_link
[robot_state_publisher-3] [INFO] [1773108465.409799925] [drone.robot_state_publisher]: got segment bottom_cam_link
[robot_state_publisher-3] [INFO] [1773108465.409803209] [drone.robot_state_publisher]: got segment front_cam_link
[robot_state_publisher-3] [INFO] [1773108465.409806103] [drone.robot_state_publisher]: got segment sonar_link
[teleop_joystick-8] Traceback (most recent call last):
[teleop_joystick-8]   File "/home/j/INCSL/IICC26_ws/install/sjtu_drone_control/lib/sjtu_drone_control/teleop_joystick", line 33, in <module>
[teleop_joystick-8]     sys.exit(load_entry_point('sjtu_drone_control==0.0.0', 'console_scripts', 'teleop_joystick')())
[teleop_joystick-8]   File "/home/j/INCSL/IICC26_ws/install/sjtu_drone_control/lib/sjtu_drone_control/teleop_joystick", line 22, in importlib_load_entry_point
[teleop_joystick-8]     for entry_point in distribution(dist_name).entry_points
[teleop_joystick-8]   File "/usr/lib/python3.10/importlib/metadata/__init__.py", line 969, in distribution
[teleop_joystick-8]     return Distribution.from_name(distribution_name)
[teleop_joystick-8]   File "/usr/lib/python3.10/importlib/metadata/__init__.py", line 548, in from_name
[teleop_joystick-8]     raise PackageNotFoundError(name)
[teleop_joystick-8] importlib.metadata.PackageNotFoundError: No package metadata was found for sjtu_drone_control
[apriltag_detector_node-9] [INFO] [1773108465.437313736] [apriltag_detector_node]: tag detector type: umich
[ERROR] [teleop_joystick-8]: process has died [pid 394032, exit code 1, cmd '/home/j/INCSL/IICC26_ws/install/sjtu_drone_control/lib/sjtu_drone_control/teleop_joystick --ros-args -r __ns:=/drone'].
[rviz2-1] 
[rviz2-1] (rviz2:394018): dbind-WARNING **: 11:07:45.441: Couldn't connect to accessibility bus: Failed to connect to socket /root/.cache/at-spi/bus_0: 허가 거부
[gzserver-2] Gazebo multi-robot simulator, version 11.10.2
[gzserver-2] Copyright (C) 2012 Open Source Robotics Foundation.
[gzserver-2] Released under the Apache 2 License.
[gzserver-2] http://gazebosim.org
[gzserver-2] 
[apriltag_state_bridge-10] [INFO] [1773108465.634967504] [apriltag_state_bridge]: AprilTag bridge started: /drone/bottom/tags -> /landing_tag_state, use_target_id=True, target_id=0
[joint_state_publisher-4] [INFO] [1773108465.651024135] [drone.joint_state_publisher]: Waiting for robot_description to be published on the robot_description topic...
[gzserver-2] [1;33m[Wrn] [gazebo_ros_init.cpp:178] [0m[1;33m
[gzserver-2] #     # ####### ####### ###  #####  #######
[gzserver-2] ##    # #     #    #     #  #     # #
[gzserver-2] # #   # #     #    #     #  #       #
[gzserver-2] #  #  # #     #    #     #  #       #####
[gzserver-2] #   # # #     #    #     #  #       #
[gzserver-2] #    ## #     #    #     #  #     # #
[gzserver-2] #     # #######    #    ###  #####  #######
[gzserver-2] 
[gzserver-2] This version of Gazebo, now called Gazebo classic, reaches end-of-life
[gzserver-2] in January 2025. Users are highly encouraged to migrate to the new Gazebo
[gzserver-2] using our migration guides (https://gazebosim.org/docs/latest/gazebo_classic_migration?utm_source=gazebo_ros_pkgs&utm_medium=cli)
[gzserver-2] 
[gzserver-2] [0m[1;33m
[rviz2-1] [INFO] [1773108466.514462129] [rviz2]: Stereo is NOT SUPPORTED
[rviz2-1] [INFO] [1773108466.514555864] [rviz2]: OpenGl version: 4.6 (GLSL 4.6)
[rviz2-1] [INFO] [1773108466.622212705] [rviz2]: Stereo is NOT SUPPORTED
[spawn_drone-5] [INFO] [1773108466.642165514] [spawn_drone]: service not available, waiting again...
[rviz2-1] [INFO] [1773108466.955734565] [rviz2]: Stereo is NOT SUPPORTED
[gzserver-2] [1;32m[Msg] [0m[1;32mWaiting for master.[0m[1;32m
[gzserver-2] [0m[1;32m[0m[1;32m[0m[1;32m[Msg] [0m[1;32mConnected to gazebo master @ [0m[1;32mhttp://127.0.0.1:11345[0m[1;32m
[gzserver-2] [0m[1;32m[0m[1;32m[0m[1;32m[Msg] [0m[1;32mPublicized address: [0m[1;32m172.16.52.147[0m[1;32m
[gzserver-2] [0m[1;32m[0m[1;32m[0m[1;32m[Msg] [0m[1;32mLoading world file [[0m[1;32m/home/j/INCSL/IICC26_ws/install/sjtu_drone_description/share/sjtu_drone_description/worlds/landingPad.world[0m[1;32m][0m[1;32m
[gzserver-2] [0m[1;32m[0m[1;32m[0m[1;36m[Dbg] [wind_plugin.cpp:96] [0m[1;36mWindPlugin loaded: speed=[0m[1;36m0[0m[1;36m dir=[0m[1;36m0[0m[1;36m deg area=[0m[1;36m0.1[0m[1;36m coeff=[0m[1;36m1[0m[1;36m
[gzserver-2] [0m[1;33m[0m[1;33m[0m[1;31m[Err] [Sensor.cc:510] [0m[1;31mGet noise index not valid[0m[1;31m
[gzserver-2] [0m[1;31m[0m[1;31m[0m[1;31m[Err] [Sensor.cc:510] [0m[1;31mGet noise index not valid[0m[1;31m
[gzserver-2] [0m[1;31m[0m[1;31m[0m[1;31m[Err] [Sensor.cc:510] [0m[1;31mGet noise index not valid[0m[1;31m
[gzserver-2] [0m[1;31m[0m[1;31m[0m[1;31m[Err] [Sensor.cc:510] [0m[1;31mGet noise index not valid[0m[1;31m
[gzserver-2] [0m[1;31m[0m[1;31m[0m[1;31m[Err] [Sensor.cc:510] [0m[1;31mGet noise index not valid[0m[1;31m
[gzserver-2] [0m[1;31m[0m[1;31m[0m[1;31m[Err] [Sensor.cc:510] [0m[1;31mGet noise index not valid[0m[1;31m
[gzserver-2] [0m[1;31m[0m[1;31m[0mTopic [default//drone/base_footprint/down_camera/image] is not valid.
[gzserver-2] [INFO] [1773108467.381925348] [drone.collision_plugin]: Publishing contact states to [/drone/bumper_states]
[gzserver-2] Topic [default//drone/base_footprint/front_camera/image] is not valid.
[gzserver-2] [1;33m[Wrn] [Event.cc:61] [0m[1;33mWarning: Deleting a connection right after creation. [0m[1;33mMake sure to save the ConnectionPtr from a Connect call
[gzserver-2] [0m[INFO] [1773108467.768767868] [drone.camera_bottom]: Publishing camera info to [/drone/bottom/camera_info]
[gzserver-2] [INFO] [1773108467.772647766] [drone.camera_front]: Publishing camera info to [/drone/front/camera_info]
[spawn_drone-5] [INFO] [1773108467.773987808] [spawn_drone]: Result True SpawnEntity: Successfully spawned entity [/drone]
[gzserver-2] [INFO] [1773108467.896336730] [drone.simple_drone]: The drone plugin is loading!
[gzserver-2] [INFO] [1773108467.896545705] [drone.simple_drone]: pub_odom: 1
[gzserver-2] [INFO] [1773108467.896582606] [drone.simple_drone]: Using following parameters: 
[gzserver-2] 		link_name: base_footprint,
[gzserver-2] 		max_force: 30,
[gzserver-2] 		motion_small_noise: 0,
[gzserver-2] 		motion_drift_noise: 0,
[gzserver-2] 		motion_drift_noise_time: 50,
[gzserver-2] 		takeoff_hover_height: 2.45,
[gzserver-2] 		takeoff_vertical_speed: 0.2
[gzserver-2] [INFO] [1773108467.908732026] [drone.simple_drone]: Using the PID parameters: 
[gzserver-2] 	Roll Pitch:
[gzserver-2] 		kP: 10, kI: 0,kD: 5, Limit: 0.5, Time Constant: 0
[gzserver-2] 	Yaw:
[gzserver-2] 		kP: 2, kI: 0,kD: 1, Limit: 1.5, Time Constant: 0
[gzserver-2] 	Velocity X:
[gzserver-2] 		kP: 5, kI: 0,kD: 2.3, Limit: 2, Time Constant: 0
[gzserver-2] 	Velocity Y:
[gzserver-2] 		kP: 5, kI: 0,kD: 2.3, Limit: 2, Time Constant: 0
[gzserver-2] 	Velocity Z:
[gzserver-2] 		kP: 5, kI: 0,kD: 1, Limit: -1, Time Constant: 0
[gzserver-2] 	Position XY:
[gzserver-2] 		kP: 1.1, kI: 0,kD: 0, Limit: 5, Time Constant: 0
[gzserver-2] 	Position Z:
[gzserver-2] 		kP: 1, kI: 0,kD: 0.2, Limit: -1, Time Constant: 0
[gzserver-2] [INFO] [1773108467.908878145] [drone.simple_drone]: The drone plugin finished loading!
[INFO] [spawn_drone-5]: process has finished cleanly [pid 394026]
[gzserver-2] [INFO] [1773108474.726618982] [gazebo_wind_plugin_node]: WindPlugin: set wind_speed=0.00 wind_direction=0.0
[gzserver-2] [INFO] [1773108475.000654212] [gazebo_wind_plugin_node]: WindPlugin: set wind_speed=0.00 wind_direction=0.0
[gzserver-2] [INFO] [1773108475.039075889] [drone.simple_drone]: Quadrotor takes off!!
[gzserver-2] [INFO] [1773108475.240267899] [gazebo_wind_plugin_node]: WindPlugin: set wind_speed=0.00 wind_direction=0.0
[gzserver-2] [INFO] [1773108475.475175237] [gazebo_wind_plugin_node]: WindPlugin: set wind_speed=0.00 wind_direction=0.0
[gzserver-2] [INFO] [1773108475.712231053] [gazebo_wind_plugin_node]: WindPlugin: set wind_speed=0.00 wind_direction=0.0
[gzserver-2] [INFO] [1773108476.040637649] [gazebo_wind_plugin_node]: WindPlugin: set wind_speed=0.00 wind_direction=0.0
[gzserver-2] [INFO] [1773108476.280199250] [gazebo_wind_plugin_node]: WindPlugin: set wind_speed=0.00 wind_direction=0.0
[gzserver-2] [INFO] [1773108476.515758499] [gazebo_wind_plugin_node]: WindPlugin: set wind_speed=0.00 wind_direction=0.0
[gzserver-2] [INFO] [1773108476.749425016] [gazebo_wind_plugin_node]: WindPlugin: set wind_speed=0.00 wind_direction=0.0
[gzserver-2] [0m[1;36m[Dbg] [wind_plugin.cpp:110] [0m[1;36mWindPlugin: received command -> speed=[0m[1;36m0[0m[1;36m dir=[0m[1;36m0[0m[1;36m
[gzserver-2] [0m[1;36m[Dbg] [wind_plugin.cpp:110] [0m[1;36mWindPlugin: received command -> speed=[0m[1;36m0[0m[1;36m dir=[0m[1;36m0[0m[1;36m
[gzserver-2] [0m[1;36m[Dbg] [wind_plugin.cpp:110] [0m[1;36mWindPlugin: received command -> speed=[0m[1;36m0[0m[1;36m dir=[0m[1;36m0[0m[1;36m
[gzserver-2] [0m[1;36m[Dbg] [wind_plugin.cpp:110] [0m[1;36mWindPlugin: received command -> speed=[0m[1;36m0[0m[1;36m dir=[0m[1;36m0[0m[1;36m
[gzserver-2] [0m[1;36m[Dbg] [wind_plugin.cpp:110] [0m[1;36mWindPlugin: received command -> speed=[0m[1;36m0[0m[1;36m dir=[0m[1;36m0[0m[1;36m
[gzserver-2] [0m[1;36m[Dbg] [wind_plugin.cpp:110] [0m[1;36mWindPlugin: received command -> speed=[0m[1;36m0[0m[1;36m dir=[0m[1;36m0[0m[1;36m
[gzserver-2] [0m[1;36m[Dbg] [wind_plugin.cpp:110] [0m[1;36mWindPlugin: received command -> speed=[0m[1;36m0[0m[1;36m dir=[0m[1;36m0[0m[1;36m
[gzserver-2] [0m[1;36m[Dbg] [wind_plugin.cpp:110] [0m[1;36mWindPlugin: received command -> speed=[0m[1;36m0[0m[1;36m dir=[0m[1;36m0[0m[1;36m
[gzserver-2] [0m[1;36m[Dbg] [wind_plugin.cpp:110] [0m[1;36mWindPlugin: received command -> speed=[0m[1;36m0[0m[1;36m dir=[0m[1;36m0[0m[1;36m
[gzserver-2] [0mEntering flying model!
[gzserver-2] [INFO] [1773108476.989177527] [gazebo_wind_plugin_node]: WindPlugin: set wind_speed=0.00 wind_direction=0.0
[gzserver-2] [INFO] [1773108477.229569900] [gazebo_wind_plugin_node]: WindPlugin: set wind_speed=0.90 wind_direction=-110.3
[gzserver-2] [INFO] [1773108477.458779106] [gazebo_wind_plugin_node]: WindPlugin: set wind_speed=0.90 wind_direction=-110.3
[gzserver-2] [INFO] [1773108477.689260952] [gazebo_wind_plugin_node]: WindPlugin: set wind_speed=0.90 wind_direction=-110.3
[gzserver-2] [INFO] [1773108477.931472815] [gazebo_wind_plugin_node]: WindPlugin: set wind_speed=0.90 wind_direction=-110.3
[gzserver-2] [INFO] [1773108478.160250154] [gazebo_wind_plugin_node]: WindPlugin: set wind_speed=0.90 wind_direction=-110.3
[gzserver-2] [INFO] [1773108478.395088308] [gazebo_wind_plugin_node]: WindPlugin: set wind_speed=1.20 wind_direction=-109.5
[gzserver-2] [INFO] [1773108478.634854219] [gazebo_wind_plugin_node]: WindPlugin: set wind_speed=1.20 wind_direction=-109.5
[gzserver-2] [INFO] [1773108478.863557869] [gazebo_wind_plugin_node]: WindPlugin: set wind_speed=1.20 wind_direction=-109.5
[gzserver-2] [INFO] [1773108479.098052272] [gazebo_wind_plugin_node]: WindPlugin: set wind_speed=1.20 wind_direction=-109.5
[gzserver-2] [INFO] [1773108479.337491727] [gazebo_wind_plugin_node]: WindPlugin: set wind_speed=0.97 wind_direction=-111.4
[gzserver-2] [INFO] [1773108479.577033968] [gazebo_wind_plugin_node]: WindPlugin: set wind_speed=0.97 wind_direction=-111.4
[gzserver-2] [INFO] [1773108479.812013549] [gazebo_wind_plugin_node]: WindPlugin: set wind_speed=0.97 wind_direction=-111.4
[gzserver-2] [INFO] [1773108480.051443839] [gazebo_wind_plugin_node]: WindPlugin: set wind_speed=0.97 wind_direction=-111.4
[gzserver-2] [INFO] [1773108480.290998359] [gazebo_wind_plugin_node]: WindPlugin: set wind_speed=1.08 wind_direction=-113.7
[gzserver-2] [INFO] [1773108480.530788926] [gazebo_wind_plugin_node]: WindPlugin: set wind_speed=1.08 wind_direction=-113.7
[gzserver-2] [INFO] [1773108480.765110688] [gazebo_wind_plugin_node]: WindPlugin: set wind_speed=1.08 wind_direction=-113.7
[gzserver-2] [INFO] [1773108481.007357496] [gazebo_wind_plugin_node]: WindPlugin: set wind_speed=1.08 wind_direction=-113.7
[gzserver-2] [INFO] [1773108481.246495239] [gazebo_wind_plugin_node]: WindPlugin: set wind_speed=0.87 wind_direction=-111.4
[gzserver-2] [INFO] [1773108481.486332043] [gazebo_wind_plugin_node]: WindPlugin: set wind_speed=0.87 wind_direction=-111.4
[gzserver-2] [INFO] [1773108481.722554556] [gazebo_wind_plugin_node]: WindPlugin: set wind_speed=0.87 wind_direction=-111.4
[gzserver-2] [INFO] [1773108481.956943675] [gazebo_wind_plugin_node]: WindPlugin: set wind_speed=0.87 wind_direction=-111.4
[gzserver-2] [INFO] [1773108482.187415289] [gazebo_wind_plugin_node]: WindPlugin: set wind_speed=0.87 wind_direction=-111.4
[gzserver-2] [INFO] [1773108482.429713150] [gazebo_wind_plugin_node]: WindPlugin: set wind_speed=1.05 wind_direction=-113.9
[gzserver-2] [INFO] [1773108482.670832684] [gazebo_wind_plugin_node]: WindPlugin: set wind_speed=1.05 wind_direction=-113.9
[gzserver-2] [INFO] [1773108482.710278324] [drone.simple_drone]: Quadrotor lands!!
[gzserver-2] [INFO] [1773108482.916944063] [gazebo_wind_plugin_node]: WindPlugin: set wind_speed=1.05 wind_direction=-113.9
[gzserver-2] [INFO] [1773108483.156773366] [gazebo_wind_plugin_node]: WindPlugin: set wind_speed=1.05 wind_direction=-113.9
[gzserver-2] [1;36m[Dbg] [wind_plugin.cpp:110] [0m[1;36mWindPlugin: received command -> speed=[0m[1;36m0[0m[1;36m dir=[0m[1;36m0[0m[1;36m
[gzserver-2] [0m[1;36m[Dbg] [wind_plugin.cpp:110] [0m[1;36mWindPlugin: received command -> speed=[0m[1;36m0.904652[0m[1;36m dir=[0m[1;36m-110.289[0m[1;36m
[gzserver-2] [0m[1;36m[Dbg] [wind_plugin.cpp:110] [0m[1;36mWindPlugin: received command -> speed=[0m[1;36m0.904652[0m[1;36m dir=[0m[1;36m-110.289[0m[1;36m
[gzserver-2] [0m[1;36m[Dbg] [wind_plugin.cpp:110] [0m[1;36mWindPlugin: received command -> speed=[0m[1;36m0.904652[0m[1;36m dir=[0m[1;36m-110.289[0m[1;36m
[gzserver-2] [0m[1;36m[Dbg] [wind_plugin.cpp:110] [0m[1;36mWindPlugin: received command -> speed=[0m[1;36m0.904652[0m[1;36m dir=[0m[1;36m-110.289[0m[1;36m
[gzserver-2] [0m[1;36m[Dbg] [wind_plugin.cpp:110] [0m[1;36mWindPlugin: received command -> speed=[0m[1;36m0.904652[0m[1;36m dir=[0m[1;36m-110.289[0m[1;36m
[gzserver-2] [0m[1;36m[Dbg] [wind_plugin.cpp:110] [0m[1;36mWindPlugin: received command -> speed=[0m[1;36m1.1981[0m[1;36m dir=[0m[1;36m-109.51[0m[1;36m
[gzserver-2] [0m[1;36m[Dbg] [wind_plugin.cpp:110] [0m[1;36mWindPlugin: received command -> speed=[0m[1;36m1.1981[0m[1;36m dir=[0m[1;36m-109.51[0m[1;36m
[gzserver-2] [0m[1;36m[Dbg] [wind_plugin.cpp:110] [0m[1;36mWindPlugin: received command -> speed=[0m[1;36m1.1981[0m[1;36m dir=[0m[1;36m-109.51[0m[1;36m
[gzserver-2] [0m[1;36m[Dbg] [wind_plugin.cpp:110] [0m[1;36mWindPlugin: received command -> speed=[0m[1;36m1.1981[0m[1;36m dir=[0m[1;36m-109.51[0m[1;36m
[gzserver-2] [0m[1;36m[Dbg] [wind_plugin.cpp:110] [0m[1;36mWindPlugin: received command -> speed=[0m[1;36m0.970997[0m[1;36m dir=[0m[1;36m-111.36[0m[1;36m
[gzserver-2] [0m[1;36m[Dbg] [wind_plugin.cpp:110] [0m[1;36mWindPlugin: received command -> speed=[0m[1;36m0.970997[0m[1;36m dir=[0m[1;36m-111.36[0m[1;36m
[gzserver-2] [0m[1;36m[Dbg] [wind_plugin.cpp:110] [0m[1;36mWindPlugin: received command -> speed=[0m[1;36m0.970997[0m[1;36m dir=[0m[1;36m-111.36[0m[1;36m
[gzserver-2] [0m[1;36m[Dbg] [wind_plugin.cpp:110] [0m[1;36mWindPlugin: received command -> speed=[0m[1;36m0.970997[0m[1;36m dir=[0m[1;36m-111.36[0m[1;36m
[gzserver-2] [0m[1;36m[Dbg] [wind_plugin.cpp:110] [0m[1;36mWindPlugin: received command -> speed=[0m[1;36m1.07863[0m[1;36m dir=[0m[1;36m-113.685[0m[1;36m
[gzserver-2] [0m[1;36m[Dbg] [wind_plugin.cpp:110] [0m[1;36mWindPlugin: received command -> speed=[0m[1;36m1.07863[0m[1;36m dir=[0m[1;36m-113.685[0m[1;36m
[gzserver-2] [0m[1;36m[Dbg] [wind_plugin.cpp:110] [0m[1;36mWindPlugin: received command -> speed=[0m[1;36m1.07863[0m[1;36m dir=[0m[1;36m-113.685[0m[1;36m
[gzserver-2] [0m[1;36m[Dbg] [wind_plugin.cpp:110] [0m[1;36mWindPlugin: received command -> speed=[0m[1;36m1.07863[0m[1;36m dir=[0m[1;36m-113.685[0m[1;36m
[gzserver-2] [0m[1;36m[Dbg] [wind_plugin.cpp:110] [0m[1;36mWindPlugin: received command -> speed=[0m[1;36m0.871046[0m[1;36m dir=[0m[1;36m-111.378[0m[1;36m
[gzserver-2] [0m[1;36m[Dbg] [wind_plugin.cpp:110] [0m[1;36mWindPlugin: received command -> speed=[0m[1;36m0.871046[0m[1;36m dir=[0m[1;36m-111.378[0m[1;36m
[gzserver-2] [0m[1;36m[Dbg] [wind_plugin.cpp:110] [0m[1;36mWindPlugin: received command -> speed=[0m[1;36m0.871046[0m[1;36m dir=[0m[1;36m-111.378[0m[1;36m
[gzserver-2] [0m[1;36m[Dbg] [wind_plugin.cpp:110] [0m[1;36mWindPlugin: received command -> speed=[0m[1;36m0.871046[0m[1;36m dir=[0m[1;36m-111.378[0m[1;36m
[gzserver-2] [0m[1;36m[Dbg] [wind_plugin.cpp:110] [0m[1;36mWindPlugin: received command -> speed=[0m[1;36m0.871046[0m[1;36m dir=[0m[1;36m-111.378[0m[1;36m
[gzserver-2] [0m[1;36m[Dbg] [wind_plugin.cpp:110] [0m[1;36mWindPlugin: received command -> speed=[0m[1;36m1.04889[0m[1;36m dir=[0m[1;36m-113.894[0m[1;36m
[gzserver-2] [0m[1;36m[Dbg] [wind_plugin.cpp:110] [0m[1;36mWindPlugin: received command -> speed=[0m[1;36m1.04889[0m[1;36m dir=[0m[1;36m-113.894[0m[1;36m
[gzserver-2] [0m[1;36m[Dbg] [wind_plugin.cpp:110] [0m[1;36mWindPlugin: received command -> speed=[0m[1;36m1.04889[0m[1;36m dir=[0m[1;36m-113.894[0m[1;36m
[gzserver-2] [INFO] [1773108483.391373617] [gazebo_wind_plugin_node]: WindPlugin: set wind_speed=1.05 wind_direction=-113.1
[gzserver-2] [INFO] [1773108483.625368798] [gazebo_wind_plugin_node]: WindPlugin: set wind_speed=1.05 wind_direction=-113.1
[gzserver-2] [0m[1;36m[Dbg] [wind_plugin.cpp:110] [0m[1;36mWindPlugin: received command -> speed=[0m[1;36m1.04889[0m[1;36m dir=[0m[1;36m-113.894[0m[1;36m
[gzserver-2] [0m[1;36m[Dbg] [wind_plugin.cpp:110] [0m[1;36mWindPlugin: received command -> speed=[0m[1;36m1.05413[0m[1;36m dir=[0m[1;36m-113.088[0m[1;36m
[gzserver-2] [0m[1;36m[Dbg] [wind_plugin.cpp:110] [0m[1;36mWindPlugin: received command -> speed=[0m[1;36m1.05413[0m[1;36m dir=[0m[1;36m-113.088[0m[1;36m
[gzserver-2] [0mLanded!
[gzserver-2] [INFO] [1773108483.865005813] [gazebo_wind_plugin_node]: WindPlugin: set wind_speed=1.05 wind_direction=-113.1
[gzserver-2] [INFO] [1773108484.104277588] [gazebo_wind_plugin_node]: WindPlugin: set wind_speed=1.05 wind_direction=-113.1
[gzserver-2] [INFO] [1773108484.346182761] [gazebo_wind_plugin_node]: WindPlugin: set wind_speed=1.02 wind_direction=-115.2
[gzserver-2] [INFO] [1773108484.582412770] [gazebo_wind_plugin_node]: WindPlugin: set wind_speed=1.02 wind_direction=-115.2
[gzserver-2] [INFO] [1773108484.821992905] [gazebo_wind_plugin_node]: WindPlugin: set wind_speed=1.02 wind_direction=-115.2
[gzserver-2] [INFO] [1773108485.057213832] [gazebo_wind_plugin_node]: WindPlugin: set wind_speed=1.02 wind_direction=-115.2
[gzserver-2] [INFO] [1773108485.290853728] [gazebo_wind_plugin_node]: WindPlugin: set wind_speed=0.95 wind_direction=-112.8
[gzserver-2] [INFO] [1773108485.520935553] [gazebo_wind_plugin_node]: WindPlugin: set wind_speed=0.95 wind_direction=-112.8
