[INFO] [launch]: All log files can be found below /home/j/.ros/log/2026-03-09-15-58-51-336243-j-1434725
[INFO] [launch]: Default logging verbosity is set to INFO
[INFO] [launch.user]: [bringup] Apriltag config: camera=/drone/bottom, image=/drone/bottom/image_raw, tags=/drone/bottom/tags, bridge=/landing_tag_state, standalone=true, use_target_id=true, target_id=0
[INFO] [rviz2-1]: process started with pid [1434726]
[INFO] [gzserver-2]: process started with pid [1434728]
[INFO] [robot_state_publisher-3]: process started with pid [1434730]
[INFO] [joint_state_publisher-4]: process started with pid [1434732]
[INFO] [spawn_drone-5]: process started with pid [1434734]
[INFO] [static_transform_publisher-6]: process started with pid [1434736]
[INFO] [joy_node-7]: process started with pid [1434738]
[INFO] [teleop_joystick-8]: process started with pid [1434740]
[INFO] [apriltag_detector_node-9]: process started with pid [1434742]
[INFO] [apriltag_state_bridge-10]: process started with pid [1434744]
[static_transform_publisher-6] [WARN] [1773039531.866828510] []: Old-style arguments are deprecated; see --help for new-style arguments
[static_transform_publisher-6] [INFO] [1773039531.874171651] [static_transform_publisher_4ZK1GeUFzYkGfzHG]: Spinning until stopped - publishing transform
[static_transform_publisher-6] translation: ('0.000000', '0.000000', '0.000000')
[static_transform_publisher-6] rotation: ('0.000000', '0.000000', '0.000000', '1.000000')
[static_transform_publisher-6] from 'world' to '/drone/odom'
[robot_state_publisher-3] [INFO] [1773039531.913902870] [drone.robot_state_publisher]: got segment base_footprint
[robot_state_publisher-3] [INFO] [1773039531.914021676] [drone.robot_state_publisher]: got segment base_link
[robot_state_publisher-3] [INFO] [1773039531.914037627] [drone.robot_state_publisher]: got segment bottom_cam_link
[robot_state_publisher-3] [INFO] [1773039531.914048026] [drone.robot_state_publisher]: got segment front_cam_link
[robot_state_publisher-3] [INFO] [1773039531.914056950] [drone.robot_state_publisher]: got segment sonar_link
[apriltag_detector_node-9] [INFO] [1773039531.933386485] [apriltag_detector_node]: tag detector type: umich
[teleop_joystick-8] Traceback (most recent call last):
[teleop_joystick-8]   File "/home/j/INCSL/IICC26_ws/install/sjtu_drone_control/lib/sjtu_drone_control/teleop_joystick", line 33, in <module>
[teleop_joystick-8]     sys.exit(load_entry_point('sjtu_drone_control==0.0.0', 'console_scripts', 'teleop_joystick')())
[teleop_joystick-8]   File "/home/j/INCSL/IICC26_ws/install/sjtu_drone_control/lib/sjtu_drone_control/teleop_joystick", line 22, in importlib_load_entry_point
[teleop_joystick-8]     for entry_point in distribution(dist_name).entry_points
[teleop_joystick-8]   File "/usr/lib/python3.10/importlib/metadata/__init__.py", line 969, in distribution
[teleop_joystick-8]     return Distribution.from_name(distribution_name)
[teleop_joystick-8]   File "/usr/lib/python3.10/importlib/metadata/__init__.py", line 548, in from_name
[teleop_joystick-8]     raise PackageNotFoundError(name)
[teleop_joystick-8] importlib.metadata.PackageNotFoundError: No package metadata was found for sjtu_drone_control
[ERROR] [teleop_joystick-8]: process has died [pid 1434740, exit code 1, cmd '/home/j/INCSL/IICC26_ws/install/sjtu_drone_control/lib/sjtu_drone_control/teleop_joystick --ros-args -r __ns:=/drone'].
[apriltag_state_bridge-10] [INFO] [1773039532.273191806] [apriltag_state_bridge]: AprilTag bridge started: /drone/bottom/tags -> /landing_tag_state, use_target_id=True, target_id=0
[gzserver-2] Gazebo multi-robot simulator, version 11.10.2
[gzserver-2] Copyright (C) 2012 Open Source Robotics Foundation.
[gzserver-2] Released under the Apache 2 License.
[gzserver-2] http://gazebosim.org
[gzserver-2] 
[joint_state_publisher-4] [INFO] [1773039532.300892680] [drone.joint_state_publisher]: Waiting for robot_description to be published on the robot_description topic...
[gzserver-2] [1;33m[Wrn] [gazebo_ros_init.cpp:178] [0m[1;33m
[gzserver-2] #     # ####### ####### ###  #####  #######
[gzserver-2] ##    # #     #    #     #  #     # #
[gzserver-2] # #   # #     #    #     #  #       #
[gzserver-2] #  #  # #     #    #     #  #       #####
[gzserver-2] #   # # #     #    #     #  #       #
[gzserver-2] #    ## #     #    #     #  #     # #
[gzserver-2] #     # #######    #    ###  #####  #######
[gzserver-2] 
[gzserver-2] This version of Gazebo, now called Gazebo classic, reaches end-of-life
[gzserver-2] in January 2025. Users are highly encouraged to migrate to the new Gazebo
[gzserver-2] using our migration guides (https://gazebosim.org/docs/latest/gazebo_classic_migration?utm_source=gazebo_ros_pkgs&utm_medium=cli)
[gzserver-2] 
[gzserver-2] [0m[1;33m
[rviz2-1] [INFO] [1773039533.179703544] [rviz2]: Stereo is NOT SUPPORTED
[rviz2-1] [INFO] [1773039533.179811538] [rviz2]: OpenGl version: 4.6 (GLSL 4.6)
[spawn_drone-5] [INFO] [1773039533.306559364] [spawn_drone]: service not available, waiting again...
[rviz2-1] [INFO] [1773039533.360871067] [rviz2]: Stereo is NOT SUPPORTED
[rviz2-1] [INFO] [1773039533.609702710] [rviz2]: Stereo is NOT SUPPORTED
[gzserver-2] [1;32m[Msg] [0m[1;32mWaiting for master.[0m[1;32m
[gzserver-2] [0m[1;32m[0m[1;32m[0m[1;32m[Msg] [0m[1;32mConnected to gazebo master @ [0m[1;32mhttp://127.0.0.1:11345[0m[1;32m
[gzserver-2] [0m[1;32m[0m[1;32m[0m[1;32m[Msg] [0m[1;32mPublicized address: [0m[1;32m172.16.52.147[0m[1;32m
[gzserver-2] [0m[1;32m[0m[1;32m[0m[1;32m[Msg] [0m[1;32mLoading world file [[0m[1;32m/home/j/INCSL/IICC26_ws/install/sjtu_drone_description/share/sjtu_drone_description/worlds/landingPad.world[0m[1;32m][0m[1;32m
[gzserver-2] [0m[1;32m[0m[1;32m[0m[1;36m[Dbg] [wind_plugin.cpp:96] [0m[1;36mWindPlugin loaded: speed=[0m[1;36m0[0m[1;36m dir=[0m[1;36m0[0m[1;36m deg area=[0m[1;36m0.1[0m[1;36m coeff=[0m[1;36m1[0m[1;36m
[gzserver-2] [0m[1;33m[0m[1;33m[0m[1;31m[Err] [Sensor.cc:510] [0m[1;31mGet noise index not valid[0m[1;31m
[gzserver-2] [0m[1;31m[0m[1;31m[0m[1;31m[Err] [Sensor.cc:510] [0m[1;31mGet noise index not valid[0m[1;31m
[gzserver-2] [0m[1;31m[0m[1;31m[0m[1;31m[Err] [Sensor.cc:510] [0m[1;31mGet noise index not valid[0m[1;31m
[gzserver-2] [0m[1;31m[0m[1;31m[0m[1;31m[Err] [Sensor.cc:510] [0m[1;31mGet noise index not valid[0m[1;31m
[gzserver-2] [0m[1;31m[0m[1;31m[0m[1;31m[Err] [Sensor.cc:510] [0m[1;31mGet noise index not valid[0m[1;31m
[gzserver-2] [0m[1;31m[0m[1;31m[0m[1;31m[Err] [Sensor.cc:510] [0m[1;31mGet noise index not valid[0m[1;31m
[gzserver-2] [0m[1;31m[0m[1;31m[0mTopic [default//drone/base_footprint/down_camera/image] is not valid.
[gzserver-2] [INFO] [1773039534.180820615] [drone.collision_plugin]: Publishing contact states to [/drone/bumper_states]
[gzserver-2] Topic [default//drone/base_footprint/front_camera/image] is not valid.
[gzserver-2] [1;33m[Wrn] [Event.cc:61] [0m[1;33mWarning: Deleting a connection right after creation. [0m[1;33mMake sure to save the ConnectionPtr from a Connect call
[gzserver-2] [0m[INFO] [1773039534.729936220] [drone.camera_bottom]: Publishing camera info to [/drone/bottom/camera_info]
[gzserver-2] [INFO] [1773039534.742785967] [drone.camera_front]: Publishing camera info to [/drone/front/camera_info]
[spawn_drone-5] [INFO] [1773039534.744665060] [spawn_drone]: Result True SpawnEntity: Successfully spawned entity [/drone]
[gzserver-2] [INFO] [1773039534.875416272] [drone.simple_drone]: The drone plugin is loading!
[gzserver-2] [INFO] [1773039534.875696388] [drone.simple_drone]: pub_odom: 1
[gzserver-2] [INFO] [1773039534.875737313] [drone.simple_drone]: Using following parameters: 
[gzserver-2] 		link_name: base_footprint,
[gzserver-2] 		max_force: 30,
[gzserver-2] 		motion_small_noise: 0,
[gzserver-2] 		motion_drift_noise: 0,
[gzserver-2] 		motion_drift_noise_time: 50,
[gzserver-2] 		takeoff_hover_height: 1.66,
[gzserver-2] 		takeoff_vertical_speed: 0.2
[gzserver-2] [INFO] [1773039534.893526604] [drone.simple_drone]: Using the PID parameters: 
[gzserver-2] 	Roll Pitch:
[gzserver-2] 		kP: 10, kI: 0,kD: 5, Limit: 0.5, Time Constant: 0
[gzserver-2] 	Yaw:
[gzserver-2] 		kP: 2, kI: 0,kD: 1, Limit: 1.5, Time Constant: 0
[gzserver-2] 	Velocity X:
[gzserver-2] 		kP: 5, kI: 0,kD: 2.3, Limit: 2, Time Constant: 0
[gzserver-2] 	Velocity Y:
[gzserver-2] 		kP: 5, kI: 0,kD: 2.3, Limit: 2, Time Constant: 0
[gzserver-2] 	Velocity Z:
[gzserver-2] 		kP: 5, kI: 0,kD: 1, Limit: -1, Time Constant: 0
[gzserver-2] 	Position XY:
[gzserver-2] 		kP: 1.1, kI: 0,kD: 0, Limit: 5, Time Constant: 0
[gzserver-2] 	Position Z:
[gzserver-2] 		kP: 1, kI: 0,kD: 0.2, Limit: -1, Time Constant: 0
[gzserver-2] [INFO] [1773039534.893700690] [drone.simple_drone]: The drone plugin finished loading!
[INFO] [spawn_drone-5]: process has finished cleanly [pid 1434734]
[gzserver-2] [INFO] [1773039541.270338315] [gazebo_wind_plugin_node]: WindPlugin: set wind_speed=0.00 wind_direction=0.0
[gzserver-2] [INFO] [1773039541.771118936] [drone.simple_drone]: Quadrotor takes off!!
[gzserver-2] [INFO] [1773039541.976448863] [gazebo_wind_plugin_node]: WindPlugin: set wind_speed=0.00 wind_direction=0.0
[gzserver-2] [INFO] [1773039542.803144946] [gazebo_wind_plugin_node]: WindPlugin: set wind_speed=0.00 wind_direction=0.0
[gzserver-2] [0m[1;36m[Dbg] [wind_plugin.cpp:110] [0m[1;36mWindPlugin: received command -> speed=[0m[1;36m0[0m[1;36m dir=[0m[1;36m0[0m[1;36m
[gzserver-2] [0m[1;36m[Dbg] [wind_plugin.cpp:110] [0m[1;36mWindPlugin: received command -> speed=[0m[1;36m0[0m[1;36m dir=[0m[1;36m0[0m[1;36m
[gzserver-2] [0m[1;36m[Dbg] [wind_plugin.cpp:110] [0m[1;36mWindPlugin: received command -> speed=[0m[1;36m0[0m[1;36m dir=[0m[1;36m0[0m[1;36m
[gzserver-2] [0mEntering flying model!
[gzserver-2] [INFO] [1773039543.513502800] [gazebo_wind_plugin_node]: WindPlugin: set wind_speed=0.00 wind_direction=0.0
[gzserver-2] [INFO] [1773039544.231044506] [gazebo_wind_plugin_node]: WindPlugin: set wind_speed=0.00 wind_direction=0.0
[gzserver-2] [INFO] [1773039544.951509522] [gazebo_wind_plugin_node]: WindPlugin: set wind_speed=0.00 wind_direction=0.0
[gzserver-2] [INFO] [1773039545.656387319] [gazebo_wind_plugin_node]: WindPlugin: set wind_speed=0.00 wind_direction=0.0
[gzserver-2] [INFO] [1773039546.367159572] [gazebo_wind_plugin_node]: WindPlugin: set wind_speed=0.00 wind_direction=0.0
[gzserver-2] [INFO] [1773039547.089068148] [gazebo_wind_plugin_node]: WindPlugin: set wind_speed=0.00 wind_direction=0.0
[gzserver-2] [INFO] [1773039547.800917532] [gazebo_wind_plugin_node]: WindPlugin: set wind_speed=0.00 wind_direction=0.0
[gzserver-2] [INFO] [1773039548.522290249] [gazebo_wind_plugin_node]: WindPlugin: set wind_speed=0.00 wind_direction=0.0
[gzserver-2] [INFO] [1773039549.236565591] [gazebo_wind_plugin_node]: WindPlugin: set wind_speed=0.00 wind_direction=0.0
[gzserver-2] [INFO] [1773039549.958306989] [gazebo_wind_plugin_node]: WindPlugin: set wind_speed=0.00 wind_direction=0.0
[gzserver-2] [INFO] [1773039550.679684273] [gazebo_wind_plugin_node]: WindPlugin: set wind_speed=0.00 wind_direction=0.0
[gzserver-2] [INFO] [1773039551.394075752] [gazebo_wind_plugin_node]: WindPlugin: set wind_speed=0.00 wind_direction=0.0
[gzserver-2] [INFO] [1773039552.109536095] [gazebo_wind_plugin_node]: WindPlugin: set wind_speed=0.71 wind_direction=-62.3
[gzserver-2] [INFO] [1773039552.835861489] [gazebo_wind_plugin_node]: WindPlugin: set wind_speed=0.89 wind_direction=-62.1
[gzserver-2] [INFO] [1773039553.542295154] [gazebo_wind_plugin_node]: WindPlugin: set wind_speed=1.06 wind_direction=-56.7
[gzserver-2] [INFO] [1773039554.257554275] [gazebo_wind_plugin_node]: WindPlugin: set wind_speed=0.91 wind_direction=-60.7
[gzserver-2] [INFO] [1773039554.970489403] [gazebo_wind_plugin_node]: WindPlugin: set wind_speed=0.66 wind_direction=-59.1
[gzserver-2] [INFO] [1773039555.681248212] [gazebo_wind_plugin_node]: WindPlugin: set wind_speed=0.50 wind_direction=-60.5
[gzserver-2] [INFO] [1773039556.385339275] [gazebo_wind_plugin_node]: WindPlugin: set wind_speed=0.44 wind_direction=-68.3
[gzserver-2] [INFO] [1773039557.083760470] [gazebo_wind_plugin_node]: WindPlugin: set wind_speed=0.64 wind_direction=-72.5
[gzserver-2] [INFO] [1773039557.797562068] [gazebo_wind_plugin_node]: WindPlugin: set wind_speed=0.83 wind_direction=-77.6
[gzserver-2] [INFO] [1773039558.511879779] [gazebo_wind_plugin_node]: WindPlugin: set wind_speed=0.71 wind_direction=-71.1
[gzserver-2] [INFO] [1773039559.230591210] [gazebo_wind_plugin_node]: WindPlugin: set wind_speed=0.76 wind_direction=-78.4
[gzserver-2] [INFO] [1773039559.949311671] [gazebo_wind_plugin_node]: WindPlugin: set wind_speed=0.89 wind_direction=-75.8
[gzserver-2] [INFO] [1773039560.663924279] [gazebo_wind_plugin_node]: WindPlugin: set wind_speed=1.16 wind_direction=-71.0
[gzserver-2] [INFO] [1773039561.373017652] [gazebo_wind_plugin_node]: WindPlugin: set wind_speed=0.52 wind_direction=-69.6
[gzserver-2] [INFO] [1773039562.083967518] [gazebo_wind_plugin_node]: WindPlugin: set wind_speed=0.75 wind_direction=-67.5
[gzserver-2] [INFO] [1773039562.793917374] [gazebo_wind_plugin_node]: WindPlugin: set wind_speed=0.22 wind_direction=-64.2
[gzserver-2] [1;36m[Dbg] [wind_plugin.cpp:110] [0m[1;36mWindPlugin: received command -> speed=[0m[1;36m0[0m[1;36m dir=[0m[1;36m0[0m[1;36m
[gzserver-2] [0m[1;36m[Dbg] [wind_plugin.cpp:110] [0m[1;36mWindPlugin: received command -> speed=[0m[1;36m0[0m[1;36m dir=[0m[1;36m0[0m[1;36m
[gzserver-2] [0m[1;36m[Dbg] [wind_plugin.cpp:110] [0m[1;36mWindPlugin: received command -> speed=[0m[1;36m0[0m[1;36m dir=[0m[1;36m0[0m[1;36m
[gzserver-2] [0m[1;36m[Dbg] [wind_plugin.cpp:110] [0m[1;36mWindPlugin: received command -> speed=[0m[1;36m0[0m[1;36m dir=[0m[1;36m0[0m[1;36m
[gzserver-2] [0m[1;36m[Dbg] [wind_plugin.cpp:110] [0m[1;36mWindPlugin: received command -> speed=[0m[1;36m0[0m[1;36m dir=[0m[1;36m0[0m[1;36m
[gzserver-2] [0m[1;36m[Dbg] [wind_plugin.cpp:110] [0m[1;36mWindPlugin: received command -> speed=[0m[1;36m0[0m[1;36m dir=[0m[1;36m0[0m[1;36m
[gzserver-2] [0m[1;36m[Dbg] [wind_plugin.cpp:110] [0m[1;36mWindPlugin: received command -> speed=[0m[1;36m0[0m[1;36m dir=[0m[1;36m0[0m[1;36m
[gzserver-2] [0m[1;36m[Dbg] [wind_plugin.cpp:110] [0m[1;36mWindPlugin: received command -> speed=[0m[1;36m0[0m[1;36m dir=[0m[1;36m0[0m[1;36m
[gzserver-2] [0m[1;36m[Dbg] [wind_plugin.cpp:110] [0m[1;36mWindPlugin: received command -> speed=[0m[1;36m0[0m[1;36m dir=[0m[1;36m0[0m[1;36m
[gzserver-2] [0m[1;36m[Dbg] [wind_plugin.cpp:110] [0m[1;36mWindPlugin: received command -> speed=[0m[1;36m0[0m[1;36m dir=[0m[1;36m0[0m[1;36m
[gzserver-2] [0m[1;36m[Dbg] [wind_plugin.cpp:110] [0m[1;36mWindPlugin: received command -> speed=[0m[1;36m0[0m[1;36m dir=[0m[1;36m0[0m[1;36m
[gzserver-2] [0m[1;36m[Dbg] [wind_plugin.cpp:110] [0m[1;36mWindPlugin: received command -> speed=[0m[1;36m0[0m[1;36m dir=[0m[1;36m0[0m[1;36m
[gzserver-2] [0m[1;36m[Dbg] [wind_plugin.cpp:110] [0m[1;36mWindPlugin: received command -> speed=[0m[1;36m0.705587[0m[1;36m dir=[0m[1;36m-62.307[0m[1;36m
[gzserver-2] [0m[1;36m[Dbg] [wind_plugin.cpp:110] [0m[1;36mWindPlugin: received command -> speed=[0m[1;36m0.885617[0m[1;36m dir=[0m[1;36m-62.1091[0m[1;36m
[gzserver-2] [0m[1;36m[Dbg] [wind_plugin.cpp:110] [0m[1;36mWindPlugin: received command -> speed=[0m[1;36m1.05915[0m[1;36m dir=[0m[1;36m-56.6916[0m[1;36m
[gzserver-2] [0m[1;36m[Dbg] [wind_plugin.cpp:110] [0m[1;36mWindPlugin: received command -> speed=[0m[1;36m0.914799[0m[1;36m dir=[0m[1;36m-60.7243[0m[1;36m
[gzserver-2] [0m[1;36m[Dbg] [wind_plugin.cpp:110] [0m[1;36mWindPlugin: received command -> speed=[0m[1;36m0.661838[0m[1;36m dir=[0m[1;36m-59.0778[0m[1;36m
[gzserver-2] [0m[1;36m[Dbg] [wind_plugin.cpp:110] [0m[1;36mWindPlugin: received command -> speed=[0m[1;36m0.499161[0m[1;36m dir=[0m[1;36m-60.5286[0m[1;36m
[gzserver-2] [0m[1;36m[Dbg] [wind_plugin.cpp:110] [0m[1;36mWindPlugin: received command -> speed=[0m[1;36m0.442739[0m[1;36m dir=[0m[1;36m-68.3287[0m[1;36m
[gzserver-2] [0m[1;36m[Dbg] [wind_plugin.cpp:110] [0m[1;36mWindPlugin: received command -> speed=[0m[1;36m0.636989[0m[1;36m dir=[0m[1;36m-72.4984[0m[1;36m
[gzserver-2] [0m[1;36m[Dbg] [wind_plugin.cpp:110] [0m[1;36mWindPlugin: received command -> speed=[0m[1;36m0.831043[0m[1;36m dir=[0m[1;36m-77.552[0m[1;36m
[gzserver-2] [0m[1;36m[Dbg] [wind_plugin.cpp:110] [0m[1;36mWindPlugin: received command -> speed=[0m[1;36m0.711622[0m[1;36m dir=[0m[1;36m-71.1469[0m[1;36m
[gzserver-2] [0m[1;36m[Dbg] [wind_plugin.cpp:110] [0m[1;36mWindPlugin: received command -> speed=[0m[1;36m0.763358[0m[1;36m dir=[0m[1;36m-78.4236[0m[1;36m
[gzserver-2] [0m[1;36m[Dbg] [wind_plugin.cpp:110] [0m[1;36mWindPlugin: received command -> speed=[0m[1;36m0.890801[0m[1;36m dir=[0m[1;36m-75.7645[0m[1;36m
[gzserver-2] [0m[1;36m[Dbg] [wind_plugin.cpp:110] [0m[1;36mWindPlugin: received command -> speed=[0m[1;36m1.16276[0m[1;36m dir=[0m[1;36m-71.0399[0m[1;36m
[gzserver-2] [0m[1;36m[Dbg] [wind_plugin.cpp:110] [0m[1;36mWindPlugin: received command -> speed=[0m[1;36m0.516388[0m[1;36m dir=[0m[1;36m-69.6213[0m[1;36m
[gzserver-2] [0m[1;36m[Dbg] [wind_plugin.cpp:110] [0m[1;36mWindPlugin: received command -> speed=[0m[1;36m0.748308[0m[1;36m dir=[0m[1;36m-67.5008[0m[1;36m
[gzserver-2] [INFO] [1773039563.497627654] [gazebo_wind_plugin_node]: WindPlugin: set wind_speed=0.52 wind_direction=-58.7
[gzserver-2] [INFO] [1773039564.216780539] [gazebo_wind_plugin_node]: WindPlugin: set wind_speed=0.83 wind_direction=-55.3
[gzserver-2] [INFO] [1773039564.925479813] [gazebo_wind_plugin_node]: WindPlugin: set wind_speed=0.74 wind_direction=-54.4
[gzserver-2] [INFO] [1773039565.645692847] [gazebo_wind_plugin_node]: WindPlugin: set wind_speed=0.65 wind_direction=-54.4
[gzserver-2] [INFO] [1773039566.355493308] [gazebo_wind_plugin_node]: WindPlugin: set wind_speed=0.72 wind_direction=-57.6
[gzserver-2] [INFO] [1773039567.067180414] [gazebo_wind_plugin_node]: WindPlugin: set wind_speed=0.36 wind_direction=-61.8
[gzserver-2] [INFO] [1773039567.770368968] [gazebo_wind_plugin_node]: WindPlugin: set wind_speed=0.45 wind_direction=-71.8
[gzserver-2] [INFO] [1773039568.479327724] [gazebo_wind_plugin_node]: WindPlugin: set wind_speed=0.80 wind_direction=-70.7
[gzserver-2] [INFO] [1773039569.193458655] [gazebo_wind_plugin_node]: WindPlugin: set wind_speed=0.72 wind_direction=-74.3
[gzserver-2] [INFO] [1773039569.898751233] [gazebo_wind_plugin_node]: WindPlugin: set wind_speed=0.79 wind_direction=-80.2
[gzserver-2] [INFO] [1773039570.616977023] [gazebo_wind_plugin_node]: WindPlugin: set wind_speed=0.57 wind_direction=-81.5
[gzserver-2] [INFO] [1773039571.332404922] [drone.simple_drone]: Quadrotor lands!!
[gzserver-2] [0m[1;36m[Dbg] [wind_plugin.cpp:110] [0m[1;36mWindPlugin: received command -> speed=[0m[1;36m0.222629[0m[1;36m dir=[0m[1;36m-64.2296[0m[1;36m
[gzserver-2] [0m[1;36m[Dbg] [wind_plugin.cpp:110] [0m[1;36mWindPlugin: received command -> speed=[0m[1;36m0.519776[0m[1;36m dir=[0m[1;36m-58.7144[0m[1;36m
[gzserver-2] [0m[1;36m[Dbg] [wind_plugin.cpp:110] [0m[1;36mWindPlugin: received command -> speed=[0m[1;36m0.82757[0m[1;36m dir=[0m[1;36m-55.3452[0m[1;36m
[gzserver-2] [0m[1;36m[Dbg] [wind_plugin.cpp:110] [0m[1;36mWindPlugin: received command -> speed=[0m[1;36m0.739334[0m[1;36m dir=[0m[1;36m-54.3911[0m[1;36m
[gzserver-2] [0m[1;36m[Dbg] [wind_plugin.cpp:110] [0m[1;36mWindPlugin: received command -> speed=[0m[1;36m0.654727[0m[1;36m dir=[0m[1;36m-54.4106[0m[1;36m
[gzserver-2] [0m[1;36m[Dbg] [wind_plugin.cpp:110] [0m[1;36mWindPlugin: received command -> speed=[0m[1;36m0.723029[0m[1;36m dir=[0m[1;36m-57.5701[0m[1;36m
[gzserver-2] [0m[1;36m[Dbg] [wind_plugin.cpp:110] [0m[1;36mWindPlugin: received command -> speed=[0m[1;36m0.359368[0m[1;36m dir=[0m[1;36m-61.8321[0m[1;36m
[gzserver-2] [0m[1;36m[Dbg] [wind_plugin.cpp:110] [0m[1;36mWindPlugin: received command -> speed=[0m[1;36m0.447351[0m[1;36m dir=[0m[1;36m-71.7512[0m[1;36m
[gzserver-2] [0m[1;36m[Dbg] [wind_plugin.cpp:110] [0m[1;36mWindPlugin: received command -> speed=[0m[1;36m0.795883[0m[1;36m dir=[0m[1;36m-70.7224[0m[1;36m
[gzserver-2] [0m[1;36m[Dbg] [wind_plugin.cpp:110] [0m[1;36mWindPlugin: received command -> speed=[0m[1;36m0.71909[0m[1;36m dir=[0m[1;36m-74.3322[0m[1;36m
[gzserver-2] [0m[1;36m[Dbg] [wind_plugin.cpp:110] [0m[1;36mWindPlugin: received command -> speed=[0m[1;36m0.787217[0m[1;36m dir=[0m[1;36m-80.2175[0m[1;36m
[gzserver-2] [0m[1;36m[Dbg] [wind_plugin.cpp:110] [0m[1;36mWindPlugin: received command -> speed=[0m[1;36m0.571267[0m[1;36m dir=[0m[1;36m-81.5101[0m[1;36m
[gzserver-2] [0mLanded!
