[INFO] [launch]: All log files can be found below /home/j/.ros/log/2026-03-09-15-53-11-566331-j-1417939
[INFO] [launch]: Default logging verbosity is set to INFO
[INFO] [launch.user]: [bringup] Apriltag config: camera=/drone/bottom, image=/drone/bottom/image_raw, tags=/drone/bottom/tags, bridge=/landing_tag_state, standalone=true, use_target_id=true, target_id=0
[INFO] [rviz2-1]: process started with pid [1417954]
[INFO] [gzserver-2]: process started with pid [1417956]
[INFO] [robot_state_publisher-3]: process started with pid [1417958]
[INFO] [joint_state_publisher-4]: process started with pid [1417960]
[INFO] [spawn_drone-5]: process started with pid [1417962]
[INFO] [static_transform_publisher-6]: process started with pid [1417964]
[INFO] [joy_node-7]: process started with pid [1417966]
[INFO] [teleop_joystick-8]: process started with pid [1417968]
[INFO] [apriltag_detector_node-9]: process started with pid [1417970]
[INFO] [apriltag_state_bridge-10]: process started with pid [1417972]
[static_transform_publisher-6] [WARN] [1773039192.085484383] []: Old-style arguments are deprecated; see --help for new-style arguments
[static_transform_publisher-6] [INFO] [1773039192.101285415] [static_transform_publisher_6jivXLsTnRiO6ySR]: Spinning until stopped - publishing transform
[static_transform_publisher-6] translation: ('0.000000', '0.000000', '0.000000')
[static_transform_publisher-6] rotation: ('0.000000', '0.000000', '0.000000', '1.000000')
[static_transform_publisher-6] from 'world' to '/drone/odom'
[robot_state_publisher-3] [INFO] [1773039192.134469862] [drone.robot_state_publisher]: got segment base_footprint
[robot_state_publisher-3] [INFO] [1773039192.134582557] [drone.robot_state_publisher]: got segment base_link
[robot_state_publisher-3] [INFO] [1773039192.134597363] [drone.robot_state_publisher]: got segment bottom_cam_link
[robot_state_publisher-3] [INFO] [1773039192.134607305] [drone.robot_state_publisher]: got segment front_cam_link
[robot_state_publisher-3] [INFO] [1773039192.134615921] [drone.robot_state_publisher]: got segment sonar_link
[apriltag_detector_node-9] [INFO] [1773039192.151437069] [apriltag_detector_node]: tag detector type: umich
[teleop_joystick-8] Traceback (most recent call last):
[teleop_joystick-8]   File "/home/j/INCSL/IICC26_ws/install/sjtu_drone_control/lib/sjtu_drone_control/teleop_joystick", line 33, in <module>
[teleop_joystick-8]     sys.exit(load_entry_point('sjtu_drone_control==0.0.0', 'console_scripts', 'teleop_joystick')())
[teleop_joystick-8]   File "/home/j/INCSL/IICC26_ws/install/sjtu_drone_control/lib/sjtu_drone_control/teleop_joystick", line 22, in importlib_load_entry_point
[teleop_joystick-8]     for entry_point in distribution(dist_name).entry_points
[teleop_joystick-8]   File "/usr/lib/python3.10/importlib/metadata/__init__.py", line 969, in distribution
[teleop_joystick-8]     return Distribution.from_name(distribution_name)
[teleop_joystick-8]   File "/usr/lib/python3.10/importlib/metadata/__init__.py", line 548, in from_name
[teleop_joystick-8]     raise PackageNotFoundError(name)
[teleop_joystick-8] importlib.metadata.PackageNotFoundError: No package metadata was found for sjtu_drone_control
[ERROR] [teleop_joystick-8]: process has died [pid 1417968, exit code 1, cmd '/home/j/INCSL/IICC26_ws/install/sjtu_drone_control/lib/sjtu_drone_control/teleop_joystick --ros-args -r __ns:=/drone'].
[gzserver-2] Gazebo multi-robot simulator, version 11.10.2
[gzserver-2] Copyright (C) 2012 Open Source Robotics Foundation.
[gzserver-2] Released under the Apache 2 License.
[gzserver-2] http://gazebosim.org
[gzserver-2] 
[apriltag_state_bridge-10] [INFO] [1773039192.472425457] [apriltag_state_bridge]: AprilTag bridge started: /drone/bottom/tags -> /landing_tag_state, use_target_id=True, target_id=0
[joint_state_publisher-4] [INFO] [1773039192.479993595] [drone.joint_state_publisher]: Waiting for robot_description to be published on the robot_description topic...
[gzserver-2] [1;33m[Wrn] [gazebo_ros_init.cpp:178] [0m[1;33m
[gzserver-2] #     # ####### ####### ###  #####  #######
[gzserver-2] ##    # #     #    #     #  #     # #
[gzserver-2] # #   # #     #    #     #  #       #
[gzserver-2] #  #  # #     #    #     #  #       #####
[gzserver-2] #   # # #     #    #     #  #       #
[gzserver-2] #    ## #     #    #     #  #     # #
[gzserver-2] #     # #######    #    ###  #####  #######
[gzserver-2] 
[gzserver-2] This version of Gazebo, now called Gazebo classic, reaches end-of-life
[gzserver-2] in January 2025. Users are highly encouraged to migrate to the new Gazebo
[gzserver-2] using our migration guides (https://gazebosim.org/docs/latest/gazebo_classic_migration?utm_source=gazebo_ros_pkgs&utm_medium=cli)
[gzserver-2] 
[gzserver-2] [0m[1;33m
[rviz2-1] [INFO] [1773039193.300049728] [rviz2]: Stereo is NOT SUPPORTED
[rviz2-1] [INFO] [1773039193.300148046] [rviz2]: OpenGl version: 4.6 (GLSL 4.6)
[spawn_drone-5] [INFO] [1773039193.483502179] [spawn_drone]: service not available, waiting again...
[rviz2-1] [INFO] [1773039193.493108774] [rviz2]: Stereo is NOT SUPPORTED
[rviz2-1] [INFO] [1773039193.774135016] [rviz2]: Stereo is NOT SUPPORTED
[gzserver-2] [1;32m[Msg] [0m[1;32mWaiting for master.[0m[1;32m
[gzserver-2] [0m[1;32m[0m[1;32m[0m[1;32m[Msg] [0m[1;32mConnected to gazebo master @ [0m[1;32mhttp://127.0.0.1:11345[0m[1;32m
[gzserver-2] [0m[1;32m[0m[1;32m[0m[1;32m[Msg] [0m[1;32mPublicized address: [0m[1;32m172.16.52.147[0m[1;32m
[gzserver-2] [0m[1;32m[0m[1;32m[0m[1;32m[Msg] [0m[1;32mLoading world file [[0m[1;32m/home/j/INCSL/IICC26_ws/install/sjtu_drone_description/share/sjtu_drone_description/worlds/landingPad.world[0m[1;32m][0m[1;32m
[gzserver-2] [0m[1;32m[0m[1;32m[0m[1;36m[Dbg] [wind_plugin.cpp:96] [0m[1;36mWindPlugin loaded: speed=[0m[1;36m0[0m[1;36m dir=[0m[1;36m0[0m[1;36m deg area=[0m[1;36m0.1[0m[1;36m coeff=[0m[1;36m1[0m[1;36m
[gzserver-2] [0m[1;33m[0m[1;33m[0m[1;31m[Err] [Sensor.cc:510] [0m[1;31mGet noise index not valid[0m[1;31m
[gzserver-2] [0m[1;31m[0m[1;31m[0m[1;31m[Err] [Sensor.cc:510] [0m[1;31mGet noise index not valid[0m[1;31m
[gzserver-2] [0m[1;31m[0m[1;31m[0m[1;31m[Err] [Sensor.cc:510] [0m[1;31mGet noise index not valid[0m[1;31m
[gzserver-2] [0m[1;31m[0m[1;31m[0m[1;31m[Err] [Sensor.cc:510] [0m[1;31mGet noise index not valid[0m[1;31m
[gzserver-2] [0m[1;31m[0m[1;31m[0m[1;31m[Err] [Sensor.cc:510] [0m[1;31mGet noise index not valid[0m[1;31m
[gzserver-2] [0m[1;31m[0m[1;31m[0m[1;31m[Err] [Sensor.cc:510] [0m[1;31mGet noise index not valid[0m[1;31m
[gzserver-2] [0m[1;31m[0m[1;31m[0mTopic [default//drone/base_footprint/down_camera/image] is not valid.
[gzserver-2] [INFO] [1773039194.077628261] [drone.collision_plugin]: Publishing contact states to [/drone/bumper_states]
[gzserver-2] Topic [default//drone/base_footprint/front_camera/image] is not valid.
[gzserver-2] [1;33m[Wrn] [Event.cc:61] [0m[1;33mWarning: Deleting a connection right after creation. [0m[1;33mMake sure to save the ConnectionPtr from a Connect call
[gzserver-2] [0m[INFO] [1773039194.609241266] [drone.camera_bottom]: Publishing camera info to [/drone/bottom/camera_info]
[gzserver-2] [INFO] [1773039194.620131291] [drone.camera_front]: Publishing camera info to [/drone/front/camera_info]
[spawn_drone-5] [INFO] [1773039194.621568902] [spawn_drone]: Result True SpawnEntity: Successfully spawned entity [/drone]
[gzserver-2] [INFO] [1773039194.749425545] [drone.simple_drone]: The drone plugin is loading!
[gzserver-2] [INFO] [1773039194.749686286] [drone.simple_drone]: pub_odom: 1
[gzserver-2] [INFO] [1773039194.749724140] [drone.simple_drone]: Using following parameters: 
[gzserver-2] 		link_name: base_footprint,
[gzserver-2] 		max_force: 30,
[gzserver-2] 		motion_small_noise: 0,
[gzserver-2] 		motion_drift_noise: 0,
[gzserver-2] 		motion_drift_noise_time: 50,
[gzserver-2] 		takeoff_hover_height: 2.25,
[gzserver-2] 		takeoff_vertical_speed: 0.2
[gzserver-2] [INFO] [1773039194.766201874] [drone.simple_drone]: Using the PID parameters: 
[gzserver-2] 	Roll Pitch:
[gzserver-2] 		kP: 10, kI: 0,kD: 5, Limit: 0.5, Time Constant: 0
[gzserver-2] 	Yaw:
[gzserver-2] 		kP: 2, kI: 0,kD: 1, Limit: 1.5, Time Constant: 0
[gzserver-2] 	Velocity X:
[gzserver-2] 		kP: 5, kI: 0,kD: 2.3, Limit: 2, Time Constant: 0
[gzserver-2] 	Velocity Y:
[gzserver-2] 		kP: 5, kI: 0,kD: 2.3, Limit: 2, Time Constant: 0
[gzserver-2] 	Velocity Z:
[gzserver-2] 		kP: 5, kI: 0,kD: 1, Limit: -1, Time Constant: 0
[gzserver-2] 	Position XY:
[gzserver-2] 		kP: 1.1, kI: 0,kD: 0, Limit: 5, Time Constant: 0
[gzserver-2] 	Position Z:
[gzserver-2] 		kP: 1, kI: 0,kD: 0.2, Limit: -1, Time Constant: 0
[gzserver-2] [INFO] [1773039194.766377788] [drone.simple_drone]: The drone plugin finished loading!
[INFO] [spawn_drone-5]: process has finished cleanly [pid 1417962]
[gzserver-2] [INFO] [1773039201.378019351] [gazebo_wind_plugin_node]: WindPlugin: set wind_speed=0.00 wind_direction=0.0
[gzserver-2] [INFO] [1773039201.654924952] [drone.simple_drone]: Quadrotor takes off!!
[gzserver-2] [INFO] [1773039202.088170742] [gazebo_wind_plugin_node]: WindPlugin: set wind_speed=0.00 wind_direction=0.0
[gzserver-2] [INFO] [1773039202.792783993] [gazebo_wind_plugin_node]: WindPlugin: set wind_speed=0.00 wind_direction=0.0
[gzserver-2] [0m[1;36m[Dbg] [wind_plugin.cpp:110] [0m[1;36mWindPlugin: received command -> speed=[0m[1;36m0[0m[1;36m dir=[0m[1;36m0[0m[1;36m
[gzserver-2] [0m[1;36m[Dbg] [wind_plugin.cpp:110] [0m[1;36mWindPlugin: received command -> speed=[0m[1;36m0[0m[1;36m dir=[0m[1;36m0[0m[1;36m
[gzserver-2] [0m[1;36m[Dbg] [wind_plugin.cpp:110] [0m[1;36mWindPlugin: received command -> speed=[0m[1;36m0[0m[1;36m dir=[0m[1;36m0[0m[1;36m
[gzserver-2] [0mEntering flying model!
[gzserver-2] [INFO] [1773039203.511938096] [gazebo_wind_plugin_node]: WindPlugin: set wind_speed=0.00 wind_direction=0.0
[gzserver-2] [INFO] [1773039204.203877713] [gazebo_wind_plugin_node]: WindPlugin: set wind_speed=0.00 wind_direction=0.0
[gzserver-2] [INFO] [1773039204.918965338] [gazebo_wind_plugin_node]: WindPlugin: set wind_speed=0.00 wind_direction=0.0
[gzserver-2] [INFO] [1773039205.633143833] [gazebo_wind_plugin_node]: WindPlugin: set wind_speed=0.00 wind_direction=0.0
[gzserver-2] [INFO] [1773039206.341941413] [gazebo_wind_plugin_node]: WindPlugin: set wind_speed=0.00 wind_direction=0.0
[gzserver-2] [INFO] [1773039207.041154693] [gazebo_wind_plugin_node]: WindPlugin: set wind_speed=0.00 wind_direction=0.0
[gzserver-2] [INFO] [1773039207.750029903] [gazebo_wind_plugin_node]: WindPlugin: set wind_speed=0.00 wind_direction=0.0
[gzserver-2] [INFO] [1773039208.464500205] [gazebo_wind_plugin_node]: WindPlugin: set wind_speed=0.00 wind_direction=0.0
[gzserver-2] [INFO] [1773039209.180919463] [gazebo_wind_plugin_node]: WindPlugin: set wind_speed=0.00 wind_direction=0.0
[gzserver-2] [INFO] [1773039209.874949575] [gazebo_wind_plugin_node]: WindPlugin: set wind_speed=0.00 wind_direction=0.0
[gzserver-2] [INFO] [1773039210.583949516] [gazebo_wind_plugin_node]: WindPlugin: set wind_speed=0.00 wind_direction=0.0
[gzserver-2] [INFO] [1773039211.279253942] [gazebo_wind_plugin_node]: WindPlugin: set wind_speed=0.00 wind_direction=0.0
[gzserver-2] [INFO] [1773039211.983860010] [gazebo_wind_plugin_node]: WindPlugin: set wind_speed=4.05 wind_direction=-117.7
[gzserver-2] [INFO] [1773039212.682291508] [gazebo_wind_plugin_node]: WindPlugin: set wind_speed=4.84 wind_direction=-115.2
[gzserver-2] [INFO] [1773039213.391194154] [gazebo_wind_plugin_node]: WindPlugin: set wind_speed=5.59 wind_direction=-113.3
[gzserver-2] [INFO] [1773039214.094751107] [gazebo_wind_plugin_node]: WindPlugin: set wind_speed=5.67 wind_direction=-115.3
[gzserver-2] [INFO] [1773039214.804727693] [gazebo_wind_plugin_node]: WindPlugin: set wind_speed=5.16 wind_direction=-114.3
[gzserver-2] [INFO] [1773039215.514649411] [gazebo_wind_plugin_node]: WindPlugin: set wind_speed=4.50 wind_direction=-117.7
[gzserver-2] [INFO] [1773039216.223605997] [gazebo_wind_plugin_node]: WindPlugin: set wind_speed=3.87 wind_direction=-123.2
[gzserver-2] [INFO] [1773039216.937648940] [gazebo_wind_plugin_node]: WindPlugin: set wind_speed=3.85 wind_direction=-123.3
[gzserver-2] [INFO] [1773039217.637481817] [gazebo_wind_plugin_node]: WindPlugin: set wind_speed=3.83 wind_direction=-125.7
[gzserver-2] [INFO] [1773039218.353167726] [gazebo_wind_plugin_node]: WindPlugin: set wind_speed=4.74 wind_direction=-129.5
[gzserver-2] [INFO] [1773039219.052612746] [gazebo_wind_plugin_node]: WindPlugin: set wind_speed=6.07 wind_direction=-132.4
[gzserver-2] [INFO] [1773039219.761369687] [gazebo_wind_plugin_node]: WindPlugin: set wind_speed=5.83 wind_direction=-130.3
[gzserver-2] [INFO] [1773039220.465648485] [gazebo_wind_plugin_node]: WindPlugin: set wind_speed=5.07 wind_direction=-128.5
[gzserver-2] [INFO] [1773039221.166235708] [gazebo_wind_plugin_node]: WindPlugin: set wind_speed=4.17 wind_direction=-125.6
[gzserver-2] [INFO] [1773039221.870978758] [gazebo_wind_plugin_node]: WindPlugin: set wind_speed=3.44 wind_direction=-123.9
[gzserver-2] [INFO] [1773039222.569307794] [gazebo_wind_plugin_node]: WindPlugin: set wind_speed=3.55 wind_direction=-122.1
[gzserver-2] [1;36m[Dbg] [wind_plugin.cpp:110] [0m[1;36mWindPlugin: received command -> speed=[0m[1;36m0[0m[1;36m dir=[0m[1;36m0[0m[1;36m
[gzserver-2] [0m[1;36m[Dbg] [wind_plugin.cpp:110] [0m[1;36mWindPlugin: received command -> speed=[0m[1;36m0[0m[1;36m dir=[0m[1;36m0[0m[1;36m
[gzserver-2] [0m[1;36m[Dbg] [wind_plugin.cpp:110] [0m[1;36mWindPlugin: received command -> speed=[0m[1;36m0[0m[1;36m dir=[0m[1;36m0[0m[1;36m
[gzserver-2] [0m[1;36m[Dbg] [wind_plugin.cpp:110] [0m[1;36mWindPlugin: received command -> speed=[0m[1;36m0[0m[1;36m dir=[0m[1;36m0[0m[1;36m
[gzserver-2] [0m[1;36m[Dbg] [wind_plugin.cpp:110] [0m[1;36mWindPlugin: received command -> speed=[0m[1;36m0[0m[1;36m dir=[0m[1;36m0[0m[1;36m
[gzserver-2] [0m[1;36m[Dbg] [wind_plugin.cpp:110] [0m[1;36mWindPlugin: received command -> speed=[0m[1;36m0[0m[1;36m dir=[0m[1;36m0[0m[1;36m
[gzserver-2] [0m[1;36m[Dbg] [wind_plugin.cpp:110] [0m[1;36mWindPlugin: received command -> speed=[0m[1;36m0[0m[1;36m dir=[0m[1;36m0[0m[1;36m
[gzserver-2] [0m[1;36m[Dbg] [wind_plugin.cpp:110] [0m[1;36mWindPlugin: received command -> speed=[0m[1;36m0[0m[1;36m dir=[0m[1;36m0[0m[1;36m
[gzserver-2] [0m[1;36m[Dbg] [wind_plugin.cpp:110] [0m[1;36mWindPlugin: received command -> speed=[0m[1;36m0[0m[1;36m dir=[0m[1;36m0[0m[1;36m
[gzserver-2] [0m[1;36m[Dbg] [wind_plugin.cpp:110] [0m[1;36mWindPlugin: received command -> speed=[0m[1;36m0[0m[1;36m dir=[0m[1;36m0[0m[1;36m
[gzserver-2] [0m[1;36m[Dbg] [wind_plugin.cpp:110] [0m[1;36mWindPlugin: received command -> speed=[0m[1;36m0[0m[1;36m dir=[0m[1;36m0[0m[1;36m
[gzserver-2] [0m[1;36m[Dbg] [wind_plugin.cpp:110] [0m[1;36mWindPlugin: received command -> speed=[0m[1;36m0[0m[1;36m dir=[0m[1;36m0[0m[1;36m
[gzserver-2] [0m[1;36m[Dbg] [wind_plugin.cpp:110] [0m[1;36mWindPlugin: received command -> speed=[0m[1;36m4.0497[0m[1;36m dir=[0m[1;36m-117.713[0m[1;36m
[gzserver-2] [0m[1;36m[Dbg] [wind_plugin.cpp:110] [0m[1;36mWindPlugin: received command -> speed=[0m[1;36m4.8391[0m[1;36m dir=[0m[1;36m-115.152[0m[1;36m
[gzserver-2] [0m[1;36m[Dbg] [wind_plugin.cpp:110] [0m[1;36mWindPlugin: received command -> speed=[0m[1;36m5.5944[0m[1;36m dir=[0m[1;36m-113.344[0m[1;36m
[gzserver-2] [0m[1;36m[Dbg] [wind_plugin.cpp:110] [0m[1;36mWindPlugin: received command -> speed=[0m[1;36m5.67405[0m[1;36m dir=[0m[1;36m-115.319[0m[1;36m
[gzserver-2] [0m[1;36m[Dbg] [wind_plugin.cpp:110] [0m[1;36mWindPlugin: received command -> speed=[0m[1;36m5.15553[0m[1;36m dir=[0m[1;36m-114.262[0m[1;36m
[gzserver-2] [0m[1;36m[Dbg] [wind_plugin.cpp:110] [0m[1;36mWindPlugin: received command -> speed=[0m[1;36m4.49635[0m[1;36m dir=[0m[1;36m-117.655[0m[1;36m
[gzserver-2] [0m[1;36m[Dbg] [wind_plugin.cpp:110] [0m[1;36mWindPlugin: received command -> speed=[0m[1;36m3.87269[0m[1;36m dir=[0m[1;36m-123.185[0m[1;36m
[gzserver-2] [0m[1;36m[Dbg] [wind_plugin.cpp:110] [0m[1;36mWindPlugin: received command -> speed=[0m[1;36m3.84751[0m[1;36m dir=[0m[1;36m-123.343[0m[1;36m
[gzserver-2] [0m[1;36m[Dbg] [wind_plugin.cpp:110] [0m[1;36mWindPlugin: received command -> speed=[0m[1;36m3.82847[0m[1;36m dir=[0m[1;36m-125.703[0m[1;36m
[gzserver-2] [0m[1;36m[Dbg] [wind_plugin.cpp:110] [0m[1;36mWindPlugin: received command -> speed=[0m[1;36m4.73783[0m[1;36m dir=[0m[1;36m-129.536[0m[1;36m
[gzserver-2] [0m[1;36m[Dbg] [wind_plugin.cpp:110] [0m[1;36mWindPlugin: received command -> speed=[0m[1;36m6.0703[0m[1;36m dir=[0m[1;36m-132.379[0m[1;36m
[gzserver-2] [0m[1;36m[Dbg] [wind_plugin.cpp:110] [0m[1;36mWindPlugin: received command -> speed=[0m[1;36m5.83169[0m[1;36m dir=[0m[1;36m-130.338[0m[1;36m
[gzserver-2] [0m[1;36m[Dbg] [wind_plugin.cpp:110] [0m[1;36mWindPlugin: received command -> speed=[0m[1;36m5.07157[0m[1;36m dir=[0m[1;36m-128.483[0m[1;36m
[gzserver-2] [0m[1;36m[Dbg] [wind_plugin.cpp:110] [0m[1;36mWindPlugin: received command -> speed=[0m[1;36m4.17041[0m[1;36m dir=[0m[1;36m-125.563[0m[1;36m
[gzserver-2] [0m[1;36m[Dbg] [wind_plugin.cpp:110] [0m[1;36mWindPlugin: received command -> speed=[0m[1;36m3.43829[0m[1;36m dir=[0m[1;36m-123.923[0m[1;36m
[gzserver-2] [INFO] [1773039223.268274301] [gazebo_wind_plugin_node]: WindPlugin: set wind_speed=4.26 wind_direction=-120.2
[gzserver-2] [INFO] [1773039223.967154345] [gazebo_wind_plugin_node]: WindPlugin: set wind_speed=4.90 wind_direction=-117.4
[gzserver-2] [INFO] [1773039224.672204421] [gazebo_wind_plugin_node]: WindPlugin: set wind_speed=5.64 wind_direction=-110.2
[gzserver-2] [INFO] [1773039225.370290721] [gazebo_wind_plugin_node]: WindPlugin: set wind_speed=5.74 wind_direction=-109.3
[gzserver-2] [INFO] [1773039226.084287137] [gazebo_wind_plugin_node]: WindPlugin: set wind_speed=5.20 wind_direction=-115.3
[gzserver-2] [INFO] [1773039226.789183477] [gazebo_wind_plugin_node]: WindPlugin: set wind_speed=3.94 wind_direction=-116.9
[gzserver-2] [INFO] [1773039227.494077984] [gazebo_wind_plugin_node]: WindPlugin: set wind_speed=3.51 wind_direction=-117.6
[gzserver-2] [INFO] [1773039228.193434329] [gazebo_wind_plugin_node]: WindPlugin: set wind_speed=3.53 wind_direction=-120.6
[gzserver-2] [INFO] [1773039228.904095002] [gazebo_wind_plugin_node]: WindPlugin: set wind_speed=4.38 wind_direction=-127.0
[gzserver-2] [INFO] [1773039229.618383103] [gazebo_wind_plugin_node]: WindPlugin: set wind_speed=5.15 wind_direction=-133.4
[gzserver-2] [INFO] [1773039230.328272654] [gazebo_wind_plugin_node]: WindPlugin: set wind_speed=5.78 wind_direction=-132.1
[gzserver-2] [INFO] [1773039230.807591161] [drone.simple_drone]: Quadrotor lands!!
[gzserver-2] [0m[1;36m[Dbg] [wind_plugin.cpp:110] [0m[1;36mWindPlugin: received command -> speed=[0m[1;36m3.55467[0m[1;36m dir=[0m[1;36m-122.122[0m[1;36m
[gzserver-2] [0m[1;36m[Dbg] [wind_plugin.cpp:110] [0m[1;36mWindPlugin: received command -> speed=[0m[1;36m4.25765[0m[1;36m dir=[0m[1;36m-120.244[0m[1;36m
[gzserver-2] [0m[1;36m[Dbg] [wind_plugin.cpp:110] [0m[1;36mWindPlugin: received command -> speed=[0m[1;36m4.89727[0m[1;36m dir=[0m[1;36m-117.447[0m[1;36m
[gzserver-2] [0m[1;36m[Dbg] [wind_plugin.cpp:110] [0m[1;36mWindPlugin: received command -> speed=[0m[1;36m5.64447[0m[1;36m dir=[0m[1;36m-110.246[0m[1;36m
[gzserver-2] [0m[1;36m[Dbg] [wind_plugin.cpp:110] [0m[1;36mWindPlugin: received command -> speed=[0m[1;36m5.73855[0m[1;36m dir=[0m[1;36m-109.307[0m[1;36m
[gzserver-2] [0m[1;36m[Dbg] [wind_plugin.cpp:110] [0m[1;36mWindPlugin: received command -> speed=[0m[1;36m5.19818[0m[1;36m dir=[0m[1;36m-115.258[0m[1;36m
[gzserver-2] [0m[1;36m[Dbg] [wind_plugin.cpp:110] [0m[1;36mWindPlugin: received command -> speed=[0m[1;36m3.94164[0m[1;36m dir=[0m[1;36m-116.879[0m[1;36m
[gzserver-2] [0m[1;36m[Dbg] [wind_plugin.cpp:110] [0m[1;36mWindPlugin: received command -> speed=[0m[1;36m3.50564[0m[1;36m dir=[0m[1;36m-117.604[0m[1;36m
[gzserver-2] [0m[1;36m[Dbg] [wind_plugin.cpp:110] [0m[1;36mWindPlugin: received command -> speed=[0m[1;36m3.52716[0m[1;36m dir=[0m[1;36m-120.64[0m[1;36m
[gzserver-2] [0m[1;36m[Dbg] [wind_plugin.cpp:110] [0m[1;36mWindPlugin: received command -> speed=[0m[1;36m4.38262[0m[1;36m dir=[0m[1;36m-127.035[0m[1;36m
[gzserver-2] [0m[1;36m[Dbg] [wind_plugin.cpp:110] [0m[1;36mWindPlugin: received command -> speed=[0m[1;36m5.14849[0m[1;36m dir=[0m[1;36m-133.396[0m[1;36m
[gzserver-2] [0m[1;36m[Dbg] [wind_plugin.cpp:110] [0m[1;36mWindPlugin: received command -> speed=[0m[1;36m5.77781[0m[1;36m dir=[0m[1;36m-132.066[0m[1;36m
[gzserver-2] [0mLanded!
