[INFO] [launch]: All log files can be found below /home/j/.ros/log/2026-03-10-17-56-31-387543-j-3823755
[INFO] [launch]: Default logging verbosity is set to INFO
[INFO] [launch.user]: [bringup] Apriltag config: camera=/drone/bottom, image=/drone/bottom/image_raw, tags=/drone/bottom/tags, bridge=/landing_tag_state, standalone=true, use_target_id=true, target_id=0
[INFO] [rviz2-1]: process started with pid [3823756]
[INFO] [gzserver-2]: process started with pid [3823758]
[INFO] [robot_state_publisher-3]: process started with pid [3823760]
[INFO] [joint_state_publisher-4]: process started with pid [3823762]
[INFO] [spawn_drone-5]: process started with pid [3823764]
[INFO] [static_transform_publisher-6]: process started with pid [3823766]
[INFO] [joy_node-7]: process started with pid [3823768]
[INFO] [teleop_joystick-8]: process started with pid [3823770]
[INFO] [apriltag_detector_node-9]: process started with pid [3823772]
[INFO] [apriltag_state_bridge-10]: process started with pid [3823774]
[static_transform_publisher-6] [WARN] [1773132991.867456422] []: Old-style arguments are deprecated; see --help for new-style arguments
[static_transform_publisher-6] [INFO] [1773132991.872646996] [static_transform_publisher_qPq56AetT69xoo9i]: Spinning until stopped - publishing transform
[static_transform_publisher-6] translation: ('0.000000', '0.000000', '0.000000')
[static_transform_publisher-6] rotation: ('0.000000', '0.000000', '0.000000', '1.000000')
[static_transform_publisher-6] from 'world' to '/drone/odom'
[robot_state_publisher-3] [INFO] [1773132991.898944156] [drone.robot_state_publisher]: got segment base_footprint
[robot_state_publisher-3] [INFO] [1773132991.899034762] [drone.robot_state_publisher]: got segment base_link
[robot_state_publisher-3] [INFO] [1773132991.899046881] [drone.robot_state_publisher]: got segment bottom_cam_link
[robot_state_publisher-3] [INFO] [1773132991.899054829] [drone.robot_state_publisher]: got segment front_cam_link
[robot_state_publisher-3] [INFO] [1773132991.899062148] [drone.robot_state_publisher]: got segment sonar_link
[apriltag_detector_node-9] [INFO] [1773132991.901100497] [apriltag_detector_node]: tag detector type: umich
[rviz2-1] 
[rviz2-1] (rviz2:3823756): dbind-WARNING **: 17:56:31.913: Couldn't connect to accessibility bus: Failed to connect to socket /root/.cache/at-spi/bus_0: 허가 거부
[teleop_joystick-8] Traceback (most recent call last):
[teleop_joystick-8]   File "/home/j/INCSL/IICC26_ws/install/sjtu_drone_control/lib/sjtu_drone_control/teleop_joystick", line 33, in <module>
[teleop_joystick-8]     sys.exit(load_entry_point('sjtu_drone_control==0.0.0', 'console_scripts', 'teleop_joystick')())
[teleop_joystick-8]   File "/home/j/INCSL/IICC26_ws/install/sjtu_drone_control/lib/sjtu_drone_control/teleop_joystick", line 22, in importlib_load_entry_point
[teleop_joystick-8]     for entry_point in distribution(dist_name).entry_points
[teleop_joystick-8]   File "/usr/lib/python3.10/importlib/metadata/__init__.py", line 969, in distribution
[teleop_joystick-8]     return Distribution.from_name(distribution_name)
[teleop_joystick-8]   File "/usr/lib/python3.10/importlib/metadata/__init__.py", line 548, in from_name
[teleop_joystick-8]     raise PackageNotFoundError(name)
[teleop_joystick-8] importlib.metadata.PackageNotFoundError: No package metadata was found for sjtu_drone_control
[ERROR] [teleop_joystick-8]: process has died [pid 3823770, exit code 1, cmd '/home/j/INCSL/IICC26_ws/install/sjtu_drone_control/lib/sjtu_drone_control/teleop_joystick --ros-args -r __ns:=/drone'].
[gzserver-2] Gazebo multi-robot simulator, version 11.10.2
[gzserver-2] Copyright (C) 2012 Open Source Robotics Foundation.
[gzserver-2] Released under the Apache 2 License.
[gzserver-2] http://gazebosim.org
[gzserver-2] 
[apriltag_state_bridge-10] [INFO] [1773132992.126999876] [apriltag_state_bridge]: AprilTag bridge started: /drone/bottom/tags -> /landing_tag_state, use_target_id=True, target_id=0
[gzserver-2] [1;33m[Wrn] [gazebo_ros_init.cpp:178] [0m[1;33m
[gzserver-2] #     # ####### ####### ###  #####  #######
[gzserver-2] ##    # #     #    #     #  #     # #
[gzserver-2] # #   # #     #    #     #  #       #
[gzserver-2] #  #  # #     #    #     #  #       #####
[gzserver-2] #   # # #     #    #     #  #       #
[gzserver-2] #    ## #     #    #     #  #     # #
[gzserver-2] #     # #######    #    ###  #####  #######
[gzserver-2] 
[gzserver-2] This version of Gazebo, now called Gazebo classic, reaches end-of-life
[gzserver-2] in January 2025. Users are highly encouraged to migrate to the new Gazebo
[gzserver-2] using our migration guides (https://gazebosim.org/docs/latest/gazebo_classic_migration?utm_source=gazebo_ros_pkgs&utm_medium=cli)
[gzserver-2] 
[gzserver-2] [0m[1;33m
[joint_state_publisher-4] [INFO] [1773132992.164246097] [drone.joint_state_publisher]: Waiting for robot_description to be published on the robot_description topic...
[rviz2-1] [INFO] [1773132992.760913792] [rviz2]: Stereo is NOT SUPPORTED
[rviz2-1] [INFO] [1773132992.761002033] [rviz2]: OpenGl version: 4.6 (GLSL 4.6)
[rviz2-1] [INFO] [1773132992.846340223] [rviz2]: Stereo is NOT SUPPORTED
[rviz2-1] [INFO] [1773132992.922904383] [rviz2]: Stereo is NOT SUPPORTED
[spawn_drone-5] [INFO] [1773132993.341387844] [spawn_drone]: Result False Entity pushed to spawn queue, but spawn service timed outwaiting for entity to appear in simulation under the name [/drone]
[gzserver-2] [1;32m[Msg] [0m[1;32mWaiting for master.[0m[1;32m
[gzserver-2] [0m[1;32m[0m[1;32m[0m[1;32m[Msg] [0m[1;32mConnected to gazebo master @ [0m[1;32mhttp://127.0.0.1:11345[0m[1;32m
[gzserver-2] [0m[1;32m[0m[1;32m[0m[1;32m[Msg] [0m[1;32mPublicized address: [0m[1;32m172.16.52.147[0m[1;32m
[gzserver-2] [0m[1;32m[0m[1;32m[0m[1;32m[Msg] [0m[1;32mLoading world file [[0m[1;32m/home/j/INCSL/IICC26_ws/install/sjtu_drone_description/share/sjtu_drone_description/worlds/landingPad.world[0m[1;32m][0m[1;32m
[gzserver-2] [0m[1;32m[0m[1;32m[0m[1;36m[Dbg] [wind_plugin.cpp:96] [0m[1;36mWindPlugin loaded: speed=[0m[1;36m0[0m[1;36m dir=[0m[1;36m0[0m[1;36m deg area=[0m[1;36m0.1[0m[1;36m coeff=[0m[1;36m1[0m[1;36m
[gzserver-2] [0m[1;33m[0m[1;33m[0m[1;31m[Err] [Sensor.cc:510] [0m[1;31mGet noise index not valid[0m[1;31m
[gzserver-2] [0m[1;31m[0m[1;31m[0m[1;31m[Err] [Sensor.cc:510] [0m[1;31mGet noise index not valid[0m[1;31m
[gzserver-2] [0m[1;31m[0m[1;31m[0m[1;31m[Err] [Sensor.cc:510] [0m[1;31mGet noise index not valid[0m[1;31m
[gzserver-2] [0m[1;31m[0m[1;31m[0m[1;31m[Err] [Sensor.cc:510] [0m[1;31mGet noise index not valid[0m[1;31m
[gzserver-2] [0m[1;31m[0m[1;31m[0m[1;31m[Err] [Sensor.cc:510] [0m[1;31mGet noise index not valid[0m[1;31m
[gzserver-2] [0m[1;31m[0m[1;31m[0m[1;31m[Err] [Sensor.cc:510] [0m[1;31mGet noise index not valid[0m[1;31m
[gzserver-2] [0m[1;31m[0m[1;31m[0mTopic [default//drone/base_footprint/down_camera/image] is not valid.
[gzserver-2] [INFO] [1773132993.373139110] [drone.collision_plugin]: Publishing contact states to [/drone/bumper_states]
[gzserver-2] Topic [default//drone/base_footprint/front_camera/image] is not valid.
[gzserver-2] [1;33m[Wrn] [Event.cc:61] [0m[1;33mWarning: Deleting a connection right after creation. [0m[1;33mMake sure to save the ConnectionPtr from a Connect call
[INFO] [spawn_drone-5]: process has finished cleanly [pid 3823764]
[gzserver-2] [0m[INFO] [1773132993.931550456] [drone.camera_bottom]: Publishing camera info to [/drone/bottom/camera_info]
[gzserver-2] [INFO] [1773132993.934476396] [drone.camera_front]: Publishing camera info to [/drone/front/camera_info]
[gzserver-2] [INFO] [1773132994.056518443] [drone.simple_drone]: The drone plugin is loading!
[gzserver-2] [INFO] [1773132994.056721628] [drone.simple_drone]: pub_odom: 1
[gzserver-2] [INFO] [1773132994.056755367] [drone.simple_drone]: Using following parameters: 
[gzserver-2] 		link_name: base_footprint,
[gzserver-2] 		max_force: 30,
[gzserver-2] 		motion_small_noise: 0,
[gzserver-2] 		motion_drift_noise: 0,
[gzserver-2] 		motion_drift_noise_time: 50,
[gzserver-2] 		takeoff_hover_height: 1.51,
[gzserver-2] 		takeoff_vertical_speed: 0.2
[gzserver-2] [INFO] [1773132994.068451874] [drone.simple_drone]: Using the PID parameters: 
[gzserver-2] 	Roll Pitch:
[gzserver-2] 		kP: 10, kI: 0,kD: 5, Limit: 0.5, Time Constant: 0
[gzserver-2] 	Yaw:
[gzserver-2] 		kP: 2, kI: 0,kD: 1, Limit: 1.5, Time Constant: 0
[gzserver-2] 	Velocity X:
[gzserver-2] 		kP: 5, kI: 0,kD: 2.3, Limit: 2, Time Constant: 0
[gzserver-2] 	Velocity Y:
[gzserver-2] 		kP: 5, kI: 0,kD: 2.3, Limit: 2, Time Constant: 0
[gzserver-2] 	Velocity Z:
[gzserver-2] 		kP: 5, kI: 0,kD: 1, Limit: -1, Time Constant: 0
[gzserver-2] 	Position XY:
[gzserver-2] 		kP: 1.1, kI: 0,kD: 0, Limit: 5, Time Constant: 0
[gzserver-2] 	Position Z:
[gzserver-2] 		kP: 1, kI: 0,kD: 0.2, Limit: -1, Time Constant: 0
[gzserver-2] [INFO] [1773132994.068592028] [drone.simple_drone]: The drone plugin finished loading!
[gzserver-2] [INFO] [1773133001.237593778] [gazebo_wind_plugin_node]: WindPlugin: set wind_speed=0.00 wind_direction=0.0
[gzserver-2] [INFO] [1773133001.508802326] [gazebo_wind_plugin_node]: WindPlugin: set wind_speed=0.00 wind_direction=0.0
[gzserver-2] [INFO] [1773133001.551394936] [drone.simple_drone]: Quadrotor takes off!!
[gzserver-2] [INFO] [1773133001.755863391] [gazebo_wind_plugin_node]: WindPlugin: set wind_speed=0.00 wind_direction=0.0
[gzserver-2] [INFO] [1773133001.991464765] [gazebo_wind_plugin_node]: WindPlugin: set wind_speed=0.00 wind_direction=0.0
[gzserver-2] [INFO] [1773133002.231485748] [gazebo_wind_plugin_node]: WindPlugin: set wind_speed=0.00 wind_direction=0.0
[gzserver-2] [INFO] [1773133002.470923516] [gazebo_wind_plugin_node]: WindPlugin: set wind_speed=0.00 wind_direction=0.0
[gzserver-2] [INFO] [1773133002.710373884] [gazebo_wind_plugin_node]: WindPlugin: set wind_speed=0.00 wind_direction=0.0
[gzserver-2] [0m[1;36m[Dbg] [wind_plugin.cpp:110] [0m[1;36mWindPlugin: received command -> speed=[0m[1;36m0[0m[1;36m dir=[0m[1;36m0[0m[1;36m
[gzserver-2] [0m[1;36m[Dbg] [wind_plugin.cpp:110] [0m[1;36mWindPlugin: received command -> speed=[0m[1;36m0[0m[1;36m dir=[0m[1;36m0[0m[1;36m
[gzserver-2] [0m[1;36m[Dbg] [wind_plugin.cpp:110] [0m[1;36mWindPlugin: received command -> speed=[0m[1;36m0[0m[1;36m dir=[0m[1;36m0[0m[1;36m
[gzserver-2] [0m[1;36m[Dbg] [wind_plugin.cpp:110] [0m[1;36mWindPlugin: received command -> speed=[0m[1;36m0[0m[1;36m dir=[0m[1;36m0[0m[1;36m
[gzserver-2] [0m[1;36m[Dbg] [wind_plugin.cpp:110] [0m[1;36mWindPlugin: received command -> speed=[0m[1;36m0[0m[1;36m dir=[0m[1;36m0[0m[1;36m
[gzserver-2] [0m[1;36m[Dbg] [wind_plugin.cpp:110] [0m[1;36mWindPlugin: received command -> speed=[0m[1;36m0[0m[1;36m dir=[0m[1;36m0[0m[1;36m
[gzserver-2] [0m[1;36m[Dbg] [wind_plugin.cpp:110] [0m[1;36mWindPlugin: received command -> speed=[0m[1;36m0[0m[1;36m dir=[0m[1;36m0[0m[1;36m
[gzserver-2] [0mEntering flying model!
[gzserver-2] [INFO] [1773133002.953882659] [gazebo_wind_plugin_node]: WindPlugin: set wind_speed=0.00 wind_direction=0.0
[gzserver-2] [INFO] [1773133003.191353918] [gazebo_wind_plugin_node]: WindPlugin: set wind_speed=1.07 wind_direction=-23.0
[gzserver-2] [INFO] [1773133003.431169235] [gazebo_wind_plugin_node]: WindPlugin: set wind_speed=1.07 wind_direction=-23.0
[gzserver-2] [INFO] [1773133003.670637781] [gazebo_wind_plugin_node]: WindPlugin: set wind_speed=1.07 wind_direction=-23.0
[gzserver-2] [INFO] [1773133003.910210249] [gazebo_wind_plugin_node]: WindPlugin: set wind_speed=1.15 wind_direction=-21.0
[gzserver-2] [INFO] [1773133004.150305792] [gazebo_wind_plugin_node]: WindPlugin: set wind_speed=1.15 wind_direction=-21.0
[gzserver-2] [INFO] [1773133004.389874952] [gazebo_wind_plugin_node]: WindPlugin: set wind_speed=1.15 wind_direction=-21.0
[gzserver-2] [INFO] [1773133004.632378039] [gazebo_wind_plugin_node]: WindPlugin: set wind_speed=1.15 wind_direction=-21.0
[gzserver-2] [INFO] [1773133004.871082019] [gazebo_wind_plugin_node]: WindPlugin: set wind_speed=1.05 wind_direction=-21.9
[gzserver-2] [INFO] [1773133005.110983837] [gazebo_wind_plugin_node]: WindPlugin: set wind_speed=1.05 wind_direction=-21.9
[gzserver-2] [INFO] [1773133005.350784739] [gazebo_wind_plugin_node]: WindPlugin: set wind_speed=1.05 wind_direction=-21.9
[gzserver-2] [INFO] [1773133005.590616677] [gazebo_wind_plugin_node]: WindPlugin: set wind_speed=1.05 wind_direction=-21.9
[gzserver-2] [INFO] [1773133005.826751622] [gazebo_wind_plugin_node]: WindPlugin: set wind_speed=0.94 wind_direction=-19.5
[gzserver-2] [INFO] [1773133006.061663457] [gazebo_wind_plugin_node]: WindPlugin: set wind_speed=0.94 wind_direction=-19.5
[gzserver-2] [INFO] [1773133006.101228873] [drone.simple_drone]: Quadrotor lands!!
[gzserver-2] [INFO] [1773133006.303335484] [gazebo_wind_plugin_node]: WindPlugin: set wind_speed=0.94 wind_direction=-19.5
[gzserver-2] [INFO] [1773133006.532171442] [gazebo_wind_plugin_node]: WindPlugin: set wind_speed=0.94 wind_direction=-19.5
[gzserver-2] [INFO] [1773133006.771417374] [gazebo_wind_plugin_node]: WindPlugin: set wind_speed=0.98 wind_direction=-18.8
[gzserver-2] [INFO] [1773133007.006512354] [gazebo_wind_plugin_node]: WindPlugin: set wind_speed=0.98 wind_direction=-18.8
[gzserver-2] [1;36m[Dbg] [wind_plugin.cpp:110] [0m[1;36mWindPlugin: received command -> speed=[0m[1;36m0[0m[1;36m dir=[0m[1;36m0[0m[1;36m
[gzserver-2] [0m[1;36m[Dbg] [wind_plugin.cpp:110] [0m[1;36mWindPlugin: received command -> speed=[0m[1;36m1.06729[0m[1;36m dir=[0m[1;36m-23.0268[0m[1;36m
[gzserver-2] [0m[1;36m[Dbg] [wind_plugin.cpp:110] [0m[1;36mWindPlugin: received command -> speed=[0m[1;36m1.06729[0m[1;36m dir=[0m[1;36m-23.0268[0m[1;36m
[gzserver-2] [0m[1;36m[Dbg] [wind_plugin.cpp:110] [0m[1;36mWindPlugin: received command -> speed=[0m[1;36m1.06729[0m[1;36m dir=[0m[1;36m-23.0268[0m[1;36m
[gzserver-2] [0m[1;36m[Dbg] [wind_plugin.cpp:110] [0m[1;36mWindPlugin: received command -> speed=[0m[1;36m1.14776[0m[1;36m dir=[0m[1;36m-20.9916[0m[1;36m
[gzserver-2] [0m[1;36m[Dbg] [wind_plugin.cpp:110] [0m[1;36mWindPlugin: received command -> speed=[0m[1;36m1.14776[0m[1;36m dir=[0m[1;36m-20.9916[0m[1;36m
[gzserver-2] [0m[1;36m[Dbg] [wind_plugin.cpp:110] [0m[1;36mWindPlugin: received command -> speed=[0m[1;36m1.14776[0m[1;36m dir=[0m[1;36m-20.9916[0m[1;36m
[gzserver-2] [0m[1;36m[Dbg] [wind_plugin.cpp:110] [0m[1;36mWindPlugin: received command -> speed=[0m[1;36m1.14776[0m[1;36m dir=[0m[1;36m-20.9916[0m[1;36m
[gzserver-2] [0m[1;36m[Dbg] [wind_plugin.cpp:110] [0m[1;36mWindPlugin: received command -> speed=[0m[1;36m1.05379[0m[1;36m dir=[0m[1;36m-21.8927[0m[1;36m
[gzserver-2] [0m[1;36m[Dbg] [wind_plugin.cpp:110] [0m[1;36mWindPlugin: received command -> speed=[0m[1;36m1.05379[0m[1;36m dir=[0m[1;36m-21.8927[0m[1;36m
[gzserver-2] [0m[1;36m[Dbg] [wind_plugin.cpp:110] [0m[1;36mWindPlugin: received command -> speed=[0m[1;36m1.05379[0m[1;36m dir=[0m[1;36m-21.8927[0m[1;36m
[gzserver-2] [0m[1;36m[Dbg] [wind_plugin.cpp:110] [0m[1;36mWindPlugin: received command -> speed=[0m[1;36m1.05379[0m[1;36m dir=[0m[1;36m-21.8927[0m[1;36m
[gzserver-2] [0m[1;36m[Dbg] [wind_plugin.cpp:110] [0m[1;36mWindPlugin: received command -> speed=[0m[1;36m0.935442[0m[1;36m dir=[0m[1;36m-19.4728[0m[1;36m
[gzserver-2] [0m[1;36m[Dbg] [wind_plugin.cpp:110] [0m[1;36mWindPlugin: received command -> speed=[0m[1;36m0.935442[0m[1;36m dir=[0m[1;36m-19.4728[0m[1;36m
[gzserver-2] [0m[1;36m[Dbg] [wind_plugin.cpp:110] [0m[1;36mWindPlugin: received command -> speed=[0m[1;36m0.935442[0m[1;36m dir=[0m[1;36m-19.4728[0m[1;36m
[gzserver-2] [0m[1;36m[Dbg] [wind_plugin.cpp:110] [0m[1;36mWindPlugin: received command -> speed=[0m[1;36m0.935442[0m[1;36m dir=[0m[1;36m-19.4728[0m[1;36m
[gzserver-2] [0m[1;36m[Dbg] [wind_plugin.cpp:110] [0m[1;36mWindPlugin: received command -> speed=[0m[1;36m0.981569[0m[1;36m dir=[0m[1;36m-18.7612[0m[1;36m
[gzserver-2] [0m[1;36m[Dbg] [wind_plugin.cpp:110] [0m[1;36mWindPlugin: received command -> speed=[0m[1;36m0.981569[0m[1;36m dir=[0m[1;36m-18.7612[0m[1;36m
[gzserver-2] [0mLanded!
[gzserver-2] [INFO] [1773133007.245822609] [gazebo_wind_plugin_node]: WindPlugin: set wind_speed=0.98 wind_direction=-18.8
[gzserver-2] [INFO] [1773133007.485796358] [gazebo_wind_plugin_node]: WindPlugin: set wind_speed=0.98 wind_direction=-18.8
[gzserver-2] [INFO] [1773133007.722064008] [gazebo_wind_plugin_node]: WindPlugin: set wind_speed=0.98 wind_direction=-18.8
[gzserver-2] [INFO] [1773133007.956191501] [gazebo_wind_plugin_node]: WindPlugin: set wind_speed=1.15 wind_direction=-18.9
[gzserver-2] [INFO] [1773133008.196345466] [gazebo_wind_plugin_node]: WindPlugin: set wind_speed=1.15 wind_direction=-18.9
[gzserver-2] [INFO] [1773133008.436098531] [gazebo_wind_plugin_node]: WindPlugin: set wind_speed=1.15 wind_direction=-18.9
[gzserver-2] [INFO] [1773133008.675429163] [gazebo_wind_plugin_node]: WindPlugin: set wind_speed=1.15 wind_direction=-18.9
[gzserver-2] [INFO] [1773133008.914954418] [gazebo_wind_plugin_node]: WindPlugin: set wind_speed=1.08 wind_direction=-17.3
