[INFO] [launch]: All log files can be found below /home/j/.ros/log/2026-03-10-17-54-58-180146-j-3804182
[INFO] [launch]: Default logging verbosity is set to INFO
[INFO] [launch.user]: [bringup] Apriltag config: camera=/drone/bottom, image=/drone/bottom/image_raw, tags=/drone/bottom/tags, bridge=/landing_tag_state, standalone=true, use_target_id=true, target_id=0
[INFO] [rviz2-1]: process started with pid [3804196]
[INFO] [gzserver-2]: process started with pid [3804198]
[INFO] [robot_state_publisher-3]: process started with pid [3804200]
[INFO] [joint_state_publisher-4]: process started with pid [3804202]
[INFO] [spawn_drone-5]: process started with pid [3804204]
[INFO] [static_transform_publisher-6]: process started with pid [3804206]
[INFO] [joy_node-7]: process started with pid [3804208]
[INFO] [teleop_joystick-8]: process started with pid [3804210]
[INFO] [apriltag_detector_node-9]: process started with pid [3804212]
[INFO] [apriltag_state_bridge-10]: process started with pid [3804215]
[static_transform_publisher-6] [WARN] [1773132898.651913025] []: Old-style arguments are deprecated; see --help for new-style arguments
[static_transform_publisher-6] [INFO] [1773132898.658554839] [static_transform_publisher_q2VYqH6dzCRZcp0A]: Spinning until stopped - publishing transform
[static_transform_publisher-6] translation: ('0.000000', '0.000000', '0.000000')
[static_transform_publisher-6] rotation: ('0.000000', '0.000000', '0.000000', '1.000000')
[static_transform_publisher-6] from 'world' to '/drone/odom'
[robot_state_publisher-3] [INFO] [1773132898.685501315] [drone.robot_state_publisher]: got segment base_footprint
[robot_state_publisher-3] [INFO] [1773132898.685589548] [drone.robot_state_publisher]: got segment base_link
[robot_state_publisher-3] [INFO] [1773132898.685602318] [drone.robot_state_publisher]: got segment bottom_cam_link
[robot_state_publisher-3] [INFO] [1773132898.685610748] [drone.robot_state_publisher]: got segment front_cam_link
[robot_state_publisher-3] [INFO] [1773132898.685618357] [drone.robot_state_publisher]: got segment sonar_link
[rviz2-1] 
[rviz2-1] (rviz2:3804196): dbind-WARNING **: 17:54:58.685: Couldn't connect to accessibility bus: Failed to connect to socket /root/.cache/at-spi/bus_0: 허가 거부
[apriltag_detector_node-9] [INFO] [1773132898.686870672] [apriltag_detector_node]: tag detector type: umich
[teleop_joystick-8] Traceback (most recent call last):
[teleop_joystick-8]   File "/home/j/INCSL/IICC26_ws/install/sjtu_drone_control/lib/sjtu_drone_control/teleop_joystick", line 33, in <module>
[teleop_joystick-8]     sys.exit(load_entry_point('sjtu_drone_control==0.0.0', 'console_scripts', 'teleop_joystick')())
[teleop_joystick-8]   File "/home/j/INCSL/IICC26_ws/install/sjtu_drone_control/lib/sjtu_drone_control/teleop_joystick", line 22, in importlib_load_entry_point
[teleop_joystick-8]     for entry_point in distribution(dist_name).entry_points
[teleop_joystick-8]   File "/usr/lib/python3.10/importlib/metadata/__init__.py", line 969, in distribution
[teleop_joystick-8]     return Distribution.from_name(distribution_name)
[teleop_joystick-8]   File "/usr/lib/python3.10/importlib/metadata/__init__.py", line 548, in from_name
[teleop_joystick-8]     raise PackageNotFoundError(name)
[teleop_joystick-8] importlib.metadata.PackageNotFoundError: No package metadata was found for sjtu_drone_control
[ERROR] [teleop_joystick-8]: process has died [pid 3804210, exit code 1, cmd '/home/j/INCSL/IICC26_ws/install/sjtu_drone_control/lib/sjtu_drone_control/teleop_joystick --ros-args -r __ns:=/drone'].
[gzserver-2] Gazebo multi-robot simulator, version 11.10.2
[gzserver-2] Copyright (C) 2012 Open Source Robotics Foundation.
[gzserver-2] Released under the Apache 2 License.
[gzserver-2] http://gazebosim.org
[gzserver-2] 
[apriltag_state_bridge-10] [INFO] [1773132898.914162266] [apriltag_state_bridge]: AprilTag bridge started: /drone/bottom/tags -> /landing_tag_state, use_target_id=True, target_id=0
[joint_state_publisher-4] [INFO] [1773132898.952453252] [drone.joint_state_publisher]: Waiting for robot_description to be published on the robot_description topic...
[gzserver-2] [1;33m[Wrn] [gazebo_ros_init.cpp:178] [0m[1;33m
[gzserver-2] #     # ####### ####### ###  #####  #######
[gzserver-2] ##    # #     #    #     #  #     # #
[gzserver-2] # #   # #     #    #     #  #       #
[gzserver-2] #  #  # #     #    #     #  #       #####
[gzserver-2] #   # # #     #    #     #  #       #
[gzserver-2] #    ## #     #    #     #  #     # #
[gzserver-2] #     # #######    #    ###  #####  #######
[gzserver-2] 
[gzserver-2] This version of Gazebo, now called Gazebo classic, reaches end-of-life
[gzserver-2] in January 2025. Users are highly encouraged to migrate to the new Gazebo
[gzserver-2] using our migration guides (https://gazebosim.org/docs/latest/gazebo_classic_migration?utm_source=gazebo_ros_pkgs&utm_medium=cli)
[gzserver-2] 
[gzserver-2] [0m[1;33m
[rviz2-1] [INFO] [1773132899.028510107] [rviz2]: Stereo is NOT SUPPORTED
[rviz2-1] [INFO] [1773132899.028595685] [rviz2]: OpenGl version: 4.6 (GLSL 4.6)
[rviz2-1] [INFO] [1773132899.118524199] [rviz2]: Stereo is NOT SUPPORTED
[rviz2-1] [INFO] [1773132899.247147799] [rviz2]: Stereo is NOT SUPPORTED
[spawn_drone-5] [INFO] [1773132899.866894627] [spawn_drone]: Result False Entity pushed to spawn queue, but spawn service timed outwaiting for entity to appear in simulation under the name [/drone]
[gzserver-2] [1;32m[Msg] [0m[1;32mWaiting for master.[0m[1;32m
[gzserver-2] [0m[1;32m[0m[1;32m[0m[1;32m[Msg] [0m[1;32mConnected to gazebo master @ [0m[1;32mhttp://127.0.0.1:11345[0m[1;32m
[gzserver-2] [0m[1;32m[0m[1;32m[0m[1;32m[Msg] [0m[1;32mPublicized address: [0m[1;32m172.16.52.147[0m[1;32m
[gzserver-2] [0m[1;32m[0m[1;32m[0m[1;32m[Msg] [0m[1;32mLoading world file [[0m[1;32m/home/j/INCSL/IICC26_ws/install/sjtu_drone_description/share/sjtu_drone_description/worlds/landingPad.world[0m[1;32m][0m[1;32m
[gzserver-2] [0m[1;32m[0m[1;32m[0m[1;36m[Dbg] [wind_plugin.cpp:96] [0m[1;36mWindPlugin loaded: speed=[0m[1;36m0[0m[1;36m dir=[0m[1;36m0[0m[1;36m deg area=[0m[1;36m0.1[0m[1;36m coeff=[0m[1;36m1[0m[1;36m
[gzserver-2] [0m[1;33m[0m[1;33m[0m[1;31m[Err] [Sensor.cc:510] [0m[1;31mGet noise index not valid[0m[1;31m
[gzserver-2] [0m[1;31m[0m[1;31m[0m[1;31m[Err] [Sensor.cc:510] [0m[1;31mGet noise index not valid[0m[1;31m
[gzserver-2] [0m[1;31m[0m[1;31m[0m[1;31m[Err] [Sensor.cc:510] [0m[1;31mGet noise index not valid[0m[1;31m
[gzserver-2] [0m[1;31m[0m[1;31m[0m[1;31m[Err] [Sensor.cc:510] [0m[1;31mGet noise index not valid[0m[1;31m
[gzserver-2] [0m[1;31m[0m[1;31m[0m[1;31m[Err] [Sensor.cc:510] [0m[1;31mGet noise index not valid[0m[1;31m
[gzserver-2] [0m[1;31m[0m[1;31m[0m[1;31m[Err] [Sensor.cc:510] [0m[1;31mGet noise index not valid[0m[1;31m
[gzserver-2] [0m[1;31m[0m[1;31m[0mTopic [default//drone/base_footprint/down_camera/image] is not valid.
[gzserver-2] Topic [default//drone/base_footprint/front_camera/image] is not valid.
[gzserver-2] [INFO] [1773132899.897763253] [drone.collision_plugin]: Publishing contact states to [/drone/bumper_states]
[gzserver-2] [1;33m[Wrn] [Event.cc:61] [0m[1;33mWarning: Deleting a connection right after creation. [0m[1;33mMake sure to save the ConnectionPtr from a Connect call
[INFO] [spawn_drone-5]: process has finished cleanly [pid 3804204]
[gzserver-2] [0m[INFO] [1773132900.480490571] [drone.camera_bottom]: Publishing camera info to [/drone/bottom/camera_info]
[gzserver-2] [INFO] [1773132900.485123427] [drone.camera_front]: Publishing camera info to [/drone/front/camera_info]
[gzserver-2] [INFO] [1773132900.606625648] [drone.simple_drone]: The drone plugin is loading!
[gzserver-2] [INFO] [1773132900.606841536] [drone.simple_drone]: pub_odom: 1
[gzserver-2] [INFO] [1773132900.606872889] [drone.simple_drone]: Using following parameters: 
[gzserver-2] 		link_name: base_footprint,
[gzserver-2] 		max_force: 30,
[gzserver-2] 		motion_small_noise: 0,
[gzserver-2] 		motion_drift_noise: 0,
[gzserver-2] 		motion_drift_noise_time: 50,
[gzserver-2] 		takeoff_hover_height: 2.48,
[gzserver-2] 		takeoff_vertical_speed: 0.2
[gzserver-2] [INFO] [1773132900.618879388] [drone.simple_drone]: Using the PID parameters: 
[gzserver-2] 	Roll Pitch:
[gzserver-2] 		kP: 10, kI: 0,kD: 5, Limit: 0.5, Time Constant: 0
[gzserver-2] 	Yaw:
[gzserver-2] 		kP: 2, kI: 0,kD: 1, Limit: 1.5, Time Constant: 0
[gzserver-2] 	Velocity X:
[gzserver-2] 		kP: 5, kI: 0,kD: 2.3, Limit: 2, Time Constant: 0
[gzserver-2] 	Velocity Y:
[gzserver-2] 		kP: 5, kI: 0,kD: 2.3, Limit: 2, Time Constant: 0
[gzserver-2] 	Velocity Z:
[gzserver-2] 		kP: 5, kI: 0,kD: 1, Limit: -1, Time Constant: 0
[gzserver-2] 	Position XY:
[gzserver-2] 		kP: 1.1, kI: 0,kD: 0, Limit: 5, Time Constant: 0
[gzserver-2] 	Position Z:
[gzserver-2] 		kP: 1, kI: 0,kD: 0.2, Limit: -1, Time Constant: 0
[gzserver-2] [INFO] [1773132900.619009833] [drone.simple_drone]: The drone plugin finished loading!
[gzserver-2] [INFO] [1773132908.044467191] [gazebo_wind_plugin_node]: WindPlugin: set wind_speed=0.00 wind_direction=0.0
[gzserver-2] [INFO] [1773132908.405171001] [gazebo_wind_plugin_node]: WindPlugin: set wind_speed=0.00 wind_direction=0.0
[gzserver-2] [INFO] [1773132908.449313435] [drone.simple_drone]: Quadrotor takes off!!
[gzserver-2] [INFO] [1773132908.654018875] [gazebo_wind_plugin_node]: WindPlugin: set wind_speed=0.00 wind_direction=0.0
[gzserver-2] [INFO] [1773132908.899706070] [gazebo_wind_plugin_node]: WindPlugin: set wind_speed=0.00 wind_direction=0.0
[gzserver-2] [INFO] [1773132909.144689520] [gazebo_wind_plugin_node]: WindPlugin: set wind_speed=0.00 wind_direction=0.0
[gzserver-2] [INFO] [1773132909.408405043] [gazebo_wind_plugin_node]: WindPlugin: set wind_speed=0.00 wind_direction=0.0
[gzserver-2] [INFO] [1773132909.649675846] [gazebo_wind_plugin_node]: WindPlugin: set wind_speed=0.00 wind_direction=0.0
[gzserver-2] [INFO] [1773132909.891646311] [gazebo_wind_plugin_node]: WindPlugin: set wind_speed=0.00 wind_direction=0.0
[gzserver-2] [INFO] [1773132910.138536343] [gazebo_wind_plugin_node]: WindPlugin: set wind_speed=0.00 wind_direction=0.0
[gzserver-2] [0m[1;36m[Dbg] [wind_plugin.cpp:110] [0m[1;36mWindPlugin: received command -> speed=[0m[1;36m0[0m[1;36m dir=[0m[1;36m0[0m[1;36m
[gzserver-2] [0m[1;36m[Dbg] [wind_plugin.cpp:110] [0m[1;36mWindPlugin: received command -> speed=[0m[1;36m0[0m[1;36m dir=[0m[1;36m0[0m[1;36m
[gzserver-2] [0m[1;36m[Dbg] [wind_plugin.cpp:110] [0m[1;36mWindPlugin: received command -> speed=[0m[1;36m0[0m[1;36m dir=[0m[1;36m0[0m[1;36m
[gzserver-2] [0m[1;36m[Dbg] [wind_plugin.cpp:110] [0m[1;36mWindPlugin: received command -> speed=[0m[1;36m0[0m[1;36m dir=[0m[1;36m0[0m[1;36m
[gzserver-2] [0m[1;36m[Dbg] [wind_plugin.cpp:110] [0m[1;36mWindPlugin: received command -> speed=[0m[1;36m0[0m[1;36m dir=[0m[1;36m0[0m[1;36m
[gzserver-2] [0m[1;36m[Dbg] [wind_plugin.cpp:110] [0m[1;36mWindPlugin: received command -> speed=[0m[1;36m0[0m[1;36m dir=[0m[1;36m0[0m[1;36m
[gzserver-2] [0m[1;36m[Dbg] [wind_plugin.cpp:110] [0m[1;36mWindPlugin: received command -> speed=[0m[1;36m0[0m[1;36m dir=[0m[1;36m0[0m[1;36m
[gzserver-2] [0m[1;36m[Dbg] [wind_plugin.cpp:110] [0m[1;36mWindPlugin: received command -> speed=[0m[1;36m0[0m[1;36m dir=[0m[1;36m0[0m[1;36m
[gzserver-2] [0m[1;36m[Dbg] [wind_plugin.cpp:110] [0m[1;36mWindPlugin: received command -> speed=[0m[1;36m0[0m[1;36m dir=[0m[1;36m0[0m[1;36m
[gzserver-2] [0mEntering flying model!
[gzserver-2] [INFO] [1773132910.379611197] [gazebo_wind_plugin_node]: WindPlugin: set wind_speed=0.00 wind_direction=0.0
[gzserver-2] [INFO] [1773132910.626388101] [gazebo_wind_plugin_node]: WindPlugin: set wind_speed=2.22 wind_direction=-127.8
[gzserver-2] [INFO] [1773132910.863063815] [gazebo_wind_plugin_node]: WindPlugin: set wind_speed=2.22 wind_direction=-127.8
[gzserver-2] [INFO] [1773132911.102446742] [gazebo_wind_plugin_node]: WindPlugin: set wind_speed=2.22 wind_direction=-127.8
[gzserver-2] [INFO] [1773132911.338730540] [gazebo_wind_plugin_node]: WindPlugin: set wind_speed=2.22 wind_direction=-127.8
[gzserver-2] [INFO] [1773132911.585009356] [gazebo_wind_plugin_node]: WindPlugin: set wind_speed=2.15 wind_direction=-127.1
[gzserver-2] [INFO] [1773132911.828412726] [gazebo_wind_plugin_node]: WindPlugin: set wind_speed=2.15 wind_direction=-127.1
[gzserver-2] [INFO] [1773132912.070094282] [gazebo_wind_plugin_node]: WindPlugin: set wind_speed=2.15 wind_direction=-127.1
[gzserver-2] [INFO] [1773132912.310339633] [gazebo_wind_plugin_node]: WindPlugin: set wind_speed=2.15 wind_direction=-127.1
[gzserver-2] [INFO] [1773132912.551234680] [gazebo_wind_plugin_node]: WindPlugin: set wind_speed=2.25 wind_direction=-127.2
[gzserver-2] [INFO] [1773132912.792260933] [gazebo_wind_plugin_node]: WindPlugin: set wind_speed=2.25 wind_direction=-127.2
[gzserver-2] [INFO] [1773132913.033333451] [gazebo_wind_plugin_node]: WindPlugin: set wind_speed=2.25 wind_direction=-127.2
[gzserver-2] [INFO] [1773132913.276019462] [gazebo_wind_plugin_node]: WindPlugin: set wind_speed=2.25 wind_direction=-127.2
[gzserver-2] [INFO] [1773132913.519098083] [gazebo_wind_plugin_node]: WindPlugin: set wind_speed=2.25 wind_direction=-127.2
[gzserver-2] [INFO] [1773132913.559624415] [drone.simple_drone]: Quadrotor lands!!
[gzserver-2] [INFO] [1773132913.762397060] [gazebo_wind_plugin_node]: WindPlugin: set wind_speed=2.27 wind_direction=-128.8
[gzserver-2] [INFO] [1773132914.004407067] [gazebo_wind_plugin_node]: WindPlugin: set wind_speed=2.27 wind_direction=-128.8
[gzserver-2] [INFO] [1773132914.247032071] [gazebo_wind_plugin_node]: WindPlugin: set wind_speed=2.27 wind_direction=-128.8
[gzserver-2] [INFO] [1773132914.479236232] [gazebo_wind_plugin_node]: WindPlugin: set wind_speed=2.27 wind_direction=-128.8
[gzserver-2] [1;36m[Dbg] [wind_plugin.cpp:110] [0m[1;36mWindPlugin: received command -> speed=[0m[1;36m0[0m[1;36m dir=[0m[1;36m0[0m[1;36m
[gzserver-2] [0m[1;36m[Dbg] [wind_plugin.cpp:110] [0m[1;36mWindPlugin: received command -> speed=[0m[1;36m2.22082[0m[1;36m dir=[0m[1;36m-127.761[0m[1;36m
[gzserver-2] [0m[1;36m[Dbg] [wind_plugin.cpp:110] [0m[1;36mWindPlugin: received command -> speed=[0m[1;36m2.22082[0m[1;36m dir=[0m[1;36m-127.761[0m[1;36m
[gzserver-2] [0m[1;36m[Dbg] [wind_plugin.cpp:110] [0m[1;36mWindPlugin: received command -> speed=[0m[1;36m2.22082[0m[1;36m dir=[0m[1;36m-127.761[0m[1;36m
[gzserver-2] [0m[1;36m[Dbg] [wind_plugin.cpp:110] [0m[1;36mWindPlugin: received command -> speed=[0m[1;36m2.22082[0m[1;36m dir=[0m[1;36m-127.761[0m[1;36m
[gzserver-2] [0m[1;36m[Dbg] [wind_plugin.cpp:110] [0m[1;36mWindPlugin: received command -> speed=[0m[1;36m2.14511[0m[1;36m dir=[0m[1;36m-127.111[0m[1;36m
[gzserver-2] [0m[1;36m[Dbg] [wind_plugin.cpp:110] [0m[1;36mWindPlugin: received command -> speed=[0m[1;36m2.14511[0m[1;36m dir=[0m[1;36m-127.111[0m[1;36m
[gzserver-2] [0m[1;36m[Dbg] [wind_plugin.cpp:110] [0m[1;36mWindPlugin: received command -> speed=[0m[1;36m2.14511[0m[1;36m dir=[0m[1;36m-127.111[0m[1;36m
[gzserver-2] [0m[1;36m[Dbg] [wind_plugin.cpp:110] [0m[1;36mWindPlugin: received command -> speed=[0m[1;36m2.14511[0m[1;36m dir=[0m[1;36m-127.111[0m[1;36m
[gzserver-2] [0m[1;36m[Dbg] [wind_plugin.cpp:110] [0m[1;36mWindPlugin: received command -> speed=[0m[1;36m2.249[0m[1;36m dir=[0m[1;36m-127.227[0m[1;36m
[gzserver-2] [0m[1;36m[Dbg] [wind_plugin.cpp:110] [0m[1;36mWindPlugin: received command -> speed=[0m[1;36m2.249[0m[1;36m dir=[0m[1;36m-127.227[0m[1;36m
[gzserver-2] [0m[1;36m[Dbg] [wind_plugin.cpp:110] [0m[1;36mWindPlugin: received command -> speed=[0m[1;36m2.249[0m[1;36m dir=[0m[1;36m-127.227[0m[1;36m
[gzserver-2] [0m[1;36m[Dbg] [wind_plugin.cpp:110] [0m[1;36mWindPlugin: received command -> speed=[0m[1;36m2.249[0m[1;36m dir=[0m[1;36m-127.227[0m[1;36m
[gzserver-2] [0m[1;36m[Dbg] [wind_plugin.cpp:110] [0m[1;36mWindPlugin: received command -> speed=[0m[1;36m2.249[0m[1;36m dir=[0m[1;36m-127.227[0m[1;36m
[gzserver-2] [0m[1;36m[Dbg] [wind_plugin.cpp:110] [0m[1;36mWindPlugin: received command -> speed=[0m[1;36m2.27129[0m[1;36m dir=[0m[1;36m-128.794[0m[1;36m
[gzserver-2] [0m[1;36m[Dbg] [wind_plugin.cpp:110] [0m[1;36mWindPlugin: received command -> speed=[0m[1;36m2.27129[0m[1;36m dir=[0m[1;36m-128.794[0m[1;36m
[gzserver-2] [0m[1;36m[Dbg] [wind_plugin.cpp:110] [0m[1;36mWindPlugin: received command -> speed=[0m[1;36m2.27129[0m[1;36m dir=[0m[1;36m-128.794[0m[1;36m
[gzserver-2] [0m[1;36m[Dbg] [wind_plugin.cpp:110] [0m[1;36mWindPlugin: received command -> speed=[0m[1;36m2.27129[0m[1;36m dir=[0m[1;36m-128.794[0m[1;36m
[gzserver-2] [0mLanded!
[gzserver-2] [INFO] [1773132914.719048566] [gazebo_wind_plugin_node]: WindPlugin: set wind_speed=1.97 wind_direction=-131.1
[gzserver-2] [INFO] [1773132914.963320363] [gazebo_wind_plugin_node]: WindPlugin: set wind_speed=1.97 wind_direction=-131.1
[gzserver-2] [INFO] [1773132915.201671270] [gazebo_wind_plugin_node]: WindPlugin: set wind_speed=1.97 wind_direction=-131.1
[gzserver-2] [INFO] [1773132915.437271595] [gazebo_wind_plugin_node]: WindPlugin: set wind_speed=1.97 wind_direction=-131.1
[gzserver-2] [INFO] [1773132915.674109685] [gazebo_wind_plugin_node]: WindPlugin: set wind_speed=2.13 wind_direction=-125.4
[gzserver-2] [INFO] [1773132915.915404091] [gazebo_wind_plugin_node]: WindPlugin: set wind_speed=2.13 wind_direction=-125.4
[gzserver-2] [INFO] [1773132916.145739729] [gazebo_wind_plugin_node]: WindPlugin: set wind_speed=2.13 wind_direction=-125.4
[gzserver-2] [INFO] [1773132916.386099019] [gazebo_wind_plugin_node]: WindPlugin: set wind_speed=2.13 wind_direction=-125.4
