[INFO] [launch]: All log files can be found below /home/j/.ros/log/2026-03-10-11-43-33-559534-j-746907
[INFO] [launch]: Default logging verbosity is set to INFO
[INFO] [launch.user]: [bringup] Apriltag config: camera=/drone/bottom, image=/drone/bottom/image_raw, tags=/drone/bottom/tags, bridge=/landing_tag_state, standalone=true, use_target_id=true, target_id=0
[INFO] [rviz2-1]: process started with pid [746925]
[INFO] [gzserver-2]: process started with pid [746927]
[INFO] [robot_state_publisher-3]: process started with pid [746929]
[INFO] [joint_state_publisher-4]: process started with pid [746931]
[INFO] [spawn_drone-5]: process started with pid [746933]
[INFO] [static_transform_publisher-6]: process started with pid [746935]
[INFO] [joy_node-7]: process started with pid [746937]
[INFO] [teleop_joystick-8]: process started with pid [746939]
[INFO] [apriltag_detector_node-9]: process started with pid [746941]
[INFO] [apriltag_state_bridge-10]: process started with pid [746943]
[static_transform_publisher-6] [WARN] [1773110614.033450613] []: Old-style arguments are deprecated; see --help for new-style arguments
[static_transform_publisher-6] [INFO] [1773110614.038935649] [static_transform_publisher_tQCOzIAE3EfOUSMF]: Spinning until stopped - publishing transform
[static_transform_publisher-6] translation: ('0.000000', '0.000000', '0.000000')
[static_transform_publisher-6] rotation: ('0.000000', '0.000000', '0.000000', '1.000000')
[static_transform_publisher-6] from 'world' to '/drone/odom'
[robot_state_publisher-3] [INFO] [1773110614.059622605] [drone.robot_state_publisher]: got segment base_footprint
[robot_state_publisher-3] [INFO] [1773110614.059685811] [drone.robot_state_publisher]: got segment base_link
[robot_state_publisher-3] [INFO] [1773110614.059691345] [drone.robot_state_publisher]: got segment bottom_cam_link
[robot_state_publisher-3] [INFO] [1773110614.059694700] [drone.robot_state_publisher]: got segment front_cam_link
[robot_state_publisher-3] [INFO] [1773110614.059697512] [drone.robot_state_publisher]: got segment sonar_link
[rviz2-1] 
[rviz2-1] (rviz2:746925): dbind-WARNING **: 11:43:34.066: Couldn't connect to accessibility bus: Failed to connect to socket /root/.cache/at-spi/bus_0: 허가 거부
[apriltag_detector_node-9] [INFO] [1773110614.069527909] [apriltag_detector_node]: tag detector type: umich
[teleop_joystick-8] Traceback (most recent call last):
[teleop_joystick-8]   File "/home/j/INCSL/IICC26_ws/install/sjtu_drone_control/lib/sjtu_drone_control/teleop_joystick", line 33, in <module>
[teleop_joystick-8]     sys.exit(load_entry_point('sjtu_drone_control==0.0.0', 'console_scripts', 'teleop_joystick')())
[teleop_joystick-8]   File "/home/j/INCSL/IICC26_ws/install/sjtu_drone_control/lib/sjtu_drone_control/teleop_joystick", line 22, in importlib_load_entry_point
[teleop_joystick-8]     for entry_point in distribution(dist_name).entry_points
[teleop_joystick-8]   File "/usr/lib/python3.10/importlib/metadata/__init__.py", line 969, in distribution
[teleop_joystick-8]     return Distribution.from_name(distribution_name)
[teleop_joystick-8]   File "/usr/lib/python3.10/importlib/metadata/__init__.py", line 548, in from_name
[teleop_joystick-8]     raise PackageNotFoundError(name)
[teleop_joystick-8] importlib.metadata.PackageNotFoundError: No package metadata was found for sjtu_drone_control
[ERROR] [teleop_joystick-8]: process has died [pid 746939, exit code 1, cmd '/home/j/INCSL/IICC26_ws/install/sjtu_drone_control/lib/sjtu_drone_control/teleop_joystick --ros-args -r __ns:=/drone'].
[gzserver-2] Gazebo multi-robot simulator, version 11.10.2
[gzserver-2] Copyright (C) 2012 Open Source Robotics Foundation.
[gzserver-2] Released under the Apache 2 License.
[gzserver-2] http://gazebosim.org
[gzserver-2] 
[apriltag_state_bridge-10] [INFO] [1773110614.281966609] [apriltag_state_bridge]: AprilTag bridge started: /drone/bottom/tags -> /landing_tag_state, use_target_id=True, target_id=0
[joint_state_publisher-4] [INFO] [1773110614.318576301] [drone.joint_state_publisher]: Waiting for robot_description to be published on the robot_description topic...
[gzserver-2] [1;33m[Wrn] [gazebo_ros_init.cpp:178] [0m[1;33m
[gzserver-2] #     # ####### ####### ###  #####  #######
[gzserver-2] ##    # #     #    #     #  #     # #
[gzserver-2] # #   # #     #    #     #  #       #
[gzserver-2] #  #  # #     #    #     #  #       #####
[gzserver-2] #   # # #     #    #     #  #       #
[gzserver-2] #    ## #     #    #     #  #     # #
[gzserver-2] #     # #######    #    ###  #####  #######
[gzserver-2] 
[gzserver-2] This version of Gazebo, now called Gazebo classic, reaches end-of-life
[gzserver-2] in January 2025. Users are highly encouraged to migrate to the new Gazebo
[gzserver-2] using our migration guides (https://gazebosim.org/docs/latest/gazebo_classic_migration?utm_source=gazebo_ros_pkgs&utm_medium=cli)
[gzserver-2] 
[gzserver-2] [0m[1;33m
[rviz2-1] [INFO] [1773110614.557404524] [rviz2]: Stereo is NOT SUPPORTED
[rviz2-1] [INFO] [1773110614.557537152] [rviz2]: OpenGl version: 4.6 (GLSL 4.6)
[rviz2-1] [INFO] [1773110614.636703643] [rviz2]: Stereo is NOT SUPPORTED
[rviz2-1] [INFO] [1773110614.739095420] [rviz2]: Stereo is NOT SUPPORTED
[gzserver-2] [1;32m[Msg] [0m[1;32mWaiting for master.[0m[1;32m
[gzserver-2] [0m[1;32m[0m[1;32m[0m[1;32m[Msg] [0m[1;32mConnected to gazebo master @ [0m[1;32mhttp://127.0.0.1:11345[0m[1;32m
[gzserver-2] [0m[1;32m[0m[1;32m[0m[1;32m[Msg] [0m[1;32mPublicized address: [0m[1;32m172.16.52.147[0m[1;32m
[gzserver-2] [0m[1;32m[0m[1;32m[0m[1;32m[Msg] [0m[1;32mLoading world file [[0m[1;32m/home/j/INCSL/IICC26_ws/install/sjtu_drone_description/share/sjtu_drone_description/worlds/landingPad.world[0m[1;32m][0m[1;32m
[gzserver-2] [0m[1;32m[0m[1;32m[0m[1;36m[Dbg] [wind_plugin.cpp:96] [0m[1;36mWindPlugin loaded: speed=[0m[1;36m0[0m[1;36m dir=[0m[1;36m0[0m[1;36m deg area=[0m[1;36m0.1[0m[1;36m coeff=[0m[1;36m1[0m[1;36m
[gzserver-2] [0m[1;33m[0m[1;33m[0m[1;31m[Err] [Sensor.cc:510] [0m[1;31mGet noise index not valid[0m[1;31m
[gzserver-2] [0m[1;31m[0m[1;31m[0m[1;31m[Err] [Sensor.cc:510] [0m[1;31mGet noise index not valid[0m[1;31m
[gzserver-2] [0m[1;31m[0m[1;31m[0m[1;31m[Err] [Sensor.cc:510] [0m[1;31mGet noise index not valid[0m[1;31m
[gzserver-2] [0m[1;31m[0m[1;31m[0m[1;31m[Err] [Sensor.cc:510] [0m[1;31mGet noise index not valid[0m[1;31m
[gzserver-2] [0m[1;31m[0m[1;31m[0m[1;31m[Err] [Sensor.cc:510] [0m[1;31mGet noise index not valid[0m[1;31m
[gzserver-2] [0m[1;31m[0m[1;31m[0m[1;31m[Err] [Sensor.cc:510] [0m[1;31mGet noise index not valid[0m[1;31m
[gzserver-2] [0m[1;31m[0m[1;31m[0mTopic [default//drone/base_footprint/down_camera/image] is not valid.
[gzserver-2] [INFO] [1773110615.269273002] [drone.collision_plugin]: Publishing contact states to [/drone/bumper_states]
[gzserver-2] Topic [default//drone/base_footprint/front_camera/image] is not valid.
[gzserver-2] [1;33m[Wrn] [Event.cc:61] [0m[1;33mWarning: Deleting a connection right after creation. [0m[1;33mMake sure to save the ConnectionPtr from a Connect call
[gzserver-2] [0m[INFO] [1773110615.828021086] [drone.camera_bottom]: Publishing camera info to [/drone/bottom/camera_info]
[gzserver-2] [INFO] [1773110615.832755172] [drone.camera_front]: Publishing camera info to [/drone/front/camera_info]
[spawn_drone-5] [INFO] [1773110615.841342513] [spawn_drone]: Result True SpawnEntity: Successfully spawned entity [/drone]
[gzserver-2] [INFO] [1773110615.954089686] [drone.simple_drone]: The drone plugin is loading!
[gzserver-2] [INFO] [1773110615.954293295] [drone.simple_drone]: pub_odom: 1
[gzserver-2] [INFO] [1773110615.954325613] [drone.simple_drone]: Using following parameters: 
[gzserver-2] 		link_name: base_footprint,
[gzserver-2] 		max_force: 30,
[gzserver-2] 		motion_small_noise: 0,
[gzserver-2] 		motion_drift_noise: 0,
[gzserver-2] 		motion_drift_noise_time: 50,
[gzserver-2] 		takeoff_hover_height: 1.86,
[gzserver-2] 		takeoff_vertical_speed: 0.2
[gzserver-2] [INFO] [1773110615.966012290] [drone.simple_drone]: Using the PID parameters: 
[gzserver-2] 	Roll Pitch:
[gzserver-2] 		kP: 10, kI: 0,kD: 5, Limit: 0.5, Time Constant: 0
[gzserver-2] 	Yaw:
[gzserver-2] 		kP: 2, kI: 0,kD: 1, Limit: 1.5, Time Constant: 0
[gzserver-2] 	Velocity X:
[gzserver-2] 		kP: 5, kI: 0,kD: 2.3, Limit: 2, Time Constant: 0
[gzserver-2] 	Velocity Y:
[gzserver-2] 		kP: 5, kI: 0,kD: 2.3, Limit: 2, Time Constant: 0
[gzserver-2] 	Velocity Z:
[gzserver-2] 		kP: 5, kI: 0,kD: 1, Limit: -1, Time Constant: 0
[gzserver-2] 	Position XY:
[gzserver-2] 		kP: 1.1, kI: 0,kD: 0, Limit: 5, Time Constant: 0
[gzserver-2] 	Position Z:
[gzserver-2] 		kP: 1, kI: 0,kD: 0.2, Limit: -1, Time Constant: 0
[gzserver-2] [INFO] [1773110615.966151996] [drone.simple_drone]: The drone plugin finished loading!
[INFO] [spawn_drone-5]: process has finished cleanly [pid 746933]
[gzserver-2] [INFO] [1773110623.391172597] [gazebo_wind_plugin_node]: WindPlugin: set wind_speed=0.00 wind_direction=0.0
[gzserver-2] [INFO] [1773110623.663571285] [gazebo_wind_plugin_node]: WindPlugin: set wind_speed=0.00 wind_direction=0.0
[gzserver-2] [INFO] [1773110623.698306914] [drone.simple_drone]: Quadrotor takes off!!
[gzserver-2] [INFO] [1773110623.899824982] [gazebo_wind_plugin_node]: WindPlugin: set wind_speed=0.00 wind_direction=0.0
[gzserver-2] [INFO] [1773110624.139120365] [gazebo_wind_plugin_node]: WindPlugin: set wind_speed=0.00 wind_direction=0.0
[gzserver-2] [INFO] [1773110624.379159040] [gazebo_wind_plugin_node]: WindPlugin: set wind_speed=0.00 wind_direction=0.0
[gzserver-2] [INFO] [1773110624.608238048] [gazebo_wind_plugin_node]: WindPlugin: set wind_speed=0.00 wind_direction=0.0
[gzserver-2] [INFO] [1773110624.847907772] [gazebo_wind_plugin_node]: WindPlugin: set wind_speed=0.00 wind_direction=0.0
[gzserver-2] [INFO] [1773110625.087513036] [gazebo_wind_plugin_node]: WindPlugin: set wind_speed=0.00 wind_direction=0.0
[gzserver-2] [0m[1;36m[Dbg] [wind_plugin.cpp:110] [0m[1;36mWindPlugin: received command -> speed=[0m[1;36m0[0m[1;36m dir=[0m[1;36m0[0m[1;36m
[gzserver-2] [0m[1;36m[Dbg] [wind_plugin.cpp:110] [0m[1;36mWindPlugin: received command -> speed=[0m[1;36m0[0m[1;36m dir=[0m[1;36m0[0m[1;36m
[gzserver-2] [0m[1;36m[Dbg] [wind_plugin.cpp:110] [0m[1;36mWindPlugin: received command -> speed=[0m[1;36m0[0m[1;36m dir=[0m[1;36m0[0m[1;36m
[gzserver-2] [0m[1;36m[Dbg] [wind_plugin.cpp:110] [0m[1;36mWindPlugin: received command -> speed=[0m[1;36m0[0m[1;36m dir=[0m[1;36m0[0m[1;36m
[gzserver-2] [0m[1;36m[Dbg] [wind_plugin.cpp:110] [0m[1;36mWindPlugin: received command -> speed=[0m[1;36m0[0m[1;36m dir=[0m[1;36m0[0m[1;36m
[gzserver-2] [0m[1;36m[Dbg] [wind_plugin.cpp:110] [0m[1;36mWindPlugin: received command -> speed=[0m[1;36m0[0m[1;36m dir=[0m[1;36m0[0m[1;36m
[gzserver-2] [0m[1;36m[Dbg] [wind_plugin.cpp:110] [0m[1;36mWindPlugin: received command -> speed=[0m[1;36m0[0m[1;36m dir=[0m[1;36m0[0m[1;36m
[gzserver-2] [0m[1;36m[Dbg] [wind_plugin.cpp:110] [0m[1;36mWindPlugin: received command -> speed=[0m[1;36m0[0m[1;36m dir=[0m[1;36m0[0m[1;36m
[gzserver-2] [0mEntering flying model!
[gzserver-2] [INFO] [1773110625.319181898] [gazebo_wind_plugin_node]: WindPlugin: set wind_speed=0.00 wind_direction=0.0
[gzserver-2] [INFO] [1773110625.559731564] [gazebo_wind_plugin_node]: WindPlugin: set wind_speed=2.26 wind_direction=-100.8
[gzserver-2] [INFO] [1773110625.802118931] [gazebo_wind_plugin_node]: WindPlugin: set wind_speed=2.26 wind_direction=-100.8
[gzserver-2] [INFO] [1773110626.041770144] [gazebo_wind_plugin_node]: WindPlugin: set wind_speed=2.14 wind_direction=-100.9
[gzserver-2] [INFO] [1773110626.276973757] [gazebo_wind_plugin_node]: WindPlugin: set wind_speed=2.14 wind_direction=-100.9
[gzserver-2] [INFO] [1773110626.516477492] [gazebo_wind_plugin_node]: WindPlugin: set wind_speed=2.14 wind_direction=-100.9
[gzserver-2] [INFO] [1773110626.756369792] [gazebo_wind_plugin_node]: WindPlugin: set wind_speed=2.14 wind_direction=-100.9
[gzserver-2] [INFO] [1773110626.991444651] [gazebo_wind_plugin_node]: WindPlugin: set wind_speed=2.28 wind_direction=-99.9
[gzserver-2] [INFO] [1773110627.225456210] [gazebo_wind_plugin_node]: WindPlugin: set wind_speed=2.28 wind_direction=-99.9
[gzserver-2] [INFO] [1773110627.459862002] [gazebo_wind_plugin_node]: WindPlugin: set wind_speed=2.28 wind_direction=-99.9
[gzserver-2] [INFO] [1773110627.694492768] [gazebo_wind_plugin_node]: WindPlugin: set wind_speed=2.28 wind_direction=-99.9
[gzserver-2] [INFO] [1773110627.935434402] [gazebo_wind_plugin_node]: WindPlugin: set wind_speed=2.28 wind_direction=-100.6
[gzserver-2] [INFO] [1773110628.175170099] [gazebo_wind_plugin_node]: WindPlugin: set wind_speed=2.28 wind_direction=-100.6
[gzserver-2] [INFO] [1773110628.409698864] [gazebo_wind_plugin_node]: WindPlugin: set wind_speed=2.28 wind_direction=-100.6
[gzserver-2] [INFO] [1773110628.649386482] [gazebo_wind_plugin_node]: WindPlugin: set wind_speed=2.28 wind_direction=-100.6
[gzserver-2] [INFO] [1773110628.685805750] [drone.simple_drone]: Quadrotor lands!!
[gzserver-2] [INFO] [1773110628.889424976] [gazebo_wind_plugin_node]: WindPlugin: set wind_speed=2.28 wind_direction=-100.6
[gzserver-2] [INFO] [1773110629.143475618] [gazebo_wind_plugin_node]: WindPlugin: set wind_speed=2.25 wind_direction=-101.8
[gzserver-2] [INFO] [1773110629.386853042] [gazebo_wind_plugin_node]: WindPlugin: set wind_speed=2.25 wind_direction=-101.8
[gzserver-2] [INFO] [1773110629.627614572] [gazebo_wind_plugin_node]: WindPlugin: set wind_speed=2.25 wind_direction=-101.8
[gzserver-2] [1;36m[Dbg] [wind_plugin.cpp:110] [0m[1;36mWindPlugin: received command -> speed=[0m[1;36m0[0m[1;36m dir=[0m[1;36m0[0m[1;36m
[gzserver-2] [0m[1;36m[Dbg] [wind_plugin.cpp:110] [0m[1;36mWindPlugin: received command -> speed=[0m[1;36m2.26498[0m[1;36m dir=[0m[1;36m-100.794[0m[1;36m
[gzserver-2] [0m[1;36m[Dbg] [wind_plugin.cpp:110] [0m[1;36mWindPlugin: received command -> speed=[0m[1;36m2.26498[0m[1;36m dir=[0m[1;36m-100.794[0m[1;36m
[gzserver-2] [0m[1;36m[Dbg] [wind_plugin.cpp:110] [0m[1;36mWindPlugin: received command -> speed=[0m[1;36m2.13853[0m[1;36m dir=[0m[1;36m-100.885[0m[1;36m
[gzserver-2] [0m[1;36m[Dbg] [wind_plugin.cpp:110] [0m[1;36mWindPlugin: received command -> speed=[0m[1;36m2.13853[0m[1;36m dir=[0m[1;36m-100.885[0m[1;36m
[gzserver-2] [0m[1;36m[Dbg] [wind_plugin.cpp:110] [0m[1;36mWindPlugin: received command -> speed=[0m[1;36m2.13853[0m[1;36m dir=[0m[1;36m-100.885[0m[1;36m
[gzserver-2] [0m[1;36m[Dbg] [wind_plugin.cpp:110] [0m[1;36mWindPlugin: received command -> speed=[0m[1;36m2.13853[0m[1;36m dir=[0m[1;36m-100.885[0m[1;36m
[gzserver-2] [0m[1;36m[Dbg] [wind_plugin.cpp:110] [0m[1;36mWindPlugin: received command -> speed=[0m[1;36m2.28193[0m[1;36m dir=[0m[1;36m-99.9481[0m[1;36m
[gzserver-2] [0m[1;36m[Dbg] [wind_plugin.cpp:110] [0m[1;36mWindPlugin: received command -> speed=[0m[1;36m2.28193[0m[1;36m dir=[0m[1;36m-99.9481[0m[1;36m
[gzserver-2] [0m[1;36m[Dbg] [wind_plugin.cpp:110] [0m[1;36mWindPlugin: received command -> speed=[0m[1;36m2.28193[0m[1;36m dir=[0m[1;36m-99.9481[0m[1;36m
[gzserver-2] [0m[1;36m[Dbg] [wind_plugin.cpp:110] [0m[1;36mWindPlugin: received command -> speed=[0m[1;36m2.28193[0m[1;36m dir=[0m[1;36m-99.9481[0m[1;36m
[gzserver-2] [0m[1;36m[Dbg] [wind_plugin.cpp:110] [0m[1;36mWindPlugin: received command -> speed=[0m[1;36m2.27666[0m[1;36m dir=[0m[1;36m-100.626[0m[1;36m
[gzserver-2] [0m[1;36m[Dbg] [wind_plugin.cpp:110] [0m[1;36mWindPlugin: received command -> speed=[0m[1;36m2.27666[0m[1;36m dir=[0m[1;36m-100.626[0m[1;36m
[gzserver-2] [0m[1;36m[Dbg] [wind_plugin.cpp:110] [0m[1;36mWindPlugin: received command -> speed=[0m[1;36m2.27666[0m[1;36m dir=[0m[1;36m-100.626[0m[1;36m
[gzserver-2] [0m[1;36m[Dbg] [wind_plugin.cpp:110] [0m[1;36mWindPlugin: received command -> speed=[0m[1;36m2.27666[0m[1;36m dir=[0m[1;36m-100.626[0m[1;36m
[gzserver-2] [0m[1;36m[Dbg] [wind_plugin.cpp:110] [0m[1;36mWindPlugin: received command -> speed=[0m[1;36m2.27666[0m[1;36m dir=[0m[1;36m-100.626[0m[1;36m
[gzserver-2] [0m[1;36m[Dbg] [wind_plugin.cpp:110] [0m[1;36mWindPlugin: received command -> speed=[0m[1;36m2.25195[0m[1;36m dir=[0m[1;36m-101.79[0m[1;36m
[gzserver-2] [0m[1;36m[Dbg] [wind_plugin.cpp:110] [0m[1;36mWindPlugin: received command -> speed=[0m[1;36m2.25195[0m[1;36m dir=[0m[1;36m-101.79[0m[1;36m
[gzserver-2] [0m[1;36m[Dbg] [wind_plugin.cpp:110] [0m[1;36mWindPlugin: received command -> speed=[0m[1;36m2.25195[0m[1;36m dir=[0m[1;36m-101.79[0m[1;36m
[gzserver-2] [0mLanded!
[gzserver-2] [INFO] [1773110629.867723425] [gazebo_wind_plugin_node]: WindPlugin: set wind_speed=2.25 wind_direction=-101.8
[gzserver-2] [INFO] [1773110630.107435784] [gazebo_wind_plugin_node]: WindPlugin: set wind_speed=2.07 wind_direction=-100.4
[gzserver-2] [INFO] [1773110630.347834035] [gazebo_wind_plugin_node]: WindPlugin: set wind_speed=2.07 wind_direction=-100.4
[gzserver-2] [INFO] [1773110630.587559520] [gazebo_wind_plugin_node]: WindPlugin: set wind_speed=2.07 wind_direction=-100.4
[gzserver-2] [INFO] [1773110630.834446025] [gazebo_wind_plugin_node]: WindPlugin: set wind_speed=2.07 wind_direction=-100.4
[gzserver-2] [INFO] [1773110631.071946671] [gazebo_wind_plugin_node]: WindPlugin: set wind_speed=2.30 wind_direction=-102.9
[gzserver-2] [INFO] [1773110631.311443824] [gazebo_wind_plugin_node]: WindPlugin: set wind_speed=2.30 wind_direction=-102.9
[gzserver-2] [INFO] [1773110631.557874919] [gazebo_wind_plugin_node]: WindPlugin: set wind_speed=2.30 wind_direction=-102.9
