[INFO] [launch]: All log files can be found below /home/j/.ros/log/2026-03-09-16-27-47-982727-j-1520349
[INFO] [launch]: Default logging verbosity is set to INFO
[INFO] [launch.user]: [bringup] Apriltag config: camera=/drone/bottom, image=/drone/bottom/image_raw, tags=/drone/bottom/tags, bridge=/landing_tag_state, standalone=true, use_target_id=true, target_id=0
[INFO] [rviz2-1]: process started with pid [1520351]
[INFO] [gzserver-2]: process started with pid [1520353]
[INFO] [robot_state_publisher-3]: process started with pid [1520355]
[INFO] [joint_state_publisher-4]: process started with pid [1520357]
[INFO] [spawn_drone-5]: process started with pid [1520359]
[INFO] [static_transform_publisher-6]: process started with pid [1520361]
[INFO] [joy_node-7]: process started with pid [1520363]
[INFO] [teleop_joystick-8]: process started with pid [1520365]
[INFO] [apriltag_detector_node-9]: process started with pid [1520367]
[INFO] [apriltag_state_bridge-10]: process started with pid [1520369]
[static_transform_publisher-6] [WARN] [1773041268.507424320] []: Old-style arguments are deprecated; see --help for new-style arguments
[static_transform_publisher-6] [INFO] [1773041268.573306737] [static_transform_publisher_ZbruTwIlFDY8pB1Y]: Spinning until stopped - publishing transform
[static_transform_publisher-6] translation: ('0.000000', '0.000000', '0.000000')
[static_transform_publisher-6] rotation: ('0.000000', '0.000000', '0.000000', '1.000000')
[static_transform_publisher-6] from 'world' to '/drone/odom'
[robot_state_publisher-3] [INFO] [1773041268.600456458] [drone.robot_state_publisher]: got segment base_footprint
[robot_state_publisher-3] [INFO] [1773041268.600563469] [drone.robot_state_publisher]: got segment base_link
[robot_state_publisher-3] [INFO] [1773041268.600576040] [drone.robot_state_publisher]: got segment bottom_cam_link
[robot_state_publisher-3] [INFO] [1773041268.600583466] [drone.robot_state_publisher]: got segment front_cam_link
[robot_state_publisher-3] [INFO] [1773041268.600590238] [drone.robot_state_publisher]: got segment sonar_link
[apriltag_detector_node-9] [INFO] [1773041268.640035380] [apriltag_detector_node]: tag detector type: umich
[teleop_joystick-8] Traceback (most recent call last):
[teleop_joystick-8]   File "/home/j/INCSL/IICC26_ws/install/sjtu_drone_control/lib/sjtu_drone_control/teleop_joystick", line 33, in <module>
[teleop_joystick-8]     sys.exit(load_entry_point('sjtu_drone_control==0.0.0', 'console_scripts', 'teleop_joystick')())
[teleop_joystick-8]   File "/home/j/INCSL/IICC26_ws/install/sjtu_drone_control/lib/sjtu_drone_control/teleop_joystick", line 22, in importlib_load_entry_point
[teleop_joystick-8]     for entry_point in distribution(dist_name).entry_points
[teleop_joystick-8]   File "/usr/lib/python3.10/importlib/metadata/__init__.py", line 969, in distribution
[teleop_joystick-8]     return Distribution.from_name(distribution_name)
[teleop_joystick-8]   File "/usr/lib/python3.10/importlib/metadata/__init__.py", line 548, in from_name
[teleop_joystick-8]     raise PackageNotFoundError(name)
[teleop_joystick-8] importlib.metadata.PackageNotFoundError: No package metadata was found for sjtu_drone_control
[ERROR] [teleop_joystick-8]: process has died [pid 1520365, exit code 1, cmd '/home/j/INCSL/IICC26_ws/install/sjtu_drone_control/lib/sjtu_drone_control/teleop_joystick --ros-args -r __ns:=/drone'].
[gzserver-2] Gazebo multi-robot simulator, version 11.10.2
[gzserver-2] Copyright (C) 2012 Open Source Robotics Foundation.
[gzserver-2] Released under the Apache 2 License.
[gzserver-2] http://gazebosim.org
[gzserver-2] 
[apriltag_state_bridge-10] [INFO] [1773041269.255996231] [apriltag_state_bridge]: AprilTag bridge started: /drone/bottom/tags -> /landing_tag_state, use_target_id=True, target_id=0
[gzserver-2] [1;33m[Wrn] [gazebo_ros_init.cpp:178] [0m[1;33m
[gzserver-2] #     # ####### ####### ###  #####  #######
[gzserver-2] ##    # #     #    #     #  #     # #
[gzserver-2] # #   # #     #    #     #  #       #
[gzserver-2] #  #  # #     #    #     #  #       #####
[gzserver-2] #   # # #     #    #     #  #       #
[gzserver-2] #    ## #     #    #     #  #     # #
[gzserver-2] #     # #######    #    ###  #####  #######
[gzserver-2] 
[gzserver-2] This version of Gazebo, now called Gazebo classic, reaches end-of-life
[gzserver-2] in January 2025. Users are highly encouraged to migrate to the new Gazebo
[gzserver-2] using our migration guides (https://gazebosim.org/docs/latest/gazebo_classic_migration?utm_source=gazebo_ros_pkgs&utm_medium=cli)
[gzserver-2] 
[gzserver-2] [0m[1;33m
[joint_state_publisher-4] [INFO] [1773041269.357608675] [drone.joint_state_publisher]: Waiting for robot_description to be published on the robot_description topic...
[rviz2-1] [INFO] [1773041269.738496299] [rviz2]: Stereo is NOT SUPPORTED
[rviz2-1] [INFO] [1773041269.738610585] [rviz2]: OpenGl version: 4.6 (GLSL 4.6)
[rviz2-1] [INFO] [1773041269.750677612] [rviz2]: Stereo is NOT SUPPORTED
[rviz2-1] [INFO] [1773041269.892632875] [rviz2]: Stereo is NOT SUPPORTED
[gzserver-2] [1;32m[Msg] [0m[1;32mWaiting for master.[0m[1;32m
[gzserver-2] [0m[1;32m[0m[1;32m[0m[1;32m[Msg] [0m[1;32mConnected to gazebo master @ [0m[1;32mhttp://127.0.0.1:11345[0m[1;32m
[gzserver-2] [0m[1;32m[0m[1;32m[0m[1;32m[Msg] [0m[1;32mPublicized address: [0m[1;32m172.16.52.147[0m[1;32m
[gzserver-2] [0m[1;32m[0m[1;32m[0m[1;32m[Msg] [0m[1;32mLoading world file [[0m[1;32m/home/j/INCSL/IICC26_ws/install/sjtu_drone_description/share/sjtu_drone_description/worlds/landingPad.world[0m[1;32m][0m[1;32m
[gzserver-2] [0m[1;32m[0m[1;32m[0m[1;36m[Dbg] [wind_plugin.cpp:96] [0m[1;36mWindPlugin loaded: speed=[0m[1;36m0[0m[1;36m dir=[0m[1;36m0[0m[1;36m deg area=[0m[1;36m0.1[0m[1;36m coeff=[0m[1;36m1[0m[1;36m
[gzserver-2] [0m[1;33m[0m[1;33m[0m[1;31m[Err] [Sensor.cc:510] [0m[1;31mGet noise index not valid[0m[1;31m
[gzserver-2] [0m[1;31m[0m[1;31m[0m[1;31m[Err] [Sensor.cc:510] [0m[1;31mGet noise index not valid[0m[1;31m
[gzserver-2] [0m[1;31m[0m[1;31m[0m[1;31m[Err] [Sensor.cc:510] [0m[1;31mGet noise index not valid[0m[1;31m
[gzserver-2] [0m[1;31m[0m[1;31m[0m[1;31m[Err] [Sensor.cc:510] [0m[1;31mGet noise index not valid[0m[1;31m
[gzserver-2] [0m[1;31m[0m[1;31m[0m[1;31m[Err] [Sensor.cc:510] [0m[1;31mGet noise index not valid[0m[1;31m
[gzserver-2] [0m[1;31m[0m[1;31m[0m[1;31m[Err] [Sensor.cc:510] [0m[1;31mGet noise index not valid[0m[1;31m
[gzserver-2] [0m[1;31m[0m[1;31m[0mTopic [default//drone/base_footprint/down_camera/image] is not valid.
[gzserver-2] [INFO] [1773041270.506203388] [drone.collision_plugin]: Publishing contact states to [/drone/bumper_states]
[gzserver-2] Topic [default//drone/base_footprint/front_camera/image] is not valid.
[gzserver-2] [1;33m[Wrn] [Event.cc:61] [0m[1;33mWarning: Deleting a connection right after creation. [0m[1;33mMake sure to save the ConnectionPtr from a Connect call
[gzserver-2] [0m[INFO] [1773041271.012289721] [drone.camera_bottom]: Publishing camera info to [/drone/bottom/camera_info]
[gzserver-2] [INFO] [1773041271.044110482] [drone.camera_front]: Publishing camera info to [/drone/front/camera_info]
[spawn_drone-5] [INFO] [1773041271.067475776] [spawn_drone]: Result True SpawnEntity: Successfully spawned entity [/drone]
[gzserver-2] [INFO] [1773041271.191008631] [drone.simple_drone]: The drone plugin is loading!
[gzserver-2] [INFO] [1773041271.191346580] [drone.simple_drone]: pub_odom: 1
[gzserver-2] [INFO] [1773041271.191403682] [drone.simple_drone]: Using following parameters: 
[gzserver-2] 		link_name: base_footprint,
[gzserver-2] 		max_force: 30,
[gzserver-2] 		motion_small_noise: 0,
[gzserver-2] 		motion_drift_noise: 0,
[gzserver-2] 		motion_drift_noise_time: 50,
[gzserver-2] 		takeoff_hover_height: 1.91,
[gzserver-2] 		takeoff_vertical_speed: 0.2
[gzserver-2] [INFO] [1773041271.216907358] [drone.simple_drone]: Using the PID parameters: 
[gzserver-2] 	Roll Pitch:
[gzserver-2] 		kP: 10, kI: 0,kD: 5, Limit: 0.5, Time Constant: 0
[gzserver-2] 	Yaw:
[gzserver-2] 		kP: 2, kI: 0,kD: 1, Limit: 1.5, Time Constant: 0
[gzserver-2] 	Velocity X:
[gzserver-2] 		kP: 5, kI: 0,kD: 2.3, Limit: 2, Time Constant: 0
[gzserver-2] 	Velocity Y:
[gzserver-2] 		kP: 5, kI: 0,kD: 2.3, Limit: 2, Time Constant: 0
[gzserver-2] 	Velocity Z:
[gzserver-2] 		kP: 5, kI: 0,kD: 1, Limit: -1, Time Constant: 0
[gzserver-2] 	Position XY:
[gzserver-2] 		kP: 1.1, kI: 0,kD: 0, Limit: 5, Time Constant: 0
[gzserver-2] 	Position Z:
[gzserver-2] 		kP: 1, kI: 0,kD: 0.2, Limit: -1, Time Constant: 0
[gzserver-2] [INFO] [1773041271.217121000] [drone.simple_drone]: The drone plugin finished loading!
[INFO] [spawn_drone-5]: process has finished cleanly [pid 1520359]
[gzserver-2] [INFO] [1773041277.879258061] [gazebo_wind_plugin_node]: WindPlugin: set wind_speed=0.00 wind_direction=0.0
[gzserver-2] [INFO] [1773041278.198959739] [drone.simple_drone]: Quadrotor takes off!!
[gzserver-2] [INFO] [1773041278.400231734] [gazebo_wind_plugin_node]: WindPlugin: set wind_speed=0.00 wind_direction=0.0
[gzserver-2] [INFO] [1773041279.103704043] [gazebo_wind_plugin_node]: WindPlugin: set wind_speed=0.00 wind_direction=0.0
[gzserver-2] [0m[1;36m[Dbg] [wind_plugin.cpp:110] [0m[1;36mWindPlugin: received command -> speed=[0m[1;36m0[0m[1;36m dir=[0m[1;36m0[0m[1;36m
[gzserver-2] [0m[1;36m[Dbg] [wind_plugin.cpp:110] [0m[1;36mWindPlugin: received command -> speed=[0m[1;36m0[0m[1;36m dir=[0m[1;36m0[0m[1;36m
[gzserver-2] [0m[1;36m[Dbg] [wind_plugin.cpp:110] [0m[1;36mWindPlugin: received command -> speed=[0m[1;36m0[0m[1;36m dir=[0m[1;36m0[0m[1;36m
[gzserver-2] [0mEntering flying model!
[gzserver-2] [INFO] [1773041279.819333787] [gazebo_wind_plugin_node]: WindPlugin: set wind_speed=0.00 wind_direction=0.0
[gzserver-2] [INFO] [1773041280.528058706] [gazebo_wind_plugin_node]: WindPlugin: set wind_speed=0.00 wind_direction=0.0
[gzserver-2] [INFO] [1773041281.247280197] [gazebo_wind_plugin_node]: WindPlugin: set wind_speed=0.00 wind_direction=0.0
[gzserver-2] [INFO] [1773041281.965775796] [gazebo_wind_plugin_node]: WindPlugin: set wind_speed=0.00 wind_direction=0.0
[gzserver-2] [INFO] [1773041282.674403475] [gazebo_wind_plugin_node]: WindPlugin: set wind_speed=0.00 wind_direction=0.0
[gzserver-2] [INFO] [1773041283.388776609] [gazebo_wind_plugin_node]: WindPlugin: set wind_speed=0.00 wind_direction=0.0
[gzserver-2] [INFO] [1773041284.102986626] [gazebo_wind_plugin_node]: WindPlugin: set wind_speed=0.00 wind_direction=0.0
[gzserver-2] [INFO] [1773041284.822764979] [gazebo_wind_plugin_node]: WindPlugin: set wind_speed=0.00 wind_direction=0.0
[gzserver-2] [INFO] [1773041285.530857370] [gazebo_wind_plugin_node]: WindPlugin: set wind_speed=0.00 wind_direction=0.0
[gzserver-2] [INFO] [1773041286.245082540] [gazebo_wind_plugin_node]: WindPlugin: set wind_speed=0.00 wind_direction=0.0
[gzserver-2] [INFO] [1773041286.963492400] [gazebo_wind_plugin_node]: WindPlugin: set wind_speed=0.00 wind_direction=0.0
[gzserver-2] [INFO] [1773041287.678054523] [gazebo_wind_plugin_node]: WindPlugin: set wind_speed=0.00 wind_direction=0.0
[gzserver-2] [INFO] [1773041288.394785869] [gazebo_wind_plugin_node]: WindPlugin: set wind_speed=4.09 wind_direction=1.3
[gzserver-2] [INFO] [1773041289.107639311] [gazebo_wind_plugin_node]: WindPlugin: set wind_speed=5.40 wind_direction=4.7
[gzserver-2] [INFO] [1773041289.819124122] [gazebo_wind_plugin_node]: WindPlugin: set wind_speed=6.24 wind_direction=5.3
[gzserver-2] [INFO] [1773041290.533088891] [gazebo_wind_plugin_node]: WindPlugin: set wind_speed=6.05 wind_direction=10.0
[gzserver-2] [INFO] [1773041291.245591346] [gazebo_wind_plugin_node]: WindPlugin: set wind_speed=5.76 wind_direction=3.2
[gzserver-2] [INFO] [1773041291.942484218] [gazebo_wind_plugin_node]: WindPlugin: set wind_speed=5.05 wind_direction=1.1
[gzserver-2] [INFO] [1773041292.636219452] [gazebo_wind_plugin_node]: WindPlugin: set wind_speed=3.95 wind_direction=0.6
[gzserver-2] [INFO] [1773041293.350057840] [gazebo_wind_plugin_node]: WindPlugin: set wind_speed=3.88 wind_direction=-7.8
[gzserver-2] [INFO] [1773041294.060757698] [gazebo_wind_plugin_node]: WindPlugin: set wind_speed=4.75 wind_direction=-9.5
[gzserver-2] [INFO] [1773041294.775645571] [gazebo_wind_plugin_node]: WindPlugin: set wind_speed=5.40 wind_direction=-15.2
[gzserver-2] [INFO] [1773041295.479837197] [gazebo_wind_plugin_node]: WindPlugin: set wind_speed=6.26 wind_direction=-9.7
[gzserver-2] [INFO] [1773041296.195297832] [gazebo_wind_plugin_node]: WindPlugin: set wind_speed=6.51 wind_direction=-16.3
[gzserver-2] [INFO] [1773041296.910453540] [gazebo_wind_plugin_node]: WindPlugin: set wind_speed=5.73 wind_direction=-10.2
[gzserver-2] [INFO] [1773041297.620596761] [gazebo_wind_plugin_node]: WindPlugin: set wind_speed=4.99 wind_direction=-10.0
[gzserver-2] [INFO] [1773041298.340600174] [gazebo_wind_plugin_node]: WindPlugin: set wind_speed=3.88 wind_direction=-5.2
[gzserver-2] [INFO] [1773041299.059903707] [gazebo_wind_plugin_node]: WindPlugin: set wind_speed=3.81 wind_direction=0.3
[gzserver-2] [1;36m[Dbg] [wind_plugin.cpp:110] [0m[1;36mWindPlugin: received command -> speed=[0m[1;36m0[0m[1;36m dir=[0m[1;36m0[0m[1;36m
[gzserver-2] [0m[1;36m[Dbg] [wind_plugin.cpp:110] [0m[1;36mWindPlugin: received command -> speed=[0m[1;36m0[0m[1;36m dir=[0m[1;36m0[0m[1;36m
[gzserver-2] [0m[1;36m[Dbg] [wind_plugin.cpp:110] [0m[1;36mWindPlugin: received command -> speed=[0m[1;36m0[0m[1;36m dir=[0m[1;36m0[0m[1;36m
[gzserver-2] [0m[1;36m[Dbg] [wind_plugin.cpp:110] [0m[1;36mWindPlugin: received command -> speed=[0m[1;36m0[0m[1;36m dir=[0m[1;36m0[0m[1;36m
[gzserver-2] [0m[1;36m[Dbg] [wind_plugin.cpp:110] [0m[1;36mWindPlugin: received command -> speed=[0m[1;36m0[0m[1;36m dir=[0m[1;36m0[0m[1;36m
[gzserver-2] [0m[1;36m[Dbg] [wind_plugin.cpp:110] [0m[1;36mWindPlugin: received command -> speed=[0m[1;36m0[0m[1;36m dir=[0m[1;36m0[0m[1;36m
[gzserver-2] [0m[1;36m[Dbg] [wind_plugin.cpp:110] [0m[1;36mWindPlugin: received command -> speed=[0m[1;36m0[0m[1;36m dir=[0m[1;36m0[0m[1;36m
[gzserver-2] [0m[1;36m[Dbg] [wind_plugin.cpp:110] [0m[1;36mWindPlugin: received command -> speed=[0m[1;36m0[0m[1;36m dir=[0m[1;36m0[0m[1;36m
[gzserver-2] [0m[1;36m[Dbg] [wind_plugin.cpp:110] [0m[1;36mWindPlugin: received command -> speed=[0m[1;36m0[0m[1;36m dir=[0m[1;36m0[0m[1;36m
[gzserver-2] [0m[1;36m[Dbg] [wind_plugin.cpp:110] [0m[1;36mWindPlugin: received command -> speed=[0m[1;36m0[0m[1;36m dir=[0m[1;36m0[0m[1;36m
[gzserver-2] [0m[1;36m[Dbg] [wind_plugin.cpp:110] [0m[1;36mWindPlugin: received command -> speed=[0m[1;36m0[0m[1;36m dir=[0m[1;36m0[0m[1;36m
[gzserver-2] [0m[1;36m[Dbg] [wind_plugin.cpp:110] [0m[1;36mWindPlugin: received command -> speed=[0m[1;36m0[0m[1;36m dir=[0m[1;36m0[0m[1;36m
[gzserver-2] [0m[1;36m[Dbg] [wind_plugin.cpp:110] [0m[1;36mWindPlugin: received command -> speed=[0m[1;36m4.08975[0m[1;36m dir=[0m[1;36m1.32177[0m[1;36m
[gzserver-2] [0m[1;36m[Dbg] [wind_plugin.cpp:110] [0m[1;36mWindPlugin: received command -> speed=[0m[1;36m5.40317[0m[1;36m dir=[0m[1;36m4.72369[0m[1;36m
[gzserver-2] [0m[1;36m[Dbg] [wind_plugin.cpp:110] [0m[1;36mWindPlugin: received command -> speed=[0m[1;36m6.24169[0m[1;36m dir=[0m[1;36m5.34464[0m[1;36m
[gzserver-2] [0m[1;36m[Dbg] [wind_plugin.cpp:110] [0m[1;36mWindPlugin: received command -> speed=[0m[1;36m6.05293[0m[1;36m dir=[0m[1;36m9.96958[0m[1;36m
[gzserver-2] [0m[1;36m[Dbg] [wind_plugin.cpp:110] [0m[1;36mWindPlugin: received command -> speed=[0m[1;36m5.76268[0m[1;36m dir=[0m[1;36m3.15796[0m[1;36m
[gzserver-2] [0m[1;36m[Dbg] [wind_plugin.cpp:110] [0m[1;36mWindPlugin: received command -> speed=[0m[1;36m5.05081[0m[1;36m dir=[0m[1;36m1.05839[0m[1;36m
[gzserver-2] [0m[1;36m[Dbg] [wind_plugin.cpp:110] [0m[1;36mWindPlugin: received command -> speed=[0m[1;36m3.95326[0m[1;36m dir=[0m[1;36m0.639596[0m[1;36m
[gzserver-2] [0m[1;36m[Dbg] [wind_plugin.cpp:110] [0m[1;36mWindPlugin: received command -> speed=[0m[1;36m3.87819[0m[1;36m dir=[0m[1;36m-7.76034[0m[1;36m
[gzserver-2] [0m[1;36m[Dbg] [wind_plugin.cpp:110] [0m[1;36mWindPlugin: received command -> speed=[0m[1;36m4.75282[0m[1;36m dir=[0m[1;36m-9.52343[0m[1;36m
[gzserver-2] [0m[1;36m[Dbg] [wind_plugin.cpp:110] [0m[1;36mWindPlugin: received command -> speed=[0m[1;36m5.39795[0m[1;36m dir=[0m[1;36m-15.1784[0m[1;36m
[gzserver-2] [0m[1;36m[Dbg] [wind_plugin.cpp:110] [0m[1;36mWindPlugin: received command -> speed=[0m[1;36m6.25939[0m[1;36m dir=[0m[1;36m-9.65182[0m[1;36m
[gzserver-2] [0m[1;36m[Dbg] [wind_plugin.cpp:110] [0m[1;36mWindPlugin: received command -> speed=[0m[1;36m6.51377[0m[1;36m dir=[0m[1;36m-16.3233[0m[1;36m
[gzserver-2] [0m[1;36m[Dbg] [wind_plugin.cpp:110] [0m[1;36mWindPlugin: received command -> speed=[0m[1;36m5.7329[0m[1;36m dir=[0m[1;36m-10.2251[0m[1;36m
[gzserver-2] [0m[1;36m[Dbg] [wind_plugin.cpp:110] [0m[1;36mWindPlugin: received command -> speed=[0m[1;36m4.98663[0m[1;36m dir=[0m[1;36m-9.97475[0m[1;36m
[gzserver-2] [0m[1;36m[Dbg] [wind_plugin.cpp:110] [0m[1;36mWindPlugin: received command -> speed=[0m[1;36m3.87527[0m[1;36m dir=[0m[1;36m-5.22682[0m[1;36m
[gzserver-2] [INFO] [1773041299.765430615] [gazebo_wind_plugin_node]: WindPlugin: set wind_speed=4.56 wind_direction=0.2
[gzserver-2] [INFO] [1773041300.487460735] [gazebo_wind_plugin_node]: WindPlugin: set wind_speed=5.43 wind_direction=2.2
[gzserver-2] [INFO] [1773041301.206939522] [gazebo_wind_plugin_node]: WindPlugin: set wind_speed=6.45 wind_direction=9.0
[gzserver-2] [INFO] [1773041301.921641710] [gazebo_wind_plugin_node]: WindPlugin: set wind_speed=6.49 wind_direction=1.8
[gzserver-2] [INFO] [1773041302.630065065] [gazebo_wind_plugin_node]: WindPlugin: set wind_speed=5.49 wind_direction=4.1
[gzserver-2] [INFO] [1773041303.343962428] [gazebo_wind_plugin_node]: WindPlugin: set wind_speed=4.53 wind_direction=1.7
[gzserver-2] [INFO] [1773041304.058233896] [gazebo_wind_plugin_node]: WindPlugin: set wind_speed=3.95 wind_direction=-4.0
[gzserver-2] [INFO] [1773041304.765565263] [gazebo_wind_plugin_node]: WindPlugin: set wind_speed=4.05 wind_direction=-8.4
[gzserver-2] [INFO] [1773041305.473625809] [gazebo_wind_plugin_node]: WindPlugin: set wind_speed=4.81 wind_direction=-7.8
[gzserver-2] [INFO] [1773041306.182600354] [gazebo_wind_plugin_node]: WindPlugin: set wind_speed=5.73 wind_direction=-13.6
[gzserver-2] [INFO] [1773041306.896363161] [gazebo_wind_plugin_node]: WindPlugin: set wind_speed=6.28 wind_direction=-12.2
[gzserver-2] [INFO] [1773041307.615524133] [drone.simple_drone]: Quadrotor lands!!
[gzserver-2] [0m[1;36m[Dbg] [wind_plugin.cpp:110] [0m[1;36mWindPlugin: received command -> speed=[0m[1;36m3.81459[0m[1;36m dir=[0m[1;36m0.294624[0m[1;36m
[gzserver-2] [0m[1;36m[Dbg] [wind_plugin.cpp:110] [0m[1;36mWindPlugin: received command -> speed=[0m[1;36m4.55908[0m[1;36m dir=[0m[1;36m0.193403[0m[1;36m
[gzserver-2] [0m[1;36m[Dbg] [wind_plugin.cpp:110] [0m[1;36mWindPlugin: received command -> speed=[0m[1;36m5.43014[0m[1;36m dir=[0m[1;36m2.1931[0m[1;36m
[gzserver-2] [0m[1;36m[Dbg] [wind_plugin.cpp:110] [0m[1;36mWindPlugin: received command -> speed=[0m[1;36m6.44854[0m[1;36m dir=[0m[1;36m9.00459[0m[1;36m
[gzserver-2] [0m[1;36m[Dbg] [wind_plugin.cpp:110] [0m[1;36mWindPlugin: received command -> speed=[0m[1;36m6.49056[0m[1;36m dir=[0m[1;36m1.80855[0m[1;36m
[gzserver-2] [0m[1;36m[Dbg] [wind_plugin.cpp:110] [0m[1;36mWindPlugin: received command -> speed=[0m[1;36m5.48635[0m[1;36m dir=[0m[1;36m4.10741[0m[1;36m
[gzserver-2] [0m[1;36m[Dbg] [wind_plugin.cpp:110] [0m[1;36mWindPlugin: received command -> speed=[0m[1;36m4.52777[0m[1;36m dir=[0m[1;36m1.66814[0m[1;36m
[gzserver-2] [0m[1;36m[Dbg] [wind_plugin.cpp:110] [0m[1;36mWindPlugin: received command -> speed=[0m[1;36m3.94853[0m[1;36m dir=[0m[1;36m-3.98312[0m[1;36m
[gzserver-2] [0m[1;36m[Dbg] [wind_plugin.cpp:110] [0m[1;36mWindPlugin: received command -> speed=[0m[1;36m4.04944[0m[1;36m dir=[0m[1;36m-8.37468[0m[1;36m
[gzserver-2] [0m[1;36m[Dbg] [wind_plugin.cpp:110] [0m[1;36mWindPlugin: received command -> speed=[0m[1;36m4.81188[0m[1;36m dir=[0m[1;36m-7.83536[0m[1;36m
[gzserver-2] [0m[1;36m[Dbg] [wind_plugin.cpp:110] [0m[1;36mWindPlugin: received command -> speed=[0m[1;36m5.72521[0m[1;36m dir=[0m[1;36m-13.5986[0m[1;36m
[gzserver-2] [0m[1;36m[Dbg] [wind_plugin.cpp:110] [0m[1;36mWindPlugin: received command -> speed=[0m[1;36m6.27988[0m[1;36m dir=[0m[1;36m-12.2161[0m[1;36m
[gzserver-2] [0mLanded!
