[INFO] [launch]: All log files can be found below /home/j/.ros/log/2026-03-10-11-29-10-076312-j-609014
[INFO] [launch]: Default logging verbosity is set to INFO
[INFO] [launch.user]: [bringup] Apriltag config: camera=/drone/bottom, image=/drone/bottom/image_raw, tags=/drone/bottom/tags, bridge=/landing_tag_state, standalone=true, use_target_id=true, target_id=0
[INFO] [rviz2-1]: process started with pid [609029]
[INFO] [gzserver-2]: process started with pid [609031]
[INFO] [robot_state_publisher-3]: process started with pid [609033]
[INFO] [joint_state_publisher-4]: process started with pid [609035]
[INFO] [spawn_drone-5]: process started with pid [609037]
[INFO] [static_transform_publisher-6]: process started with pid [609039]
[INFO] [joy_node-7]: process started with pid [609041]
[INFO] [teleop_joystick-8]: process started with pid [609043]
[INFO] [apriltag_detector_node-9]: process started with pid [609045]
[INFO] [apriltag_state_bridge-10]: process started with pid [609047]
[static_transform_publisher-6] [WARN] [1773109750.557030483] []: Old-style arguments are deprecated; see --help for new-style arguments
[static_transform_publisher-6] [INFO] [1773109750.564549846] [static_transform_publisher_aM9Pv4VI34v1VqWq]: Spinning until stopped - publishing transform
[static_transform_publisher-6] translation: ('0.000000', '0.000000', '0.000000')
[static_transform_publisher-6] rotation: ('0.000000', '0.000000', '0.000000', '1.000000')
[static_transform_publisher-6] from 'world' to '/drone/odom'
[robot_state_publisher-3] [INFO] [1773109750.590630231] [drone.robot_state_publisher]: got segment base_footprint
[robot_state_publisher-3] [INFO] [1773109750.590712650] [drone.robot_state_publisher]: got segment base_link
[robot_state_publisher-3] [INFO] [1773109750.590724381] [drone.robot_state_publisher]: got segment bottom_cam_link
[robot_state_publisher-3] [INFO] [1773109750.590732575] [drone.robot_state_publisher]: got segment front_cam_link
[robot_state_publisher-3] [INFO] [1773109750.590739473] [drone.robot_state_publisher]: got segment sonar_link
[apriltag_detector_node-9] [INFO] [1773109750.593994090] [apriltag_detector_node]: tag detector type: umich
[rviz2-1] 
[rviz2-1] (rviz2:609029): dbind-WARNING **: 11:29:10.598: Couldn't connect to accessibility bus: Failed to connect to socket /root/.cache/at-spi/bus_0: 허가 거부
[teleop_joystick-8] Traceback (most recent call last):
[teleop_joystick-8]   File "/home/j/INCSL/IICC26_ws/install/sjtu_drone_control/lib/sjtu_drone_control/teleop_joystick", line 33, in <module>
[teleop_joystick-8]     sys.exit(load_entry_point('sjtu_drone_control==0.0.0', 'console_scripts', 'teleop_joystick')())
[teleop_joystick-8]   File "/home/j/INCSL/IICC26_ws/install/sjtu_drone_control/lib/sjtu_drone_control/teleop_joystick", line 22, in importlib_load_entry_point
[teleop_joystick-8]     for entry_point in distribution(dist_name).entry_points
[teleop_joystick-8]   File "/usr/lib/python3.10/importlib/metadata/__init__.py", line 969, in distribution
[teleop_joystick-8]     return Distribution.from_name(distribution_name)
[teleop_joystick-8]   File "/usr/lib/python3.10/importlib/metadata/__init__.py", line 548, in from_name
[teleop_joystick-8]     raise PackageNotFoundError(name)
[teleop_joystick-8] importlib.metadata.PackageNotFoundError: No package metadata was found for sjtu_drone_control
[ERROR] [teleop_joystick-8]: process has died [pid 609043, exit code 1, cmd '/home/j/INCSL/IICC26_ws/install/sjtu_drone_control/lib/sjtu_drone_control/teleop_joystick --ros-args -r __ns:=/drone'].
[gzserver-2] Gazebo multi-robot simulator, version 11.10.2
[gzserver-2] Copyright (C) 2012 Open Source Robotics Foundation.
[gzserver-2] Released under the Apache 2 License.
[gzserver-2] http://gazebosim.org
[gzserver-2] 
[joint_state_publisher-4] [INFO] [1773109750.841392786] [drone.joint_state_publisher]: Waiting for robot_description to be published on the robot_description topic...
[apriltag_state_bridge-10] [INFO] [1773109750.844303508] [apriltag_state_bridge]: AprilTag bridge started: /drone/bottom/tags -> /landing_tag_state, use_target_id=True, target_id=0
[gzserver-2] [1;33m[Wrn] [gazebo_ros_init.cpp:178] [0m[1;33m
[gzserver-2] #     # ####### ####### ###  #####  #######
[gzserver-2] ##    # #     #    #     #  #     # #
[gzserver-2] # #   # #     #    #     #  #       #
[gzserver-2] #  #  # #     #    #     #  #       #####
[gzserver-2] #   # # #     #    #     #  #       #
[gzserver-2] #    ## #     #    #     #  #     # #
[gzserver-2] #     # #######    #    ###  #####  #######
[gzserver-2] 
[gzserver-2] This version of Gazebo, now called Gazebo classic, reaches end-of-life
[gzserver-2] in January 2025. Users are highly encouraged to migrate to the new Gazebo
[gzserver-2] using our migration guides (https://gazebosim.org/docs/latest/gazebo_classic_migration?utm_source=gazebo_ros_pkgs&utm_medium=cli)
[gzserver-2] 
[gzserver-2] [0m[1;33m
[rviz2-1] [INFO] [1773109751.421230068] [rviz2]: Stereo is NOT SUPPORTED
[rviz2-1] [INFO] [1773109751.421323982] [rviz2]: OpenGl version: 4.6 (GLSL 4.6)
[rviz2-1] [INFO] [1773109751.511693640] [rviz2]: Stereo is NOT SUPPORTED
[rviz2-1] [INFO] [1773109751.603040000] [rviz2]: Stereo is NOT SUPPORTED
[gzserver-2] [1;32m[Msg] [0m[1;32mWaiting for master.[0m[1;32m
[gzserver-2] [0m[1;32m[0m[1;32m[0m[1;32m[Msg] [0m[1;32mConnected to gazebo master @ [0m[1;32mhttp://127.0.0.1:11345[0m[1;32m
[gzserver-2] [0m[1;32m[0m[1;32m[0m[1;32m[Msg] [0m[1;32mPublicized address: [0m[1;32m172.16.52.147[0m[1;32m
[gzserver-2] [0m[1;32m[0m[1;32m[0m[1;32m[Msg] [0m[1;32mLoading world file [[0m[1;32m/home/j/INCSL/IICC26_ws/install/sjtu_drone_description/share/sjtu_drone_description/worlds/landingPad.world[0m[1;32m][0m[1;32m
[gzserver-2] [0m[1;32m[0m[1;32m[0m[1;36m[Dbg] [wind_plugin.cpp:96] [0m[1;36mWindPlugin loaded: speed=[0m[1;36m0[0m[1;36m dir=[0m[1;36m0[0m[1;36m deg area=[0m[1;36m0.1[0m[1;36m coeff=[0m[1;36m1[0m[1;36m
[gzserver-2] [0m[1;33m[0m[1;33m[0m[1;31m[Err] [Sensor.cc:510] [0m[1;31mGet noise index not valid[0m[1;31m
[gzserver-2] [0m[1;31m[0m[1;31m[0m[1;31m[Err] [Sensor.cc:510] [0m[1;31mGet noise index not valid[0m[1;31m
[gzserver-2] [0m[1;31m[0m[1;31m[0m[1;31m[Err] [Sensor.cc:510] [0m[1;31mGet noise index not valid[0m[1;31m
[gzserver-2] [0m[1;31m[0m[1;31m[0m[1;31m[Err] [Sensor.cc:510] [0m[1;31mGet noise index not valid[0m[1;31m
[gzserver-2] [0m[1;31m[0m[1;31m[0m[1;31m[Err] [Sensor.cc:510] [0m[1;31mGet noise index not valid[0m[1;31m
[gzserver-2] [0m[1;31m[0m[1;31m[0m[1;31m[Err] [Sensor.cc:510] [0m[1;31mGet noise index not valid[0m[1;31m
[gzserver-2] [0m[1;31m[0m[1;31m[0mTopic [default//drone/base_footprint/down_camera/image] is not valid.
[gzserver-2] [INFO] [1773109752.072696471] [drone.collision_plugin]: Publishing contact states to [/drone/bumper_states]
[gzserver-2] Topic [default//drone/base_footprint/front_camera/image] is not valid.
[gzserver-2] [1;33m[Wrn] [Event.cc:61] [0m[1;33mWarning: Deleting a connection right after creation. [0m[1;33mMake sure to save the ConnectionPtr from a Connect call
[gzserver-2] [0m[INFO] [1773109752.624103379] [drone.camera_bottom]: Publishing camera info to [/drone/bottom/camera_info]
[gzserver-2] [INFO] [1773109752.628643971] [drone.camera_front]: Publishing camera info to [/drone/front/camera_info]
[spawn_drone-5] [INFO] [1773109752.637373253] [spawn_drone]: Result True SpawnEntity: Successfully spawned entity [/drone]
[gzserver-2] [INFO] [1773109752.752307675] [drone.simple_drone]: The drone plugin is loading!
[gzserver-2] [INFO] [1773109752.752515385] [drone.simple_drone]: pub_odom: 1
[gzserver-2] [INFO] [1773109752.752550604] [drone.simple_drone]: Using following parameters: 
[gzserver-2] 		link_name: base_footprint,
[gzserver-2] 		max_force: 30,
[gzserver-2] 		motion_small_noise: 0,
[gzserver-2] 		motion_drift_noise: 0,
[gzserver-2] 		motion_drift_noise_time: 50,
[gzserver-2] 		takeoff_hover_height: 2.12,
[gzserver-2] 		takeoff_vertical_speed: 0.2
[gzserver-2] [INFO] [1773109752.764425415] [drone.simple_drone]: Using the PID parameters: 
[gzserver-2] 	Roll Pitch:
[gzserver-2] 		kP: 10, kI: 0,kD: 5, Limit: 0.5, Time Constant: 0
[gzserver-2] 	Yaw:
[gzserver-2] 		kP: 2, kI: 0,kD: 1, Limit: 1.5, Time Constant: 0
[gzserver-2] 	Velocity X:
[gzserver-2] 		kP: 5, kI: 0,kD: 2.3, Limit: 2, Time Constant: 0
[gzserver-2] 	Velocity Y:
[gzserver-2] 		kP: 5, kI: 0,kD: 2.3, Limit: 2, Time Constant: 0
[gzserver-2] 	Velocity Z:
[gzserver-2] 		kP: 5, kI: 0,kD: 1, Limit: -1, Time Constant: 0
[gzserver-2] 	Position XY:
[gzserver-2] 		kP: 1.1, kI: 0,kD: 0, Limit: 5, Time Constant: 0
[gzserver-2] 	Position Z:
[gzserver-2] 		kP: 1, kI: 0,kD: 0.2, Limit: -1, Time Constant: 0
[gzserver-2] [INFO] [1773109752.764561154] [drone.simple_drone]: The drone plugin finished loading!
[INFO] [spawn_drone-5]: process has finished cleanly [pid 609037]
[gzserver-2] [INFO] [1773109759.903009259] [gazebo_wind_plugin_node]: WindPlugin: set wind_speed=0.00 wind_direction=0.0
[gzserver-2] [INFO] [1773109760.175398329] [gazebo_wind_plugin_node]: WindPlugin: set wind_speed=0.00 wind_direction=0.0
[gzserver-2] [INFO] [1773109760.208005566] [drone.simple_drone]: Quadrotor takes off!!
[gzserver-2] [INFO] [1773109760.409342510] [gazebo_wind_plugin_node]: WindPlugin: set wind_speed=0.00 wind_direction=0.0
[gzserver-2] [INFO] [1773109760.648446840] [gazebo_wind_plugin_node]: WindPlugin: set wind_speed=0.00 wind_direction=0.0
[gzserver-2] [INFO] [1773109760.882737753] [gazebo_wind_plugin_node]: WindPlugin: set wind_speed=0.00 wind_direction=0.0
[gzserver-2] [INFO] [1773109761.116903557] [gazebo_wind_plugin_node]: WindPlugin: set wind_speed=0.00 wind_direction=0.0
[gzserver-2] [INFO] [1773109761.356295273] [gazebo_wind_plugin_node]: WindPlugin: set wind_speed=0.00 wind_direction=0.0
[gzserver-2] [INFO] [1773109761.595570072] [gazebo_wind_plugin_node]: WindPlugin: set wind_speed=0.00 wind_direction=0.0
[gzserver-2] [INFO] [1773109761.819090041] [gazebo_wind_plugin_node]: WindPlugin: set wind_speed=0.00 wind_direction=0.0
[gzserver-2] [0m[1;36m[Dbg] [wind_plugin.cpp:110] [0m[1;36mWindPlugin: received command -> speed=[0m[1;36m0[0m[1;36m dir=[0m[1;36m0[0m[1;36m
[gzserver-2] [0m[1;36m[Dbg] [wind_plugin.cpp:110] [0m[1;36mWindPlugin: received command -> speed=[0m[1;36m0[0m[1;36m dir=[0m[1;36m0[0m[1;36m
[gzserver-2] [0m[1;36m[Dbg] [wind_plugin.cpp:110] [0m[1;36mWindPlugin: received command -> speed=[0m[1;36m0[0m[1;36m dir=[0m[1;36m0[0m[1;36m
[gzserver-2] [0m[1;36m[Dbg] [wind_plugin.cpp:110] [0m[1;36mWindPlugin: received command -> speed=[0m[1;36m0[0m[1;36m dir=[0m[1;36m0[0m[1;36m
[gzserver-2] [0m[1;36m[Dbg] [wind_plugin.cpp:110] [0m[1;36mWindPlugin: received command -> speed=[0m[1;36m0[0m[1;36m dir=[0m[1;36m0[0m[1;36m
[gzserver-2] [0m[1;36m[Dbg] [wind_plugin.cpp:110] [0m[1;36mWindPlugin: received command -> speed=[0m[1;36m0[0m[1;36m dir=[0m[1;36m0[0m[1;36m
[gzserver-2] [0m[1;36m[Dbg] [wind_plugin.cpp:110] [0m[1;36mWindPlugin: received command -> speed=[0m[1;36m0[0m[1;36m dir=[0m[1;36m0[0m[1;36m
[gzserver-2] [0m[1;36m[Dbg] [wind_plugin.cpp:110] [0m[1;36mWindPlugin: received command -> speed=[0m[1;36m0[0m[1;36m dir=[0m[1;36m0[0m[1;36m
[gzserver-2] [0m[1;36m[Dbg] [wind_plugin.cpp:110] [0m[1;36mWindPlugin: received command -> speed=[0m[1;36m0[0m[1;36m dir=[0m[1;36m0[0m[1;36m
[gzserver-2] [0mEntering flying model!
[gzserver-2] [INFO] [1773109762.053582312] [gazebo_wind_plugin_node]: WindPlugin: set wind_speed=0.00 wind_direction=0.0
[gzserver-2] [INFO] [1773109762.293239511] [gazebo_wind_plugin_node]: WindPlugin: set wind_speed=1.77 wind_direction=55.3
[gzserver-2] [INFO] [1773109762.532905715] [gazebo_wind_plugin_node]: WindPlugin: set wind_speed=1.64 wind_direction=57.2
[gzserver-2] [INFO] [1773109762.772214415] [gazebo_wind_plugin_node]: WindPlugin: set wind_speed=1.64 wind_direction=57.2
[gzserver-2] [INFO] [1773109763.006559396] [gazebo_wind_plugin_node]: WindPlugin: set wind_speed=1.64 wind_direction=57.2
[gzserver-2] [INFO] [1773109763.245968803] [gazebo_wind_plugin_node]: WindPlugin: set wind_speed=1.64 wind_direction=57.2
[gzserver-2] [INFO] [1773109763.475702567] [gazebo_wind_plugin_node]: WindPlugin: set wind_speed=1.64 wind_direction=53.8
[gzserver-2] [INFO] [1773109763.714818660] [gazebo_wind_plugin_node]: WindPlugin: set wind_speed=1.64 wind_direction=53.8
[gzserver-2] [INFO] [1773109763.954284738] [gazebo_wind_plugin_node]: WindPlugin: set wind_speed=1.64 wind_direction=53.8
[gzserver-2] [INFO] [1773109764.188817194] [gazebo_wind_plugin_node]: WindPlugin: set wind_speed=1.64 wind_direction=53.8
[gzserver-2] [INFO] [1773109764.423253679] [gazebo_wind_plugin_node]: WindPlugin: set wind_speed=1.74 wind_direction=54.7
[gzserver-2] [INFO] [1773109764.662716323] [gazebo_wind_plugin_node]: WindPlugin: set wind_speed=1.74 wind_direction=54.7
[gzserver-2] [INFO] [1773109764.894397206] [gazebo_wind_plugin_node]: WindPlugin: set wind_speed=1.74 wind_direction=54.7
[gzserver-2] [INFO] [1773109765.128836591] [gazebo_wind_plugin_node]: WindPlugin: set wind_speed=1.74 wind_direction=54.7
[gzserver-2] [INFO] [1773109765.368842114] [gazebo_wind_plugin_node]: WindPlugin: set wind_speed=1.74 wind_direction=54.7
[gzserver-2] [INFO] [1773109765.619322817] [gazebo_wind_plugin_node]: WindPlugin: set wind_speed=1.58 wind_direction=55.7
[gzserver-2] [INFO] [1773109765.872419466] [gazebo_wind_plugin_node]: WindPlugin: set wind_speed=1.58 wind_direction=55.7
[gzserver-2] [INFO] [1773109766.111794059] [gazebo_wind_plugin_node]: WindPlugin: set wind_speed=1.58 wind_direction=55.7
[gzserver-2] [INFO] [1773109766.160450744] [drone.simple_drone]: Quadrotor lands!!
[gzserver-2] [INFO] [1773109766.366718484] [gazebo_wind_plugin_node]: WindPlugin: set wind_speed=1.58 wind_direction=55.7
[gzserver-2] [INFO] [1773109766.611999982] [gazebo_wind_plugin_node]: WindPlugin: set wind_speed=1.66 wind_direction=53.9
[gzserver-2] [INFO] [1773109766.848360431] [gazebo_wind_plugin_node]: WindPlugin: set wind_speed=1.66 wind_direction=53.9
[gzserver-2] [INFO] [1773109767.087225441] [gazebo_wind_plugin_node]: WindPlugin: set wind_speed=1.66 wind_direction=53.9
[gzserver-2] [1;36m[Dbg] [wind_plugin.cpp:110] [0m[1;36mWindPlugin: received command -> speed=[0m[1;36m0[0m[1;36m dir=[0m[1;36m0[0m[1;36m
[gzserver-2] [0m[1;36m[Dbg] [wind_plugin.cpp:110] [0m[1;36mWindPlugin: received command -> speed=[0m[1;36m1.7678[0m[1;36m dir=[0m[1;36m55.3261[0m[1;36m
[gzserver-2] [0m[1;36m[Dbg] [wind_plugin.cpp:110] [0m[1;36mWindPlugin: received command -> speed=[0m[1;36m1.63674[0m[1;36m dir=[0m[1;36m57.1795[0m[1;36m
[gzserver-2] [0m[1;36m[Dbg] [wind_plugin.cpp:110] [0m[1;36mWindPlugin: received command -> speed=[0m[1;36m1.63674[0m[1;36m dir=[0m[1;36m57.1795[0m[1;36m
[gzserver-2] [0m[1;36m[Dbg] [wind_plugin.cpp:110] [0m[1;36mWindPlugin: received command -> speed=[0m[1;36m1.63674[0m[1;36m dir=[0m[1;36m57.1795[0m[1;36m
[gzserver-2] [0m[1;36m[Dbg] [wind_plugin.cpp:110] [0m[1;36mWindPlugin: received command -> speed=[0m[1;36m1.63674[0m[1;36m dir=[0m[1;36m57.1795[0m[1;36m
[gzserver-2] [0m[1;36m[Dbg] [wind_plugin.cpp:110] [0m[1;36mWindPlugin: received command -> speed=[0m[1;36m1.63514[0m[1;36m dir=[0m[1;36m53.8035[0m[1;36m
[gzserver-2] [0m[1;36m[Dbg] [wind_plugin.cpp:110] [0m[1;36mWindPlugin: received command -> speed=[0m[1;36m1.63514[0m[1;36m dir=[0m[1;36m53.8035[0m[1;36m
[gzserver-2] [0m[1;36m[Dbg] [wind_plugin.cpp:110] [0m[1;36mWindPlugin: received command -> speed=[0m[1;36m1.63514[0m[1;36m dir=[0m[1;36m53.8035[0m[1;36m
[gzserver-2] [0m[1;36m[Dbg] [wind_plugin.cpp:110] [0m[1;36mWindPlugin: received command -> speed=[0m[1;36m1.63514[0m[1;36m dir=[0m[1;36m53.8035[0m[1;36m
[gzserver-2] [0m[1;36m[Dbg] [wind_plugin.cpp:110] [0m[1;36mWindPlugin: received command -> speed=[0m[1;36m1.7391[0m[1;36m dir=[0m[1;36m54.7095[0m[1;36m
[gzserver-2] [0m[1;36m[Dbg] [wind_plugin.cpp:110] [0m[1;36mWindPlugin: received command -> speed=[0m[1;36m1.7391[0m[1;36m dir=[0m[1;36m54.7095[0m[1;36m
[gzserver-2] [0m[1;36m[Dbg] [wind_plugin.cpp:110] [0m[1;36mWindPlugin: received command -> speed=[0m[1;36m1.7391[0m[1;36m dir=[0m[1;36m54.7095[0m[1;36m
[gzserver-2] [0m[1;36m[Dbg] [wind_plugin.cpp:110] [0m[1;36mWindPlugin: received command -> speed=[0m[1;36m1.7391[0m[1;36m dir=[0m[1;36m54.7095[0m[1;36m
[gzserver-2] [0m[1;36m[Dbg] [wind_plugin.cpp:110] [0m[1;36mWindPlugin: received command -> speed=[0m[1;36m1.7391[0m[1;36m dir=[0m[1;36m54.7095[0m[1;36m
[gzserver-2] [0m[1;36m[Dbg] [wind_plugin.cpp:110] [0m[1;36mWindPlugin: received command -> speed=[0m[1;36m1.58374[0m[1;36m dir=[0m[1;36m55.672[0m[1;36m
[gzserver-2] [0m[1;36m[Dbg] [wind_plugin.cpp:110] [0m[1;36mWindPlugin: received command -> speed=[0m[1;36m1.58374[0m[1;36m dir=[0m[1;36m55.672[0m[1;36m
[gzserver-2] [0m[1;36m[Dbg] [wind_plugin.cpp:110] [0m[1;36mWindPlugin: received command -> speed=[0m[1;36m1.58374[0m[1;36m dir=[0m[1;36m55.672[0m[1;36m
[gzserver-2] [0m[1;36m[Dbg] [wind_plugin.cpp:110] [0m[1;36mWindPlugin: received command -> speed=[0m[1;36m1.58374[0m[1;36m dir=[0m[1;36m55.672[0m[1;36m
[gzserver-2] [0m[1;36m[Dbg] [wind_plugin.cpp:110] [0m[1;36mWindPlugin: received command -> speed=[0m[1;36m1.6571[0m[1;36m dir=[0m[1;36m53.8958[0m[1;36m
[gzserver-2] [0m[1;36m[Dbg] [wind_plugin.cpp:110] [0m[1;36mWindPlugin: received command -> speed=[0m[1;36m1.6571[0m[1;36m dir=[0m[1;36m53.8958[0m[1;36m
[gzserver-2] [0m[1;36m[Dbg] [wind_plugin.cpp:110] [0m[1;36mWindPlugin: received command -> speed=[0m[1;36m1.6571[0m[1;36m dir=[0m[1;36m53.8958[0m[1;36m
[gzserver-2] [0mLanded!
[gzserver-2] [INFO] [1773109767.326778381] [gazebo_wind_plugin_node]: WindPlugin: set wind_speed=1.66 wind_direction=53.9
[gzserver-2] [INFO] [1773109767.560954303] [gazebo_wind_plugin_node]: WindPlugin: set wind_speed=1.68 wind_direction=54.5
[gzserver-2] [INFO] [1773109767.800510375] [gazebo_wind_plugin_node]: WindPlugin: set wind_speed=1.68 wind_direction=54.5
[gzserver-2] [INFO] [1773109768.035711915] [gazebo_wind_plugin_node]: WindPlugin: set wind_speed=1.68 wind_direction=54.5
[gzserver-2] [INFO] [1773109768.270443239] [gazebo_wind_plugin_node]: WindPlugin: set wind_speed=1.68 wind_direction=54.5
[gzserver-2] [INFO] [1773109768.510070980] [gazebo_wind_plugin_node]: WindPlugin: set wind_speed=1.61 wind_direction=53.5
[gzserver-2] [INFO] [1773109768.749605298] [gazebo_wind_plugin_node]: WindPlugin: set wind_speed=1.61 wind_direction=53.5
[gzserver-2] [INFO] [1773109768.981328402] [gazebo_wind_plugin_node]: WindPlugin: set wind_speed=1.61 wind_direction=53.5
