[INFO] [launch]: All log files can be found below /home/j/.ros/log/2026-03-09-16-17-12-182380-j-1489447
[INFO] [launch]: Default logging verbosity is set to INFO
[INFO] [launch.user]: [bringup] Apriltag config: camera=/drone/bottom, image=/drone/bottom/image_raw, tags=/drone/bottom/tags, bridge=/landing_tag_state, standalone=true, use_target_id=true, target_id=0
[INFO] [rviz2-1]: process started with pid [1489479]
[INFO] [gzserver-2]: process started with pid [1489481]
[INFO] [robot_state_publisher-3]: process started with pid [1489483]
[INFO] [joint_state_publisher-4]: process started with pid [1489485]
[INFO] [spawn_drone-5]: process started with pid [1489487]
[INFO] [static_transform_publisher-6]: process started with pid [1489489]
[INFO] [joy_node-7]: process started with pid [1489491]
[INFO] [teleop_joystick-8]: process started with pid [1489493]
[INFO] [apriltag_detector_node-9]: process started with pid [1489495]
[INFO] [apriltag_state_bridge-10]: process started with pid [1489497]
[static_transform_publisher-6] [WARN] [1773040632.700929791] []: Old-style arguments are deprecated; see --help for new-style arguments
[static_transform_publisher-6] [INFO] [1773040632.718454210] [static_transform_publisher_2Y2Yug0vcrOZ5pSS]: Spinning until stopped - publishing transform
[static_transform_publisher-6] translation: ('0.000000', '0.000000', '0.000000')
[static_transform_publisher-6] rotation: ('0.000000', '0.000000', '0.000000', '1.000000')
[static_transform_publisher-6] from 'world' to '/drone/odom'
[robot_state_publisher-3] [INFO] [1773040632.750237155] [drone.robot_state_publisher]: got segment base_footprint
[robot_state_publisher-3] [INFO] [1773040632.750341494] [drone.robot_state_publisher]: got segment base_link
[robot_state_publisher-3] [INFO] [1773040632.750354376] [drone.robot_state_publisher]: got segment bottom_cam_link
[robot_state_publisher-3] [INFO] [1773040632.750361910] [drone.robot_state_publisher]: got segment front_cam_link
[robot_state_publisher-3] [INFO] [1773040632.750368566] [drone.robot_state_publisher]: got segment sonar_link
[teleop_joystick-8] Traceback (most recent call last):
[teleop_joystick-8]   File "/home/j/INCSL/IICC26_ws/install/sjtu_drone_control/lib/sjtu_drone_control/teleop_joystick", line 33, in <module>
[teleop_joystick-8]     sys.exit(load_entry_point('sjtu_drone_control==0.0.0', 'console_scripts', 'teleop_joystick')())
[teleop_joystick-8]   File "/home/j/INCSL/IICC26_ws/install/sjtu_drone_control/lib/sjtu_drone_control/teleop_joystick", line 22, in importlib_load_entry_point
[teleop_joystick-8]     for entry_point in distribution(dist_name).entry_points
[teleop_joystick-8]   File "/usr/lib/python3.10/importlib/metadata/__init__.py", line 969, in distribution
[teleop_joystick-8]     return Distribution.from_name(distribution_name)
[teleop_joystick-8]   File "/usr/lib/python3.10/importlib/metadata/__init__.py", line 548, in from_name
[teleop_joystick-8]     raise PackageNotFoundError(name)
[teleop_joystick-8] importlib.metadata.PackageNotFoundError: No package metadata was found for sjtu_drone_control
[ERROR] [teleop_joystick-8]: process has died [pid 1489493, exit code 1, cmd '/home/j/INCSL/IICC26_ws/install/sjtu_drone_control/lib/sjtu_drone_control/teleop_joystick --ros-args -r __ns:=/drone'].
[apriltag_detector_node-9] [INFO] [1773040632.872898432] [apriltag_detector_node]: tag detector type: umich
[gzserver-2] Gazebo multi-robot simulator, version 11.10.2
[gzserver-2] Copyright (C) 2012 Open Source Robotics Foundation.
[gzserver-2] Released under the Apache 2 License.
[gzserver-2] http://gazebosim.org
[gzserver-2] 
[joint_state_publisher-4] [INFO] [1773040633.220033038] [drone.joint_state_publisher]: Waiting for robot_description to be published on the robot_description topic...
[gzserver-2] [1;33m[Wrn] [gazebo_ros_init.cpp:178] [0m[1;33m
[gzserver-2] #     # ####### ####### ###  #####  #######
[gzserver-2] ##    # #     #    #     #  #     # #
[gzserver-2] # #   # #     #    #     #  #       #
[gzserver-2] #  #  # #     #    #     #  #       #####
[gzserver-2] #   # # #     #    #     #  #       #
[gzserver-2] #    ## #     #    #     #  #     # #
[gzserver-2] #     # #######    #    ###  #####  #######
[gzserver-2] 
[gzserver-2] This version of Gazebo, now called Gazebo classic, reaches end-of-life
[gzserver-2] in January 2025. Users are highly encouraged to migrate to the new Gazebo
[gzserver-2] using our migration guides (https://gazebosim.org/docs/latest/gazebo_classic_migration?utm_source=gazebo_ros_pkgs&utm_medium=cli)
[gzserver-2] 
[gzserver-2] [0m[1;33m
[apriltag_state_bridge-10] [INFO] [1773040633.337379670] [apriltag_state_bridge]: AprilTag bridge started: /drone/bottom/tags -> /landing_tag_state, use_target_id=True, target_id=0
[rviz2-1] [INFO] [1773040633.990661161] [rviz2]: Stereo is NOT SUPPORTED
[rviz2-1] [INFO] [1773040633.990762376] [rviz2]: OpenGl version: 4.6 (GLSL 4.6)
[rviz2-1] [INFO] [1773040634.068146345] [rviz2]: Stereo is NOT SUPPORTED
[rviz2-1] [INFO] [1773040634.181277948] [rviz2]: Stereo is NOT SUPPORTED
[spawn_drone-5] [INFO] [1773040634.254352486] [spawn_drone]: service not available, waiting again...
[gzserver-2] [1;32m[Msg] [0m[1;32mWaiting for master.[0m[1;32m
[gzserver-2] [0m[1;32m[0m[1;32m[0m[1;32m[Msg] [0m[1;32mConnected to gazebo master @ [0m[1;32mhttp://127.0.0.1:11345[0m[1;32m
[gzserver-2] [0m[1;32m[0m[1;32m[0m[1;32m[Msg] [0m[1;32mPublicized address: [0m[1;32m172.16.52.147[0m[1;32m
[gzserver-2] [0m[1;32m[0m[1;32m[0m[1;32m[Msg] [0m[1;32mLoading world file [[0m[1;32m/home/j/INCSL/IICC26_ws/install/sjtu_drone_description/share/sjtu_drone_description/worlds/landingPad.world[0m[1;32m][0m[1;32m
[gzserver-2] [0m[1;32m[0m[1;32m[0m[1;36m[Dbg] [wind_plugin.cpp:96] [0m[1;36mWindPlugin loaded: speed=[0m[1;36m0[0m[1;36m dir=[0m[1;36m0[0m[1;36m deg area=[0m[1;36m0.1[0m[1;36m coeff=[0m[1;36m1[0m[1;36m
[gzserver-2] [0m[1;33m[0m[1;33m[0m[1;31m[Err] [Sensor.cc:510] [0m[1;31mGet noise index not valid[0m[1;31m
[gzserver-2] [0m[1;31m[0m[1;31m[0m[1;31m[Err] [Sensor.cc:510] [0m[1;31mGet noise index not valid[0m[1;31m
[gzserver-2] [0m[1;31m[0m[1;31m[0m[1;31m[Err] [Sensor.cc:510] [0m[1;31mGet noise index not valid[0m[1;31m
[gzserver-2] [0m[1;31m[0m[1;31m[0m[1;31m[Err] [Sensor.cc:510] [0m[1;31mGet noise index not valid[0m[1;31m
[gzserver-2] [0m[1;31m[0m[1;31m[0m[1;31m[Err] [Sensor.cc:510] [0m[1;31mGet noise index not valid[0m[1;31m
[gzserver-2] [0m[1;31m[0m[1;31m[0m[1;31m[Err] [Sensor.cc:510] [0m[1;31mGet noise index not valid[0m[1;31m
[gzserver-2] [0m[1;31m[0m[1;31m[0mTopic [default//drone/base_footprint/down_camera/image] is not valid.
[gzserver-2] [INFO] [1773040634.651534972] [drone.collision_plugin]: Publishing contact states to [/drone/bumper_states]
[gzserver-2] Topic [default//drone/base_footprint/front_camera/image] is not valid.
[gzserver-2] [1;33m[Wrn] [Event.cc:61] [0m[1;33mWarning: Deleting a connection right after creation. [0m[1;33mMake sure to save the ConnectionPtr from a Connect call
[gzserver-2] [0m[INFO] [1773040635.181524677] [drone.camera_bottom]: Publishing camera info to [/drone/bottom/camera_info]
[gzserver-2] [INFO] [1773040635.205895343] [drone.camera_front]: Publishing camera info to [/drone/front/camera_info]
[spawn_drone-5] [INFO] [1773040635.208356715] [spawn_drone]: Result True SpawnEntity: Successfully spawned entity [/drone]
[gzserver-2] [INFO] [1773040635.347375923] [drone.simple_drone]: The drone plugin is loading!
[gzserver-2] [INFO] [1773040635.347680791] [drone.simple_drone]: pub_odom: 1
[gzserver-2] [INFO] [1773040635.347728179] [drone.simple_drone]: Using following parameters: 
[gzserver-2] 		link_name: base_footprint,
[gzserver-2] 		max_force: 30,
[gzserver-2] 		motion_small_noise: 0,
[gzserver-2] 		motion_drift_noise: 0,
[gzserver-2] 		motion_drift_noise_time: 50,
[gzserver-2] 		takeoff_hover_height: 1.83,
[gzserver-2] 		takeoff_vertical_speed: 0.2
[gzserver-2] [INFO] [1773040635.369667895] [drone.simple_drone]: Using the PID parameters: 
[gzserver-2] 	Roll Pitch:
[gzserver-2] 		kP: 10, kI: 0,kD: 5, Limit: 0.5, Time Constant: 0
[gzserver-2] 	Yaw:
[gzserver-2] 		kP: 2, kI: 0,kD: 1, Limit: 1.5, Time Constant: 0
[gzserver-2] 	Velocity X:
[gzserver-2] 		kP: 5, kI: 0,kD: 2.3, Limit: 2, Time Constant: 0
[gzserver-2] 	Velocity Y:
[gzserver-2] 		kP: 5, kI: 0,kD: 2.3, Limit: 2, Time Constant: 0
[gzserver-2] 	Velocity Z:
[gzserver-2] 		kP: 5, kI: 0,kD: 1, Limit: -1, Time Constant: 0
[gzserver-2] 	Position XY:
[gzserver-2] 		kP: 1.1, kI: 0,kD: 0, Limit: 5, Time Constant: 0
[gzserver-2] 	Position Z:
[gzserver-2] 		kP: 1, kI: 0,kD: 0.2, Limit: -1, Time Constant: 0
[gzserver-2] [INFO] [1773040635.369876071] [drone.simple_drone]: The drone plugin finished loading!
[INFO] [spawn_drone-5]: process has finished cleanly [pid 1489487]
[gzserver-2] [INFO] [1773040642.071702225] [gazebo_wind_plugin_node]: WindPlugin: set wind_speed=0.00 wind_direction=0.0
[gzserver-2] [INFO] [1773040642.383371192] [drone.simple_drone]: Quadrotor takes off!!
[gzserver-2] [INFO] [1773040642.585020559] [gazebo_wind_plugin_node]: WindPlugin: set wind_speed=0.00 wind_direction=0.0
[gzserver-2] [INFO] [1773040643.298710824] [gazebo_wind_plugin_node]: WindPlugin: set wind_speed=0.00 wind_direction=0.0
[gzserver-2] [0m[1;36m[Dbg] [wind_plugin.cpp:110] [0m[1;36mWindPlugin: received command -> speed=[0m[1;36m0[0m[1;36m dir=[0m[1;36m0[0m[1;36m
[gzserver-2] [0m[1;36m[Dbg] [wind_plugin.cpp:110] [0m[1;36mWindPlugin: received command -> speed=[0m[1;36m0[0m[1;36m dir=[0m[1;36m0[0m[1;36m
[gzserver-2] [0m[1;36m[Dbg] [wind_plugin.cpp:110] [0m[1;36mWindPlugin: received command -> speed=[0m[1;36m0[0m[1;36m dir=[0m[1;36m0[0m[1;36m
[gzserver-2] [0mEntering flying model!
[gzserver-2] [INFO] [1773040644.005256518] [gazebo_wind_plugin_node]: WindPlugin: set wind_speed=0.00 wind_direction=0.0
[gzserver-2] [INFO] [1773040644.708546816] [gazebo_wind_plugin_node]: WindPlugin: set wind_speed=0.00 wind_direction=0.0
[gzserver-2] [INFO] [1773040645.407680952] [gazebo_wind_plugin_node]: WindPlugin: set wind_speed=0.00 wind_direction=0.0
[gzserver-2] [INFO] [1773040646.109856937] [gazebo_wind_plugin_node]: WindPlugin: set wind_speed=0.00 wind_direction=0.0
[gzserver-2] [INFO] [1773040646.823384876] [gazebo_wind_plugin_node]: WindPlugin: set wind_speed=0.00 wind_direction=0.0
[gzserver-2] [INFO] [1773040647.515547311] [gazebo_wind_plugin_node]: WindPlugin: set wind_speed=0.00 wind_direction=0.0
[gzserver-2] [INFO] [1773040648.228967013] [gazebo_wind_plugin_node]: WindPlugin: set wind_speed=0.00 wind_direction=0.0
[gzserver-2] [INFO] [1773040649.083192967] [gazebo_wind_plugin_node]: WindPlugin: set wind_speed=0.00 wind_direction=0.0
[gzserver-2] [INFO] [1773040649.796712725] [gazebo_wind_plugin_node]: WindPlugin: set wind_speed=0.00 wind_direction=0.0
[gzserver-2] [INFO] [1773040650.511353326] [gazebo_wind_plugin_node]: WindPlugin: set wind_speed=0.00 wind_direction=0.0
[gzserver-2] [INFO] [1773040651.219849608] [gazebo_wind_plugin_node]: WindPlugin: set wind_speed=0.00 wind_direction=0.0
[gzserver-2] [INFO] [1773040651.939600877] [gazebo_wind_plugin_node]: WindPlugin: set wind_speed=0.00 wind_direction=0.0
[gzserver-2] [INFO] [1773040652.658585555] [gazebo_wind_plugin_node]: WindPlugin: set wind_speed=6.40 wind_direction=4.6
[gzserver-2] [INFO] [1773040653.378335199] [gazebo_wind_plugin_node]: WindPlugin: set wind_speed=7.76 wind_direction=3.6
[gzserver-2] [INFO] [1773040654.086757546] [gazebo_wind_plugin_node]: WindPlugin: set wind_speed=8.96 wind_direction=6.6
[gzserver-2] [INFO] [1773040654.795447919] [gazebo_wind_plugin_node]: WindPlugin: set wind_speed=8.87 wind_direction=10.4
[gzserver-2] [INFO] [1773040655.503276605] [gazebo_wind_plugin_node]: WindPlugin: set wind_speed=8.59 wind_direction=4.7
[gzserver-2] [INFO] [1773040656.217450177] [gazebo_wind_plugin_node]: WindPlugin: set wind_speed=6.79 wind_direction=7.1
[gzserver-2] [INFO] [1773040656.931610597] [gazebo_wind_plugin_node]: WindPlugin: set wind_speed=5.37 wind_direction=-4.4
[gzserver-2] [INFO] [1773040657.639305074] [gazebo_wind_plugin_node]: WindPlugin: set wind_speed=5.55 wind_direction=-1.0
[gzserver-2] [INFO] [1773040658.342681888] [gazebo_wind_plugin_node]: WindPlugin: set wind_speed=7.03 wind_direction=0.7
[gzserver-2] [INFO] [1773040659.061492646] [gazebo_wind_plugin_node]: WindPlugin: set wind_speed=8.12 wind_direction=-8.6
[gzserver-2] [INFO] [1773040659.765547680] [gazebo_wind_plugin_node]: WindPlugin: set wind_speed=8.91 wind_direction=-16.2
[gzserver-2] [INFO] [1773040660.484272167] [gazebo_wind_plugin_node]: WindPlugin: set wind_speed=8.98 wind_direction=-11.3
[gzserver-2] [INFO] [1773040661.199166429] [gazebo_wind_plugin_node]: WindPlugin: set wind_speed=7.97 wind_direction=-6.0
[gzserver-2] [INFO] [1773040661.918518553] [gazebo_wind_plugin_node]: WindPlugin: set wind_speed=6.53 wind_direction=-3.2
[gzserver-2] [INFO] [1773040662.632472248] [gazebo_wind_plugin_node]: WindPlugin: set wind_speed=5.69 wind_direction=-1.5
[gzserver-2] [INFO] [1773040663.340483986] [gazebo_wind_plugin_node]: WindPlugin: set wind_speed=5.49 wind_direction=2.5
[gzserver-2] [1;36m[Dbg] [wind_plugin.cpp:110] [0m[1;36mWindPlugin: received command -> speed=[0m[1;36m0[0m[1;36m dir=[0m[1;36m0[0m[1;36m
[gzserver-2] [0m[1;36m[Dbg] [wind_plugin.cpp:110] [0m[1;36mWindPlugin: received command -> speed=[0m[1;36m0[0m[1;36m dir=[0m[1;36m0[0m[1;36m
[gzserver-2] [0m[1;36m[Dbg] [wind_plugin.cpp:110] [0m[1;36mWindPlugin: received command -> speed=[0m[1;36m0[0m[1;36m dir=[0m[1;36m0[0m[1;36m
[gzserver-2] [0m[1;36m[Dbg] [wind_plugin.cpp:110] [0m[1;36mWindPlugin: received command -> speed=[0m[1;36m0[0m[1;36m dir=[0m[1;36m0[0m[1;36m
[gzserver-2] [0m[1;36m[Dbg] [wind_plugin.cpp:110] [0m[1;36mWindPlugin: received command -> speed=[0m[1;36m0[0m[1;36m dir=[0m[1;36m0[0m[1;36m
[gzserver-2] [0m[1;36m[Dbg] [wind_plugin.cpp:110] [0m[1;36mWindPlugin: received command -> speed=[0m[1;36m0[0m[1;36m dir=[0m[1;36m0[0m[1;36m
[gzserver-2] [0m[1;36m[Dbg] [wind_plugin.cpp:110] [0m[1;36mWindPlugin: received command -> speed=[0m[1;36m0[0m[1;36m dir=[0m[1;36m0[0m[1;36m
[gzserver-2] [0m[1;36m[Dbg] [wind_plugin.cpp:110] [0m[1;36mWindPlugin: received command -> speed=[0m[1;36m0[0m[1;36m dir=[0m[1;36m0[0m[1;36m
[gzserver-2] [0m[1;36m[Dbg] [wind_plugin.cpp:110] [0m[1;36mWindPlugin: received command -> speed=[0m[1;36m0[0m[1;36m dir=[0m[1;36m0[0m[1;36m
[gzserver-2] [0m[1;36m[Dbg] [wind_plugin.cpp:110] [0m[1;36mWindPlugin: received command -> speed=[0m[1;36m0[0m[1;36m dir=[0m[1;36m0[0m[1;36m
[gzserver-2] [0m[1;36m[Dbg] [wind_plugin.cpp:110] [0m[1;36mWindPlugin: received command -> speed=[0m[1;36m0[0m[1;36m dir=[0m[1;36m0[0m[1;36m
[gzserver-2] [0m[1;36m[Dbg] [wind_plugin.cpp:110] [0m[1;36mWindPlugin: received command -> speed=[0m[1;36m0[0m[1;36m dir=[0m[1;36m0[0m[1;36m
[gzserver-2] [0m[1;36m[Dbg] [wind_plugin.cpp:110] [0m[1;36mWindPlugin: received command -> speed=[0m[1;36m6.39768[0m[1;36m dir=[0m[1;36m4.64254[0m[1;36m
[gzserver-2] [0m[1;36m[Dbg] [wind_plugin.cpp:110] [0m[1;36mWindPlugin: received command -> speed=[0m[1;36m7.75813[0m[1;36m dir=[0m[1;36m3.63612[0m[1;36m
[gzserver-2] [0m[1;36m[Dbg] [wind_plugin.cpp:110] [0m[1;36mWindPlugin: received command -> speed=[0m[1;36m8.9625[0m[1;36m dir=[0m[1;36m6.60292[0m[1;36m
[gzserver-2] [0m[1;36m[Dbg] [wind_plugin.cpp:110] [0m[1;36mWindPlugin: received command -> speed=[0m[1;36m8.86793[0m[1;36m dir=[0m[1;36m10.3948[0m[1;36m
[gzserver-2] [0m[1;36m[Dbg] [wind_plugin.cpp:110] [0m[1;36mWindPlugin: received command -> speed=[0m[1;36m8.58533[0m[1;36m dir=[0m[1;36m4.6857[0m[1;36m
[gzserver-2] [0m[1;36m[Dbg] [wind_plugin.cpp:110] [0m[1;36mWindPlugin: received command -> speed=[0m[1;36m6.79272[0m[1;36m dir=[0m[1;36m7.09186[0m[1;36m
[gzserver-2] [0m[1;36m[Dbg] [wind_plugin.cpp:110] [0m[1;36mWindPlugin: received command -> speed=[0m[1;36m5.36656[0m[1;36m dir=[0m[1;36m-4.43188[0m[1;36m
[gzserver-2] [0m[1;36m[Dbg] [wind_plugin.cpp:110] [0m[1;36mWindPlugin: received command -> speed=[0m[1;36m5.54717[0m[1;36m dir=[0m[1;36m-0.975464[0m[1;36m
[gzserver-2] [0m[1;36m[Dbg] [wind_plugin.cpp:110] [0m[1;36mWindPlugin: received command -> speed=[0m[1;36m7.03303[0m[1;36m dir=[0m[1;36m0.742754[0m[1;36m
[gzserver-2] [0m[1;36m[Dbg] [wind_plugin.cpp:110] [0m[1;36mWindPlugin: received command -> speed=[0m[1;36m8.12231[0m[1;36m dir=[0m[1;36m-8.59706[0m[1;36m
[gzserver-2] [0m[1;36m[Dbg] [wind_plugin.cpp:110] [0m[1;36mWindPlugin: received command -> speed=[0m[1;36m8.90776[0m[1;36m dir=[0m[1;36m-16.208[0m[1;36m
[gzserver-2] [0m[1;36m[Dbg] [wind_plugin.cpp:110] [0m[1;36mWindPlugin: received command -> speed=[0m[1;36m8.98181[0m[1;36m dir=[0m[1;36m-11.3103[0m[1;36m
[gzserver-2] [0m[1;36m[Dbg] [wind_plugin.cpp:110] [0m[1;36mWindPlugin: received command -> speed=[0m[1;36m7.97053[0m[1;36m dir=[0m[1;36m-6.03383[0m[1;36m
[gzserver-2] [0m[1;36m[Dbg] [wind_plugin.cpp:110] [0m[1;36mWindPlugin: received command -> speed=[0m[1;36m6.52705[0m[1;36m dir=[0m[1;36m-3.24635[0m[1;36m
[gzserver-2] [0m[1;36m[Dbg] [wind_plugin.cpp:110] [0m[1;36mWindPlugin: received command -> speed=[0m[1;36m5.68778[0m[1;36m dir=[0m[1;36m-1.47291[0m[1;36m
[gzserver-2] [INFO] [1773040664.053497611] [gazebo_wind_plugin_node]: WindPlugin: set wind_speed=6.92 wind_direction=2.3
[gzserver-2] [INFO] [1773040664.756524053] [gazebo_wind_plugin_node]: WindPlugin: set wind_speed=8.29 wind_direction=7.8
[gzserver-2] [INFO] [1773040665.476043226] [gazebo_wind_plugin_node]: WindPlugin: set wind_speed=9.18 wind_direction=9.8
[gzserver-2] [INFO] [1773040666.178328213] [gazebo_wind_plugin_node]: WindPlugin: set wind_speed=9.04 wind_direction=7.9
[gzserver-2] [INFO] [1773040666.897559833] [gazebo_wind_plugin_node]: WindPlugin: set wind_speed=7.75 wind_direction=5.8
[gzserver-2] [INFO] [1773040667.610809135] [gazebo_wind_plugin_node]: WindPlugin: set wind_speed=6.41 wind_direction=1.2
[gzserver-2] [INFO] [1773040668.319541715] [gazebo_wind_plugin_node]: WindPlugin: set wind_speed=5.67 wind_direction=-4.2
[gzserver-2] [INFO] [1773040669.039084157] [gazebo_wind_plugin_node]: WindPlugin: set wind_speed=6.00 wind_direction=-5.5
[gzserver-2] [INFO] [1773040669.742828170] [gazebo_wind_plugin_node]: WindPlugin: set wind_speed=7.14 wind_direction=-9.5
[gzserver-2] [INFO] [1773040670.451241506] [gazebo_wind_plugin_node]: WindPlugin: set wind_speed=8.45 wind_direction=-10.2
[gzserver-2] [INFO] [1773040671.159498021] [gazebo_wind_plugin_node]: WindPlugin: set wind_speed=9.27 wind_direction=-9.7
[gzserver-2] [INFO] [1773040671.873263193] [drone.simple_drone]: Quadrotor lands!!
[gzserver-2] [0m[1;36m[Dbg] [wind_plugin.cpp:110] [0m[1;36mWindPlugin: received command -> speed=[0m[1;36m5.49349[0m[1;36m dir=[0m[1;36m2.46623[0m[1;36m
[gzserver-2] [0m[1;36m[Dbg] [wind_plugin.cpp:110] [0m[1;36mWindPlugin: received command -> speed=[0m[1;36m6.92371[0m[1;36m dir=[0m[1;36m2.34287[0m[1;36m
[gzserver-2] [0m[1;36m[Dbg] [wind_plugin.cpp:110] [0m[1;36mWindPlugin: received command -> speed=[0m[1;36m8.28719[0m[1;36m dir=[0m[1;36m7.83558[0m[1;36m
[gzserver-2] [0m[1;36m[Dbg] [wind_plugin.cpp:110] [0m[1;36mWindPlugin: received command -> speed=[0m[1;36m9.17723[0m[1;36m dir=[0m[1;36m9.77933[0m[1;36m
[gzserver-2] [0m[1;36m[Dbg] [wind_plugin.cpp:110] [0m[1;36mWindPlugin: received command -> speed=[0m[1;36m9.03914[0m[1;36m dir=[0m[1;36m7.85104[0m[1;36m
[gzserver-2] [0m[1;36m[Dbg] [wind_plugin.cpp:110] [0m[1;36mWindPlugin: received command -> speed=[0m[1;36m7.75327[0m[1;36m dir=[0m[1;36m5.79695[0m[1;36m
[gzserver-2] [0m[1;36m[Dbg] [wind_plugin.cpp:110] [0m[1;36mWindPlugin: received command -> speed=[0m[1;36m6.41489[0m[1;36m dir=[0m[1;36m1.16692[0m[1;36m
[gzserver-2] [0m[1;36m[Dbg] [wind_plugin.cpp:110] [0m[1;36mWindPlugin: received command -> speed=[0m[1;36m5.66738[0m[1;36m dir=[0m[1;36m-4.20456[0m[1;36m
[gzserver-2] [0m[1;36m[Dbg] [wind_plugin.cpp:110] [0m[1;36mWindPlugin: received command -> speed=[0m[1;36m5.99739[0m[1;36m dir=[0m[1;36m-5.52215[0m[1;36m
[gzserver-2] [0m[1;36m[Dbg] [wind_plugin.cpp:110] [0m[1;36mWindPlugin: received command -> speed=[0m[1;36m7.14264[0m[1;36m dir=[0m[1;36m-9.45048[0m[1;36m
[gzserver-2] [0m[1;36m[Dbg] [wind_plugin.cpp:110] [0m[1;36mWindPlugin: received command -> speed=[0m[1;36m8.4479[0m[1;36m dir=[0m[1;36m-10.1957[0m[1;36m
[gzserver-2] [0m[1;36m[Dbg] [wind_plugin.cpp:110] [0m[1;36mWindPlugin: received command -> speed=[0m[1;36m9.26702[0m[1;36m dir=[0m[1;36m-9.73607[0m[1;36m
[gzserver-2] [0mLanded!
