[INFO] [launch]: All log files can be found below /home/j/.ros/log/2026-03-10-18-03-30-466697-j-3890367
[INFO] [launch]: Default logging verbosity is set to INFO
[INFO] [launch.user]: [bringup] Apriltag config: camera=/drone/bottom, image=/drone/bottom/image_raw, tags=/drone/bottom/tags, bridge=/landing_tag_state, standalone=true, use_target_id=true, target_id=0
[INFO] [rviz2-1]: process started with pid [3890370]
[INFO] [gzserver-2]: process started with pid [3890372]
[INFO] [robot_state_publisher-3]: process started with pid [3890374]
[INFO] [joint_state_publisher-4]: process started with pid [3890376]
[INFO] [spawn_drone-5]: process started with pid [3890378]
[INFO] [static_transform_publisher-6]: process started with pid [3890380]
[INFO] [joy_node-7]: process started with pid [3890382]
[INFO] [teleop_joystick-8]: process started with pid [3890384]
[INFO] [apriltag_detector_node-9]: process started with pid [3890386]
[INFO] [apriltag_state_bridge-10]: process started with pid [3890389]
[static_transform_publisher-6] [WARN] [1773133410.942499433] []: Old-style arguments are deprecated; see --help for new-style arguments
[static_transform_publisher-6] [INFO] [1773133410.949629397] [static_transform_publisher_OIkgCa1ujbJH4gOn]: Spinning until stopped - publishing transform
[static_transform_publisher-6] translation: ('0.000000', '0.000000', '0.000000')
[static_transform_publisher-6] rotation: ('0.000000', '0.000000', '0.000000', '1.000000')
[static_transform_publisher-6] from 'world' to '/drone/odom'
[robot_state_publisher-3] [INFO] [1773133410.971224491] [drone.robot_state_publisher]: got segment base_footprint
[robot_state_publisher-3] [INFO] [1773133410.971315608] [drone.robot_state_publisher]: got segment base_link
[robot_state_publisher-3] [INFO] [1773133410.971328204] [drone.robot_state_publisher]: got segment bottom_cam_link
[robot_state_publisher-3] [INFO] [1773133410.971336277] [drone.robot_state_publisher]: got segment front_cam_link
[robot_state_publisher-3] [INFO] [1773133410.971343460] [drone.robot_state_publisher]: got segment sonar_link
[rviz2-1] 
[rviz2-1] (rviz2:3890370): dbind-WARNING **: 18:03:30.973: Couldn't connect to accessibility bus: Failed to connect to socket /root/.cache/at-spi/bus_0: 허가 거부
[apriltag_detector_node-9] [INFO] [1773133410.975497814] [apriltag_detector_node]: tag detector type: umich
[teleop_joystick-8] Traceback (most recent call last):
[teleop_joystick-8]   File "/home/j/INCSL/IICC26_ws/install/sjtu_drone_control/lib/sjtu_drone_control/teleop_joystick", line 33, in <module>
[teleop_joystick-8]     sys.exit(load_entry_point('sjtu_drone_control==0.0.0', 'console_scripts', 'teleop_joystick')())
[teleop_joystick-8]   File "/home/j/INCSL/IICC26_ws/install/sjtu_drone_control/lib/sjtu_drone_control/teleop_joystick", line 22, in importlib_load_entry_point
[teleop_joystick-8]     for entry_point in distribution(dist_name).entry_points
[teleop_joystick-8]   File "/usr/lib/python3.10/importlib/metadata/__init__.py", line 969, in distribution
[teleop_joystick-8]     return Distribution.from_name(distribution_name)
[teleop_joystick-8]   File "/usr/lib/python3.10/importlib/metadata/__init__.py", line 548, in from_name
[teleop_joystick-8]     raise PackageNotFoundError(name)
[teleop_joystick-8] importlib.metadata.PackageNotFoundError: No package metadata was found for sjtu_drone_control
[ERROR] [teleop_joystick-8]: process has died [pid 3890384, exit code 1, cmd '/home/j/INCSL/IICC26_ws/install/sjtu_drone_control/lib/sjtu_drone_control/teleop_joystick --ros-args -r __ns:=/drone'].
[gzserver-2] Gazebo multi-robot simulator, version 11.10.2
[gzserver-2] Copyright (C) 2012 Open Source Robotics Foundation.
[gzserver-2] Released under the Apache 2 License.
[gzserver-2] http://gazebosim.org
[gzserver-2] 
[joint_state_publisher-4] [INFO] [1773133411.206594945] [drone.joint_state_publisher]: Waiting for robot_description to be published on the robot_description topic...
[apriltag_state_bridge-10] [INFO] [1773133411.237442935] [apriltag_state_bridge]: AprilTag bridge started: /drone/bottom/tags -> /landing_tag_state, use_target_id=True, target_id=0
[gzserver-2] [1;33m[Wrn] [gazebo_ros_init.cpp:178] [0m[1;33m
[gzserver-2] #     # ####### ####### ###  #####  #######
[gzserver-2] ##    # #     #    #     #  #     # #
[gzserver-2] # #   # #     #    #     #  #       #
[gzserver-2] #  #  # #     #    #     #  #       #####
[gzserver-2] #   # # #     #    #     #  #       #
[gzserver-2] #    ## #     #    #     #  #     # #
[gzserver-2] #     # #######    #    ###  #####  #######
[gzserver-2] 
[gzserver-2] This version of Gazebo, now called Gazebo classic, reaches end-of-life
[gzserver-2] in January 2025. Users are highly encouraged to migrate to the new Gazebo
[gzserver-2] using our migration guides (https://gazebosim.org/docs/latest/gazebo_classic_migration?utm_source=gazebo_ros_pkgs&utm_medium=cli)
[gzserver-2] 
[gzserver-2] [0m[1;33m
[rviz2-1] [INFO] [1773133411.812015173] [rviz2]: Stereo is NOT SUPPORTED
[rviz2-1] [INFO] [1773133411.812102936] [rviz2]: OpenGl version: 4.6 (GLSL 4.6)
[rviz2-1] [INFO] [1773133411.931070241] [rviz2]: Stereo is NOT SUPPORTED
[rviz2-1] [INFO] [1773133412.019989698] [rviz2]: Stereo is NOT SUPPORTED
[gzserver-2] [1;32m[Msg] [0m[1;32mWaiting for master.[0m[1;32m
[gzserver-2] [0m[1;32m[0m[1;32m[0m[1;32m[Msg] [0m[1;32mConnected to gazebo master @ [0m[1;32mhttp://127.0.0.1:11345[0m[1;32m
[gzserver-2] [0m[1;32m[0m[1;32m[0m[1;32m[Msg] [0m[1;32mPublicized address: [0m[1;32m172.16.52.147[0m[1;32m
[gzserver-2] [0m[1;32m[0m[1;32m[0m[1;32m[Msg] [0m[1;32mLoading world file [[0m[1;32m/home/j/INCSL/IICC26_ws/install/sjtu_drone_description/share/sjtu_drone_description/worlds/landingPad.world[0m[1;32m][0m[1;32m
[gzserver-2] [0m[1;32m[0m[1;32m[0m[1;36m[Dbg] [wind_plugin.cpp:96] [0m[1;36mWindPlugin loaded: speed=[0m[1;36m0[0m[1;36m dir=[0m[1;36m0[0m[1;36m deg area=[0m[1;36m0.1[0m[1;36m coeff=[0m[1;36m1[0m[1;36m
[gzserver-2] [0m[1;33m[0m[1;33m[0m[1;31m[Err] [Sensor.cc:510] [0m[1;31mGet noise index not valid[0m[1;31m
[gzserver-2] [0m[1;31m[0m[1;31m[0m[1;31m[Err] [Sensor.cc:510] [0m[1;31mGet noise index not valid[0m[1;31m
[gzserver-2] [0m[1;31m[0m[1;31m[0m[1;31m[Err] [Sensor.cc:510] [0m[1;31mGet noise index not valid[0m[1;31m
[gzserver-2] [0m[1;31m[0m[1;31m[0m[1;31m[Err] [Sensor.cc:510] [0m[1;31mGet noise index not valid[0m[1;31m
[gzserver-2] [0m[1;31m[0m[1;31m[0m[1;31m[Err] [Sensor.cc:510] [0m[1;31mGet noise index not valid[0m[1;31m
[gzserver-2] [0m[1;31m[0m[1;31m[0m[1;31m[Err] [Sensor.cc:510] [0m[1;31mGet noise index not valid[0m[1;31m
[gzserver-2] [0m[1;31m[0m[1;31m[0mTopic [default//drone/base_footprint/down_camera/image] is not valid.
[gzserver-2] [INFO] [1773133412.481336028] [drone.collision_plugin]: Publishing contact states to [/drone/bumper_states]
[gzserver-2] Topic [default//drone/base_footprint/front_camera/image] is not valid.
[gzserver-2] [1;33m[Wrn] [Event.cc:61] [0m[1;33mWarning: Deleting a connection right after creation. [0m[1;33mMake sure to save the ConnectionPtr from a Connect call
[gzserver-2] [0m[INFO] [1773133413.041304589] [drone.camera_bottom]: Publishing camera info to [/drone/bottom/camera_info]
[gzserver-2] [INFO] [1773133413.044322999] [drone.camera_front]: Publishing camera info to [/drone/front/camera_info]
[spawn_drone-5] [INFO] [1773133413.053385454] [spawn_drone]: Result True SpawnEntity: Successfully spawned entity [/drone]
[gzserver-2] [INFO] [1773133413.166374100] [drone.simple_drone]: The drone plugin is loading!
[gzserver-2] [INFO] [1773133413.166585540] [drone.simple_drone]: pub_odom: 1
[gzserver-2] [INFO] [1773133413.166619542] [drone.simple_drone]: Using following parameters: 
[gzserver-2] 		link_name: base_footprint,
[gzserver-2] 		max_force: 30,
[gzserver-2] 		motion_small_noise: 0,
[gzserver-2] 		motion_drift_noise: 0,
[gzserver-2] 		motion_drift_noise_time: 50,
[gzserver-2] 		takeoff_hover_height: 2.36,
[gzserver-2] 		takeoff_vertical_speed: 0.2
[gzserver-2] [INFO] [1773133413.178226338] [drone.simple_drone]: Using the PID parameters: 
[gzserver-2] 	Roll Pitch:
[gzserver-2] 		kP: 10, kI: 0,kD: 5, Limit: 0.5, Time Constant: 0
[gzserver-2] 	Yaw:
[gzserver-2] 		kP: 2, kI: 0,kD: 1, Limit: 1.5, Time Constant: 0
[gzserver-2] 	Velocity X:
[gzserver-2] 		kP: 5, kI: 0,kD: 2.3, Limit: 2, Time Constant: 0
[gzserver-2] 	Velocity Y:
[gzserver-2] 		kP: 5, kI: 0,kD: 2.3, Limit: 2, Time Constant: 0
[gzserver-2] 	Velocity Z:
[gzserver-2] 		kP: 5, kI: 0,kD: 1, Limit: -1, Time Constant: 0
[gzserver-2] 	Position XY:
[gzserver-2] 		kP: 1.1, kI: 0,kD: 0, Limit: 5, Time Constant: 0
[gzserver-2] 	Position Z:
[gzserver-2] 		kP: 1, kI: 0,kD: 0.2, Limit: -1, Time Constant: 0
[gzserver-2] [INFO] [1773133413.178357587] [drone.simple_drone]: The drone plugin finished loading!
[INFO] [spawn_drone-5]: process has finished cleanly [pid 3890378]
[gzserver-2] [INFO] [1773133420.321365194] [gazebo_wind_plugin_node]: WindPlugin: set wind_speed=0.00 wind_direction=0.0
[gzserver-2] [INFO] [1773133420.587989482] [gazebo_wind_plugin_node]: WindPlugin: set wind_speed=0.00 wind_direction=0.0
[gzserver-2] [INFO] [1773133420.619277688] [drone.simple_drone]: Quadrotor takes off!!
[gzserver-2] [INFO] [1773133420.825229052] [gazebo_wind_plugin_node]: WindPlugin: set wind_speed=0.00 wind_direction=0.0
[gzserver-2] [INFO] [1773133421.064250744] [gazebo_wind_plugin_node]: WindPlugin: set wind_speed=0.00 wind_direction=0.0
[gzserver-2] [INFO] [1773133421.298720077] [gazebo_wind_plugin_node]: WindPlugin: set wind_speed=0.00 wind_direction=0.0
[gzserver-2] [INFO] [1773133421.539168779] [gazebo_wind_plugin_node]: WindPlugin: set wind_speed=0.00 wind_direction=0.0
[gzserver-2] [INFO] [1773133421.778497482] [gazebo_wind_plugin_node]: WindPlugin: set wind_speed=0.00 wind_direction=0.0
[gzserver-2] [INFO] [1773133422.018659052] [gazebo_wind_plugin_node]: WindPlugin: set wind_speed=0.00 wind_direction=0.0
[gzserver-2] [INFO] [1773133422.253671465] [gazebo_wind_plugin_node]: WindPlugin: set wind_speed=0.00 wind_direction=0.0
[gzserver-2] [0m[1;36m[Dbg] [wind_plugin.cpp:110] [0m[1;36mWindPlugin: received command -> speed=[0m[1;36m0[0m[1;36m dir=[0m[1;36m0[0m[1;36m
[gzserver-2] [0m[1;36m[Dbg] [wind_plugin.cpp:110] [0m[1;36mWindPlugin: received command -> speed=[0m[1;36m0[0m[1;36m dir=[0m[1;36m0[0m[1;36m
[gzserver-2] [0m[1;36m[Dbg] [wind_plugin.cpp:110] [0m[1;36mWindPlugin: received command -> speed=[0m[1;36m0[0m[1;36m dir=[0m[1;36m0[0m[1;36m
[gzserver-2] [0m[1;36m[Dbg] [wind_plugin.cpp:110] [0m[1;36mWindPlugin: received command -> speed=[0m[1;36m0[0m[1;36m dir=[0m[1;36m0[0m[1;36m
[gzserver-2] [0m[1;36m[Dbg] [wind_plugin.cpp:110] [0m[1;36mWindPlugin: received command -> speed=[0m[1;36m0[0m[1;36m dir=[0m[1;36m0[0m[1;36m
[gzserver-2] [0m[1;36m[Dbg] [wind_plugin.cpp:110] [0m[1;36mWindPlugin: received command -> speed=[0m[1;36m0[0m[1;36m dir=[0m[1;36m0[0m[1;36m
[gzserver-2] [0m[1;36m[Dbg] [wind_plugin.cpp:110] [0m[1;36mWindPlugin: received command -> speed=[0m[1;36m0[0m[1;36m dir=[0m[1;36m0[0m[1;36m
[gzserver-2] [0m[1;36m[Dbg] [wind_plugin.cpp:110] [0m[1;36mWindPlugin: received command -> speed=[0m[1;36m0[0m[1;36m dir=[0m[1;36m0[0m[1;36m
[gzserver-2] [0m[1;36m[Dbg] [wind_plugin.cpp:110] [0m[1;36mWindPlugin: received command -> speed=[0m[1;36m0[0m[1;36m dir=[0m[1;36m0[0m[1;36m
[gzserver-2] [0mEntering flying model!
[gzserver-2] [INFO] [1773133422.487393541] [gazebo_wind_plugin_node]: WindPlugin: set wind_speed=0.00 wind_direction=0.0
[gzserver-2] [INFO] [1773133422.727463901] [gazebo_wind_plugin_node]: WindPlugin: set wind_speed=1.05 wind_direction=-13.7
[gzserver-2] [INFO] [1773133422.967059278] [gazebo_wind_plugin_node]: WindPlugin: set wind_speed=0.81 wind_direction=-17.6
[gzserver-2] [INFO] [1773133423.206867953] [gazebo_wind_plugin_node]: WindPlugin: set wind_speed=0.81 wind_direction=-17.6
[gzserver-2] [INFO] [1773133423.442136341] [gazebo_wind_plugin_node]: WindPlugin: set wind_speed=0.81 wind_direction=-17.6
[gzserver-2] [INFO] [1773133423.681686576] [gazebo_wind_plugin_node]: WindPlugin: set wind_speed=0.81 wind_direction=-17.6
[gzserver-2] [INFO] [1773133423.921143344] [gazebo_wind_plugin_node]: WindPlugin: set wind_speed=0.66 wind_direction=-14.7
[gzserver-2] [INFO] [1773133424.160249050] [gazebo_wind_plugin_node]: WindPlugin: set wind_speed=0.66 wind_direction=-14.7
[gzserver-2] [INFO] [1773133424.399751360] [gazebo_wind_plugin_node]: WindPlugin: set wind_speed=0.66 wind_direction=-14.7
[gzserver-2] [INFO] [1773133424.633721326] [gazebo_wind_plugin_node]: WindPlugin: set wind_speed=0.66 wind_direction=-14.7
[gzserver-2] [INFO] [1773133424.873139567] [gazebo_wind_plugin_node]: WindPlugin: set wind_speed=0.83 wind_direction=-14.1
[gzserver-2] [INFO] [1773133425.099737075] [gazebo_wind_plugin_node]: WindPlugin: set wind_speed=0.83 wind_direction=-14.1
[gzserver-2] [INFO] [1773133425.333982810] [gazebo_wind_plugin_node]: WindPlugin: set wind_speed=0.83 wind_direction=-14.1
[gzserver-2] [INFO] [1773133425.573307536] [gazebo_wind_plugin_node]: WindPlugin: set wind_speed=0.83 wind_direction=-14.1
[gzserver-2] [INFO] [1773133425.813971407] [gazebo_wind_plugin_node]: WindPlugin: set wind_speed=0.83 wind_direction=-14.1
[gzserver-2] [INFO] [1773133426.042591509] [gazebo_wind_plugin_node]: WindPlugin: set wind_speed=0.66 wind_direction=-13.5
[gzserver-2] [INFO] [1773133426.283623438] [gazebo_wind_plugin_node]: WindPlugin: set wind_speed=0.66 wind_direction=-13.5
[gzserver-2] [INFO] [1773133426.525498574] [gazebo_wind_plugin_node]: WindPlugin: set wind_speed=0.66 wind_direction=-13.5
[gzserver-2] [INFO] [1773133426.562976930] [drone.simple_drone]: Quadrotor lands!!
[gzserver-2] [INFO] [1773133426.764418131] [gazebo_wind_plugin_node]: WindPlugin: set wind_speed=0.66 wind_direction=-13.5
[gzserver-2] [INFO] [1773133427.003651222] [gazebo_wind_plugin_node]: WindPlugin: set wind_speed=0.57 wind_direction=-16.1
[gzserver-2] [INFO] [1773133427.243116002] [gazebo_wind_plugin_node]: WindPlugin: set wind_speed=0.57 wind_direction=-16.1
[gzserver-2] [INFO] [1773133427.482768347] [gazebo_wind_plugin_node]: WindPlugin: set wind_speed=0.57 wind_direction=-16.1
[gzserver-2] [1;36m[Dbg] [wind_plugin.cpp:110] [0m[1;36mWindPlugin: received command -> speed=[0m[1;36m0[0m[1;36m dir=[0m[1;36m0[0m[1;36m
[gzserver-2] [0m[1;36m[Dbg] [wind_plugin.cpp:110] [0m[1;36mWindPlugin: received command -> speed=[0m[1;36m1.04817[0m[1;36m dir=[0m[1;36m-13.6542[0m[1;36m
[gzserver-2] [0m[1;36m[Dbg] [wind_plugin.cpp:110] [0m[1;36mWindPlugin: received command -> speed=[0m[1;36m0.807165[0m[1;36m dir=[0m[1;36m-17.5621[0m[1;36m
[gzserver-2] [0m[1;36m[Dbg] [wind_plugin.cpp:110] [0m[1;36mWindPlugin: received command -> speed=[0m[1;36m0.807165[0m[1;36m dir=[0m[1;36m-17.5621[0m[1;36m
[gzserver-2] [0m[1;36m[Dbg] [wind_plugin.cpp:110] [0m[1;36mWindPlugin: received command -> speed=[0m[1;36m0.807165[0m[1;36m dir=[0m[1;36m-17.5621[0m[1;36m
[gzserver-2] [0m[1;36m[Dbg] [wind_plugin.cpp:110] [0m[1;36mWindPlugin: received command -> speed=[0m[1;36m0.807165[0m[1;36m dir=[0m[1;36m-17.5621[0m[1;36m
[gzserver-2] [0m[1;36m[Dbg] [wind_plugin.cpp:110] [0m[1;36mWindPlugin: received command -> speed=[0m[1;36m0.65955[0m[1;36m dir=[0m[1;36m-14.7065[0m[1;36m
[gzserver-2] [0m[1;36m[Dbg] [wind_plugin.cpp:110] [0m[1;36mWindPlugin: received command -> speed=[0m[1;36m0.65955[0m[1;36m dir=[0m[1;36m-14.7065[0m[1;36m
[gzserver-2] [0m[1;36m[Dbg] [wind_plugin.cpp:110] [0m[1;36mWindPlugin: received command -> speed=[0m[1;36m0.65955[0m[1;36m dir=[0m[1;36m-14.7065[0m[1;36m
[gzserver-2] [0m[1;36m[Dbg] [wind_plugin.cpp:110] [0m[1;36mWindPlugin: received command -> speed=[0m[1;36m0.65955[0m[1;36m dir=[0m[1;36m-14.7065[0m[1;36m
[gzserver-2] [0m[1;36m[Dbg] [wind_plugin.cpp:110] [0m[1;36mWindPlugin: received command -> speed=[0m[1;36m0.82877[0m[1;36m dir=[0m[1;36m-14.1472[0m[1;36m
[gzserver-2] [0m[1;36m[Dbg] [wind_plugin.cpp:110] [0m[1;36mWindPlugin: received command -> speed=[0m[1;36m0.82877[0m[1;36m dir=[0m[1;36m-14.1472[0m[1;36m
[gzserver-2] [0m[1;36m[Dbg] [wind_plugin.cpp:110] [0m[1;36mWindPlugin: received command -> speed=[0m[1;36m0.82877[0m[1;36m dir=[0m[1;36m-14.1472[0m[1;36m
[gzserver-2] [0m[1;36m[Dbg] [wind_plugin.cpp:110] [0m[1;36mWindPlugin: received command -> speed=[0m[1;36m0.82877[0m[1;36m dir=[0m[1;36m-14.1472[0m[1;36m
[gzserver-2] [0m[1;36m[Dbg] [wind_plugin.cpp:110] [0m[1;36mWindPlugin: received command -> speed=[0m[1;36m0.82877[0m[1;36m dir=[0m[1;36m-14.1472[0m[1;36m
[gzserver-2] [0m[1;36m[Dbg] [wind_plugin.cpp:110] [0m[1;36mWindPlugin: received command -> speed=[0m[1;36m0.662204[0m[1;36m dir=[0m[1;36m-13.4942[0m[1;36m
[gzserver-2] [0m[1;36m[Dbg] [wind_plugin.cpp:110] [0m[1;36mWindPlugin: received command -> speed=[0m[1;36m0.662204[0m[1;36m dir=[0m[1;36m-13.4942[0m[1;36m
[gzserver-2] [0m[1;36m[Dbg] [wind_plugin.cpp:110] [0m[1;36mWindPlugin: received command -> speed=[0m[1;36m0.662204[0m[1;36m dir=[0m[1;36m-13.4942[0m[1;36m
[gzserver-2] [0m[1;36m[Dbg] [wind_plugin.cpp:110] [0m[1;36mWindPlugin: received command -> speed=[0m[1;36m0.662204[0m[1;36m dir=[0m[1;36m-13.4942[0m[1;36m
[gzserver-2] [0m[1;36m[Dbg] [wind_plugin.cpp:110] [0m[1;36mWindPlugin: received command -> speed=[0m[1;36m0.568554[0m[1;36m dir=[0m[1;36m-16.0929[0m[1;36m
[gzserver-2] [0m[1;36m[Dbg] [wind_plugin.cpp:110] [0m[1;36mWindPlugin: received command -> speed=[0m[1;36m0.568554[0m[1;36m dir=[0m[1;36m-16.0929[0m[1;36m
[gzserver-2] [0m[1;36m[Dbg] [wind_plugin.cpp:110] [0m[1;36mWindPlugin: received command -> speed=[0m[1;36m0.568554[0m[1;36m dir=[0m[1;36m-16.0929[0m[1;36m
[gzserver-2] [0mLanded!
[gzserver-2] [INFO] [1773133427.716773590] [gazebo_wind_plugin_node]: WindPlugin: set wind_speed=0.57 wind_direction=-16.1
[gzserver-2] [INFO] [1773133427.951726297] [gazebo_wind_plugin_node]: WindPlugin: set wind_speed=0.80 wind_direction=-16.2
[gzserver-2] [INFO] [1773133428.185804131] [gazebo_wind_plugin_node]: WindPlugin: set wind_speed=0.80 wind_direction=-16.2
[gzserver-2] [INFO] [1773133428.425400842] [gazebo_wind_plugin_node]: WindPlugin: set wind_speed=0.80 wind_direction=-16.2
[gzserver-2] [INFO] [1773133428.659704325] [gazebo_wind_plugin_node]: WindPlugin: set wind_speed=0.80 wind_direction=-16.2
[gzserver-2] [INFO] [1773133428.899049859] [gazebo_wind_plugin_node]: WindPlugin: set wind_speed=0.87 wind_direction=-14.9
[gzserver-2] [INFO] [1773133429.138434394] [gazebo_wind_plugin_node]: WindPlugin: set wind_speed=0.87 wind_direction=-14.9
[gzserver-2] [INFO] [1773133429.372260951] [gazebo_wind_plugin_node]: WindPlugin: set wind_speed=0.87 wind_direction=-14.9
