[INFO] [launch]: All log files can be found below /home/j/.ros/log/2026-03-10-11-21-52-497714-j-534890
[INFO] [launch]: Default logging verbosity is set to INFO
[INFO] [launch.user]: [bringup] Apriltag config: camera=/drone/bottom, image=/drone/bottom/image_raw, tags=/drone/bottom/tags, bridge=/landing_tag_state, standalone=true, use_target_id=true, target_id=0
[INFO] [rviz2-1]: process started with pid [534893]
[INFO] [gzserver-2]: process started with pid [534895]
[INFO] [robot_state_publisher-3]: process started with pid [534897]
[INFO] [joint_state_publisher-4]: process started with pid [534899]
[INFO] [spawn_drone-5]: process started with pid [534901]
[INFO] [static_transform_publisher-6]: process started with pid [534903]
[INFO] [joy_node-7]: process started with pid [534905]
[INFO] [teleop_joystick-8]: process started with pid [534907]
[INFO] [apriltag_detector_node-9]: process started with pid [534909]
[INFO] [apriltag_state_bridge-10]: process started with pid [534911]
[static_transform_publisher-6] [WARN] [1773109312.986987680] []: Old-style arguments are deprecated; see --help for new-style arguments
[static_transform_publisher-6] [INFO] [1773109312.992929222] [static_transform_publisher_mnY0VNYSpOaFSjvi]: Spinning until stopped - publishing transform
[static_transform_publisher-6] translation: ('0.000000', '0.000000', '0.000000')
[static_transform_publisher-6] rotation: ('0.000000', '0.000000', '0.000000', '1.000000')
[static_transform_publisher-6] from 'world' to '/drone/odom'
[robot_state_publisher-3] [INFO] [1773109313.020691132] [drone.robot_state_publisher]: got segment base_footprint
[robot_state_publisher-3] [INFO] [1773109313.020787412] [drone.robot_state_publisher]: got segment base_link
[robot_state_publisher-3] [INFO] [1773109313.020799542] [drone.robot_state_publisher]: got segment bottom_cam_link
[robot_state_publisher-3] [INFO] [1773109313.020807812] [drone.robot_state_publisher]: got segment front_cam_link
[robot_state_publisher-3] [INFO] [1773109313.020814932] [drone.robot_state_publisher]: got segment sonar_link
[rviz2-1] 
[rviz2-1] (rviz2:534893): dbind-WARNING **: 11:21:53.023: Couldn't connect to accessibility bus: Failed to connect to socket /root/.cache/at-spi/bus_0: 허가 거부
[apriltag_detector_node-9] [INFO] [1773109313.040210992] [apriltag_detector_node]: tag detector type: umich
[teleop_joystick-8] Traceback (most recent call last):
[teleop_joystick-8]   File "/home/j/INCSL/IICC26_ws/install/sjtu_drone_control/lib/sjtu_drone_control/teleop_joystick", line 33, in <module>
[teleop_joystick-8]     sys.exit(load_entry_point('sjtu_drone_control==0.0.0', 'console_scripts', 'teleop_joystick')())
[teleop_joystick-8]   File "/home/j/INCSL/IICC26_ws/install/sjtu_drone_control/lib/sjtu_drone_control/teleop_joystick", line 22, in importlib_load_entry_point
[teleop_joystick-8]     for entry_point in distribution(dist_name).entry_points
[teleop_joystick-8]   File "/usr/lib/python3.10/importlib/metadata/__init__.py", line 969, in distribution
[teleop_joystick-8]     return Distribution.from_name(distribution_name)
[teleop_joystick-8]   File "/usr/lib/python3.10/importlib/metadata/__init__.py", line 548, in from_name
[teleop_joystick-8]     raise PackageNotFoundError(name)
[teleop_joystick-8] importlib.metadata.PackageNotFoundError: No package metadata was found for sjtu_drone_control
[ERROR] [teleop_joystick-8]: process has died [pid 534907, exit code 1, cmd '/home/j/INCSL/IICC26_ws/install/sjtu_drone_control/lib/sjtu_drone_control/teleop_joystick --ros-args -r __ns:=/drone'].
[gzserver-2] Gazebo multi-robot simulator, version 11.10.2
[gzserver-2] Copyright (C) 2012 Open Source Robotics Foundation.
[gzserver-2] Released under the Apache 2 License.
[gzserver-2] http://gazebosim.org
[gzserver-2] 
[apriltag_state_bridge-10] [INFO] [1773109313.224066775] [apriltag_state_bridge]: AprilTag bridge started: /drone/bottom/tags -> /landing_tag_state, use_target_id=True, target_id=0
[joint_state_publisher-4] [INFO] [1773109313.249189423] [drone.joint_state_publisher]: Waiting for robot_description to be published on the robot_description topic...
[gzserver-2] [1;33m[Wrn] [gazebo_ros_init.cpp:178] [0m[1;33m
[gzserver-2] #     # ####### ####### ###  #####  #######
[gzserver-2] ##    # #     #    #     #  #     # #
[gzserver-2] # #   # #     #    #     #  #       #
[gzserver-2] #  #  # #     #    #     #  #       #####
[gzserver-2] #   # # #     #    #     #  #       #
[gzserver-2] #    ## #     #    #     #  #     # #
[gzserver-2] #     # #######    #    ###  #####  #######
[gzserver-2] 
[gzserver-2] This version of Gazebo, now called Gazebo classic, reaches end-of-life
[gzserver-2] in January 2025. Users are highly encouraged to migrate to the new Gazebo
[gzserver-2] using our migration guides (https://gazebosim.org/docs/latest/gazebo_classic_migration?utm_source=gazebo_ros_pkgs&utm_medium=cli)
[gzserver-2] 
[gzserver-2] [0m[1;33m
[rviz2-1] [INFO] [1773109313.876193798] [rviz2]: Stereo is NOT SUPPORTED
[rviz2-1] [INFO] [1773109313.876283854] [rviz2]: OpenGl version: 4.6 (GLSL 4.6)
[rviz2-1] [INFO] [1773109314.012048121] [rviz2]: Stereo is NOT SUPPORTED
[rviz2-1] [INFO] [1773109314.105309663] [rviz2]: Stereo is NOT SUPPORTED
[spawn_drone-5] [INFO] [1773109314.252830396] [spawn_drone]: service not available, waiting again...
[gzserver-2] [1;32m[Msg] [0m[1;32mWaiting for master.[0m[1;32m
[gzserver-2] [0m[1;32m[0m[1;32m[0m[1;32m[Msg] [0m[1;32mConnected to gazebo master @ [0m[1;32mhttp://127.0.0.1:11345[0m[1;32m
[gzserver-2] [0m[1;32m[0m[1;32m[0m[1;32m[Msg] [0m[1;32mPublicized address: [0m[1;32m172.16.52.147[0m[1;32m
[gzserver-2] [0m[1;32m[0m[1;32m[0m[1;32m[Msg] [0m[1;32mLoading world file [[0m[1;32m/home/j/INCSL/IICC26_ws/install/sjtu_drone_description/share/sjtu_drone_description/worlds/landingPad.world[0m[1;32m][0m[1;32m
[gzserver-2] [0m[1;32m[0m[1;32m[0m[1;36m[Dbg] [wind_plugin.cpp:96] [0m[1;36mWindPlugin loaded: speed=[0m[1;36m0[0m[1;36m dir=[0m[1;36m0[0m[1;36m deg area=[0m[1;36m0.1[0m[1;36m coeff=[0m[1;36m1[0m[1;36m
[gzserver-2] [0m[1;33m[0m[1;33m[0m[1;31m[Err] [Sensor.cc:510] [0m[1;31mGet noise index not valid[0m[1;31m
[gzserver-2] [0m[1;31m[0m[1;31m[0m[1;31m[Err] [Sensor.cc:510] [0m[1;31mGet noise index not valid[0m[1;31m
[gzserver-2] [0m[1;31m[0m[1;31m[0m[1;31m[Err] [Sensor.cc:510] [0m[1;31mGet noise index not valid[0m[1;31m
[gzserver-2] [0m[1;31m[0m[1;31m[0m[1;31m[Err] [Sensor.cc:510] [0m[1;31mGet noise index not valid[0m[1;31m
[gzserver-2] [0m[1;31m[0m[1;31m[0m[1;31m[Err] [Sensor.cc:510] [0m[1;31mGet noise index not valid[0m[1;31m
[gzserver-2] [0m[1;31m[0m[1;31m[0m[1;31m[Err] [Sensor.cc:510] [0m[1;31mGet noise index not valid[0m[1;31m
[gzserver-2] [0m[1;31m[0m[1;31m[0mTopic [default//drone/base_footprint/down_camera/image] is not valid.
[gzserver-2] [INFO] [1773109314.594418907] [drone.collision_plugin]: Publishing contact states to [/drone/bumper_states]
[gzserver-2] Topic [default//drone/base_footprint/front_camera/image] is not valid.
[gzserver-2] [1;33m[Wrn] [Event.cc:61] [0m[1;33mWarning: Deleting a connection right after creation. [0m[1;33mMake sure to save the ConnectionPtr from a Connect call
[gzserver-2] [0m[INFO] [1773109315.156217308] [drone.camera_bottom]: Publishing camera info to [/drone/bottom/camera_info]
[gzserver-2] [INFO] [1773109315.159441361] [drone.camera_front]: Publishing camera info to [/drone/front/camera_info]
[spawn_drone-5] [INFO] [1773109315.160442822] [spawn_drone]: Result True SpawnEntity: Successfully spawned entity [/drone]
[gzserver-2] [INFO] [1773109315.282361803] [drone.simple_drone]: The drone plugin is loading!
[gzserver-2] [INFO] [1773109315.282579488] [drone.simple_drone]: pub_odom: 1
[gzserver-2] [INFO] [1773109315.282611511] [drone.simple_drone]: Using following parameters: 
[gzserver-2] 		link_name: base_footprint,
[gzserver-2] 		max_force: 30,
[gzserver-2] 		motion_small_noise: 0,
[gzserver-2] 		motion_drift_noise: 0,
[gzserver-2] 		motion_drift_noise_time: 50,
[gzserver-2] 		takeoff_hover_height: 2,
[gzserver-2] 		takeoff_vertical_speed: 0.2
[gzserver-2] [INFO] [1773109315.294481536] [drone.simple_drone]: Using the PID parameters: 
[gzserver-2] 	Roll Pitch:
[gzserver-2] 		kP: 10, kI: 0,kD: 5, Limit: 0.5, Time Constant: 0
[gzserver-2] 	Yaw:
[gzserver-2] 		kP: 2, kI: 0,kD: 1, Limit: 1.5, Time Constant: 0
[gzserver-2] 	Velocity X:
[gzserver-2] 		kP: 5, kI: 0,kD: 2.3, Limit: 2, Time Constant: 0
[gzserver-2] 	Velocity Y:
[gzserver-2] 		kP: 5, kI: 0,kD: 2.3, Limit: 2, Time Constant: 0
[gzserver-2] 	Velocity Z:
[gzserver-2] 		kP: 5, kI: 0,kD: 1, Limit: -1, Time Constant: 0
[gzserver-2] 	Position XY:
[gzserver-2] 		kP: 1.1, kI: 0,kD: 0, Limit: 5, Time Constant: 0
[gzserver-2] 	Position Z:
[gzserver-2] 		kP: 1, kI: 0,kD: 0.2, Limit: -1, Time Constant: 0
[gzserver-2] [INFO] [1773109315.294617139] [drone.simple_drone]: The drone plugin finished loading!
[INFO] [spawn_drone-5]: process has finished cleanly [pid 534901]
[gzserver-2] [INFO] [1773109322.323999547] [gazebo_wind_plugin_node]: WindPlugin: set wind_speed=0.00 wind_direction=0.0
[gzserver-2] [INFO] [1773109322.596431622] [gazebo_wind_plugin_node]: WindPlugin: set wind_speed=0.00 wind_direction=0.0
[gzserver-2] [INFO] [1773109322.631341235] [drone.simple_drone]: Quadrotor takes off!!
[gzserver-2] [INFO] [1773109322.834031653] [gazebo_wind_plugin_node]: WindPlugin: set wind_speed=0.00 wind_direction=0.0
[gzserver-2] [INFO] [1773109323.069993543] [gazebo_wind_plugin_node]: WindPlugin: set wind_speed=0.00 wind_direction=0.0
[gzserver-2] [INFO] [1773109323.304510867] [gazebo_wind_plugin_node]: WindPlugin: set wind_speed=0.00 wind_direction=0.0
[gzserver-2] [INFO] [1773109323.543877667] [gazebo_wind_plugin_node]: WindPlugin: set wind_speed=0.00 wind_direction=0.0
[gzserver-2] [INFO] [1773109323.779163033] [gazebo_wind_plugin_node]: WindPlugin: set wind_speed=0.00 wind_direction=0.0
[gzserver-2] [INFO] [1773109324.019154887] [gazebo_wind_plugin_node]: WindPlugin: set wind_speed=0.00 wind_direction=0.0
[gzserver-2] [0m[1;36m[Dbg] [wind_plugin.cpp:110] [0m[1;36mWindPlugin: received command -> speed=[0m[1;36m0[0m[1;36m dir=[0m[1;36m0[0m[1;36m
[gzserver-2] [0m[1;36m[Dbg] [wind_plugin.cpp:110] [0m[1;36mWindPlugin: received command -> speed=[0m[1;36m0[0m[1;36m dir=[0m[1;36m0[0m[1;36m
[gzserver-2] [0m[1;36m[Dbg] [wind_plugin.cpp:110] [0m[1;36mWindPlugin: received command -> speed=[0m[1;36m0[0m[1;36m dir=[0m[1;36m0[0m[1;36m
[gzserver-2] [0m[1;36m[Dbg] [wind_plugin.cpp:110] [0m[1;36mWindPlugin: received command -> speed=[0m[1;36m0[0m[1;36m dir=[0m[1;36m0[0m[1;36m
[gzserver-2] [0m[1;36m[Dbg] [wind_plugin.cpp:110] [0m[1;36mWindPlugin: received command -> speed=[0m[1;36m0[0m[1;36m dir=[0m[1;36m0[0m[1;36m
[gzserver-2] [0m[1;36m[Dbg] [wind_plugin.cpp:110] [0m[1;36mWindPlugin: received command -> speed=[0m[1;36m0[0m[1;36m dir=[0m[1;36m0[0m[1;36m
[gzserver-2] [0m[1;36m[Dbg] [wind_plugin.cpp:110] [0m[1;36mWindPlugin: received command -> speed=[0m[1;36m0[0m[1;36m dir=[0m[1;36m0[0m[1;36m
[gzserver-2] [0m[1;36m[Dbg] [wind_plugin.cpp:110] [0m[1;36mWindPlugin: received command -> speed=[0m[1;36m0[0m[1;36m dir=[0m[1;36m0[0m[1;36m
[gzserver-2] [0mEntering flying model!
[gzserver-2] [INFO] [1773109324.259221722] [gazebo_wind_plugin_node]: WindPlugin: set wind_speed=0.00 wind_direction=0.0
[gzserver-2] [INFO] [1773109324.499680242] [gazebo_wind_plugin_node]: WindPlugin: set wind_speed=0.74 wind_direction=56.3
[gzserver-2] [INFO] [1773109324.735270272] [gazebo_wind_plugin_node]: WindPlugin: set wind_speed=0.74 wind_direction=56.3
[gzserver-2] [INFO] [1773109324.974625547] [gazebo_wind_plugin_node]: WindPlugin: set wind_speed=0.69 wind_direction=59.1
[gzserver-2] [INFO] [1773109325.214124509] [gazebo_wind_plugin_node]: WindPlugin: set wind_speed=0.69 wind_direction=59.1
[gzserver-2] [INFO] [1773109325.443309561] [gazebo_wind_plugin_node]: WindPlugin: set wind_speed=0.69 wind_direction=59.1
[gzserver-2] [INFO] [1773109325.682959183] [gazebo_wind_plugin_node]: WindPlugin: set wind_speed=0.69 wind_direction=59.1
[gzserver-2] [INFO] [1773109325.917928089] [gazebo_wind_plugin_node]: WindPlugin: set wind_speed=0.90 wind_direction=55.6
[gzserver-2] [INFO] [1773109326.160407431] [gazebo_wind_plugin_node]: WindPlugin: set wind_speed=0.90 wind_direction=55.6
[gzserver-2] [INFO] [1773109326.400062292] [gazebo_wind_plugin_node]: WindPlugin: set wind_speed=0.90 wind_direction=55.6
[gzserver-2] [INFO] [1773109326.634602429] [gazebo_wind_plugin_node]: WindPlugin: set wind_speed=0.90 wind_direction=55.6
[gzserver-2] [INFO] [1773109326.874392941] [gazebo_wind_plugin_node]: WindPlugin: set wind_speed=0.77 wind_direction=53.1
[gzserver-2] [INFO] [1773109327.117221036] [gazebo_wind_plugin_node]: WindPlugin: set wind_speed=0.77 wind_direction=53.1
[gzserver-2] [INFO] [1773109327.356814527] [gazebo_wind_plugin_node]: WindPlugin: set wind_speed=0.77 wind_direction=53.1
[gzserver-2] [INFO] [1773109327.592106409] [gazebo_wind_plugin_node]: WindPlugin: set wind_speed=0.77 wind_direction=53.1
[gzserver-2] [INFO] [1773109327.841831672] [gazebo_wind_plugin_node]: WindPlugin: set wind_speed=0.93 wind_direction=54.7
[gzserver-2] [INFO] [1773109328.095866895] [gazebo_wind_plugin_node]: WindPlugin: set wind_speed=0.93 wind_direction=54.7
[gzserver-2] [INFO] [1773109328.336028342] [gazebo_wind_plugin_node]: WindPlugin: set wind_speed=0.93 wind_direction=54.7
[gzserver-2] [INFO] [1773109328.578133487] [gazebo_wind_plugin_node]: WindPlugin: set wind_speed=0.93 wind_direction=54.7
[gzserver-2] [INFO] [1773109328.620306764] [drone.simple_drone]: Quadrotor lands!!
[gzserver-2] [INFO] [1773109328.821804515] [gazebo_wind_plugin_node]: WindPlugin: set wind_speed=0.93 wind_direction=54.7
[gzserver-2] [INFO] [1773109329.062574831] [gazebo_wind_plugin_node]: WindPlugin: set wind_speed=0.90 wind_direction=53.7
[gzserver-2] [INFO] [1773109329.299753487] [gazebo_wind_plugin_node]: WindPlugin: set wind_speed=0.90 wind_direction=53.7
[gzserver-2] [INFO] [1773109329.537686121] [gazebo_wind_plugin_node]: WindPlugin: set wind_speed=0.90 wind_direction=53.7
[gzserver-2] [1;36m[Dbg] [wind_plugin.cpp:110] [0m[1;36mWindPlugin: received command -> speed=[0m[1;36m0[0m[1;36m dir=[0m[1;36m0[0m[1;36m
[gzserver-2] [0m[1;36m[Dbg] [wind_plugin.cpp:110] [0m[1;36mWindPlugin: received command -> speed=[0m[1;36m0.742663[0m[1;36m dir=[0m[1;36m56.2717[0m[1;36m
[gzserver-2] [0m[1;36m[Dbg] [wind_plugin.cpp:110] [0m[1;36mWindPlugin: received command -> speed=[0m[1;36m0.742663[0m[1;36m dir=[0m[1;36m56.2717[0m[1;36m
[gzserver-2] [0m[1;36m[Dbg] [wind_plugin.cpp:110] [0m[1;36mWindPlugin: received command -> speed=[0m[1;36m0.693576[0m[1;36m dir=[0m[1;36m59.1162[0m[1;36m
[gzserver-2] [0m[1;36m[Dbg] [wind_plugin.cpp:110] [0m[1;36mWindPlugin: received command -> speed=[0m[1;36m0.693576[0m[1;36m dir=[0m[1;36m59.1162[0m[1;36m
[gzserver-2] [0m[1;36m[Dbg] [wind_plugin.cpp:110] [0m[1;36mWindPlugin: received command -> speed=[0m[1;36m0.693576[0m[1;36m dir=[0m[1;36m59.1162[0m[1;36m
[gzserver-2] [0m[1;36m[Dbg] [wind_plugin.cpp:110] [0m[1;36mWindPlugin: received command -> speed=[0m[1;36m0.693576[0m[1;36m dir=[0m[1;36m59.1162[0m[1;36m
[gzserver-2] [0m[1;36m[Dbg] [wind_plugin.cpp:110] [0m[1;36mWindPlugin: received command -> speed=[0m[1;36m0.895195[0m[1;36m dir=[0m[1;36m55.5559[0m[1;36m
[gzserver-2] [0m[1;36m[Dbg] [wind_plugin.cpp:110] [0m[1;36mWindPlugin: received command -> speed=[0m[1;36m0.895195[0m[1;36m dir=[0m[1;36m55.5559[0m[1;36m
[gzserver-2] [0m[1;36m[Dbg] [wind_plugin.cpp:110] [0m[1;36mWindPlugin: received command -> speed=[0m[1;36m0.895195[0m[1;36m dir=[0m[1;36m55.5559[0m[1;36m
[gzserver-2] [0m[1;36m[Dbg] [wind_plugin.cpp:110] [0m[1;36mWindPlugin: received command -> speed=[0m[1;36m0.895195[0m[1;36m dir=[0m[1;36m55.5559[0m[1;36m
[gzserver-2] [0m[1;36m[Dbg] [wind_plugin.cpp:110] [0m[1;36mWindPlugin: received command -> speed=[0m[1;36m0.770035[0m[1;36m dir=[0m[1;36m53.0571[0m[1;36m
[gzserver-2] [0m[1;36m[Dbg] [wind_plugin.cpp:110] [0m[1;36mWindPlugin: received command -> speed=[0m[1;36m0.770035[0m[1;36m dir=[0m[1;36m53.0571[0m[1;36m
[gzserver-2] [0m[1;36m[Dbg] [wind_plugin.cpp:110] [0m[1;36mWindPlugin: received command -> speed=[0m[1;36m0.770035[0m[1;36m dir=[0m[1;36m53.0571[0m[1;36m
[gzserver-2] [0m[1;36m[Dbg] [wind_plugin.cpp:110] [0m[1;36mWindPlugin: received command -> speed=[0m[1;36m0.770035[0m[1;36m dir=[0m[1;36m53.0571[0m[1;36m
[gzserver-2] [0m[1;36m[Dbg] [wind_plugin.cpp:110] [0m[1;36mWindPlugin: received command -> speed=[0m[1;36m0.930029[0m[1;36m dir=[0m[1;36m54.6688[0m[1;36m
[gzserver-2] [0m[1;36m[Dbg] [wind_plugin.cpp:110] [0m[1;36mWindPlugin: received command -> speed=[0m[1;36m0.930029[0m[1;36m dir=[0m[1;36m54.6688[0m[1;36m
[gzserver-2] [0m[1;36m[Dbg] [wind_plugin.cpp:110] [0m[1;36mWindPlugin: received command -> speed=[0m[1;36m0.930029[0m[1;36m dir=[0m[1;36m54.6688[0m[1;36m
[gzserver-2] [0m[1;36m[Dbg] [wind_plugin.cpp:110] [0m[1;36mWindPlugin: received command -> speed=[0m[1;36m0.930029[0m[1;36m dir=[0m[1;36m54.6688[0m[1;36m
[gzserver-2] [0m[1;36m[Dbg] [wind_plugin.cpp:110] [0m[1;36mWindPlugin: received command -> speed=[0m[1;36m0.930029[0m[1;36m dir=[0m[1;36m54.6688[0m[1;36m
[gzserver-2] [0m[1;36m[Dbg] [wind_plugin.cpp:110] [0m[1;36mWindPlugin: received command -> speed=[0m[1;36m0.895942[0m[1;36m dir=[0m[1;36m53.71[0m[1;36m
[gzserver-2] [0m[1;36m[Dbg] [wind_plugin.cpp:110] [0m[1;36mWindPlugin: received command -> speed=[0m[1;36m0.895942[0m[1;36m dir=[0m[1;36m53.71[0m[1;36m
[gzserver-2] [0m[1;36m[Dbg] [wind_plugin.cpp:110] [0m[1;36mWindPlugin: received command -> speed=[0m[1;36m0.895942[0m[1;36m dir=[0m[1;36m53.71[0m[1;36m
[gzserver-2] [0mLanded!
[gzserver-2] [INFO] [1773109329.778202964] [gazebo_wind_plugin_node]: WindPlugin: set wind_speed=0.90 wind_direction=53.7
[gzserver-2] [INFO] [1773109330.014433844] [gazebo_wind_plugin_node]: WindPlugin: set wind_speed=0.86 wind_direction=58.2
[gzserver-2] [INFO] [1773109330.254060562] [gazebo_wind_plugin_node]: WindPlugin: set wind_speed=0.86 wind_direction=58.2
[gzserver-2] [INFO] [1773109330.483119561] [gazebo_wind_plugin_node]: WindPlugin: set wind_speed=0.86 wind_direction=58.2
[gzserver-2] [INFO] [1773109330.722592159] [gazebo_wind_plugin_node]: WindPlugin: set wind_speed=0.86 wind_direction=58.2
[gzserver-2] [INFO] [1773109330.962387427] [gazebo_wind_plugin_node]: WindPlugin: set wind_speed=0.90 wind_direction=53.7
[gzserver-2] [INFO] [1773109331.204187736] [gazebo_wind_plugin_node]: WindPlugin: set wind_speed=0.90 wind_direction=53.7
[gzserver-2] [INFO] [1773109331.433381275] [gazebo_wind_plugin_node]: WindPlugin: set wind_speed=0.90 wind_direction=53.7
