[INFO] [launch]: All log files can be found below /home/j/.ros/log/2026-03-10-11-06-56-138596-j-386257
[INFO] [launch]: Default logging verbosity is set to INFO
[INFO] [launch.user]: [bringup] Apriltag config: camera=/drone/bottom, image=/drone/bottom/image_raw, tags=/drone/bottom/tags, bridge=/landing_tag_state, standalone=true, use_target_id=true, target_id=0
[INFO] [rviz2-1]: process started with pid [386269]
[INFO] [gzserver-2]: process started with pid [386271]
[INFO] [robot_state_publisher-3]: process started with pid [386273]
[INFO] [joint_state_publisher-4]: process started with pid [386275]
[INFO] [spawn_drone-5]: process started with pid [386277]
[INFO] [static_transform_publisher-6]: process started with pid [386279]
[INFO] [joy_node-7]: process started with pid [386281]
[INFO] [teleop_joystick-8]: process started with pid [386283]
[INFO] [apriltag_detector_node-9]: process started with pid [386285]
[INFO] [apriltag_state_bridge-10]: process started with pid [386287]
[static_transform_publisher-6] [WARN] [1773108416.618768288] []: Old-style arguments are deprecated; see --help for new-style arguments
[static_transform_publisher-6] [INFO] [1773108416.624737282] [static_transform_publisher_908oF0OCILNL9gtF]: Spinning until stopped - publishing transform
[static_transform_publisher-6] translation: ('0.000000', '0.000000', '0.000000')
[static_transform_publisher-6] rotation: ('0.000000', '0.000000', '0.000000', '1.000000')
[static_transform_publisher-6] from 'world' to '/drone/odom'
[robot_state_publisher-3] [INFO] [1773108416.646643542] [drone.robot_state_publisher]: got segment base_footprint
[robot_state_publisher-3] [INFO] [1773108416.646735239] [drone.robot_state_publisher]: got segment base_link
[robot_state_publisher-3] [INFO] [1773108416.646747430] [drone.robot_state_publisher]: got segment bottom_cam_link
[robot_state_publisher-3] [INFO] [1773108416.646755615] [drone.robot_state_publisher]: got segment front_cam_link
[robot_state_publisher-3] [INFO] [1773108416.646762911] [drone.robot_state_publisher]: got segment sonar_link
[rviz2-1] 
[rviz2-1] (rviz2:386269): dbind-WARNING **: 11:06:56.647: Couldn't connect to accessibility bus: Failed to connect to socket /root/.cache/at-spi/bus_0: 허가 거부
[apriltag_detector_node-9] [INFO] [1773108416.650642261] [apriltag_detector_node]: tag detector type: umich
[teleop_joystick-8] Traceback (most recent call last):
[teleop_joystick-8]   File "/home/j/INCSL/IICC26_ws/install/sjtu_drone_control/lib/sjtu_drone_control/teleop_joystick", line 33, in <module>
[teleop_joystick-8]     sys.exit(load_entry_point('sjtu_drone_control==0.0.0', 'console_scripts', 'teleop_joystick')())
[teleop_joystick-8]   File "/home/j/INCSL/IICC26_ws/install/sjtu_drone_control/lib/sjtu_drone_control/teleop_joystick", line 22, in importlib_load_entry_point
[teleop_joystick-8]     for entry_point in distribution(dist_name).entry_points
[teleop_joystick-8]   File "/usr/lib/python3.10/importlib/metadata/__init__.py", line 969, in distribution
[teleop_joystick-8]     return Distribution.from_name(distribution_name)
[teleop_joystick-8]   File "/usr/lib/python3.10/importlib/metadata/__init__.py", line 548, in from_name
[teleop_joystick-8]     raise PackageNotFoundError(name)
[teleop_joystick-8] importlib.metadata.PackageNotFoundError: No package metadata was found for sjtu_drone_control
[ERROR] [teleop_joystick-8]: process has died [pid 386283, exit code 1, cmd '/home/j/INCSL/IICC26_ws/install/sjtu_drone_control/lib/sjtu_drone_control/teleop_joystick --ros-args -r __ns:=/drone'].
[gzserver-2] Gazebo multi-robot simulator, version 11.10.2
[gzserver-2] Copyright (C) 2012 Open Source Robotics Foundation.
[gzserver-2] Released under the Apache 2 License.
[gzserver-2] http://gazebosim.org
[gzserver-2] 
[gzserver-2] [1;33m[Wrn] [gazebo_ros_init.cpp:178] [0m[1;33m
[gzserver-2] #     # ####### ####### ###  #####  #######
[gzserver-2] ##    # #     #    #     #  #     # #
[gzserver-2] # #   # #     #    #     #  #       #
[gzserver-2] #  #  # #     #    #     #  #       #####
[gzserver-2] #   # # #     #    #     #  #       #
[gzserver-2] #    ## #     #    #     #  #     # #
[gzserver-2] #     # #######    #    ###  #####  #######
[gzserver-2] 
[gzserver-2] This version of Gazebo, now called Gazebo classic, reaches end-of-life
[gzserver-2] in January 2025. Users are highly encouraged to migrate to the new Gazebo
[gzserver-2] using our migration guides (https://gazebosim.org/docs/latest/gazebo_classic_migration?utm_source=gazebo_ros_pkgs&utm_medium=cli)
[gzserver-2] 
[gzserver-2] [0m[1;33m
[apriltag_state_bridge-10] [INFO] [1773108416.838956285] [apriltag_state_bridge]: AprilTag bridge started: /drone/bottom/tags -> /landing_tag_state, use_target_id=True, target_id=0
[joint_state_publisher-4] [INFO] [1773108416.883889224] [drone.joint_state_publisher]: Waiting for robot_description to be published on the robot_description topic...
[rviz2-1] [INFO] [1773108417.434258217] [rviz2]: Stereo is NOT SUPPORTED
[rviz2-1] [INFO] [1773108417.434354525] [rviz2]: OpenGl version: 4.6 (GLSL 4.6)
[rviz2-1] [INFO] [1773108417.517389259] [rviz2]: Stereo is NOT SUPPORTED
[rviz2-1] [INFO] [1773108417.609157503] [rviz2]: Stereo is NOT SUPPORTED
[spawn_drone-5] [INFO] [1773108417.984998528] [spawn_drone]: Result False Entity pushed to spawn queue, but spawn service timed outwaiting for entity to appear in simulation under the name [/drone]
[gzserver-2] [1;32m[Msg] [0m[1;32mWaiting for master.[0m[1;32m
[gzserver-2] [0m[1;32m[0m[1;32m[0m[1;32m[Msg] [0m[1;32mConnected to gazebo master @ [0m[1;32mhttp://127.0.0.1:11345[0m[1;32m
[gzserver-2] [0m[1;32m[0m[1;32m[0m[1;32m[Msg] [0m[1;32mPublicized address: [0m[1;32m172.16.52.147[0m[1;32m
[gzserver-2] [0m[1;32m[0m[1;32m[0m[1;32m[Msg] [0m[1;32mLoading world file [[0m[1;32m/home/j/INCSL/IICC26_ws/install/sjtu_drone_description/share/sjtu_drone_description/worlds/landingPad.world[0m[1;32m][0m[1;32m
[gzserver-2] [0m[1;32m[0m[1;32m[0m[1;36m[Dbg] [wind_plugin.cpp:96] [0m[1;36mWindPlugin loaded: speed=[0m[1;36m0[0m[1;36m dir=[0m[1;36m0[0m[1;36m deg area=[0m[1;36m0.1[0m[1;36m coeff=[0m[1;36m1[0m[1;36m
[gzserver-2] [0m[1;33m[0m[1;33m[0m[1;31m[Err] [Sensor.cc:510] [0m[1;31mGet noise index not valid[0m[1;31m
[gzserver-2] [0m[1;31m[0m[1;31m[0m[1;31m[Err] [Sensor.cc:510] [0m[1;31mGet noise index not valid[0m[1;31m
[gzserver-2] [0m[1;31m[0m[1;31m[0m[1;31m[Err] [Sensor.cc:510] [0m[1;31mGet noise index not valid[0m[1;31m
[gzserver-2] [0m[1;31m[0m[1;31m[0m[1;31m[Err] [Sensor.cc:510] [0m[1;31mGet noise index not valid[0m[1;31m
[gzserver-2] [0m[1;31m[0m[1;31m[0m[1;31m[Err] [Sensor.cc:510] [0m[1;31mGet noise index not valid[0m[1;31m
[gzserver-2] [0m[1;31m[0m[1;31m[0m[1;31m[Err] [Sensor.cc:510] [0m[1;31mGet noise index not valid[0m[1;31m
[gzserver-2] [0m[1;31m[0m[1;31m[0mTopic [default//drone/base_footprint/down_camera/image] is not valid.
[gzserver-2] [INFO] [1773108418.016605912] [drone.collision_plugin]: Publishing contact states to [/drone/bumper_states]
[gzserver-2] Topic [default//drone/base_footprint/front_camera/image] is not valid.
[gzserver-2] [1;33m[Wrn] [Event.cc:61] [0m[1;33mWarning: Deleting a connection right after creation. [0m[1;33mMake sure to save the ConnectionPtr from a Connect call
[INFO] [spawn_drone-5]: process has finished cleanly [pid 386277]
[gzserver-2] [0m[INFO] [1773108418.594387730] [drone.camera_bottom]: Publishing camera info to [/drone/bottom/camera_info]
[gzserver-2] [INFO] [1773108418.597322625] [drone.camera_front]: Publishing camera info to [/drone/front/camera_info]
[gzserver-2] [INFO] [1773108418.719306698] [drone.simple_drone]: The drone plugin is loading!
[gzserver-2] [INFO] [1773108418.719510380] [drone.simple_drone]: pub_odom: 1
[gzserver-2] [INFO] [1773108418.719544345] [drone.simple_drone]: Using following parameters: 
[gzserver-2] 		link_name: base_footprint,
[gzserver-2] 		max_force: 30,
[gzserver-2] 		motion_small_noise: 0,
[gzserver-2] 		motion_drift_noise: 0,
[gzserver-2] 		motion_drift_noise_time: 50,
[gzserver-2] 		takeoff_hover_height: 1.6,
[gzserver-2] 		takeoff_vertical_speed: 0.2
[gzserver-2] [INFO] [1773108418.731285312] [drone.simple_drone]: Using the PID parameters: 
[gzserver-2] 	Roll Pitch:
[gzserver-2] 		kP: 10, kI: 0,kD: 5, Limit: 0.5, Time Constant: 0
[gzserver-2] 	Yaw:
[gzserver-2] 		kP: 2, kI: 0,kD: 1, Limit: 1.5, Time Constant: 0
[gzserver-2] 	Velocity X:
[gzserver-2] 		kP: 5, kI: 0,kD: 2.3, Limit: 2, Time Constant: 0
[gzserver-2] 	Velocity Y:
[gzserver-2] 		kP: 5, kI: 0,kD: 2.3, Limit: 2, Time Constant: 0
[gzserver-2] 	Velocity Z:
[gzserver-2] 		kP: 5, kI: 0,kD: 1, Limit: -1, Time Constant: 0
[gzserver-2] 	Position XY:
[gzserver-2] 		kP: 1.1, kI: 0,kD: 0, Limit: 5, Time Constant: 0
[gzserver-2] 	Position Z:
[gzserver-2] 		kP: 1, kI: 0,kD: 0.2, Limit: -1, Time Constant: 0
[gzserver-2] [INFO] [1773108418.731420353] [drone.simple_drone]: The drone plugin finished loading!
[gzserver-2] [INFO] [1773108425.975740306] [gazebo_wind_plugin_node]: WindPlugin: set wind_speed=0.00 wind_direction=0.0
[gzserver-2] [INFO] [1773108426.246733453] [gazebo_wind_plugin_node]: WindPlugin: set wind_speed=0.00 wind_direction=0.0
[gzserver-2] [INFO] [1773108426.275739454] [drone.simple_drone]: Quadrotor takes off!!
[gzserver-2] [INFO] [1773108426.477970071] [gazebo_wind_plugin_node]: WindPlugin: set wind_speed=0.00 wind_direction=0.0
[gzserver-2] [INFO] [1773108426.713304828] [gazebo_wind_plugin_node]: WindPlugin: set wind_speed=0.00 wind_direction=0.0
[gzserver-2] [INFO] [1773108426.953793716] [gazebo_wind_plugin_node]: WindPlugin: set wind_speed=0.00 wind_direction=0.0
[gzserver-2] [INFO] [1773108427.184233610] [gazebo_wind_plugin_node]: WindPlugin: set wind_speed=0.00 wind_direction=0.0
[gzserver-2] [INFO] [1773108427.425194414] [gazebo_wind_plugin_node]: WindPlugin: set wind_speed=0.00 wind_direction=0.0
[gzserver-2] [0m[1;36m[Dbg] [wind_plugin.cpp:110] [0m[1;36mWindPlugin: received command -> speed=[0m[1;36m0[0m[1;36m dir=[0m[1;36m0[0m[1;36m
[gzserver-2] [0m[1;36m[Dbg] [wind_plugin.cpp:110] [0m[1;36mWindPlugin: received command -> speed=[0m[1;36m0[0m[1;36m dir=[0m[1;36m0[0m[1;36m
[gzserver-2] [0m[1;36m[Dbg] [wind_plugin.cpp:110] [0m[1;36mWindPlugin: received command -> speed=[0m[1;36m0[0m[1;36m dir=[0m[1;36m0[0m[1;36m
[gzserver-2] [0m[1;36m[Dbg] [wind_plugin.cpp:110] [0m[1;36mWindPlugin: received command -> speed=[0m[1;36m0[0m[1;36m dir=[0m[1;36m0[0m[1;36m
[gzserver-2] [0m[1;36m[Dbg] [wind_plugin.cpp:110] [0m[1;36mWindPlugin: received command -> speed=[0m[1;36m0[0m[1;36m dir=[0m[1;36m0[0m[1;36m
[gzserver-2] [0m[1;36m[Dbg] [wind_plugin.cpp:110] [0m[1;36mWindPlugin: received command -> speed=[0m[1;36m0[0m[1;36m dir=[0m[1;36m0[0m[1;36m
[gzserver-2] [0m[1;36m[Dbg] [wind_plugin.cpp:110] [0m[1;36mWindPlugin: received command -> speed=[0m[1;36m0[0m[1;36m dir=[0m[1;36m0[0m[1;36m
[gzserver-2] [0mEntering flying model!
[gzserver-2] [INFO] [1773108427.665933464] [gazebo_wind_plugin_node]: WindPlugin: set wind_speed=0.00 wind_direction=0.0
[gzserver-2] [INFO] [1773108427.907267860] [gazebo_wind_plugin_node]: WindPlugin: set wind_speed=1.47 wind_direction=-92.8
[gzserver-2] [INFO] [1773108428.141820263] [gazebo_wind_plugin_node]: WindPlugin: set wind_speed=1.47 wind_direction=-92.8
[gzserver-2] [INFO] [1773108428.376248618] [gazebo_wind_plugin_node]: WindPlugin: set wind_speed=1.47 wind_direction=-92.8
[gzserver-2] [INFO] [1773108428.615578880] [gazebo_wind_plugin_node]: WindPlugin: set wind_speed=1.37 wind_direction=-91.0
[gzserver-2] [INFO] [1773108428.855781324] [gazebo_wind_plugin_node]: WindPlugin: set wind_speed=1.37 wind_direction=-91.0
[gzserver-2] [INFO] [1773108429.091797465] [gazebo_wind_plugin_node]: WindPlugin: set wind_speed=1.37 wind_direction=-91.0
[gzserver-2] [INFO] [1773108429.329397450] [gazebo_wind_plugin_node]: WindPlugin: set wind_speed=1.37 wind_direction=-91.0
[gzserver-2] [INFO] [1773108429.569894067] [gazebo_wind_plugin_node]: WindPlugin: set wind_speed=1.58 wind_direction=-93.8
[gzserver-2] [INFO] [1773108429.809490711] [gazebo_wind_plugin_node]: WindPlugin: set wind_speed=1.58 wind_direction=-93.8
[gzserver-2] [INFO] [1773108430.048845410] [gazebo_wind_plugin_node]: WindPlugin: set wind_speed=1.58 wind_direction=-93.8
[gzserver-2] [INFO] [1773108430.287975488] [gazebo_wind_plugin_node]: WindPlugin: set wind_speed=1.58 wind_direction=-93.8
[gzserver-2] [INFO] [1773108430.522262361] [gazebo_wind_plugin_node]: WindPlugin: set wind_speed=1.56 wind_direction=-90.0
[gzserver-2] [INFO] [1773108430.759334041] [gazebo_wind_plugin_node]: WindPlugin: set wind_speed=1.56 wind_direction=-90.0
[gzserver-2] [INFO] [1773108430.994248533] [gazebo_wind_plugin_node]: WindPlugin: set wind_speed=1.56 wind_direction=-90.0
[gzserver-2] [INFO] [1773108431.245346586] [gazebo_wind_plugin_node]: WindPlugin: set wind_speed=1.56 wind_direction=-90.0
[gzserver-2] [INFO] [1773108431.499875483] [gazebo_wind_plugin_node]: WindPlugin: set wind_speed=1.55 wind_direction=-91.5
[gzserver-2] [INFO] [1773108431.742660552] [gazebo_wind_plugin_node]: WindPlugin: set wind_speed=1.55 wind_direction=-91.5
[gzserver-2] [INFO] [1773108431.993032056] [gazebo_wind_plugin_node]: WindPlugin: set wind_speed=1.55 wind_direction=-91.5
[gzserver-2] [INFO] [1773108432.228326263] [gazebo_wind_plugin_node]: WindPlugin: set wind_speed=1.55 wind_direction=-91.5
[gzserver-2] [INFO] [1773108432.471099572] [gazebo_wind_plugin_node]: WindPlugin: set wind_speed=1.55 wind_direction=-91.5
[gzserver-2] [INFO] [1773108432.707165570] [gazebo_wind_plugin_node]: WindPlugin: set wind_speed=1.69 wind_direction=-90.7
[gzserver-2] [INFO] [1773108432.946627909] [gazebo_wind_plugin_node]: WindPlugin: set wind_speed=1.69 wind_direction=-90.7
[gzserver-2] [INFO] [1773108433.182583310] [gazebo_wind_plugin_node]: WindPlugin: set wind_speed=1.69 wind_direction=-90.7
[gzserver-2] [INFO] [1773108433.422320376] [gazebo_wind_plugin_node]: WindPlugin: set wind_speed=1.69 wind_direction=-90.7
[gzserver-2] [INFO] [1773108433.656941584] [gazebo_wind_plugin_node]: WindPlugin: set wind_speed=1.65 wind_direction=-92.5
[gzserver-2] [INFO] [1773108433.896195214] [gazebo_wind_plugin_node]: WindPlugin: set wind_speed=1.65 wind_direction=-92.5
[gzserver-2] [1;36m[Dbg] [wind_plugin.cpp:110] [0m[1;36mWindPlugin: received command -> speed=[0m[1;36m0[0m[1;36m dir=[0m[1;36m0[0m[1;36m
[gzserver-2] [0m[1;36m[Dbg] [wind_plugin.cpp:110] [0m[1;36mWindPlugin: received command -> speed=[0m[1;36m1.47185[0m[1;36m dir=[0m[1;36m-92.7956[0m[1;36m
[gzserver-2] [0m[1;36m[Dbg] [wind_plugin.cpp:110] [0m[1;36mWindPlugin: received command -> speed=[0m[1;36m1.47185[0m[1;36m dir=[0m[1;36m-92.7956[0m[1;36m
[gzserver-2] [0m[1;36m[Dbg] [wind_plugin.cpp:110] [0m[1;36mWindPlugin: received command -> speed=[0m[1;36m1.47185[0m[1;36m dir=[0m[1;36m-92.7956[0m[1;36m
[gzserver-2] [0m[1;36m[Dbg] [wind_plugin.cpp:110] [0m[1;36mWindPlugin: received command -> speed=[0m[1;36m1.37434[0m[1;36m dir=[0m[1;36m-90.9506[0m[1;36m
[gzserver-2] [0m[1;36m[Dbg] [wind_plugin.cpp:110] [0m[1;36mWindPlugin: received command -> speed=[0m[1;36m1.37434[0m[1;36m dir=[0m[1;36m-90.9506[0m[1;36m
[gzserver-2] [0m[1;36m[Dbg] [wind_plugin.cpp:110] [0m[1;36mWindPlugin: received command -> speed=[0m[1;36m1.37434[0m[1;36m dir=[0m[1;36m-90.9506[0m[1;36m
[gzserver-2] [0m[1;36m[Dbg] [wind_plugin.cpp:110] [0m[1;36mWindPlugin: received command -> speed=[0m[1;36m1.37434[0m[1;36m dir=[0m[1;36m-90.9506[0m[1;36m
[gzserver-2] [0m[1;36m[Dbg] [wind_plugin.cpp:110] [0m[1;36mWindPlugin: received command -> speed=[0m[1;36m1.5768[0m[1;36m dir=[0m[1;36m-93.8107[0m[1;36m
[gzserver-2] [0m[1;36m[Dbg] [wind_plugin.cpp:110] [0m[1;36mWindPlugin: received command -> speed=[0m[1;36m1.5768[0m[1;36m dir=[0m[1;36m-93.8107[0m[1;36m
[gzserver-2] [0m[1;36m[Dbg] [wind_plugin.cpp:110] [0m[1;36mWindPlugin: received command -> speed=[0m[1;36m1.5768[0m[1;36m dir=[0m[1;36m-93.8107[0m[1;36m
[gzserver-2] [0m[1;36m[Dbg] [wind_plugin.cpp:110] [0m[1;36mWindPlugin: received command -> speed=[0m[1;36m1.5768[0m[1;36m dir=[0m[1;36m-93.8107[0m[1;36m
[gzserver-2] [0m[1;36m[Dbg] [wind_plugin.cpp:110] [0m[1;36mWindPlugin: received command -> speed=[0m[1;36m1.55537[0m[1;36m dir=[0m[1;36m-90.0217[0m[1;36m
[gzserver-2] [0m[1;36m[Dbg] [wind_plugin.cpp:110] [0m[1;36mWindPlugin: received command -> speed=[0m[1;36m1.55537[0m[1;36m dir=[0m[1;36m-90.0217[0m[1;36m
[gzserver-2] [0m[1;36m[Dbg] [wind_plugin.cpp:110] [0m[1;36mWindPlugin: received command -> speed=[0m[1;36m1.55537[0m[1;36m dir=[0m[1;36m-90.0217[0m[1;36m
[gzserver-2] [0m[1;36m[Dbg] [wind_plugin.cpp:110] [0m[1;36mWindPlugin: received command -> speed=[0m[1;36m1.55537[0m[1;36m dir=[0m[1;36m-90.0217[0m[1;36m
[gzserver-2] [0m[1;36m[Dbg] [wind_plugin.cpp:110] [0m[1;36mWindPlugin: received command -> speed=[0m[1;36m1.54943[0m[1;36m dir=[0m[1;36m-91.5038[0m[1;36m
[gzserver-2] [0m[1;36m[Dbg] [wind_plugin.cpp:110] [0m[1;36mWindPlugin: received command -> speed=[0m[1;36m1.54943[0m[1;36m dir=[0m[1;36m-91.5038[0m[1;36m
[gzserver-2] [0m[1;36m[Dbg] [wind_plugin.cpp:110] [0m[1;36mWindPlugin: received command -> speed=[0m[1;36m1.54943[0m[1;36m dir=[0m[1;36m-91.5038[0m[1;36m
[gzserver-2] [0m[1;36m[Dbg] [wind_plugin.cpp:110] [0m[1;36mWindPlugin: received command -> speed=[0m[1;36m1.54943[0m[1;36m dir=[0m[1;36m-91.5038[0m[1;36m
[gzserver-2] [0m[1;36m[Dbg] [wind_plugin.cpp:110] [0m[1;36mWindPlugin: received command -> speed=[0m[1;36m1.54943[0m[1;36m dir=[0m[1;36m-91.5038[0m[1;36m
[gzserver-2] [0m[1;36m[Dbg] [wind_plugin.cpp:110] [0m[1;36mWindPlugin: received command -> speed=[0m[1;36m1.688[0m[1;36m dir=[0m[1;36m-90.7223[0m[1;36m
[gzserver-2] [0m[1;36m[Dbg] [wind_plugin.cpp:110] [0m[1;36mWindPlugin: received command -> speed=[0m[1;36m1.688[0m[1;36m dir=[0m[1;36m-90.7223[0m[1;36m
[gzserver-2] [0m[1;36m[Dbg] [wind_plugin.cpp:110] [0m[1;36mWindPlugin: received command -> speed=[0m[1;36m1.688[0m[1;36m dir=[0m[1;36m-90.7223[0m[1;36m
[gzserver-2] [0m[1;36m[Dbg] [wind_plugin.cpp:110] [0m[1;36mWindPlugin: received command -> speed=[0m[1;36m1.688[0m[1;36m dir=[0m[1;36m-90.7223[0m[1;36m
[gzserver-2] [0m[1;36m[Dbg] [wind_plugin.cpp:110] [0m[1;36mWindPlugin: received command -> speed=[0m[1;36m1.65496[0m[1;36m dir=[0m[1;36m-92.4737[0m[1;36m
[gzserver-2] [INFO] [1773108433.951786242] [drone.simple_drone]: Quadrotor lands!!
[gzserver-2] [INFO] [1773108434.156676088] [gazebo_wind_plugin_node]: WindPlugin: set wind_speed=1.65 wind_direction=-92.5
[gzserver-2] [INFO] [1773108434.397567518] [gazebo_wind_plugin_node]: WindPlugin: set wind_speed=1.65 wind_direction=-92.5
[gzserver-2] [INFO] [1773108434.631860510] [gazebo_wind_plugin_node]: WindPlugin: set wind_speed=1.62 wind_direction=-93.6
[gzserver-2] [INFO] [1773108434.871406633] [gazebo_wind_plugin_node]: WindPlugin: set wind_speed=1.62 wind_direction=-93.6
[gzserver-2] [0m[1;36m[Dbg] [wind_plugin.cpp:110] [0m[1;36mWindPlugin: received command -> speed=[0m[1;36m1.65496[0m[1;36m dir=[0m[1;36m-92.4737[0m[1;36m
[gzserver-2] [0m[1;36m[Dbg] [wind_plugin.cpp:110] [0m[1;36mWindPlugin: received command -> speed=[0m[1;36m1.65496[0m[1;36m dir=[0m[1;36m-92.4737[0m[1;36m
[gzserver-2] [0m[1;36m[Dbg] [wind_plugin.cpp:110] [0m[1;36mWindPlugin: received command -> speed=[0m[1;36m1.65496[0m[1;36m dir=[0m[1;36m-92.4737[0m[1;36m
[gzserver-2] [0m[1;36m[Dbg] [wind_plugin.cpp:110] [0m[1;36mWindPlugin: received command -> speed=[0m[1;36m1.62275[0m[1;36m dir=[0m[1;36m-93.6477[0m[1;36m
[gzserver-2] [0m[1;36m[Dbg] [wind_plugin.cpp:110] [0m[1;36mWindPlugin: received command -> speed=[0m[1;36m1.62275[0m[1;36m dir=[0m[1;36m-93.6477[0m[1;36m
[gzserver-2] [0mLanded!
[gzserver-2] [INFO] [1773108435.105768086] [gazebo_wind_plugin_node]: WindPlugin: set wind_speed=1.62 wind_direction=-93.6
[gzserver-2] [INFO] [1773108435.344958959] [gazebo_wind_plugin_node]: WindPlugin: set wind_speed=1.62 wind_direction=-93.6
[gzserver-2] [INFO] [1773108435.584716639] [gazebo_wind_plugin_node]: WindPlugin: set wind_speed=1.64 wind_direction=-91.9
[gzserver-2] [INFO] [1773108435.819156297] [gazebo_wind_plugin_node]: WindPlugin: set wind_speed=1.64 wind_direction=-91.9
[gzserver-2] [INFO] [1773108436.059084645] [gazebo_wind_plugin_node]: WindPlugin: set wind_speed=1.64 wind_direction=-91.9
[gzserver-2] [INFO] [1773108436.296750597] [gazebo_wind_plugin_node]: WindPlugin: set wind_speed=1.64 wind_direction=-91.9
[gzserver-2] [INFO] [1773108436.533659203] [gazebo_wind_plugin_node]: WindPlugin: set wind_speed=1.52 wind_direction=-92.6
[gzserver-2] [INFO] [1773108436.771672927] [gazebo_wind_plugin_node]: WindPlugin: set wind_speed=1.52 wind_direction=-92.6
