[INFO] [launch]: All log files can be found below /home/j/.ros/log/2026-03-10-18-01-57-768785-j-3875574
[INFO] [launch]: Default logging verbosity is set to INFO
[INFO] [launch.user]: [bringup] Apriltag config: camera=/drone/bottom, image=/drone/bottom/image_raw, tags=/drone/bottom/tags, bridge=/landing_tag_state, standalone=true, use_target_id=true, target_id=0
[INFO] [rviz2-1]: process started with pid [3875575]
[INFO] [gzserver-2]: process started with pid [3875577]
[INFO] [robot_state_publisher-3]: process started with pid [3875579]
[INFO] [joint_state_publisher-4]: process started with pid [3875581]
[INFO] [spawn_drone-5]: process started with pid [3875583]
[INFO] [static_transform_publisher-6]: process started with pid [3875585]
[INFO] [joy_node-7]: process started with pid [3875587]
[INFO] [teleop_joystick-8]: process started with pid [3875589]
[INFO] [apriltag_detector_node-9]: process started with pid [3875591]
[INFO] [apriltag_state_bridge-10]: process started with pid [3875594]
[static_transform_publisher-6] [WARN] [1773133318.240514105] []: Old-style arguments are deprecated; see --help for new-style arguments
[static_transform_publisher-6] [INFO] [1773133318.248470398] [static_transform_publisher_hgY37kfq2PBW2x15]: Spinning until stopped - publishing transform
[static_transform_publisher-6] translation: ('0.000000', '0.000000', '0.000000')
[static_transform_publisher-6] rotation: ('0.000000', '0.000000', '0.000000', '1.000000')
[static_transform_publisher-6] from 'world' to '/drone/odom'
[robot_state_publisher-3] [INFO] [1773133318.265705058] [drone.robot_state_publisher]: got segment base_footprint
[robot_state_publisher-3] [INFO] [1773133318.265774369] [drone.robot_state_publisher]: got segment base_link
[robot_state_publisher-3] [INFO] [1773133318.265780256] [drone.robot_state_publisher]: got segment bottom_cam_link
[robot_state_publisher-3] [INFO] [1773133318.265783484] [drone.robot_state_publisher]: got segment front_cam_link
[robot_state_publisher-3] [INFO] [1773133318.265786424] [drone.robot_state_publisher]: got segment sonar_link
[rviz2-1] 
[rviz2-1] (rviz2:3875575): dbind-WARNING **: 18:01:58.267: Couldn't connect to accessibility bus: Failed to connect to socket /root/.cache/at-spi/bus_0: 허가 거부
[apriltag_detector_node-9] [INFO] [1773133318.291276586] [apriltag_detector_node]: tag detector type: umich
[teleop_joystick-8] Traceback (most recent call last):
[teleop_joystick-8]   File "/home/j/INCSL/IICC26_ws/install/sjtu_drone_control/lib/sjtu_drone_control/teleop_joystick", line 33, in <module>
[teleop_joystick-8]     sys.exit(load_entry_point('sjtu_drone_control==0.0.0', 'console_scripts', 'teleop_joystick')())
[teleop_joystick-8]   File "/home/j/INCSL/IICC26_ws/install/sjtu_drone_control/lib/sjtu_drone_control/teleop_joystick", line 22, in importlib_load_entry_point
[teleop_joystick-8]     for entry_point in distribution(dist_name).entry_points
[teleop_joystick-8]   File "/usr/lib/python3.10/importlib/metadata/__init__.py", line 969, in distribution
[teleop_joystick-8]     return Distribution.from_name(distribution_name)
[teleop_joystick-8]   File "/usr/lib/python3.10/importlib/metadata/__init__.py", line 548, in from_name
[teleop_joystick-8]     raise PackageNotFoundError(name)
[teleop_joystick-8] importlib.metadata.PackageNotFoundError: No package metadata was found for sjtu_drone_control
[ERROR] [teleop_joystick-8]: process has died [pid 3875589, exit code 1, cmd '/home/j/INCSL/IICC26_ws/install/sjtu_drone_control/lib/sjtu_drone_control/teleop_joystick --ros-args -r __ns:=/drone'].
[gzserver-2] Gazebo multi-robot simulator, version 11.10.2
[gzserver-2] Copyright (C) 2012 Open Source Robotics Foundation.
[gzserver-2] Released under the Apache 2 License.
[gzserver-2] http://gazebosim.org
[gzserver-2] 
[joint_state_publisher-4] [INFO] [1773133318.527769378] [drone.joint_state_publisher]: Waiting for robot_description to be published on the robot_description topic...
[apriltag_state_bridge-10] [INFO] [1773133318.539561686] [apriltag_state_bridge]: AprilTag bridge started: /drone/bottom/tags -> /landing_tag_state, use_target_id=True, target_id=0
[gzserver-2] [1;33m[Wrn] [gazebo_ros_init.cpp:178] [0m[1;33m
[gzserver-2] #     # ####### ####### ###  #####  #######
[gzserver-2] ##    # #     #    #     #  #     # #
[gzserver-2] # #   # #     #    #     #  #       #
[gzserver-2] #  #  # #     #    #     #  #       #####
[gzserver-2] #   # # #     #    #     #  #       #
[gzserver-2] #    ## #     #    #     #  #     # #
[gzserver-2] #     # #######    #    ###  #####  #######
[gzserver-2] 
[gzserver-2] This version of Gazebo, now called Gazebo classic, reaches end-of-life
[gzserver-2] in January 2025. Users are highly encouraged to migrate to the new Gazebo
[gzserver-2] using our migration guides (https://gazebosim.org/docs/latest/gazebo_classic_migration?utm_source=gazebo_ros_pkgs&utm_medium=cli)
[gzserver-2] 
[gzserver-2] [0m[1;33m
[rviz2-1] [INFO] [1773133318.882697638] [rviz2]: Stereo is NOT SUPPORTED
[rviz2-1] [INFO] [1773133318.882821264] [rviz2]: OpenGl version: 4.6 (GLSL 4.6)
[rviz2-1] [INFO] [1773133318.966928695] [rviz2]: Stereo is NOT SUPPORTED
[rviz2-1] [INFO] [1773133319.057678962] [rviz2]: Stereo is NOT SUPPORTED
[spawn_drone-5] [INFO] [1773133319.588388581] [spawn_drone]: Result False Entity pushed to spawn queue, but spawn service timed outwaiting for entity to appear in simulation under the name [/drone]
[gzserver-2] [1;32m[Msg] [0m[1;32mWaiting for master.[0m[1;32m
[gzserver-2] [0m[1;32m[0m[1;32m[0m[1;32m[Msg] [0m[1;32mConnected to gazebo master @ [0m[1;32mhttp://127.0.0.1:11345[0m[1;32m
[gzserver-2] [0m[1;32m[0m[1;32m[0m[1;32m[Msg] [0m[1;32mPublicized address: [0m[1;32m172.16.52.147[0m[1;32m
[gzserver-2] [0m[1;32m[0m[1;32m[0m[1;32m[Msg] [0m[1;32mLoading world file [[0m[1;32m/home/j/INCSL/IICC26_ws/install/sjtu_drone_description/share/sjtu_drone_description/worlds/landingPad.world[0m[1;32m][0m[1;32m
[gzserver-2] [0m[1;32m[0m[1;32m[0m[1;36m[Dbg] [wind_plugin.cpp:96] [0m[1;36mWindPlugin loaded: speed=[0m[1;36m0[0m[1;36m dir=[0m[1;36m0[0m[1;36m deg area=[0m[1;36m0.1[0m[1;36m coeff=[0m[1;36m1[0m[1;36m
[gzserver-2] [0m[1;33m[0m[1;33m[0m[1;31m[Err] [Sensor.cc:510] [0m[1;31mGet noise index not valid[0m[1;31m
[gzserver-2] [0m[1;31m[0m[1;31m[0m[1;31m[Err] [Sensor.cc:510] [0m[1;31mGet noise index not valid[0m[1;31m
[gzserver-2] [0m[1;31m[0m[1;31m[0m[1;31m[Err] [Sensor.cc:510] [0m[1;31mGet noise index not valid[0m[1;31m
[gzserver-2] [0m[1;31m[0m[1;31m[0m[1;31m[Err] [Sensor.cc:510] [0m[1;31mGet noise index not valid[0m[1;31m
[gzserver-2] [0m[1;31m[0m[1;31m[0m[1;31m[Err] [Sensor.cc:510] [0m[1;31mGet noise index not valid[0m[1;31m
[gzserver-2] [0m[1;31m[0m[1;31m[0m[1;31m[Err] [Sensor.cc:510] [0m[1;31mGet noise index not valid[0m[1;31m
[gzserver-2] [0m[1;31m[0m[1;31m[0mTopic [default//drone/base_footprint/down_camera/image] is not valid.
[gzserver-2] [INFO] [1773133319.621139096] [drone.collision_plugin]: Publishing contact states to [/drone/bumper_states]
[gzserver-2] Topic [default//drone/base_footprint/front_camera/image] is not valid.
[gzserver-2] [1;33m[Wrn] [Event.cc:61] [0m[1;33mWarning: Deleting a connection right after creation. [0m[1;33mMake sure to save the ConnectionPtr from a Connect call
[INFO] [spawn_drone-5]: process has finished cleanly [pid 3875583]
[gzserver-2] [0m[INFO] [1773133320.169384986] [drone.camera_bottom]: Publishing camera info to [/drone/bottom/camera_info]
[gzserver-2] [INFO] [1773133320.173027022] [drone.camera_front]: Publishing camera info to [/drone/front/camera_info]
[gzserver-2] [INFO] [1773133320.295094702] [drone.simple_drone]: The drone plugin is loading!
[gzserver-2] [INFO] [1773133320.295322289] [drone.simple_drone]: pub_odom: 1
[gzserver-2] [INFO] [1773133320.295355810] [drone.simple_drone]: Using following parameters: 
[gzserver-2] 		link_name: base_footprint,
[gzserver-2] 		max_force: 30,
[gzserver-2] 		motion_small_noise: 0,
[gzserver-2] 		motion_drift_noise: 0,
[gzserver-2] 		motion_drift_noise_time: 50,
[gzserver-2] 		takeoff_hover_height: 1.93,
[gzserver-2] 		takeoff_vertical_speed: 0.2
[gzserver-2] [INFO] [1773133320.307359108] [drone.simple_drone]: Using the PID parameters: 
[gzserver-2] 	Roll Pitch:
[gzserver-2] 		kP: 10, kI: 0,kD: 5, Limit: 0.5, Time Constant: 0
[gzserver-2] 	Yaw:
[gzserver-2] 		kP: 2, kI: 0,kD: 1, Limit: 1.5, Time Constant: 0
[gzserver-2] 	Velocity X:
[gzserver-2] 		kP: 5, kI: 0,kD: 2.3, Limit: 2, Time Constant: 0
[gzserver-2] 	Velocity Y:
[gzserver-2] 		kP: 5, kI: 0,kD: 2.3, Limit: 2, Time Constant: 0
[gzserver-2] 	Velocity Z:
[gzserver-2] 		kP: 5, kI: 0,kD: 1, Limit: -1, Time Constant: 0
[gzserver-2] 	Position XY:
[gzserver-2] 		kP: 1.1, kI: 0,kD: 0, Limit: 5, Time Constant: 0
[gzserver-2] 	Position Z:
[gzserver-2] 		kP: 1, kI: 0,kD: 0.2, Limit: -1, Time Constant: 0
[gzserver-2] [INFO] [1773133320.307488664] [drone.simple_drone]: The drone plugin finished loading!
[gzserver-2] [INFO] [1773133327.615155227] [gazebo_wind_plugin_node]: WindPlugin: set wind_speed=0.00 wind_direction=0.0
[gzserver-2] [INFO] [1773133327.881004826] [gazebo_wind_plugin_node]: WindPlugin: set wind_speed=0.00 wind_direction=0.0
[gzserver-2] [INFO] [1773133327.919847126] [drone.simple_drone]: Quadrotor takes off!!
[gzserver-2] [INFO] [1773133328.121352394] [gazebo_wind_plugin_node]: WindPlugin: set wind_speed=0.00 wind_direction=0.0
[gzserver-2] [INFO] [1773133328.362989018] [gazebo_wind_plugin_node]: WindPlugin: set wind_speed=0.00 wind_direction=0.0
[gzserver-2] [INFO] [1773133328.609488125] [gazebo_wind_plugin_node]: WindPlugin: set wind_speed=0.00 wind_direction=0.0
[gzserver-2] [INFO] [1773133328.846669275] [gazebo_wind_plugin_node]: WindPlugin: set wind_speed=0.00 wind_direction=0.0
[gzserver-2] [INFO] [1773133329.086039486] [gazebo_wind_plugin_node]: WindPlugin: set wind_speed=0.00 wind_direction=0.0
[gzserver-2] [INFO] [1773133329.325101635] [gazebo_wind_plugin_node]: WindPlugin: set wind_speed=0.00 wind_direction=0.0
[gzserver-2] [0m[1;36m[Dbg] [wind_plugin.cpp:110] [0m[1;36mWindPlugin: received command -> speed=[0m[1;36m0[0m[1;36m dir=[0m[1;36m0[0m[1;36m
[gzserver-2] [0m[1;36m[Dbg] [wind_plugin.cpp:110] [0m[1;36mWindPlugin: received command -> speed=[0m[1;36m0[0m[1;36m dir=[0m[1;36m0[0m[1;36m
[gzserver-2] [0m[1;36m[Dbg] [wind_plugin.cpp:110] [0m[1;36mWindPlugin: received command -> speed=[0m[1;36m0[0m[1;36m dir=[0m[1;36m0[0m[1;36m
[gzserver-2] [0m[1;36m[Dbg] [wind_plugin.cpp:110] [0m[1;36mWindPlugin: received command -> speed=[0m[1;36m0[0m[1;36m dir=[0m[1;36m0[0m[1;36m
[gzserver-2] [0m[1;36m[Dbg] [wind_plugin.cpp:110] [0m[1;36mWindPlugin: received command -> speed=[0m[1;36m0[0m[1;36m dir=[0m[1;36m0[0m[1;36m
[gzserver-2] [0m[1;36m[Dbg] [wind_plugin.cpp:110] [0m[1;36mWindPlugin: received command -> speed=[0m[1;36m0[0m[1;36m dir=[0m[1;36m0[0m[1;36m
[gzserver-2] [0m[1;36m[Dbg] [wind_plugin.cpp:110] [0m[1;36mWindPlugin: received command -> speed=[0m[1;36m0[0m[1;36m dir=[0m[1;36m0[0m[1;36m
[gzserver-2] [0m[1;36m[Dbg] [wind_plugin.cpp:110] [0m[1;36mWindPlugin: received command -> speed=[0m[1;36m0[0m[1;36m dir=[0m[1;36m0[0m[1;36m
[gzserver-2] [0mEntering flying model!
[gzserver-2] [INFO] [1773133329.559260185] [gazebo_wind_plugin_node]: WindPlugin: set wind_speed=0.00 wind_direction=0.0
[gzserver-2] [INFO] [1773133329.798725979] [gazebo_wind_plugin_node]: WindPlugin: set wind_speed=2.12 wind_direction=-2.5
[gzserver-2] [INFO] [1773133330.038594900] [gazebo_wind_plugin_node]: WindPlugin: set wind_speed=2.12 wind_direction=-2.5
[gzserver-2] [INFO] [1773133330.274551397] [gazebo_wind_plugin_node]: WindPlugin: set wind_speed=1.81 wind_direction=-4.7
[gzserver-2] [INFO] [1773133330.514781535] [gazebo_wind_plugin_node]: WindPlugin: set wind_speed=1.81 wind_direction=-4.7
[gzserver-2] [INFO] [1773133330.754749949] [gazebo_wind_plugin_node]: WindPlugin: set wind_speed=1.81 wind_direction=-4.7
[gzserver-2] [INFO] [1773133330.994541451] [gazebo_wind_plugin_node]: WindPlugin: set wind_speed=1.81 wind_direction=-4.7
[gzserver-2] [INFO] [1773133331.228947744] [gazebo_wind_plugin_node]: WindPlugin: set wind_speed=1.87 wind_direction=-0.8
[gzserver-2] [INFO] [1773133331.463130292] [gazebo_wind_plugin_node]: WindPlugin: set wind_speed=1.87 wind_direction=-0.8
[gzserver-2] [INFO] [1773133331.698686383] [gazebo_wind_plugin_node]: WindPlugin: set wind_speed=1.87 wind_direction=-0.8
[gzserver-2] [INFO] [1773133331.940731637] [gazebo_wind_plugin_node]: WindPlugin: set wind_speed=1.87 wind_direction=-0.8
[gzserver-2] [INFO] [1773133332.175224256] [gazebo_wind_plugin_node]: WindPlugin: set wind_speed=1.94 wind_direction=-0.0
[gzserver-2] [INFO] [1773133332.414554905] [gazebo_wind_plugin_node]: WindPlugin: set wind_speed=1.94 wind_direction=-0.0
[gzserver-2] [INFO] [1773133332.654579607] [gazebo_wind_plugin_node]: WindPlugin: set wind_speed=1.94 wind_direction=-0.0
[gzserver-2] [INFO] [1773133332.894075935] [gazebo_wind_plugin_node]: WindPlugin: set wind_speed=1.94 wind_direction=-0.0
[gzserver-2] [INFO] [1773133333.146445110] [gazebo_wind_plugin_node]: WindPlugin: set wind_speed=2.11 wind_direction=-0.6
[gzserver-2] [INFO] [1773133333.398063358] [gazebo_wind_plugin_node]: WindPlugin: set wind_speed=2.11 wind_direction=-0.6
[gzserver-2] [INFO] [1773133333.444467278] [drone.simple_drone]: Quadrotor lands!!
[gzserver-2] [INFO] [1773133333.647256175] [gazebo_wind_plugin_node]: WindPlugin: set wind_speed=2.11 wind_direction=-0.6
[gzserver-2] [INFO] [1773133333.888675804] [gazebo_wind_plugin_node]: WindPlugin: set wind_speed=2.11 wind_direction=-0.6
[gzserver-2] [INFO] [1773133334.122788546] [gazebo_wind_plugin_node]: WindPlugin: set wind_speed=1.97 wind_direction=-1.8
[gzserver-2] [INFO] [1773133334.362355793] [gazebo_wind_plugin_node]: WindPlugin: set wind_speed=1.97 wind_direction=-1.8
[gzserver-2] [1;36m[Dbg] [wind_plugin.cpp:110] [0m[1;36mWindPlugin: received command -> speed=[0m[1;36m0[0m[1;36m dir=[0m[1;36m0[0m[1;36m
[gzserver-2] [0m[1;36m[Dbg] [wind_plugin.cpp:110] [0m[1;36mWindPlugin: received command -> speed=[0m[1;36m2.12274[0m[1;36m dir=[0m[1;36m-2.49231[0m[1;36m
[gzserver-2] [0m[1;36m[Dbg] [wind_plugin.cpp:110] [0m[1;36mWindPlugin: received command -> speed=[0m[1;36m2.12274[0m[1;36m dir=[0m[1;36m-2.49231[0m[1;36m
[gzserver-2] [0m[1;36m[Dbg] [wind_plugin.cpp:110] [0m[1;36mWindPlugin: received command -> speed=[0m[1;36m1.80547[0m[1;36m dir=[0m[1;36m-4.68531[0m[1;36m
[gzserver-2] [0m[1;36m[Dbg] [wind_plugin.cpp:110] [0m[1;36mWindPlugin: received command -> speed=[0m[1;36m1.80547[0m[1;36m dir=[0m[1;36m-4.68531[0m[1;36m
[gzserver-2] [0m[1;36m[Dbg] [wind_plugin.cpp:110] [0m[1;36mWindPlugin: received command -> speed=[0m[1;36m1.80547[0m[1;36m dir=[0m[1;36m-4.68531[0m[1;36m
[gzserver-2] [0m[1;36m[Dbg] [wind_plugin.cpp:110] [0m[1;36mWindPlugin: received command -> speed=[0m[1;36m1.80547[0m[1;36m dir=[0m[1;36m-4.68531[0m[1;36m
[gzserver-2] [0m[1;36m[Dbg] [wind_plugin.cpp:110] [0m[1;36mWindPlugin: received command -> speed=[0m[1;36m1.86656[0m[1;36m dir=[0m[1;36m-0.772407[0m[1;36m
[gzserver-2] [0m[1;36m[Dbg] [wind_plugin.cpp:110] [0m[1;36mWindPlugin: received command -> speed=[0m[1;36m1.86656[0m[1;36m dir=[0m[1;36m-0.772407[0m[1;36m
[gzserver-2] [0m[1;36m[Dbg] [wind_plugin.cpp:110] [0m[1;36mWindPlugin: received command -> speed=[0m[1;36m1.86656[0m[1;36m dir=[0m[1;36m-0.772407[0m[1;36m
[gzserver-2] [0m[1;36m[Dbg] [wind_plugin.cpp:110] [0m[1;36mWindPlugin: received command -> speed=[0m[1;36m1.86656[0m[1;36m dir=[0m[1;36m-0.772407[0m[1;36m
[gzserver-2] [0m[1;36m[Dbg] [wind_plugin.cpp:110] [0m[1;36mWindPlugin: received command -> speed=[0m[1;36m1.9399[0m[1;36m dir=[0m[1;36m-0.00460132[0m[1;36m
[gzserver-2] [0m[1;36m[Dbg] [wind_plugin.cpp:110] [0m[1;36mWindPlugin: received command -> speed=[0m[1;36m1.9399[0m[1;36m dir=[0m[1;36m-0.00460132[0m[1;36m
[gzserver-2] [0m[1;36m[Dbg] [wind_plugin.cpp:110] [0m[1;36mWindPlugin: received command -> speed=[0m[1;36m1.9399[0m[1;36m dir=[0m[1;36m-0.00460132[0m[1;36m
[gzserver-2] [0m[1;36m[Dbg] [wind_plugin.cpp:110] [0m[1;36mWindPlugin: received command -> speed=[0m[1;36m1.9399[0m[1;36m dir=[0m[1;36m-0.00460132[0m[1;36m
[gzserver-2] [0m[1;36m[Dbg] [wind_plugin.cpp:110] [0m[1;36mWindPlugin: received command -> speed=[0m[1;36m2.10723[0m[1;36m dir=[0m[1;36m-0.556209[0m[1;36m
[gzserver-2] [0m[1;36m[Dbg] [wind_plugin.cpp:110] [0m[1;36mWindPlugin: received command -> speed=[0m[1;36m2.10723[0m[1;36m dir=[0m[1;36m-0.556209[0m[1;36m
[gzserver-2] [0m[1;36m[Dbg] [wind_plugin.cpp:110] [0m[1;36mWindPlugin: received command -> speed=[0m[1;36m2.10723[0m[1;36m dir=[0m[1;36m-0.556209[0m[1;36m
[gzserver-2] [0m[1;36m[Dbg] [wind_plugin.cpp:110] [0m[1;36mWindPlugin: received command -> speed=[0m[1;36m2.10723[0m[1;36m dir=[0m[1;36m-0.556209[0m[1;36m
[gzserver-2] [0m[1;36m[Dbg] [wind_plugin.cpp:110] [0m[1;36mWindPlugin: received command -> speed=[0m[1;36m1.96928[0m[1;36m dir=[0m[1;36m-1.80218[0m[1;36m
[gzserver-2] [0m[1;36m[Dbg] [wind_plugin.cpp:110] [0m[1;36mWindPlugin: received command -> speed=[0m[1;36m1.96928[0m[1;36m dir=[0m[1;36m-1.80218[0m[1;36m
[gzserver-2] [0mLanded!
[gzserver-2] [INFO] [1773133334.596700827] [gazebo_wind_plugin_node]: WindPlugin: set wind_speed=1.97 wind_direction=-1.8
[gzserver-2] [INFO] [1773133334.831079916] [gazebo_wind_plugin_node]: WindPlugin: set wind_speed=1.97 wind_direction=-1.8
[gzserver-2] [INFO] [1773133335.073073079] [gazebo_wind_plugin_node]: WindPlugin: set wind_speed=1.97 wind_direction=-1.8
[gzserver-2] [INFO] [1773133335.307177233] [gazebo_wind_plugin_node]: WindPlugin: set wind_speed=1.66 wind_direction=0.6
[gzserver-2] [INFO] [1773133335.541421021] [gazebo_wind_plugin_node]: WindPlugin: set wind_speed=1.66 wind_direction=0.6
[gzserver-2] [INFO] [1773133335.775261945] [gazebo_wind_plugin_node]: WindPlugin: set wind_speed=1.66 wind_direction=0.6
[gzserver-2] [INFO] [1773133336.015040359] [gazebo_wind_plugin_node]: WindPlugin: set wind_speed=1.66 wind_direction=0.6
[gzserver-2] [INFO] [1773133336.243754241] [gazebo_wind_plugin_node]: WindPlugin: set wind_speed=1.93 wind_direction=1.0
