[INFO] [launch]: All log files can be found below /home/j/.ros/log/2026-03-10-11-33-31-215580-j-653369
[INFO] [launch]: Default logging verbosity is set to INFO
[INFO] [launch.user]: [bringup] Apriltag config: camera=/drone/bottom, image=/drone/bottom/image_raw, tags=/drone/bottom/tags, bridge=/landing_tag_state, standalone=true, use_target_id=true, target_id=0
[INFO] [rviz2-1]: process started with pid [653372]
[INFO] [gzserver-2]: process started with pid [653374]
[INFO] [robot_state_publisher-3]: process started with pid [653376]
[INFO] [joint_state_publisher-4]: process started with pid [653378]
[INFO] [spawn_drone-5]: process started with pid [653380]
[INFO] [static_transform_publisher-6]: process started with pid [653382]
[INFO] [joy_node-7]: process started with pid [653384]
[INFO] [teleop_joystick-8]: process started with pid [653386]
[INFO] [apriltag_detector_node-9]: process started with pid [653388]
[INFO] [apriltag_state_bridge-10]: process started with pid [653390]
[static_transform_publisher-6] [WARN] [1773110011.698456570] []: Old-style arguments are deprecated; see --help for new-style arguments
[static_transform_publisher-6] [INFO] [1773110011.705854095] [static_transform_publisher_dZo9nU14n8kIx28e]: Spinning until stopped - publishing transform
[static_transform_publisher-6] translation: ('0.000000', '0.000000', '0.000000')
[static_transform_publisher-6] rotation: ('0.000000', '0.000000', '0.000000', '1.000000')
[static_transform_publisher-6] from 'world' to '/drone/odom'
[rviz2-1] 
[rviz2-1] (rviz2:653372): dbind-WARNING **: 11:33:31.730: Couldn't connect to accessibility bus: Failed to connect to socket /root/.cache/at-spi/bus_0: 허가 거부
[robot_state_publisher-3] [INFO] [1773110011.734258340] [drone.robot_state_publisher]: got segment base_footprint
[robot_state_publisher-3] [INFO] [1773110011.734357927] [drone.robot_state_publisher]: got segment base_link
[robot_state_publisher-3] [INFO] [1773110011.734370742] [drone.robot_state_publisher]: got segment bottom_cam_link
[robot_state_publisher-3] [INFO] [1773110011.734378887] [drone.robot_state_publisher]: got segment front_cam_link
[robot_state_publisher-3] [INFO] [1773110011.734385788] [drone.robot_state_publisher]: got segment sonar_link
[teleop_joystick-8] Traceback (most recent call last):
[teleop_joystick-8]   File "/home/j/INCSL/IICC26_ws/install/sjtu_drone_control/lib/sjtu_drone_control/teleop_joystick", line 33, in <module>
[teleop_joystick-8]     sys.exit(load_entry_point('sjtu_drone_control==0.0.0', 'console_scripts', 'teleop_joystick')())
[teleop_joystick-8]   File "/home/j/INCSL/IICC26_ws/install/sjtu_drone_control/lib/sjtu_drone_control/teleop_joystick", line 22, in importlib_load_entry_point
[teleop_joystick-8]     for entry_point in distribution(dist_name).entry_points
[teleop_joystick-8]   File "/usr/lib/python3.10/importlib/metadata/__init__.py", line 969, in distribution
[teleop_joystick-8]     return Distribution.from_name(distribution_name)
[teleop_joystick-8]   File "/usr/lib/python3.10/importlib/metadata/__init__.py", line 548, in from_name
[teleop_joystick-8]     raise PackageNotFoundError(name)
[teleop_joystick-8] importlib.metadata.PackageNotFoundError: No package metadata was found for sjtu_drone_control
[apriltag_detector_node-9] [INFO] [1773110011.750304689] [apriltag_detector_node]: tag detector type: umich
[ERROR] [teleop_joystick-8]: process has died [pid 653386, exit code 1, cmd '/home/j/INCSL/IICC26_ws/install/sjtu_drone_control/lib/sjtu_drone_control/teleop_joystick --ros-args -r __ns:=/drone'].
[gzserver-2] Gazebo multi-robot simulator, version 11.10.2
[gzserver-2] Copyright (C) 2012 Open Source Robotics Foundation.
[gzserver-2] Released under the Apache 2 License.
[gzserver-2] http://gazebosim.org
[gzserver-2] 
[apriltag_state_bridge-10] [INFO] [1773110011.985371520] [apriltag_state_bridge]: AprilTag bridge started: /drone/bottom/tags -> /landing_tag_state, use_target_id=True, target_id=0
[joint_state_publisher-4] [INFO] [1773110011.989761243] [drone.joint_state_publisher]: Waiting for robot_description to be published on the robot_description topic...
[gzserver-2] [1;33m[Wrn] [gazebo_ros_init.cpp:178] [0m[1;33m
[gzserver-2] #     # ####### ####### ###  #####  #######
[gzserver-2] ##    # #     #    #     #  #     # #
[gzserver-2] # #   # #     #    #     #  #       #
[gzserver-2] #  #  # #     #    #     #  #       #####
[gzserver-2] #   # # #     #    #     #  #       #
[gzserver-2] #    ## #     #    #     #  #     # #
[gzserver-2] #     # #######    #    ###  #####  #######
[gzserver-2] 
[gzserver-2] This version of Gazebo, now called Gazebo classic, reaches end-of-life
[gzserver-2] in January 2025. Users are highly encouraged to migrate to the new Gazebo
[gzserver-2] using our migration guides (https://gazebosim.org/docs/latest/gazebo_classic_migration?utm_source=gazebo_ros_pkgs&utm_medium=cli)
[gzserver-2] 
[gzserver-2] [0m[1;33m
[rviz2-1] [INFO] [1773110012.477583266] [rviz2]: Stereo is NOT SUPPORTED
[rviz2-1] [INFO] [1773110012.477675578] [rviz2]: OpenGl version: 4.6 (GLSL 4.6)
[rviz2-1] [INFO] [1773110012.563389886] [rviz2]: Stereo is NOT SUPPORTED
[rviz2-1] [INFO] [1773110012.661267340] [rviz2]: Stereo is NOT SUPPORTED
[spawn_drone-5] [INFO] [1773110013.133279550] [spawn_drone]: Result False Entity pushed to spawn queue, but spawn service timed outwaiting for entity to appear in simulation under the name [/drone]
[gzserver-2] [1;32m[Msg] [0m[1;32mWaiting for master.[0m[1;32m
[gzserver-2] [0m[1;32m[0m[1;32m[0m[1;32m[Msg] [0m[1;32mConnected to gazebo master @ [0m[1;32mhttp://127.0.0.1:11345[0m[1;32m
[gzserver-2] [0m[1;32m[0m[1;32m[0m[1;32m[Msg] [0m[1;32mPublicized address: [0m[1;32m172.16.52.147[0m[1;32m
[gzserver-2] [0m[1;32m[0m[1;32m[0m[1;32m[Msg] [0m[1;32mLoading world file [[0m[1;32m/home/j/INCSL/IICC26_ws/install/sjtu_drone_description/share/sjtu_drone_description/worlds/landingPad.world[0m[1;32m][0m[1;32m
[gzserver-2] [0m[1;32m[0m[1;32m[0m[1;36m[Dbg] [wind_plugin.cpp:96] [0m[1;36mWindPlugin loaded: speed=[0m[1;36m0[0m[1;36m dir=[0m[1;36m0[0m[1;36m deg area=[0m[1;36m0.1[0m[1;36m coeff=[0m[1;36m1[0m[1;36m
[gzserver-2] [0m[1;33m[0m[1;33m[0m[1;31m[Err] [Sensor.cc:510] [0m[1;31mGet noise index not valid[0m[1;31m
[gzserver-2] [0m[1;31m[0m[1;31m[0m[1;31m[Err] [Sensor.cc:510] [0m[1;31mGet noise index not valid[0m[1;31m
[gzserver-2] [0m[1;31m[0m[1;31m[0m[1;31m[Err] [Sensor.cc:510] [0m[1;31mGet noise index not valid[0m[1;31m
[gzserver-2] [0m[1;31m[0m[1;31m[0m[1;31m[Err] [Sensor.cc:510] [0m[1;31mGet noise index not valid[0m[1;31m
[gzserver-2] [0m[1;31m[0m[1;31m[0m[1;31m[Err] [Sensor.cc:510] [0m[1;31mGet noise index not valid[0m[1;31m
[gzserver-2] [0m[1;31m[0m[1;31m[0m[1;31m[Err] [Sensor.cc:510] [0m[1;31mGet noise index not valid[0m[1;31m
[gzserver-2] [0m[1;31m[0m[1;31m[0mTopic [default//drone/base_footprint/down_camera/image] is not valid.
[gzserver-2] [INFO] [1773110013.166202280] [drone.collision_plugin]: Publishing contact states to [/drone/bumper_states]
[gzserver-2] Topic [default//drone/base_footprint/front_camera/image] is not valid.
[gzserver-2] [1;33m[Wrn] [Event.cc:61] [0m[1;33mWarning: Deleting a connection right after creation. [0m[1;33mMake sure to save the ConnectionPtr from a Connect call
[INFO] [spawn_drone-5]: process has finished cleanly [pid 653380]
[gzserver-2] [0m[INFO] [1773110013.735760568] [drone.camera_bottom]: Publishing camera info to [/drone/bottom/camera_info]
[gzserver-2] [INFO] [1773110013.738635886] [drone.camera_front]: Publishing camera info to [/drone/front/camera_info]
[gzserver-2] [INFO] [1773110013.860557356] [drone.simple_drone]: The drone plugin is loading!
[gzserver-2] [INFO] [1773110013.860759117] [drone.simple_drone]: pub_odom: 1
[gzserver-2] [INFO] [1773110013.860792525] [drone.simple_drone]: Using following parameters: 
[gzserver-2] 		link_name: base_footprint,
[gzserver-2] 		max_force: 30,
[gzserver-2] 		motion_small_noise: 0,
[gzserver-2] 		motion_drift_noise: 0,
[gzserver-2] 		motion_drift_noise_time: 50,
[gzserver-2] 		takeoff_hover_height: 1.65,
[gzserver-2] 		takeoff_vertical_speed: 0.2
[gzserver-2] [INFO] [1773110013.872864032] [drone.simple_drone]: Using the PID parameters: 
[gzserver-2] 	Roll Pitch:
[gzserver-2] 		kP: 10, kI: 0,kD: 5, Limit: 0.5, Time Constant: 0
[gzserver-2] 	Yaw:
[gzserver-2] 		kP: 2, kI: 0,kD: 1, Limit: 1.5, Time Constant: 0
[gzserver-2] 	Velocity X:
[gzserver-2] 		kP: 5, kI: 0,kD: 2.3, Limit: 2, Time Constant: 0
[gzserver-2] 	Velocity Y:
[gzserver-2] 		kP: 5, kI: 0,kD: 2.3, Limit: 2, Time Constant: 0
[gzserver-2] 	Velocity Z:
[gzserver-2] 		kP: 5, kI: 0,kD: 1, Limit: -1, Time Constant: 0
[gzserver-2] 	Position XY:
[gzserver-2] 		kP: 1.1, kI: 0,kD: 0, Limit: 5, Time Constant: 0
[gzserver-2] 	Position Z:
[gzserver-2] 		kP: 1, kI: 0,kD: 0.2, Limit: -1, Time Constant: 0
[gzserver-2] [INFO] [1773110013.872998144] [drone.simple_drone]: The drone plugin finished loading!
[gzserver-2] [INFO] [1773110021.043280907] [gazebo_wind_plugin_node]: WindPlugin: set wind_speed=0.00 wind_direction=0.0
[gzserver-2] [INFO] [1773110021.314670315] [gazebo_wind_plugin_node]: WindPlugin: set wind_speed=0.00 wind_direction=0.0
[gzserver-2] [INFO] [1773110021.354612663] [drone.simple_drone]: Quadrotor takes off!!
[gzserver-2] [INFO] [1773110021.556967475] [gazebo_wind_plugin_node]: WindPlugin: set wind_speed=0.00 wind_direction=0.0
[gzserver-2] [INFO] [1773110021.799902958] [gazebo_wind_plugin_node]: WindPlugin: set wind_speed=0.00 wind_direction=0.0
[gzserver-2] [INFO] [1773110022.041746354] [gazebo_wind_plugin_node]: WindPlugin: set wind_speed=0.00 wind_direction=0.0
[gzserver-2] [INFO] [1773110022.284282570] [gazebo_wind_plugin_node]: WindPlugin: set wind_speed=0.00 wind_direction=0.0
[gzserver-2] [INFO] [1773110022.522345365] [gazebo_wind_plugin_node]: WindPlugin: set wind_speed=0.00 wind_direction=0.0
[gzserver-2] [0m[1;36m[Dbg] [wind_plugin.cpp:110] [0m[1;36mWindPlugin: received command -> speed=[0m[1;36m0[0m[1;36m dir=[0m[1;36m0[0m[1;36m
[gzserver-2] [0m[1;36m[Dbg] [wind_plugin.cpp:110] [0m[1;36mWindPlugin: received command -> speed=[0m[1;36m0[0m[1;36m dir=[0m[1;36m0[0m[1;36m
[gzserver-2] [0m[1;36m[Dbg] [wind_plugin.cpp:110] [0m[1;36mWindPlugin: received command -> speed=[0m[1;36m0[0m[1;36m dir=[0m[1;36m0[0m[1;36m
[gzserver-2] [0m[1;36m[Dbg] [wind_plugin.cpp:110] [0m[1;36mWindPlugin: received command -> speed=[0m[1;36m0[0m[1;36m dir=[0m[1;36m0[0m[1;36m
[gzserver-2] [0m[1;36m[Dbg] [wind_plugin.cpp:110] [0m[1;36mWindPlugin: received command -> speed=[0m[1;36m0[0m[1;36m dir=[0m[1;36m0[0m[1;36m
[gzserver-2] [0m[1;36m[Dbg] [wind_plugin.cpp:110] [0m[1;36mWindPlugin: received command -> speed=[0m[1;36m0[0m[1;36m dir=[0m[1;36m0[0m[1;36m
[gzserver-2] [0m[1;36m[Dbg] [wind_plugin.cpp:110] [0m[1;36mWindPlugin: received command -> speed=[0m[1;36m0[0m[1;36m dir=[0m[1;36m0[0m[1;36m
[gzserver-2] [0mEntering flying model!
[gzserver-2] [INFO] [1773110022.762705125] [gazebo_wind_plugin_node]: WindPlugin: set wind_speed=0.00 wind_direction=0.0
[gzserver-2] [INFO] [1773110023.002045797] [gazebo_wind_plugin_node]: WindPlugin: set wind_speed=1.49 wind_direction=16.1
[gzserver-2] [INFO] [1773110023.242209578] [gazebo_wind_plugin_node]: WindPlugin: set wind_speed=1.49 wind_direction=16.1
[gzserver-2] [INFO] [1773110023.481325407] [gazebo_wind_plugin_node]: WindPlugin: set wind_speed=1.49 wind_direction=16.1
[gzserver-2] [INFO] [1773110023.720555783] [gazebo_wind_plugin_node]: WindPlugin: set wind_speed=1.32 wind_direction=13.9
[gzserver-2] [INFO] [1773110023.960785623] [gazebo_wind_plugin_node]: WindPlugin: set wind_speed=1.32 wind_direction=13.9
[gzserver-2] [INFO] [1773110024.202697155] [gazebo_wind_plugin_node]: WindPlugin: set wind_speed=1.32 wind_direction=13.9
[gzserver-2] [INFO] [1773110024.442441702] [gazebo_wind_plugin_node]: WindPlugin: set wind_speed=1.32 wind_direction=13.9
[gzserver-2] [INFO] [1773110024.682451707] [gazebo_wind_plugin_node]: WindPlugin: set wind_speed=1.51 wind_direction=15.8
[gzserver-2] [INFO] [1773110024.921617911] [gazebo_wind_plugin_node]: WindPlugin: set wind_speed=1.51 wind_direction=15.8
[gzserver-2] [INFO] [1773110025.161057033] [gazebo_wind_plugin_node]: WindPlugin: set wind_speed=1.51 wind_direction=15.8
[gzserver-2] [INFO] [1773110025.193864318] [drone.simple_drone]: Quadrotor lands!!
[gzserver-2] [INFO] [1773110025.395260313] [gazebo_wind_plugin_node]: WindPlugin: set wind_speed=1.51 wind_direction=15.8
[gzserver-2] [INFO] [1773110025.635840873] [gazebo_wind_plugin_node]: WindPlugin: set wind_speed=1.54 wind_direction=18.1
[gzserver-2] [INFO] [1773110025.878732458] [gazebo_wind_plugin_node]: WindPlugin: set wind_speed=1.54 wind_direction=18.1
[gzserver-2] [INFO] [1773110026.113034988] [gazebo_wind_plugin_node]: WindPlugin: set wind_speed=1.54 wind_direction=18.1
[gzserver-2] [1;36m[Dbg] [wind_plugin.cpp:110] [0m[1;36mWindPlugin: received command -> speed=[0m[1;36m0[0m[1;36m dir=[0m[1;36m0[0m[1;36m
[gzserver-2] [0m[1;36m[Dbg] [wind_plugin.cpp:110] [0m[1;36mWindPlugin: received command -> speed=[0m[1;36m1.49091[0m[1;36m dir=[0m[1;36m16.0866[0m[1;36m
[gzserver-2] [0m[1;36m[Dbg] [wind_plugin.cpp:110] [0m[1;36mWindPlugin: received command -> speed=[0m[1;36m1.49091[0m[1;36m dir=[0m[1;36m16.0866[0m[1;36m
[gzserver-2] [0m[1;36m[Dbg] [wind_plugin.cpp:110] [0m[1;36mWindPlugin: received command -> speed=[0m[1;36m1.49091[0m[1;36m dir=[0m[1;36m16.0866[0m[1;36m
[gzserver-2] [0m[1;36m[Dbg] [wind_plugin.cpp:110] [0m[1;36mWindPlugin: received command -> speed=[0m[1;36m1.32164[0m[1;36m dir=[0m[1;36m13.8837[0m[1;36m
[gzserver-2] [0m[1;36m[Dbg] [wind_plugin.cpp:110] [0m[1;36mWindPlugin: received command -> speed=[0m[1;36m1.32164[0m[1;36m dir=[0m[1;36m13.8837[0m[1;36m
[gzserver-2] [0m[1;36m[Dbg] [wind_plugin.cpp:110] [0m[1;36mWindPlugin: received command -> speed=[0m[1;36m1.32164[0m[1;36m dir=[0m[1;36m13.8837[0m[1;36m
[gzserver-2] [0m[1;36m[Dbg] [wind_plugin.cpp:110] [0m[1;36mWindPlugin: received command -> speed=[0m[1;36m1.32164[0m[1;36m dir=[0m[1;36m13.8837[0m[1;36m
[gzserver-2] [0m[1;36m[Dbg] [wind_plugin.cpp:110] [0m[1;36mWindPlugin: received command -> speed=[0m[1;36m1.50516[0m[1;36m dir=[0m[1;36m15.8268[0m[1;36m
[gzserver-2] [0m[1;36m[Dbg] [wind_plugin.cpp:110] [0m[1;36mWindPlugin: received command -> speed=[0m[1;36m1.50516[0m[1;36m dir=[0m[1;36m15.8268[0m[1;36m
[gzserver-2] [0m[1;36m[Dbg] [wind_plugin.cpp:110] [0m[1;36mWindPlugin: received command -> speed=[0m[1;36m1.50516[0m[1;36m dir=[0m[1;36m15.8268[0m[1;36m
[gzserver-2] [0m[1;36m[Dbg] [wind_plugin.cpp:110] [0m[1;36mWindPlugin: received command -> speed=[0m[1;36m1.50516[0m[1;36m dir=[0m[1;36m15.8268[0m[1;36m
[gzserver-2] [0m[1;36m[Dbg] [wind_plugin.cpp:110] [0m[1;36mWindPlugin: received command -> speed=[0m[1;36m1.54452[0m[1;36m dir=[0m[1;36m18.0657[0m[1;36m
[gzserver-2] [0m[1;36m[Dbg] [wind_plugin.cpp:110] [0m[1;36mWindPlugin: received command -> speed=[0m[1;36m1.54452[0m[1;36m dir=[0m[1;36m18.0657[0m[1;36m
[gzserver-2] [0m[1;36m[Dbg] [wind_plugin.cpp:110] [0m[1;36mWindPlugin: received command -> speed=[0m[1;36m1.54452[0m[1;36m dir=[0m[1;36m18.0657[0m[1;36m
[gzserver-2] [0mLanded!
[gzserver-2] [INFO] [1773110026.352579860] [gazebo_wind_plugin_node]: WindPlugin: set wind_speed=1.54 wind_direction=18.1
[gzserver-2] [INFO] [1773110026.592069728] [gazebo_wind_plugin_node]: WindPlugin: set wind_speed=1.55 wind_direction=15.7
[gzserver-2] [INFO] [1773110026.831537874] [gazebo_wind_plugin_node]: WindPlugin: set wind_speed=1.55 wind_direction=15.7
[gzserver-2] [INFO] [1773110027.065370562] [gazebo_wind_plugin_node]: WindPlugin: set wind_speed=1.55 wind_direction=15.7
[gzserver-2] [INFO] [1773110027.299875492] [gazebo_wind_plugin_node]: WindPlugin: set wind_speed=1.55 wind_direction=15.7
[gzserver-2] [INFO] [1773110027.533654566] [gazebo_wind_plugin_node]: WindPlugin: set wind_speed=1.55 wind_direction=15.7
[gzserver-2] [INFO] [1773110027.772936483] [gazebo_wind_plugin_node]: WindPlugin: set wind_speed=1.59 wind_direction=14.9
[gzserver-2] [INFO] [1773110028.015251503] [gazebo_wind_plugin_node]: WindPlugin: set wind_speed=1.59 wind_direction=14.9
