[INFO] [launch]: All log files can be found below /home/j/.ros/log/2026-03-09-16-09-29-997818-j-1466940
[INFO] [launch]: Default logging verbosity is set to INFO
[INFO] [launch.user]: [bringup] Apriltag config: camera=/drone/bottom, image=/drone/bottom/image_raw, tags=/drone/bottom/tags, bridge=/landing_tag_state, standalone=true, use_target_id=true, target_id=0
[INFO] [rviz2-1]: process started with pid [1466959]
[INFO] [gzserver-2]: process started with pid [1466961]
[INFO] [robot_state_publisher-3]: process started with pid [1466963]
[INFO] [joint_state_publisher-4]: process started with pid [1466965]
[INFO] [spawn_drone-5]: process started with pid [1466967]
[INFO] [static_transform_publisher-6]: process started with pid [1466969]
[INFO] [joy_node-7]: process started with pid [1466971]
[INFO] [teleop_joystick-8]: process started with pid [1466973]
[INFO] [apriltag_detector_node-9]: process started with pid [1466975]
[INFO] [apriltag_state_bridge-10]: process started with pid [1466977]
[static_transform_publisher-6] [WARN] [1773040170.517103289] []: Old-style arguments are deprecated; see --help for new-style arguments
[static_transform_publisher-6] [INFO] [1773040170.534228907] [static_transform_publisher_ftsCEt5XT8204jC9]: Spinning until stopped - publishing transform
[static_transform_publisher-6] translation: ('0.000000', '0.000000', '0.000000')
[static_transform_publisher-6] rotation: ('0.000000', '0.000000', '0.000000', '1.000000')
[static_transform_publisher-6] from 'world' to '/drone/odom'
[robot_state_publisher-3] [INFO] [1773040170.559345433] [drone.robot_state_publisher]: got segment base_footprint
[robot_state_publisher-3] [INFO] [1773040170.560134668] [drone.robot_state_publisher]: got segment base_link
[robot_state_publisher-3] [INFO] [1773040170.560517040] [drone.robot_state_publisher]: got segment bottom_cam_link
[robot_state_publisher-3] [INFO] [1773040170.561011662] [drone.robot_state_publisher]: got segment front_cam_link
[robot_state_publisher-3] [INFO] [1773040170.561029864] [drone.robot_state_publisher]: got segment sonar_link
[teleop_joystick-8] Traceback (most recent call last):
[teleop_joystick-8]   File "/home/j/INCSL/IICC26_ws/install/sjtu_drone_control/lib/sjtu_drone_control/teleop_joystick", line 33, in <module>
[teleop_joystick-8]     sys.exit(load_entry_point('sjtu_drone_control==0.0.0', 'console_scripts', 'teleop_joystick')())
[teleop_joystick-8]   File "/home/j/INCSL/IICC26_ws/install/sjtu_drone_control/lib/sjtu_drone_control/teleop_joystick", line 22, in importlib_load_entry_point
[teleop_joystick-8]     for entry_point in distribution(dist_name).entry_points
[teleop_joystick-8]   File "/usr/lib/python3.10/importlib/metadata/__init__.py", line 969, in distribution
[teleop_joystick-8]     return Distribution.from_name(distribution_name)
[teleop_joystick-8]   File "/usr/lib/python3.10/importlib/metadata/__init__.py", line 548, in from_name
[teleop_joystick-8]     raise PackageNotFoundError(name)
[teleop_joystick-8] importlib.metadata.PackageNotFoundError: No package metadata was found for sjtu_drone_control
[apriltag_detector_node-9] [INFO] [1773040170.612780537] [apriltag_detector_node]: tag detector type: umich
[ERROR] [teleop_joystick-8]: process has died [pid 1466973, exit code 1, cmd '/home/j/INCSL/IICC26_ws/install/sjtu_drone_control/lib/sjtu_drone_control/teleop_joystick --ros-args -r __ns:=/drone'].
[gzserver-2] Gazebo multi-robot simulator, version 11.10.2
[gzserver-2] Copyright (C) 2012 Open Source Robotics Foundation.
[gzserver-2] Released under the Apache 2 License.
[gzserver-2] http://gazebosim.org
[gzserver-2] 
[joint_state_publisher-4] [INFO] [1773040171.002115469] [drone.joint_state_publisher]: Waiting for robot_description to be published on the robot_description topic...
[apriltag_state_bridge-10] [INFO] [1773040171.025453743] [apriltag_state_bridge]: AprilTag bridge started: /drone/bottom/tags -> /landing_tag_state, use_target_id=True, target_id=0
[gzserver-2] [1;33m[Wrn] [gazebo_ros_init.cpp:178] [0m[1;33m
[gzserver-2] #     # ####### ####### ###  #####  #######
[gzserver-2] ##    # #     #    #     #  #     # #
[gzserver-2] # #   # #     #    #     #  #       #
[gzserver-2] #  #  # #     #    #     #  #       #####
[gzserver-2] #   # # #     #    #     #  #       #
[gzserver-2] #    ## #     #    #     #  #     # #
[gzserver-2] #     # #######    #    ###  #####  #######
[gzserver-2] 
[gzserver-2] This version of Gazebo, now called Gazebo classic, reaches end-of-life
[gzserver-2] in January 2025. Users are highly encouraged to migrate to the new Gazebo
[gzserver-2] using our migration guides (https://gazebosim.org/docs/latest/gazebo_classic_migration?utm_source=gazebo_ros_pkgs&utm_medium=cli)
[gzserver-2] 
[gzserver-2] [0m[1;33m
[rviz2-1] [INFO] [1773040171.816080580] [rviz2]: Stereo is NOT SUPPORTED
[rviz2-1] [INFO] [1773040171.816184182] [rviz2]: OpenGl version: 4.6 (GLSL 4.6)
[rviz2-1] [INFO] [1773040171.988070729] [rviz2]: Stereo is NOT SUPPORTED
[spawn_drone-5] [INFO] [1773040172.056765474] [spawn_drone]: service not available, waiting again...
[rviz2-1] [INFO] [1773040172.271277130] [rviz2]: Stereo is NOT SUPPORTED
[spawn_drone-5] [INFO] [1773040172.574355675] [spawn_drone]: Result False Entity pushed to spawn queue, but spawn service timed outwaiting for entity to appear in simulation under the name [/drone]
[gzserver-2] [1;32m[Msg] [0m[1;32mWaiting for master.[0m[1;32m
[gzserver-2] [0m[1;32m[0m[1;32m[0m[1;32m[Msg] [0m[1;32mConnected to gazebo master @ [0m[1;32mhttp://127.0.0.1:11345[0m[1;32m
[gzserver-2] [0m[1;32m[0m[1;32m[0m[1;32m[Msg] [0m[1;32mPublicized address: [0m[1;32m172.16.52.147[0m[1;32m
[gzserver-2] [0m[1;32m[0m[1;32m[0m[1;32m[Msg] [0m[1;32mLoading world file [[0m[1;32m/home/j/INCSL/IICC26_ws/install/sjtu_drone_description/share/sjtu_drone_description/worlds/landingPad.world[0m[1;32m][0m[1;32m
[gzserver-2] [0m[1;32m[0m[1;32m[0m[1;36m[Dbg] [wind_plugin.cpp:96] [0m[1;36mWindPlugin loaded: speed=[0m[1;36m0[0m[1;36m dir=[0m[1;36m0[0m[1;36m deg area=[0m[1;36m0.1[0m[1;36m coeff=[0m[1;36m1[0m[1;36m
[gzserver-2] [0m[1;33m[0m[1;33m[0m[1;31m[Err] [Sensor.cc:510] [0m[1;31mGet noise index not valid[0m[1;31m
[gzserver-2] [0m[1;31m[0m[1;31m[0m[1;31m[Err] [Sensor.cc:510] [0m[1;31mGet noise index not valid[0m[1;31m
[gzserver-2] [0m[1;31m[0m[1;31m[0m[1;31m[Err] [Sensor.cc:510] [0m[1;31mGet noise index not valid[0m[1;31m
[gzserver-2] [0m[1;31m[0m[1;31m[0m[1;31m[Err] [Sensor.cc:510] [0m[1;31mGet noise index not valid[0m[1;31m
[gzserver-2] [0m[1;31m[0m[1;31m[0m[1;31m[Err] [Sensor.cc:510] [0m[1;31mGet noise index not valid[0m[1;31m
[gzserver-2] [0m[1;31m[0m[1;31m[0m[1;31m[Err] [Sensor.cc:510] [0m[1;31mGet noise index not valid[0m[1;31m
[gzserver-2] [0m[1;31m[0m[1;31m[0mTopic [default//drone/base_footprint/down_camera/image] is not valid.
[gzserver-2] Topic [default//drone/base_footprint/front_camera/image] is not valid.
[gzserver-2] [INFO] [1773040172.655107068] [drone.collision_plugin]: Publishing contact states to [/drone/bumper_states]
[gzserver-2] [1;33m[Wrn] [Event.cc:61] [0m[1;33mWarning: Deleting a connection right after creation. [0m[1;33mMake sure to save the ConnectionPtr from a Connect call
[INFO] [spawn_drone-5]: process has finished cleanly [pid 1466967]
[gzserver-2] [0m[INFO] [1773040173.375512290] [drone.camera_bottom]: Publishing camera info to [/drone/bottom/camera_info]
[gzserver-2] [INFO] [1773040173.393771486] [drone.camera_front]: Publishing camera info to [/drone/front/camera_info]
[gzserver-2] [INFO] [1773040173.530718624] [drone.simple_drone]: The drone plugin is loading!
[gzserver-2] [INFO] [1773040173.530995951] [drone.simple_drone]: pub_odom: 1
[gzserver-2] [INFO] [1773040173.531036094] [drone.simple_drone]: Using following parameters: 
[gzserver-2] 		link_name: base_footprint,
[gzserver-2] 		max_force: 30,
[gzserver-2] 		motion_small_noise: 0,
[gzserver-2] 		motion_drift_noise: 0,
[gzserver-2] 		motion_drift_noise_time: 50,
[gzserver-2] 		takeoff_hover_height: 1.98,
[gzserver-2] 		takeoff_vertical_speed: 0.2
[gzserver-2] [INFO] [1773040173.551245781] [drone.simple_drone]: Using the PID parameters: 
[gzserver-2] 	Roll Pitch:
[gzserver-2] 		kP: 10, kI: 0,kD: 5, Limit: 0.5, Time Constant: 0
[gzserver-2] 	Yaw:
[gzserver-2] 		kP: 2, kI: 0,kD: 1, Limit: 1.5, Time Constant: 0
[gzserver-2] 	Velocity X:
[gzserver-2] 		kP: 5, kI: 0,kD: 2.3, Limit: 2, Time Constant: 0
[gzserver-2] 	Velocity Y:
[gzserver-2] 		kP: 5, kI: 0,kD: 2.3, Limit: 2, Time Constant: 0
[gzserver-2] 	Velocity Z:
[gzserver-2] 		kP: 5, kI: 0,kD: 1, Limit: -1, Time Constant: 0
[gzserver-2] 	Position XY:
[gzserver-2] 		kP: 1.1, kI: 0,kD: 0, Limit: 5, Time Constant: 0
[gzserver-2] 	Position Z:
[gzserver-2] 		kP: 1, kI: 0,kD: 0.2, Limit: -1, Time Constant: 0
[gzserver-2] [INFO] [1773040173.551428757] [drone.simple_drone]: The drone plugin finished loading!
[gzserver-2] [INFO] [1773040179.859493109] [gazebo_wind_plugin_node]: WindPlugin: set wind_speed=0.00 wind_direction=0.0
[gzserver-2] [INFO] [1773040180.172391001] [drone.simple_drone]: Quadrotor takes off!!
[gzserver-2] [INFO] [1773040180.373924071] [gazebo_wind_plugin_node]: WindPlugin: set wind_speed=0.00 wind_direction=0.0
[gzserver-2] [INFO] [1773040181.092081410] [gazebo_wind_plugin_node]: WindPlugin: set wind_speed=0.00 wind_direction=0.0
[gzserver-2] [0m[1;36m[Dbg] [wind_plugin.cpp:110] [0m[1;36mWindPlugin: received command -> speed=[0m[1;36m0[0m[1;36m dir=[0m[1;36m0[0m[1;36m
[gzserver-2] [0m[1;36m[Dbg] [wind_plugin.cpp:110] [0m[1;36mWindPlugin: received command -> speed=[0m[1;36m0[0m[1;36m dir=[0m[1;36m0[0m[1;36m
[gzserver-2] [0m[1;36m[Dbg] [wind_plugin.cpp:110] [0m[1;36mWindPlugin: received command -> speed=[0m[1;36m0[0m[1;36m dir=[0m[1;36m0[0m[1;36m
[gzserver-2] [0mEntering flying model!
[gzserver-2] [INFO] [1773040181.806542382] [gazebo_wind_plugin_node]: WindPlugin: set wind_speed=0.00 wind_direction=0.0
[gzserver-2] [INFO] [1773040182.511477472] [gazebo_wind_plugin_node]: WindPlugin: set wind_speed=0.00 wind_direction=0.0
[gzserver-2] [INFO] [1773040183.230969312] [gazebo_wind_plugin_node]: WindPlugin: set wind_speed=0.00 wind_direction=0.0
[gzserver-2] [INFO] [1773040183.944314625] [gazebo_wind_plugin_node]: WindPlugin: set wind_speed=0.00 wind_direction=0.0
[gzserver-2] [INFO] [1773040184.659619454] [gazebo_wind_plugin_node]: WindPlugin: set wind_speed=0.00 wind_direction=0.0
[gzserver-2] [INFO] [1773040185.372956742] [gazebo_wind_plugin_node]: WindPlugin: set wind_speed=0.00 wind_direction=0.0
[gzserver-2] [INFO] [1773040186.092152598] [gazebo_wind_plugin_node]: WindPlugin: set wind_speed=0.00 wind_direction=0.0
[gzserver-2] [INFO] [1773040186.806004654] [gazebo_wind_plugin_node]: WindPlugin: set wind_speed=0.00 wind_direction=0.0
[gzserver-2] [INFO] [1773040187.525337161] [gazebo_wind_plugin_node]: WindPlugin: set wind_speed=0.00 wind_direction=0.0
[gzserver-2] [INFO] [1773040188.238224679] [gazebo_wind_plugin_node]: WindPlugin: set wind_speed=0.00 wind_direction=0.0
[gzserver-2] [INFO] [1773040188.957477799] [gazebo_wind_plugin_node]: WindPlugin: set wind_speed=0.00 wind_direction=0.0
[gzserver-2] [INFO] [1773040189.672582994] [gazebo_wind_plugin_node]: WindPlugin: set wind_speed=0.00 wind_direction=0.0
[gzserver-2] [INFO] [1773040190.380991963] [gazebo_wind_plugin_node]: WindPlugin: set wind_speed=1.18 wind_direction=-18.3
[gzserver-2] [INFO] [1773040191.100348691] [gazebo_wind_plugin_node]: WindPlugin: set wind_speed=0.97 wind_direction=-11.6
[gzserver-2] [INFO] [1773040191.808171969] [gazebo_wind_plugin_node]: WindPlugin: set wind_speed=1.12 wind_direction=-13.7
[gzserver-2] [INFO] [1773040192.522060538] [gazebo_wind_plugin_node]: WindPlugin: set wind_speed=1.11 wind_direction=-12.5
[gzserver-2] [INFO] [1773040193.236442337] [gazebo_wind_plugin_node]: WindPlugin: set wind_speed=1.16 wind_direction=-13.7
[gzserver-2] [INFO] [1773040193.935404800] [gazebo_wind_plugin_node]: WindPlugin: set wind_speed=1.01 wind_direction=-17.2
[gzserver-2] [INFO] [1773040194.640214136] [gazebo_wind_plugin_node]: WindPlugin: set wind_speed=0.82 wind_direction=-21.8
[gzserver-2] [INFO] [1773040195.352647908] [gazebo_wind_plugin_node]: WindPlugin: set wind_speed=0.79 wind_direction=-27.4
[gzserver-2] [INFO] [1773040196.071510024] [gazebo_wind_plugin_node]: WindPlugin: set wind_speed=0.70 wind_direction=-29.6
[gzserver-2] [INFO] [1773040196.780725547] [gazebo_wind_plugin_node]: WindPlugin: set wind_speed=1.21 wind_direction=-33.8
[gzserver-2] [INFO] [1773040197.496497876] [gazebo_wind_plugin_node]: WindPlugin: set wind_speed=0.89 wind_direction=-32.3
[gzserver-2] [INFO] [1773040198.205580879] [gazebo_wind_plugin_node]: WindPlugin: set wind_speed=0.91 wind_direction=-35.7
[gzserver-2] [INFO] [1773040198.919585616] [gazebo_wind_plugin_node]: WindPlugin: set wind_speed=1.04 wind_direction=-31.0
[gzserver-2] [INFO] [1773040199.638744959] [gazebo_wind_plugin_node]: WindPlugin: set wind_speed=1.00 wind_direction=-27.9
[gzserver-2] [INFO] [1773040200.356813714] [gazebo_wind_plugin_node]: WindPlugin: set wind_speed=0.89 wind_direction=-23.1
[gzserver-2] [INFO] [1773040201.064802225] [gazebo_wind_plugin_node]: WindPlugin: set wind_speed=0.92 wind_direction=-20.8
[gzserver-2] [1;36m[Dbg] [wind_plugin.cpp:110] [0m[1;36mWindPlugin: received command -> speed=[0m[1;36m0[0m[1;36m dir=[0m[1;36m0[0m[1;36m
[gzserver-2] [0m[1;36m[Dbg] [wind_plugin.cpp:110] [0m[1;36mWindPlugin: received command -> speed=[0m[1;36m0[0m[1;36m dir=[0m[1;36m0[0m[1;36m
[gzserver-2] [0m[1;36m[Dbg] [wind_plugin.cpp:110] [0m[1;36mWindPlugin: received command -> speed=[0m[1;36m0[0m[1;36m dir=[0m[1;36m0[0m[1;36m
[gzserver-2] [0m[1;36m[Dbg] [wind_plugin.cpp:110] [0m[1;36mWindPlugin: received command -> speed=[0m[1;36m0[0m[1;36m dir=[0m[1;36m0[0m[1;36m
[gzserver-2] [0m[1;36m[Dbg] [wind_plugin.cpp:110] [0m[1;36mWindPlugin: received command -> speed=[0m[1;36m0[0m[1;36m dir=[0m[1;36m0[0m[1;36m
[gzserver-2] [0m[1;36m[Dbg] [wind_plugin.cpp:110] [0m[1;36mWindPlugin: received command -> speed=[0m[1;36m0[0m[1;36m dir=[0m[1;36m0[0m[1;36m
[gzserver-2] [0m[1;36m[Dbg] [wind_plugin.cpp:110] [0m[1;36mWindPlugin: received command -> speed=[0m[1;36m0[0m[1;36m dir=[0m[1;36m0[0m[1;36m
[gzserver-2] [0m[1;36m[Dbg] [wind_plugin.cpp:110] [0m[1;36mWindPlugin: received command -> speed=[0m[1;36m0[0m[1;36m dir=[0m[1;36m0[0m[1;36m
[gzserver-2] [0m[1;36m[Dbg] [wind_plugin.cpp:110] [0m[1;36mWindPlugin: received command -> speed=[0m[1;36m0[0m[1;36m dir=[0m[1;36m0[0m[1;36m
[gzserver-2] [0m[1;36m[Dbg] [wind_plugin.cpp:110] [0m[1;36mWindPlugin: received command -> speed=[0m[1;36m0[0m[1;36m dir=[0m[1;36m0[0m[1;36m
[gzserver-2] [0m[1;36m[Dbg] [wind_plugin.cpp:110] [0m[1;36mWindPlugin: received command -> speed=[0m[1;36m0[0m[1;36m dir=[0m[1;36m0[0m[1;36m
[gzserver-2] [0m[1;36m[Dbg] [wind_plugin.cpp:110] [0m[1;36mWindPlugin: received command -> speed=[0m[1;36m0[0m[1;36m dir=[0m[1;36m0[0m[1;36m
[gzserver-2] [0m[1;36m[Dbg] [wind_plugin.cpp:110] [0m[1;36mWindPlugin: received command -> speed=[0m[1;36m1.18461[0m[1;36m dir=[0m[1;36m-18.3153[0m[1;36m
[gzserver-2] [0m[1;36m[Dbg] [wind_plugin.cpp:110] [0m[1;36mWindPlugin: received command -> speed=[0m[1;36m0.972099[0m[1;36m dir=[0m[1;36m-11.6459[0m[1;36m
[gzserver-2] [0m[1;36m[Dbg] [wind_plugin.cpp:110] [0m[1;36mWindPlugin: received command -> speed=[0m[1;36m1.1166[0m[1;36m dir=[0m[1;36m-13.7012[0m[1;36m
[gzserver-2] [0m[1;36m[Dbg] [wind_plugin.cpp:110] [0m[1;36mWindPlugin: received command -> speed=[0m[1;36m1.10711[0m[1;36m dir=[0m[1;36m-12.4891[0m[1;36m
[gzserver-2] [0m[1;36m[Dbg] [wind_plugin.cpp:110] [0m[1;36mWindPlugin: received command -> speed=[0m[1;36m1.16084[0m[1;36m dir=[0m[1;36m-13.699[0m[1;36m
[gzserver-2] [0m[1;36m[Dbg] [wind_plugin.cpp:110] [0m[1;36mWindPlugin: received command -> speed=[0m[1;36m1.00946[0m[1;36m dir=[0m[1;36m-17.2359[0m[1;36m
[gzserver-2] [0m[1;36m[Dbg] [wind_plugin.cpp:110] [0m[1;36mWindPlugin: received command -> speed=[0m[1;36m0.817828[0m[1;36m dir=[0m[1;36m-21.7742[0m[1;36m
[gzserver-2] [0m[1;36m[Dbg] [wind_plugin.cpp:110] [0m[1;36mWindPlugin: received command -> speed=[0m[1;36m0.794474[0m[1;36m dir=[0m[1;36m-27.4012[0m[1;36m
[gzserver-2] [0m[1;36m[Dbg] [wind_plugin.cpp:110] [0m[1;36mWindPlugin: received command -> speed=[0m[1;36m0.703771[0m[1;36m dir=[0m[1;36m-29.554[0m[1;36m
[gzserver-2] [0m[1;36m[Dbg] [wind_plugin.cpp:110] [0m[1;36mWindPlugin: received command -> speed=[0m[1;36m1.21317[0m[1;36m dir=[0m[1;36m-33.7912[0m[1;36m
[gzserver-2] [0m[1;36m[Dbg] [wind_plugin.cpp:110] [0m[1;36mWindPlugin: received command -> speed=[0m[1;36m0.889819[0m[1;36m dir=[0m[1;36m-32.3003[0m[1;36m
[gzserver-2] [0m[1;36m[Dbg] [wind_plugin.cpp:110] [0m[1;36mWindPlugin: received command -> speed=[0m[1;36m0.906986[0m[1;36m dir=[0m[1;36m-35.7345[0m[1;36m
[gzserver-2] [0m[1;36m[Dbg] [wind_plugin.cpp:110] [0m[1;36mWindPlugin: received command -> speed=[0m[1;36m1.04276[0m[1;36m dir=[0m[1;36m-30.9647[0m[1;36m
[gzserver-2] [0m[1;36m[Dbg] [wind_plugin.cpp:110] [0m[1;36mWindPlugin: received command -> speed=[0m[1;36m0.99967[0m[1;36m dir=[0m[1;36m-27.9038[0m[1;36m
[gzserver-2] [0m[1;36m[Dbg] [wind_plugin.cpp:110] [0m[1;36mWindPlugin: received command -> speed=[0m[1;36m0.890927[0m[1;36m dir=[0m[1;36m-23.1304[0m[1;36m
[gzserver-2] [INFO] [1773040201.762329121] [gazebo_wind_plugin_node]: WindPlugin: set wind_speed=0.49 wind_direction=-19.2
[gzserver-2] [INFO] [1773040202.477021115] [gazebo_wind_plugin_node]: WindPlugin: set wind_speed=0.94 wind_direction=-14.3
[gzserver-2] [INFO] [1773040203.196552112] [gazebo_wind_plugin_node]: WindPlugin: set wind_speed=1.02 wind_direction=-12.0
[gzserver-2] [INFO] [1773040203.909984299] [gazebo_wind_plugin_node]: WindPlugin: set wind_speed=1.11 wind_direction=-8.7
[gzserver-2] [INFO] [1773040204.625313782] [gazebo_wind_plugin_node]: WindPlugin: set wind_speed=0.75 wind_direction=-15.3
[gzserver-2] [INFO] [1773040205.338927751] [gazebo_wind_plugin_node]: WindPlugin: set wind_speed=0.71 wind_direction=-15.2
[gzserver-2] [INFO] [1773040206.036401727] [gazebo_wind_plugin_node]: WindPlugin: set wind_speed=0.75 wind_direction=-20.0
[gzserver-2] [INFO] [1773040206.744229852] [gazebo_wind_plugin_node]: WindPlugin: set wind_speed=0.68 wind_direction=-23.7
[gzserver-2] [INFO] [1773040207.447611672] [gazebo_wind_plugin_node]: WindPlugin: set wind_speed=1.06 wind_direction=-31.3
[gzserver-2] [INFO] [1773040208.161846357] [gazebo_wind_plugin_node]: WindPlugin: set wind_speed=0.87 wind_direction=-31.9
[gzserver-2] [INFO] [1773040208.875644602] [gazebo_wind_plugin_node]: WindPlugin: set wind_speed=0.99 wind_direction=-30.1
[gzserver-2] [INFO] [1773040209.578957357] [drone.simple_drone]: Quadrotor lands!!
[gzserver-2] [0m[1;36m[Dbg] [wind_plugin.cpp:110] [0m[1;36mWindPlugin: received command -> speed=[0m[1;36m0.923521[0m[1;36m dir=[0m[1;36m-20.8299[0m[1;36m
[gzserver-2] [0m[1;36m[Dbg] [wind_plugin.cpp:110] [0m[1;36mWindPlugin: received command -> speed=[0m[1;36m0.48968[0m[1;36m dir=[0m[1;36m-19.1732[0m[1;36m
[gzserver-2] [0m[1;36m[Dbg] [wind_plugin.cpp:110] [0m[1;36mWindPlugin: received command -> speed=[0m[1;36m0.937474[0m[1;36m dir=[0m[1;36m-14.3044[0m[1;36m
[gzserver-2] [0m[1;36m[Dbg] [wind_plugin.cpp:110] [0m[1;36mWindPlugin: received command -> speed=[0m[1;36m1.01941[0m[1;36m dir=[0m[1;36m-12.0369[0m[1;36m
[gzserver-2] [0m[1;36m[Dbg] [wind_plugin.cpp:110] [0m[1;36mWindPlugin: received command -> speed=[0m[1;36m1.10998[0m[1;36m dir=[0m[1;36m-8.68658[0m[1;36m
[gzserver-2] [0m[1;36m[Dbg] [wind_plugin.cpp:110] [0m[1;36mWindPlugin: received command -> speed=[0m[1;36m0.745848[0m[1;36m dir=[0m[1;36m-15.2854[0m[1;36m
[gzserver-2] [0m[1;36m[Dbg] [wind_plugin.cpp:110] [0m[1;36mWindPlugin: received command -> speed=[0m[1;36m0.711787[0m[1;36m dir=[0m[1;36m-15.1617[0m[1;36m
[gzserver-2] [0m[1;36m[Dbg] [wind_plugin.cpp:110] [0m[1;36mWindPlugin: received command -> speed=[0m[1;36m0.746941[0m[1;36m dir=[0m[1;36m-20.0355[0m[1;36m
[gzserver-2] [0m[1;36m[Dbg] [wind_plugin.cpp:110] [0m[1;36mWindPlugin: received command -> speed=[0m[1;36m0.677051[0m[1;36m dir=[0m[1;36m-23.7335[0m[1;36m
[gzserver-2] [0m[1;36m[Dbg] [wind_plugin.cpp:110] [0m[1;36mWindPlugin: received command -> speed=[0m[1;36m1.06199[0m[1;36m dir=[0m[1;36m-31.2517[0m[1;36m
[gzserver-2] [0m[1;36m[Dbg] [wind_plugin.cpp:110] [0m[1;36mWindPlugin: received command -> speed=[0m[1;36m0.86774[0m[1;36m dir=[0m[1;36m-31.8995[0m[1;36m
[gzserver-2] [0m[1;36m[Dbg] [wind_plugin.cpp:110] [0m[1;36mWindPlugin: received command -> speed=[0m[1;36m0.99355[0m[1;36m dir=[0m[1;36m-30.1314[0m[1;36m
[gzserver-2] [0mLanded!
