[INFO] [launch]: All log files can be found below /home/j/.ros/log/2026-03-10-18-01-11-410131-j-3868176
[INFO] [launch]: Default logging verbosity is set to INFO
[INFO] [launch.user]: [bringup] Apriltag config: camera=/drone/bottom, image=/drone/bottom/image_raw, tags=/drone/bottom/tags, bridge=/landing_tag_state, standalone=true, use_target_id=true, target_id=0
[INFO] [rviz2-1]: process started with pid [3868179]
[INFO] [gzserver-2]: process started with pid [3868181]
[INFO] [robot_state_publisher-3]: process started with pid [3868183]
[INFO] [joint_state_publisher-4]: process started with pid [3868185]
[INFO] [spawn_drone-5]: process started with pid [3868187]
[INFO] [static_transform_publisher-6]: process started with pid [3868189]
[INFO] [joy_node-7]: process started with pid [3868191]
[INFO] [teleop_joystick-8]: process started with pid [3868193]
[INFO] [apriltag_detector_node-9]: process started with pid [3868195]
[INFO] [apriltag_state_bridge-10]: process started with pid [3868198]
[static_transform_publisher-6] [WARN] [1773133271.873245088] []: Old-style arguments are deprecated; see --help for new-style arguments
[static_transform_publisher-6] [INFO] [1773133271.879848450] [static_transform_publisher_C2mQ1kckFSUHoE3H]: Spinning until stopped - publishing transform
[static_transform_publisher-6] translation: ('0.000000', '0.000000', '0.000000')
[static_transform_publisher-6] rotation: ('0.000000', '0.000000', '0.000000', '1.000000')
[static_transform_publisher-6] from 'world' to '/drone/odom'
[robot_state_publisher-3] [INFO] [1773133271.897615790] [drone.robot_state_publisher]: got segment base_footprint
[robot_state_publisher-3] [INFO] [1773133271.897685456] [drone.robot_state_publisher]: got segment base_link
[robot_state_publisher-3] [INFO] [1773133271.897691260] [drone.robot_state_publisher]: got segment bottom_cam_link
[robot_state_publisher-3] [INFO] [1773133271.897694539] [drone.robot_state_publisher]: got segment front_cam_link
[robot_state_publisher-3] [INFO] [1773133271.897697282] [drone.robot_state_publisher]: got segment sonar_link
[rviz2-1] 
[rviz2-1] (rviz2:3868179): dbind-WARNING **: 18:01:11.908: Couldn't connect to accessibility bus: Failed to connect to socket /root/.cache/at-spi/bus_0: 허가 거부
[apriltag_detector_node-9] [INFO] [1773133271.928014002] [apriltag_detector_node]: tag detector type: umich
[teleop_joystick-8] Traceback (most recent call last):
[teleop_joystick-8]   File "/home/j/INCSL/IICC26_ws/install/sjtu_drone_control/lib/sjtu_drone_control/teleop_joystick", line 33, in <module>
[teleop_joystick-8]     sys.exit(load_entry_point('sjtu_drone_control==0.0.0', 'console_scripts', 'teleop_joystick')())
[teleop_joystick-8]   File "/home/j/INCSL/IICC26_ws/install/sjtu_drone_control/lib/sjtu_drone_control/teleop_joystick", line 22, in importlib_load_entry_point
[teleop_joystick-8]     for entry_point in distribution(dist_name).entry_points
[teleop_joystick-8]   File "/usr/lib/python3.10/importlib/metadata/__init__.py", line 969, in distribution
[teleop_joystick-8]     return Distribution.from_name(distribution_name)
[teleop_joystick-8]   File "/usr/lib/python3.10/importlib/metadata/__init__.py", line 548, in from_name
[teleop_joystick-8]     raise PackageNotFoundError(name)
[teleop_joystick-8] importlib.metadata.PackageNotFoundError: No package metadata was found for sjtu_drone_control
[ERROR] [teleop_joystick-8]: process has died [pid 3868193, exit code 1, cmd '/home/j/INCSL/IICC26_ws/install/sjtu_drone_control/lib/sjtu_drone_control/teleop_joystick --ros-args -r __ns:=/drone'].
[gzserver-2] Gazebo multi-robot simulator, version 11.10.2
[gzserver-2] Copyright (C) 2012 Open Source Robotics Foundation.
[gzserver-2] Released under the Apache 2 License.
[gzserver-2] http://gazebosim.org
[gzserver-2] 
[apriltag_state_bridge-10] [INFO] [1773133272.123051625] [apriltag_state_bridge]: AprilTag bridge started: /drone/bottom/tags -> /landing_tag_state, use_target_id=True, target_id=0
[joint_state_publisher-4] [INFO] [1773133272.128301685] [drone.joint_state_publisher]: Waiting for robot_description to be published on the robot_description topic...
[gzserver-2] [1;33m[Wrn] [gazebo_ros_init.cpp:178] [0m[1;33m
[gzserver-2] #     # ####### ####### ###  #####  #######
[gzserver-2] ##    # #     #    #     #  #     # #
[gzserver-2] # #   # #     #    #     #  #       #
[gzserver-2] #  #  # #     #    #     #  #       #####
[gzserver-2] #   # # #     #    #     #  #       #
[gzserver-2] #    ## #     #    #     #  #     # #
[gzserver-2] #     # #######    #    ###  #####  #######
[gzserver-2] 
[gzserver-2] This version of Gazebo, now called Gazebo classic, reaches end-of-life
[gzserver-2] in January 2025. Users are highly encouraged to migrate to the new Gazebo
[gzserver-2] using our migration guides (https://gazebosim.org/docs/latest/gazebo_classic_migration?utm_source=gazebo_ros_pkgs&utm_medium=cli)
[gzserver-2] 
[gzserver-2] [0m[1;33m
[rviz2-1] [INFO] [1773133272.658228452] [rviz2]: Stereo is NOT SUPPORTED
[rviz2-1] [INFO] [1773133272.658314305] [rviz2]: OpenGl version: 4.6 (GLSL 4.6)
[rviz2-1] [INFO] [1773133272.742356536] [rviz2]: Stereo is NOT SUPPORTED
[rviz2-1] [INFO] [1773133272.831697195] [rviz2]: Stereo is NOT SUPPORTED
[gzserver-2] [1;32m[Msg] [0m[1;32mWaiting for master.[0m[1;32m
[gzserver-2] [0m[1;32m[0m[1;32m[0m[1;32m[Msg] [0m[1;32mConnected to gazebo master @ [0m[1;32mhttp://127.0.0.1:11345[0m[1;32m
[gzserver-2] [0m[1;32m[0m[1;32m[0m[1;32m[Msg] [0m[1;32mPublicized address: [0m[1;32m172.16.52.147[0m[1;32m
[gzserver-2] [0m[1;32m[0m[1;32m[0m[1;32m[Msg] [0m[1;32mLoading world file [[0m[1;32m/home/j/INCSL/IICC26_ws/install/sjtu_drone_description/share/sjtu_drone_description/worlds/landingPad.world[0m[1;32m][0m[1;32m
[gzserver-2] [0m[1;32m[0m[1;32m[0m[1;36m[Dbg] [wind_plugin.cpp:96] [0m[1;36mWindPlugin loaded: speed=[0m[1;36m0[0m[1;36m dir=[0m[1;36m0[0m[1;36m deg area=[0m[1;36m0.1[0m[1;36m coeff=[0m[1;36m1[0m[1;36m
[gzserver-2] [0m[1;33m[0m[1;33m[0m[1;31m[Err] [Sensor.cc:510] [0m[1;31mGet noise index not valid[0m[1;31m
[gzserver-2] [0m[1;31m[0m[1;31m[0m[1;31m[Err] [Sensor.cc:510] [0m[1;31mGet noise index not valid[0m[1;31m
[gzserver-2] [0m[1;31m[0m[1;31m[0m[1;31m[Err] [Sensor.cc:510] [0m[1;31mGet noise index not valid[0m[1;31m
[gzserver-2] [0m[1;31m[0m[1;31m[0m[1;31m[Err] [Sensor.cc:510] [0m[1;31mGet noise index not valid[0m[1;31m
[gzserver-2] [0m[1;31m[0m[1;31m[0m[1;31m[Err] [Sensor.cc:510] [0m[1;31mGet noise index not valid[0m[1;31m
[gzserver-2] [0m[1;31m[0m[1;31m[0m[1;31m[Err] [Sensor.cc:510] [0m[1;31mGet noise index not valid[0m[1;31m
[gzserver-2] [0m[1;31m[0m[1;31m[0mTopic [default//drone/base_footprint/down_camera/image] is not valid.
[gzserver-2] [INFO] [1773133273.353061290] [drone.collision_plugin]: Publishing contact states to [/drone/bumper_states]
[gzserver-2] Topic [default//drone/base_footprint/front_camera/image] is not valid.
[gzserver-2] [1;33m[Wrn] [Event.cc:61] [0m[1;33mWarning: Deleting a connection right after creation. [0m[1;33mMake sure to save the ConnectionPtr from a Connect call
[gzserver-2] [0m[INFO] [1773133273.910143779] [drone.camera_bottom]: Publishing camera info to [/drone/bottom/camera_info]
[gzserver-2] [INFO] [1773133273.912977238] [drone.camera_front]: Publishing camera info to [/drone/front/camera_info]
[spawn_drone-5] [INFO] [1773133273.921853215] [spawn_drone]: Result True SpawnEntity: Successfully spawned entity [/drone]
[gzserver-2] [INFO] [1773133274.035121640] [drone.simple_drone]: The drone plugin is loading!
[gzserver-2] [INFO] [1773133274.035332851] [drone.simple_drone]: pub_odom: 1
[gzserver-2] [INFO] [1773133274.035367531] [drone.simple_drone]: Using following parameters: 
[gzserver-2] 		link_name: base_footprint,
[gzserver-2] 		max_force: 30,
[gzserver-2] 		motion_small_noise: 0,
[gzserver-2] 		motion_drift_noise: 0,
[gzserver-2] 		motion_drift_noise_time: 50,
[gzserver-2] 		takeoff_hover_height: 1.88,
[gzserver-2] 		takeoff_vertical_speed: 0.2
[gzserver-2] [INFO] [1773133274.047255173] [drone.simple_drone]: Using the PID parameters: 
[gzserver-2] 	Roll Pitch:
[gzserver-2] 		kP: 10, kI: 0,kD: 5, Limit: 0.5, Time Constant: 0
[gzserver-2] 	Yaw:
[gzserver-2] 		kP: 2, kI: 0,kD: 1, Limit: 1.5, Time Constant: 0
[gzserver-2] 	Velocity X:
[gzserver-2] 		kP: 5, kI: 0,kD: 2.3, Limit: 2, Time Constant: 0
[gzserver-2] 	Velocity Y:
[gzserver-2] 		kP: 5, kI: 0,kD: 2.3, Limit: 2, Time Constant: 0
[gzserver-2] 	Velocity Z:
[gzserver-2] 		kP: 5, kI: 0,kD: 1, Limit: -1, Time Constant: 0
[gzserver-2] 	Position XY:
[gzserver-2] 		kP: 1.1, kI: 0,kD: 0, Limit: 5, Time Constant: 0
[gzserver-2] 	Position Z:
[gzserver-2] 		kP: 1, kI: 0,kD: 0.2, Limit: -1, Time Constant: 0
[gzserver-2] [INFO] [1773133274.047399463] [drone.simple_drone]: The drone plugin finished loading!
[INFO] [spawn_drone-5]: process has finished cleanly [pid 3868187]
[gzserver-2] [INFO] [1773133281.253705206] [gazebo_wind_plugin_node]: WindPlugin: set wind_speed=0.00 wind_direction=0.0
[gzserver-2] [INFO] [1773133281.525431955] [gazebo_wind_plugin_node]: WindPlugin: set wind_speed=0.00 wind_direction=0.0
[gzserver-2] [INFO] [1773133281.563916420] [drone.simple_drone]: Quadrotor takes off!!
[gzserver-2] [INFO] [1773133281.764661705] [gazebo_wind_plugin_node]: WindPlugin: set wind_speed=0.00 wind_direction=0.0
[gzserver-2] [INFO] [1773133282.003015479] [gazebo_wind_plugin_node]: WindPlugin: set wind_speed=0.00 wind_direction=0.0
[gzserver-2] [INFO] [1773133282.247834897] [gazebo_wind_plugin_node]: WindPlugin: set wind_speed=0.00 wind_direction=0.0
[gzserver-2] [INFO] [1773133282.486708741] [gazebo_wind_plugin_node]: WindPlugin: set wind_speed=0.00 wind_direction=0.0
[gzserver-2] [INFO] [1773133282.726413759] [gazebo_wind_plugin_node]: WindPlugin: set wind_speed=0.00 wind_direction=0.0
[gzserver-2] [INFO] [1773133282.955545201] [gazebo_wind_plugin_node]: WindPlugin: set wind_speed=0.00 wind_direction=0.0
[gzserver-2] [0m[1;36m[Dbg] [wind_plugin.cpp:110] [0m[1;36mWindPlugin: received command -> speed=[0m[1;36m0[0m[1;36m dir=[0m[1;36m0[0m[1;36m
[gzserver-2] [0m[1;36m[Dbg] [wind_plugin.cpp:110] [0m[1;36mWindPlugin: received command -> speed=[0m[1;36m0[0m[1;36m dir=[0m[1;36m0[0m[1;36m
[gzserver-2] [0m[1;36m[Dbg] [wind_plugin.cpp:110] [0m[1;36mWindPlugin: received command -> speed=[0m[1;36m0[0m[1;36m dir=[0m[1;36m0[0m[1;36m
[gzserver-2] [0m[1;36m[Dbg] [wind_plugin.cpp:110] [0m[1;36mWindPlugin: received command -> speed=[0m[1;36m0[0m[1;36m dir=[0m[1;36m0[0m[1;36m
[gzserver-2] [0m[1;36m[Dbg] [wind_plugin.cpp:110] [0m[1;36mWindPlugin: received command -> speed=[0m[1;36m0[0m[1;36m dir=[0m[1;36m0[0m[1;36m
[gzserver-2] [0m[1;36m[Dbg] [wind_plugin.cpp:110] [0m[1;36mWindPlugin: received command -> speed=[0m[1;36m0[0m[1;36m dir=[0m[1;36m0[0m[1;36m
[gzserver-2] [0m[1;36m[Dbg] [wind_plugin.cpp:110] [0m[1;36mWindPlugin: received command -> speed=[0m[1;36m0[0m[1;36m dir=[0m[1;36m0[0m[1;36m
[gzserver-2] [0m[1;36m[Dbg] [wind_plugin.cpp:110] [0m[1;36mWindPlugin: received command -> speed=[0m[1;36m0[0m[1;36m dir=[0m[1;36m0[0m[1;36m
[gzserver-2] [0mEntering flying model!
[gzserver-2] [INFO] [1773133283.193405015] [gazebo_wind_plugin_node]: WindPlugin: set wind_speed=0.00 wind_direction=0.0
[gzserver-2] [INFO] [1773133283.423553482] [gazebo_wind_plugin_node]: WindPlugin: set wind_speed=1.78 wind_direction=33.7
[gzserver-2] [INFO] [1773133283.657857136] [gazebo_wind_plugin_node]: WindPlugin: set wind_speed=1.78 wind_direction=33.7
[gzserver-2] [INFO] [1773133283.894086379] [gazebo_wind_plugin_node]: WindPlugin: set wind_speed=1.63 wind_direction=35.2
[gzserver-2] [INFO] [1773133284.123503075] [gazebo_wind_plugin_node]: WindPlugin: set wind_speed=1.63 wind_direction=35.2
[gzserver-2] [INFO] [1773133284.359462652] [gazebo_wind_plugin_node]: WindPlugin: set wind_speed=1.63 wind_direction=35.2
[gzserver-2] [INFO] [1773133284.593753056] [gazebo_wind_plugin_node]: WindPlugin: set wind_speed=1.63 wind_direction=35.2
[gzserver-2] [INFO] [1773133284.829280811] [gazebo_wind_plugin_node]: WindPlugin: set wind_speed=1.73 wind_direction=35.2
[gzserver-2] [INFO] [1773133285.063570188] [gazebo_wind_plugin_node]: WindPlugin: set wind_speed=1.73 wind_direction=35.2
[gzserver-2] [INFO] [1773133285.297277461] [gazebo_wind_plugin_node]: WindPlugin: set wind_speed=1.73 wind_direction=35.2
[gzserver-2] [INFO] [1773133285.536570900] [gazebo_wind_plugin_node]: WindPlugin: set wind_speed=1.73 wind_direction=35.2
[gzserver-2] [INFO] [1773133285.775969500] [gazebo_wind_plugin_node]: WindPlugin: set wind_speed=1.84 wind_direction=33.2
[gzserver-2] [INFO] [1773133286.015429002] [gazebo_wind_plugin_node]: WindPlugin: set wind_speed=1.84 wind_direction=33.2
[gzserver-2] [INFO] [1773133286.252848267] [gazebo_wind_plugin_node]: WindPlugin: set wind_speed=1.84 wind_direction=33.2
[gzserver-2] [INFO] [1773133286.488616647] [gazebo_wind_plugin_node]: WindPlugin: set wind_speed=1.84 wind_direction=33.2
[gzserver-2] [INFO] [1773133286.727311218] [gazebo_wind_plugin_node]: WindPlugin: set wind_speed=1.84 wind_direction=33.2
[gzserver-2] [INFO] [1773133286.772064633] [drone.simple_drone]: Quadrotor lands!!
[gzserver-2] [INFO] [1773133286.973323693] [gazebo_wind_plugin_node]: WindPlugin: set wind_speed=1.83 wind_direction=36.1
[gzserver-2] [INFO] [1773133287.208004566] [gazebo_wind_plugin_node]: WindPlugin: set wind_speed=1.83 wind_direction=36.1
[gzserver-2] [INFO] [1773133287.443297363] [gazebo_wind_plugin_node]: WindPlugin: set wind_speed=1.83 wind_direction=36.1
[gzserver-2] [INFO] [1773133287.682695153] [gazebo_wind_plugin_node]: WindPlugin: set wind_speed=1.83 wind_direction=36.1
[gzserver-2] [1;36m[Dbg] [wind_plugin.cpp:110] [0m[1;36mWindPlugin: received command -> speed=[0m[1;36m0[0m[1;36m dir=[0m[1;36m0[0m[1;36m
[gzserver-2] [0m[1;36m[Dbg] [wind_plugin.cpp:110] [0m[1;36mWindPlugin: received command -> speed=[0m[1;36m1.77958[0m[1;36m dir=[0m[1;36m33.7229[0m[1;36m
[gzserver-2] [0m[1;36m[Dbg] [wind_plugin.cpp:110] [0m[1;36mWindPlugin: received command -> speed=[0m[1;36m1.77958[0m[1;36m dir=[0m[1;36m33.7229[0m[1;36m
[gzserver-2] [0m[1;36m[Dbg] [wind_plugin.cpp:110] [0m[1;36mWindPlugin: received command -> speed=[0m[1;36m1.63034[0m[1;36m dir=[0m[1;36m35.235[0m[1;36m
[gzserver-2] [0m[1;36m[Dbg] [wind_plugin.cpp:110] [0m[1;36mWindPlugin: received command -> speed=[0m[1;36m1.63034[0m[1;36m dir=[0m[1;36m35.235[0m[1;36m
[gzserver-2] [0m[1;36m[Dbg] [wind_plugin.cpp:110] [0m[1;36mWindPlugin: received command -> speed=[0m[1;36m1.63034[0m[1;36m dir=[0m[1;36m35.235[0m[1;36m
[gzserver-2] [0m[1;36m[Dbg] [wind_plugin.cpp:110] [0m[1;36mWindPlugin: received command -> speed=[0m[1;36m1.63034[0m[1;36m dir=[0m[1;36m35.235[0m[1;36m
[gzserver-2] [0m[1;36m[Dbg] [wind_plugin.cpp:110] [0m[1;36mWindPlugin: received command -> speed=[0m[1;36m1.73313[0m[1;36m dir=[0m[1;36m35.1526[0m[1;36m
[gzserver-2] [0m[1;36m[Dbg] [wind_plugin.cpp:110] [0m[1;36mWindPlugin: received command -> speed=[0m[1;36m1.73313[0m[1;36m dir=[0m[1;36m35.1526[0m[1;36m
[gzserver-2] [0m[1;36m[Dbg] [wind_plugin.cpp:110] [0m[1;36mWindPlugin: received command -> speed=[0m[1;36m1.73313[0m[1;36m dir=[0m[1;36m35.1526[0m[1;36m
[gzserver-2] [0m[1;36m[Dbg] [wind_plugin.cpp:110] [0m[1;36mWindPlugin: received command -> speed=[0m[1;36m1.73313[0m[1;36m dir=[0m[1;36m35.1526[0m[1;36m
[gzserver-2] [0m[1;36m[Dbg] [wind_plugin.cpp:110] [0m[1;36mWindPlugin: received command -> speed=[0m[1;36m1.83501[0m[1;36m dir=[0m[1;36m33.1989[0m[1;36m
[gzserver-2] [0m[1;36m[Dbg] [wind_plugin.cpp:110] [0m[1;36mWindPlugin: received command -> speed=[0m[1;36m1.83501[0m[1;36m dir=[0m[1;36m33.1989[0m[1;36m
[gzserver-2] [0m[1;36m[Dbg] [wind_plugin.cpp:110] [0m[1;36mWindPlugin: received command -> speed=[0m[1;36m1.83501[0m[1;36m dir=[0m[1;36m33.1989[0m[1;36m
[gzserver-2] [0m[1;36m[Dbg] [wind_plugin.cpp:110] [0m[1;36mWindPlugin: received command -> speed=[0m[1;36m1.83501[0m[1;36m dir=[0m[1;36m33.1989[0m[1;36m
[gzserver-2] [0m[1;36m[Dbg] [wind_plugin.cpp:110] [0m[1;36mWindPlugin: received command -> speed=[0m[1;36m1.83501[0m[1;36m dir=[0m[1;36m33.1989[0m[1;36m
[gzserver-2] [0m[1;36m[Dbg] [wind_plugin.cpp:110] [0m[1;36mWindPlugin: received command -> speed=[0m[1;36m1.83091[0m[1;36m dir=[0m[1;36m36.1316[0m[1;36m
[gzserver-2] [0m[1;36m[Dbg] [wind_plugin.cpp:110] [0m[1;36mWindPlugin: received command -> speed=[0m[1;36m1.83091[0m[1;36m dir=[0m[1;36m36.1316[0m[1;36m
[gzserver-2] [0m[1;36m[Dbg] [wind_plugin.cpp:110] [0m[1;36mWindPlugin: received command -> speed=[0m[1;36m1.83091[0m[1;36m dir=[0m[1;36m36.1316[0m[1;36m
[gzserver-2] [0m[1;36m[Dbg] [wind_plugin.cpp:110] [0m[1;36mWindPlugin: received command -> speed=[0m[1;36m1.83091[0m[1;36m dir=[0m[1;36m36.1316[0m[1;36m
[gzserver-2] [0mLanded!
[gzserver-2] [INFO] [1773133287.921738966] [gazebo_wind_plugin_node]: WindPlugin: set wind_speed=1.97 wind_direction=36.1
[gzserver-2] [INFO] [1773133288.158575394] [gazebo_wind_plugin_node]: WindPlugin: set wind_speed=1.97 wind_direction=36.1
[gzserver-2] [INFO] [1773133288.392950244] [gazebo_wind_plugin_node]: WindPlugin: set wind_speed=1.97 wind_direction=36.1
[gzserver-2] [INFO] [1773133288.629297000] [gazebo_wind_plugin_node]: WindPlugin: set wind_speed=1.97 wind_direction=36.1
[gzserver-2] [INFO] [1773133288.870079459] [gazebo_wind_plugin_node]: WindPlugin: set wind_speed=1.99 wind_direction=35.6
[gzserver-2] [INFO] [1773133289.104242264] [gazebo_wind_plugin_node]: WindPlugin: set wind_speed=1.99 wind_direction=35.6
[gzserver-2] [INFO] [1773133289.344394160] [gazebo_wind_plugin_node]: WindPlugin: set wind_speed=1.99 wind_direction=35.6
[gzserver-2] [INFO] [1773133289.584010987] [gazebo_wind_plugin_node]: WindPlugin: set wind_speed=1.99 wind_direction=35.6
