[INFO] [launch]: All log files can be found below /home/j/.ros/log/2026-03-10-10-54-08-823705-j-260534
[INFO] [launch]: Default logging verbosity is set to INFO
[INFO] [launch.user]: [bringup] Apriltag config: camera=/drone/bottom, image=/drone/bottom/image_raw, tags=/drone/bottom/tags, bridge=/landing_tag_state, standalone=true, use_target_id=true, target_id=0
[INFO] [rviz2-1]: process started with pid [260539]
[INFO] [gzserver-2]: process started with pid [260541]
[INFO] [robot_state_publisher-3]: process started with pid [260543]
[INFO] [joint_state_publisher-4]: process started with pid [260545]
[INFO] [spawn_drone-5]: process started with pid [260547]
[INFO] [static_transform_publisher-6]: process started with pid [260549]
[INFO] [joy_node-7]: process started with pid [260551]
[INFO] [teleop_joystick-8]: process started with pid [260553]
[INFO] [apriltag_detector_node-9]: process started with pid [260555]
[INFO] [apriltag_state_bridge-10]: process started with pid [260557]
[static_transform_publisher-6] [WARN] [1773107649.318122291] []: Old-style arguments are deprecated; see --help for new-style arguments
[static_transform_publisher-6] [INFO] [1773107649.326477554] [static_transform_publisher_KcXWXVcoiU3ENfhf]: Spinning until stopped - publishing transform
[static_transform_publisher-6] translation: ('0.000000', '0.000000', '0.000000')
[static_transform_publisher-6] rotation: ('0.000000', '0.000000', '0.000000', '1.000000')
[static_transform_publisher-6] from 'world' to '/drone/odom'
[apriltag_detector_node-9] [INFO] [1773107649.349248118] [apriltag_detector_node]: tag detector type: umich
[robot_state_publisher-3] [INFO] [1773107649.351717644] [drone.robot_state_publisher]: got segment base_footprint
[robot_state_publisher-3] [INFO] [1773107649.351784331] [drone.robot_state_publisher]: got segment base_link
[robot_state_publisher-3] [INFO] [1773107649.351795723] [drone.robot_state_publisher]: got segment bottom_cam_link
[robot_state_publisher-3] [INFO] [1773107649.351804067] [drone.robot_state_publisher]: got segment front_cam_link
[robot_state_publisher-3] [INFO] [1773107649.351812385] [drone.robot_state_publisher]: got segment sonar_link
[rviz2-1] 
[rviz2-1] (rviz2:260539): dbind-WARNING **: 10:54:09.366: Couldn't connect to accessibility bus: Failed to connect to socket /root/.cache/at-spi/bus_0: 허가 거부
[teleop_joystick-8] Traceback (most recent call last):
[teleop_joystick-8]   File "/home/j/INCSL/IICC26_ws/install/sjtu_drone_control/lib/sjtu_drone_control/teleop_joystick", line 33, in <module>
[teleop_joystick-8]     sys.exit(load_entry_point('sjtu_drone_control==0.0.0', 'console_scripts', 'teleop_joystick')())
[teleop_joystick-8]   File "/home/j/INCSL/IICC26_ws/install/sjtu_drone_control/lib/sjtu_drone_control/teleop_joystick", line 22, in importlib_load_entry_point
[teleop_joystick-8]     for entry_point in distribution(dist_name).entry_points
[teleop_joystick-8]   File "/usr/lib/python3.10/importlib/metadata/__init__.py", line 969, in distribution
[teleop_joystick-8]     return Distribution.from_name(distribution_name)
[teleop_joystick-8]   File "/usr/lib/python3.10/importlib/metadata/__init__.py", line 548, in from_name
[teleop_joystick-8]     raise PackageNotFoundError(name)
[teleop_joystick-8] importlib.metadata.PackageNotFoundError: No package metadata was found for sjtu_drone_control
[ERROR] [teleop_joystick-8]: process has died [pid 260553, exit code 1, cmd '/home/j/INCSL/IICC26_ws/install/sjtu_drone_control/lib/sjtu_drone_control/teleop_joystick --ros-args -r __ns:=/drone'].
[gzserver-2] Gazebo multi-robot simulator, version 11.10.2
[gzserver-2] Copyright (C) 2012 Open Source Robotics Foundation.
[gzserver-2] Released under the Apache 2 License.
[gzserver-2] http://gazebosim.org
[gzserver-2] 
[apriltag_state_bridge-10] [INFO] [1773107649.581222048] [apriltag_state_bridge]: AprilTag bridge started: /drone/bottom/tags -> /landing_tag_state, use_target_id=True, target_id=0
[joint_state_publisher-4] [INFO] [1773107649.589709399] [drone.joint_state_publisher]: Waiting for robot_description to be published on the robot_description topic...
[gzserver-2] [1;33m[Wrn] [gazebo_ros_init.cpp:178] [0m[1;33m
[gzserver-2] #     # ####### ####### ###  #####  #######
[gzserver-2] ##    # #     #    #     #  #     # #
[gzserver-2] # #   # #     #    #     #  #       #
[gzserver-2] #  #  # #     #    #     #  #       #####
[gzserver-2] #   # # #     #    #     #  #       #
[gzserver-2] #    ## #     #    #     #  #     # #
[gzserver-2] #     # #######    #    ###  #####  #######
[gzserver-2] 
[gzserver-2] This version of Gazebo, now called Gazebo classic, reaches end-of-life
[gzserver-2] in January 2025. Users are highly encouraged to migrate to the new Gazebo
[gzserver-2] using our migration guides (https://gazebosim.org/docs/latest/gazebo_classic_migration?utm_source=gazebo_ros_pkgs&utm_medium=cli)
[gzserver-2] 
[gzserver-2] [0m[1;33m
[rviz2-1] [INFO] [1773107650.388584264] [rviz2]: Stereo is NOT SUPPORTED
[rviz2-1] [INFO] [1773107650.388682655] [rviz2]: OpenGl version: 4.6 (GLSL 4.6)
[rviz2-1] [INFO] [1773107650.495512983] [rviz2]: Stereo is NOT SUPPORTED
[spawn_drone-5] [INFO] [1773107650.610522121] [spawn_drone]: service not available, waiting again...
[rviz2-1] [INFO] [1773107650.795708780] [rviz2]: Stereo is NOT SUPPORTED
[spawn_drone-5] [INFO] [1773107651.022740575] [spawn_drone]: Result False Entity pushed to spawn queue, but spawn service timed outwaiting for entity to appear in simulation under the name [/drone]
[gzserver-2] [1;32m[Msg] [0m[1;32mWaiting for master.[0m[1;32m
[gzserver-2] [0m[1;32m[0m[1;32m[0m[1;32m[Msg] [0m[1;32mConnected to gazebo master @ [0m[1;32mhttp://127.0.0.1:11345[0m[1;32m
[gzserver-2] [0m[1;32m[0m[1;32m[0m[1;32m[Msg] [0m[1;32mPublicized address: [0m[1;32m172.16.52.147[0m[1;32m
[gzserver-2] [0m[1;32m[0m[1;32m[0m[1;32m[Msg] [0m[1;32mLoading world file [[0m[1;32m/home/j/INCSL/IICC26_ws/install/sjtu_drone_description/share/sjtu_drone_description/worlds/landingPad.world[0m[1;32m][0m[1;32m
[gzserver-2] [0m[1;32m[0m[1;32m[0m[1;36m[Dbg] [wind_plugin.cpp:96] [0m[1;36mWindPlugin loaded: speed=[0m[1;36m0[0m[1;36m dir=[0m[1;36m0[0m[1;36m deg area=[0m[1;36m0.1[0m[1;36m coeff=[0m[1;36m1[0m[1;36m
[gzserver-2] [0m[1;33m[0m[1;33m[0m[1;31m[Err] [Sensor.cc:510] [0m[1;31mGet noise index not valid[0m[1;31m
[gzserver-2] [0m[1;31m[0m[1;31m[0m[1;31m[Err] [Sensor.cc:510] [0m[1;31mGet noise index not valid[0m[1;31m
[gzserver-2] [0m[1;31m[0m[1;31m[0m[1;31m[Err] [Sensor.cc:510] [0m[1;31mGet noise index not valid[0m[1;31m
[gzserver-2] [0m[1;31m[0m[1;31m[0m[1;31m[Err] [Sensor.cc:510] [0m[1;31mGet noise index not valid[0m[1;31m
[gzserver-2] [0m[1;31m[0m[1;31m[0m[1;31m[Err] [Sensor.cc:510] [0m[1;31mGet noise index not valid[0m[1;31m
[gzserver-2] [0m[1;31m[0m[1;31m[0m[1;31m[Err] [Sensor.cc:510] [0m[1;31mGet noise index not valid[0m[1;31m
[gzserver-2] [0m[1;31m[0m[1;31m[0mTopic [default//drone/base_footprint/down_camera/image] is not valid.
[gzserver-2] [INFO] [1773107651.062786871] [drone.collision_plugin]: Publishing contact states to [/drone/bumper_states]
[gzserver-2] Topic [default//drone/base_footprint/front_camera/image] is not valid.
[gzserver-2] [1;33m[Wrn] [Event.cc:61] [0m[1;33mWarning: Deleting a connection right after creation. [0m[1;33mMake sure to save the ConnectionPtr from a Connect call
[INFO] [spawn_drone-5]: process has finished cleanly [pid 260547]
[gzserver-2] [0m[INFO] [1773107651.645709520] [drone.camera_bottom]: Publishing camera info to [/drone/bottom/camera_info]
[gzserver-2] [INFO] [1773107651.648622206] [drone.camera_front]: Publishing camera info to [/drone/front/camera_info]
[gzserver-2] [INFO] [1773107651.770886493] [drone.simple_drone]: The drone plugin is loading!
[gzserver-2] [INFO] [1773107651.771100953] [drone.simple_drone]: pub_odom: 1
[gzserver-2] [INFO] [1773107651.771134658] [drone.simple_drone]: Using following parameters: 
[gzserver-2] 		link_name: base_footprint,
[gzserver-2] 		max_force: 30,
[gzserver-2] 		motion_small_noise: 0,
[gzserver-2] 		motion_drift_noise: 0,
[gzserver-2] 		motion_drift_noise_time: 50,
[gzserver-2] 		takeoff_hover_height: 2.06,
[gzserver-2] 		takeoff_vertical_speed: 0.2
[gzserver-2] [INFO] [1773107651.783133947] [drone.simple_drone]: Using the PID parameters: 
[gzserver-2] 	Roll Pitch:
[gzserver-2] 		kP: 10, kI: 0,kD: 5, Limit: 0.5, Time Constant: 0
[gzserver-2] 	Yaw:
[gzserver-2] 		kP: 2, kI: 0,kD: 1, Limit: 1.5, Time Constant: 0
[gzserver-2] 	Velocity X:
[gzserver-2] 		kP: 5, kI: 0,kD: 2.3, Limit: 2, Time Constant: 0
[gzserver-2] 	Velocity Y:
[gzserver-2] 		kP: 5, kI: 0,kD: 2.3, Limit: 2, Time Constant: 0
[gzserver-2] 	Velocity Z:
[gzserver-2] 		kP: 5, kI: 0,kD: 1, Limit: -1, Time Constant: 0
[gzserver-2] 	Position XY:
[gzserver-2] 		kP: 1.1, kI: 0,kD: 0, Limit: 5, Time Constant: 0
[gzserver-2] 	Position Z:
[gzserver-2] 		kP: 1, kI: 0,kD: 0.2, Limit: -1, Time Constant: 0
[gzserver-2] [INFO] [1773107651.783272414] [drone.simple_drone]: The drone plugin finished loading!
[gzserver-2] [INFO] [1773107658.664766348] [gazebo_wind_plugin_node]: WindPlugin: set wind_speed=0.00 wind_direction=0.0
[gzserver-2] [INFO] [1773107658.988559179] [gazebo_wind_plugin_node]: WindPlugin: set wind_speed=0.00 wind_direction=0.0
[gzserver-2] [INFO] [1773107659.025478001] [drone.simple_drone]: Quadrotor takes off!!
[gzserver-2] [INFO] [1773107659.240452898] [gazebo_wind_plugin_node]: WindPlugin: set wind_speed=0.00 wind_direction=0.0
[gzserver-2] [INFO] [1773107659.491715426] [gazebo_wind_plugin_node]: WindPlugin: set wind_speed=0.00 wind_direction=0.0
[gzserver-2] [INFO] [1773107659.735799409] [gazebo_wind_plugin_node]: WindPlugin: set wind_speed=0.00 wind_direction=0.0
[gzserver-2] [INFO] [1773107659.975281228] [gazebo_wind_plugin_node]: WindPlugin: set wind_speed=0.00 wind_direction=0.0
[gzserver-2] [INFO] [1773107660.214754298] [gazebo_wind_plugin_node]: WindPlugin: set wind_speed=0.00 wind_direction=0.0
[gzserver-2] [INFO] [1773107660.455581080] [gazebo_wind_plugin_node]: WindPlugin: set wind_speed=0.00 wind_direction=0.0
[gzserver-2] [0m[1;36m[Dbg] [wind_plugin.cpp:110] [0m[1;36mWindPlugin: received command -> speed=[0m[1;36m0[0m[1;36m dir=[0m[1;36m0[0m[1;36m
[gzserver-2] [0m[1;36m[Dbg] [wind_plugin.cpp:110] [0m[1;36mWindPlugin: received command -> speed=[0m[1;36m0[0m[1;36m dir=[0m[1;36m0[0m[1;36m
[gzserver-2] [0m[1;36m[Dbg] [wind_plugin.cpp:110] [0m[1;36mWindPlugin: received command -> speed=[0m[1;36m0[0m[1;36m dir=[0m[1;36m0[0m[1;36m
[gzserver-2] [0m[1;36m[Dbg] [wind_plugin.cpp:110] [0m[1;36mWindPlugin: received command -> speed=[0m[1;36m0[0m[1;36m dir=[0m[1;36m0[0m[1;36m
[gzserver-2] [0m[1;36m[Dbg] [wind_plugin.cpp:110] [0m[1;36mWindPlugin: received command -> speed=[0m[1;36m0[0m[1;36m dir=[0m[1;36m0[0m[1;36m
[gzserver-2] [0m[1;36m[Dbg] [wind_plugin.cpp:110] [0m[1;36mWindPlugin: received command -> speed=[0m[1;36m0[0m[1;36m dir=[0m[1;36m0[0m[1;36m
[gzserver-2] [0m[1;36m[Dbg] [wind_plugin.cpp:110] [0m[1;36mWindPlugin: received command -> speed=[0m[1;36m0[0m[1;36m dir=[0m[1;36m0[0m[1;36m
[gzserver-2] [0m[1;36m[Dbg] [wind_plugin.cpp:110] [0m[1;36mWindPlugin: received command -> speed=[0m[1;36m0[0m[1;36m dir=[0m[1;36m0[0m[1;36m
[gzserver-2] [0mEntering flying model!
[gzserver-2] [INFO] [1773107660.697452544] [gazebo_wind_plugin_node]: WindPlugin: set wind_speed=0.00 wind_direction=0.0
[gzserver-2] [INFO] [1773107660.939931322] [gazebo_wind_plugin_node]: WindPlugin: set wind_speed=1.20 wind_direction=18.9
[gzserver-2] [INFO] [1773107661.182023064] [gazebo_wind_plugin_node]: WindPlugin: set wind_speed=1.25 wind_direction=20.4
[gzserver-2] [INFO] [1773107661.436519423] [gazebo_wind_plugin_node]: WindPlugin: set wind_speed=1.25 wind_direction=20.4
[gzserver-2] [INFO] [1773107661.679361544] [gazebo_wind_plugin_node]: WindPlugin: set wind_speed=1.25 wind_direction=20.4
[gzserver-2] [INFO] [1773107661.918966753] [gazebo_wind_plugin_node]: WindPlugin: set wind_speed=1.25 wind_direction=20.4
[gzserver-2] [INFO] [1773107662.154487778] [gazebo_wind_plugin_node]: WindPlugin: set wind_speed=1.25 wind_direction=20.4
[gzserver-2] [INFO] [1773107662.389364460] [gazebo_wind_plugin_node]: WindPlugin: set wind_speed=1.20 wind_direction=21.6
[gzserver-2] [INFO] [1773107662.629366808] [gazebo_wind_plugin_node]: WindPlugin: set wind_speed=1.20 wind_direction=21.6
[gzserver-2] [INFO] [1773107662.864021363] [gazebo_wind_plugin_node]: WindPlugin: set wind_speed=1.20 wind_direction=21.6
[gzserver-2] [INFO] [1773107663.098724592] [gazebo_wind_plugin_node]: WindPlugin: set wind_speed=1.20 wind_direction=21.6
[gzserver-2] [INFO] [1773107663.333424165] [gazebo_wind_plugin_node]: WindPlugin: set wind_speed=1.30 wind_direction=20.6
[gzserver-2] [INFO] [1773107663.567956720] [gazebo_wind_plugin_node]: WindPlugin: set wind_speed=1.30 wind_direction=20.6
[gzserver-2] [INFO] [1773107663.802563153] [gazebo_wind_plugin_node]: WindPlugin: set wind_speed=1.30 wind_direction=20.6
[gzserver-2] [INFO] [1773107664.047024420] [gazebo_wind_plugin_node]: WindPlugin: set wind_speed=1.30 wind_direction=20.6
[gzserver-2] [INFO] [1773107664.296373557] [gazebo_wind_plugin_node]: WindPlugin: set wind_speed=1.14 wind_direction=19.1
[gzserver-2] [INFO] [1773107664.551898026] [gazebo_wind_plugin_node]: WindPlugin: set wind_speed=1.14 wind_direction=19.1
[gzserver-2] [INFO] [1773107664.795042002] [gazebo_wind_plugin_node]: WindPlugin: set wind_speed=1.14 wind_direction=19.1
[gzserver-2] [INFO] [1773107665.035574055] [gazebo_wind_plugin_node]: WindPlugin: set wind_speed=1.14 wind_direction=19.1
[gzserver-2] [INFO] [1773107665.274812527] [gazebo_wind_plugin_node]: WindPlugin: set wind_speed=1.30 wind_direction=17.8
[gzserver-2] [INFO] [1773107665.528332447] [gazebo_wind_plugin_node]: WindPlugin: set wind_speed=1.30 wind_direction=17.8
[gzserver-2] [INFO] [1773107665.783562740] [gazebo_wind_plugin_node]: WindPlugin: set wind_speed=1.30 wind_direction=17.8
[gzserver-2] [INFO] [1773107666.030431687] [gazebo_wind_plugin_node]: WindPlugin: set wind_speed=1.30 wind_direction=17.8
[gzserver-2] [INFO] [1773107666.271192086] [gazebo_wind_plugin_node]: WindPlugin: set wind_speed=1.08 wind_direction=19.6
[gzserver-2] [INFO] [1773107666.516949354] [gazebo_wind_plugin_node]: WindPlugin: set wind_speed=1.08 wind_direction=19.6
[gzserver-2] [INFO] [1773107666.756603598] [gazebo_wind_plugin_node]: WindPlugin: set wind_speed=1.08 wind_direction=19.6
[gzserver-2] [INFO] [1773107666.795953811] [drone.simple_drone]: Quadrotor lands!!
[gzserver-2] [INFO] [1773107667.004548617] [gazebo_wind_plugin_node]: WindPlugin: set wind_speed=1.08 wind_direction=19.6
[gzserver-2] [INFO] [1773107667.251618192] [gazebo_wind_plugin_node]: WindPlugin: set wind_speed=1.29 wind_direction=17.1
[gzserver-2] [1;36m[Dbg] [wind_plugin.cpp:110] [0m[1;36mWindPlugin: received command -> speed=[0m[1;36m0[0m[1;36m dir=[0m[1;36m0[0m[1;36m
[gzserver-2] [0m[1;36m[Dbg] [wind_plugin.cpp:110] [0m[1;36mWindPlugin: received command -> speed=[0m[1;36m1.2043[0m[1;36m dir=[0m[1;36m18.8755[0m[1;36m
[gzserver-2] [0m[1;36m[Dbg] [wind_plugin.cpp:110] [0m[1;36mWindPlugin: received command -> speed=[0m[1;36m1.25149[0m[1;36m dir=[0m[1;36m20.3557[0m[1;36m
[gzserver-2] [0m[1;36m[Dbg] [wind_plugin.cpp:110] [0m[1;36mWindPlugin: received command -> speed=[0m[1;36m1.25149[0m[1;36m dir=[0m[1;36m20.3557[0m[1;36m
[gzserver-2] [0m[1;36m[Dbg] [wind_plugin.cpp:110] [0m[1;36mWindPlugin: received command -> speed=[0m[1;36m1.25149[0m[1;36m dir=[0m[1;36m20.3557[0m[1;36m
[gzserver-2] [0m[1;36m[Dbg] [wind_plugin.cpp:110] [0m[1;36mWindPlugin: received command -> speed=[0m[1;36m1.25149[0m[1;36m dir=[0m[1;36m20.3557[0m[1;36m
[gzserver-2] [0m[1;36m[Dbg] [wind_plugin.cpp:110] [0m[1;36mWindPlugin: received command -> speed=[0m[1;36m1.25149[0m[1;36m dir=[0m[1;36m20.3557[0m[1;36m
[gzserver-2] [0m[1;36m[Dbg] [wind_plugin.cpp:110] [0m[1;36mWindPlugin: received command -> speed=[0m[1;36m1.1991[0m[1;36m dir=[0m[1;36m21.5642[0m[1;36m
[gzserver-2] [0m[1;36m[Dbg] [wind_plugin.cpp:110] [0m[1;36mWindPlugin: received command -> speed=[0m[1;36m1.1991[0m[1;36m dir=[0m[1;36m21.5642[0m[1;36m
[gzserver-2] [0m[1;36m[Dbg] [wind_plugin.cpp:110] [0m[1;36mWindPlugin: received command -> speed=[0m[1;36m1.1991[0m[1;36m dir=[0m[1;36m21.5642[0m[1;36m
[gzserver-2] [0m[1;36m[Dbg] [wind_plugin.cpp:110] [0m[1;36mWindPlugin: received command -> speed=[0m[1;36m1.1991[0m[1;36m dir=[0m[1;36m21.5642[0m[1;36m
[gzserver-2] [0m[1;36m[Dbg] [wind_plugin.cpp:110] [0m[1;36mWindPlugin: received command -> speed=[0m[1;36m1.29732[0m[1;36m dir=[0m[1;36m20.5809[0m[1;36m
[gzserver-2] [0m[1;36m[Dbg] [wind_plugin.cpp:110] [0m[1;36mWindPlugin: received command -> speed=[0m[1;36m1.29732[0m[1;36m dir=[0m[1;36m20.5809[0m[1;36m
[gzserver-2] [0m[1;36m[Dbg] [wind_plugin.cpp:110] [0m[1;36mWindPlugin: received command -> speed=[0m[1;36m1.29732[0m[1;36m dir=[0m[1;36m20.5809[0m[1;36m
[gzserver-2] [0m[1;36m[Dbg] [wind_plugin.cpp:110] [0m[1;36mWindPlugin: received command -> speed=[0m[1;36m1.29732[0m[1;36m dir=[0m[1;36m20.5809[0m[1;36m
[gzserver-2] [0m[1;36m[Dbg] [wind_plugin.cpp:110] [0m[1;36mWindPlugin: received command -> speed=[0m[1;36m1.13955[0m[1;36m dir=[0m[1;36m19.1286[0m[1;36m
[gzserver-2] [0m[1;36m[Dbg] [wind_plugin.cpp:110] [0m[1;36mWindPlugin: received command -> speed=[0m[1;36m1.13955[0m[1;36m dir=[0m[1;36m19.1286[0m[1;36m
[gzserver-2] [0m[1;36m[Dbg] [wind_plugin.cpp:110] [0m[1;36mWindPlugin: received command -> speed=[0m[1;36m1.13955[0m[1;36m dir=[0m[1;36m19.1286[0m[1;36m
[gzserver-2] [0m[1;36m[Dbg] [wind_plugin.cpp:110] [0m[1;36mWindPlugin: received command -> speed=[0m[1;36m1.13955[0m[1;36m dir=[0m[1;36m19.1286[0m[1;36m
[gzserver-2] [0m[1;36m[Dbg] [wind_plugin.cpp:110] [0m[1;36mWindPlugin: received command -> speed=[0m[1;36m1.30498[0m[1;36m dir=[0m[1;36m17.804[0m[1;36m
[gzserver-2] [0m[1;36m[Dbg] [wind_plugin.cpp:110] [0m[1;36mWindPlugin: received command -> speed=[0m[1;36m1.30498[0m[1;36m dir=[0m[1;36m17.804[0m[1;36m
[gzserver-2] [0m[1;36m[Dbg] [wind_plugin.cpp:110] [0m[1;36mWindPlugin: received command -> speed=[0m[1;36m1.30498[0m[1;36m dir=[0m[1;36m17.804[0m[1;36m
[gzserver-2] [0m[1;36m[Dbg] [wind_plugin.cpp:110] [0m[1;36mWindPlugin: received command -> speed=[0m[1;36m1.30498[0m[1;36m dir=[0m[1;36m17.804[0m[1;36m
[gzserver-2] [0m[1;36m[Dbg] [wind_plugin.cpp:110] [0m[1;36mWindPlugin: received command -> speed=[0m[1;36m1.07838[0m[1;36m dir=[0m[1;36m19.6409[0m[1;36m
[gzserver-2] [0m[1;36m[Dbg] [wind_plugin.cpp:110] [0m[1;36mWindPlugin: received command -> speed=[0m[1;36m1.07838[0m[1;36m dir=[0m[1;36m19.6409[0m[1;36m
[gzserver-2] [0m[1;36m[Dbg] [wind_plugin.cpp:110] [0m[1;36mWindPlugin: received command -> speed=[0m[1;36m1.07838[0m[1;36m dir=[0m[1;36m19.6409[0m[1;36m
[gzserver-2] [0m[1;36m[Dbg] [wind_plugin.cpp:110] [0m[1;36mWindPlugin: received command -> speed=[0m[1;36m1.07838[0m[1;36m dir=[0m[1;36m19.6409[0m[1;36m
[gzserver-2] [INFO] [1773107667.491108313] [gazebo_wind_plugin_node]: WindPlugin: set wind_speed=1.29 wind_direction=17.1
[gzserver-2] [INFO] [1773107667.725781617] [gazebo_wind_plugin_node]: WindPlugin: set wind_speed=1.29 wind_direction=17.1
[gzserver-2] [0m[1;36m[Dbg] [wind_plugin.cpp:110] [0m[1;36mWindPlugin: received command -> speed=[0m[1;36m1.28844[0m[1;36m dir=[0m[1;36m17.0756[0m[1;36m
[gzserver-2] [0m[1;36m[Dbg] [wind_plugin.cpp:110] [0m[1;36mWindPlugin: received command -> speed=[0m[1;36m1.28844[0m[1;36m dir=[0m[1;36m17.0756[0m[1;36m
[gzserver-2] [0m[1;36m[Dbg] [wind_plugin.cpp:110] [0m[1;36mWindPlugin: received command -> speed=[0m[1;36m1.28844[0m[1;36m dir=[0m[1;36m17.0756[0m[1;36m
[gzserver-2] [0mLanded!
[gzserver-2] [INFO] [1773107667.956530654] [gazebo_wind_plugin_node]: WindPlugin: set wind_speed=1.29 wind_direction=17.1
[gzserver-2] [INFO] [1773107668.203209310] [gazebo_wind_plugin_node]: WindPlugin: set wind_speed=1.19 wind_direction=21.2
[gzserver-2] [INFO] [1773107668.442641881] [gazebo_wind_plugin_node]: WindPlugin: set wind_speed=1.19 wind_direction=21.2
[gzserver-2] [INFO] [1773107668.682833311] [gazebo_wind_plugin_node]: WindPlugin: set wind_speed=1.19 wind_direction=21.2
[gzserver-2] [INFO] [1773107668.926427067] [gazebo_wind_plugin_node]: WindPlugin: set wind_speed=1.19 wind_direction=21.2
[gzserver-2] [INFO] [1773107669.157939988] [gazebo_wind_plugin_node]: WindPlugin: set wind_speed=1.19 wind_direction=21.2
[gzserver-2] [INFO] [1773107669.397410511] [gazebo_wind_plugin_node]: WindPlugin: set wind_speed=1.23 wind_direction=20.8
[gzserver-2] [INFO] [1773107669.636830877] [gazebo_wind_plugin_node]: WindPlugin: set wind_speed=1.23 wind_direction=20.8
