[INFO] [launch]: All log files can be found below /home/j/.ros/log/2026-03-09-16-32-34-554360-j-1532856
[INFO] [launch]: Default logging verbosity is set to INFO
[INFO] [launch.user]: [bringup] Apriltag config: camera=/drone/bottom, image=/drone/bottom/image_raw, tags=/drone/bottom/tags, bridge=/landing_tag_state, standalone=true, use_target_id=true, target_id=0
[INFO] [rviz2-1]: process started with pid [1532874]
[INFO] [gzserver-2]: process started with pid [1532876]
[INFO] [robot_state_publisher-3]: process started with pid [1532878]
[INFO] [joint_state_publisher-4]: process started with pid [1532880]
[INFO] [spawn_drone-5]: process started with pid [1532882]
[INFO] [static_transform_publisher-6]: process started with pid [1532884]
[INFO] [joy_node-7]: process started with pid [1532886]
[INFO] [teleop_joystick-8]: process started with pid [1532888]
[INFO] [apriltag_detector_node-9]: process started with pid [1532890]
[INFO] [apriltag_state_bridge-10]: process started with pid [1532892]
[static_transform_publisher-6] [WARN] [1773041555.079706575] []: Old-style arguments are deprecated; see --help for new-style arguments
[static_transform_publisher-6] [INFO] [1773041555.086170354] [static_transform_publisher_RS903s28Sb7MIzZa]: Spinning until stopped - publishing transform
[static_transform_publisher-6] translation: ('0.000000', '0.000000', '0.000000')
[static_transform_publisher-6] rotation: ('0.000000', '0.000000', '0.000000', '1.000000')
[static_transform_publisher-6] from 'world' to '/drone/odom'
[robot_state_publisher-3] [INFO] [1773041555.190260793] [drone.robot_state_publisher]: got segment base_footprint
[robot_state_publisher-3] [INFO] [1773041555.190387549] [drone.robot_state_publisher]: got segment base_link
[robot_state_publisher-3] [INFO] [1773041555.190404684] [drone.robot_state_publisher]: got segment bottom_cam_link
[robot_state_publisher-3] [INFO] [1773041555.190416004] [drone.robot_state_publisher]: got segment front_cam_link
[robot_state_publisher-3] [INFO] [1773041555.190425519] [drone.robot_state_publisher]: got segment sonar_link
[apriltag_detector_node-9] [INFO] [1773041555.248381309] [apriltag_detector_node]: tag detector type: umich
[teleop_joystick-8] Traceback (most recent call last):
[teleop_joystick-8]   File "/home/j/INCSL/IICC26_ws/install/sjtu_drone_control/lib/sjtu_drone_control/teleop_joystick", line 33, in <module>
[teleop_joystick-8]     sys.exit(load_entry_point('sjtu_drone_control==0.0.0', 'console_scripts', 'teleop_joystick')())
[teleop_joystick-8]   File "/home/j/INCSL/IICC26_ws/install/sjtu_drone_control/lib/sjtu_drone_control/teleop_joystick", line 22, in importlib_load_entry_point
[teleop_joystick-8]     for entry_point in distribution(dist_name).entry_points
[teleop_joystick-8]   File "/usr/lib/python3.10/importlib/metadata/__init__.py", line 969, in distribution
[teleop_joystick-8]     return Distribution.from_name(distribution_name)
[teleop_joystick-8]   File "/usr/lib/python3.10/importlib/metadata/__init__.py", line 548, in from_name
[teleop_joystick-8]     raise PackageNotFoundError(name)
[teleop_joystick-8] importlib.metadata.PackageNotFoundError: No package metadata was found for sjtu_drone_control
[ERROR] [teleop_joystick-8]: process has died [pid 1532888, exit code 1, cmd '/home/j/INCSL/IICC26_ws/install/sjtu_drone_control/lib/sjtu_drone_control/teleop_joystick --ros-args -r __ns:=/drone'].
[gzserver-2] Gazebo multi-robot simulator, version 11.10.2
[gzserver-2] Copyright (C) 2012 Open Source Robotics Foundation.
[gzserver-2] Released under the Apache 2 License.
[gzserver-2] http://gazebosim.org
[gzserver-2] 
[gzserver-2] [1;33m[Wrn] [gazebo_ros_init.cpp:178] [0m[1;33m
[gzserver-2] #     # ####### ####### ###  #####  #######
[gzserver-2] ##    # #     #    #     #  #     # #
[gzserver-2] # #   # #     #    #     #  #       #
[gzserver-2] #  #  # #     #    #     #  #       #####
[gzserver-2] #   # # #     #    #     #  #       #
[gzserver-2] #    ## #     #    #     #  #     # #
[gzserver-2] #     # #######    #    ###  #####  #######
[gzserver-2] 
[gzserver-2] This version of Gazebo, now called Gazebo classic, reaches end-of-life
[gzserver-2] in January 2025. Users are highly encouraged to migrate to the new Gazebo
[gzserver-2] using our migration guides (https://gazebosim.org/docs/latest/gazebo_classic_migration?utm_source=gazebo_ros_pkgs&utm_medium=cli)
[gzserver-2] 
[gzserver-2] [0m[1;33m
[joint_state_publisher-4] [INFO] [1773041556.039262446] [drone.joint_state_publisher]: Waiting for robot_description to be published on the robot_description topic...
[apriltag_state_bridge-10] [INFO] [1773041556.144205787] [apriltag_state_bridge]: AprilTag bridge started: /drone/bottom/tags -> /landing_tag_state, use_target_id=True, target_id=0
[rviz2-1] [INFO] [1773041556.897828573] [rviz2]: Stereo is NOT SUPPORTED
[rviz2-1] [INFO] [1773041556.897920364] [rviz2]: OpenGl version: 4.6 (GLSL 4.6)
[rviz2-1] [INFO] [1773041557.054439908] [rviz2]: Stereo is NOT SUPPORTED
[spawn_drone-5] [INFO] [1773041557.260026645] [spawn_drone]: service not available, waiting again...
[rviz2-1] [INFO] [1773041557.305615337] [rviz2]: Stereo is NOT SUPPORTED
[gzserver-2] [1;32m[Msg] [0m[1;32mWaiting for master.[0m[1;32m
[gzserver-2] [0m[1;32m[0m[1;32m[0m[1;32m[Msg] [0m[1;32mConnected to gazebo master @ [0m[1;32mhttp://127.0.0.1:11345[0m[1;32m
[gzserver-2] [0m[1;32m[0m[1;32m[0m[1;32m[Msg] [0m[1;32mPublicized address: [0m[1;32m172.16.52.147[0m[1;32m
[gzserver-2] [0m[1;32m[0m[1;32m[0m[1;32m[Msg] [0m[1;32mLoading world file [[0m[1;32m/home/j/INCSL/IICC26_ws/install/sjtu_drone_description/share/sjtu_drone_description/worlds/landingPad.world[0m[1;32m][0m[1;32m
[gzserver-2] [0m[1;32m[0m[1;32m[0m[1;36m[Dbg] [wind_plugin.cpp:96] [0m[1;36mWindPlugin loaded: speed=[0m[1;36m0[0m[1;36m dir=[0m[1;36m0[0m[1;36m deg area=[0m[1;36m0.1[0m[1;36m coeff=[0m[1;36m1[0m[1;36m
[gzserver-2] [0m[1;33m[0m[1;33m[0m[1;31m[Err] [Sensor.cc:510] [0m[1;31mGet noise index not valid[0m[1;31m
[gzserver-2] [0m[1;31m[0m[1;31m[0m[1;31m[Err] [Sensor.cc:510] [0m[1;31mGet noise index not valid[0m[1;31m
[gzserver-2] [0m[1;31m[0m[1;31m[0m[1;31m[Err] [Sensor.cc:510] [0m[1;31mGet noise index not valid[0m[1;31m
[gzserver-2] [0m[1;31m[0m[1;31m[0m[1;31m[Err] [Sensor.cc:510] [0m[1;31mGet noise index not valid[0m[1;31m
[gzserver-2] [0m[1;31m[0m[1;31m[0m[1;31m[Err] [Sensor.cc:510] [0m[1;31mGet noise index not valid[0m[1;31m
[gzserver-2] [0m[1;31m[0m[1;31m[0m[1;31m[Err] [Sensor.cc:510] [0m[1;31mGet noise index not valid[0m[1;31m
[gzserver-2] [0m[1;31m[0m[1;31m[0mTopic [default//drone/base_footprint/down_camera/image] is not valid.
[gzserver-2] [INFO] [1773041557.772638296] [drone.collision_plugin]: Publishing contact states to [/drone/bumper_states]
[gzserver-2] Topic [default//drone/base_footprint/front_camera/image] is not valid.
[gzserver-2] [1;33m[Wrn] [Event.cc:61] [0m[1;33mWarning: Deleting a connection right after creation. [0m[1;33mMake sure to save the ConnectionPtr from a Connect call
[gzserver-2] [0m[INFO] [1773041558.231739627] [drone.camera_bottom]: Publishing camera info to [/drone/bottom/camera_info]
[gzserver-2] [INFO] [1773041558.264147524] [drone.camera_front]: Publishing camera info to [/drone/front/camera_info]
[spawn_drone-5] [INFO] [1773041558.267035486] [spawn_drone]: Result True SpawnEntity: Successfully spawned entity [/drone]
[gzserver-2] [INFO] [1773041558.415587773] [drone.simple_drone]: The drone plugin is loading!
[gzserver-2] [INFO] [1773041558.415951665] [drone.simple_drone]: pub_odom: 1
[gzserver-2] [INFO] [1773041558.416001451] [drone.simple_drone]: Using following parameters: 
[gzserver-2] 		link_name: base_footprint,
[gzserver-2] 		max_force: 30,
[gzserver-2] 		motion_small_noise: 0,
[gzserver-2] 		motion_drift_noise: 0,
[gzserver-2] 		motion_drift_noise_time: 50,
[gzserver-2] 		takeoff_hover_height: 1.67,
[gzserver-2] 		takeoff_vertical_speed: 0.2
[gzserver-2] [INFO] [1773041558.445881122] [drone.simple_drone]: Using the PID parameters: 
[gzserver-2] 	Roll Pitch:
[gzserver-2] 		kP: 10, kI: 0,kD: 5, Limit: 0.5, Time Constant: 0
[gzserver-2] 	Yaw:
[gzserver-2] 		kP: 2, kI: 0,kD: 1, Limit: 1.5, Time Constant: 0
[gzserver-2] 	Velocity X:
[gzserver-2] 		kP: 5, kI: 0,kD: 2.3, Limit: 2, Time Constant: 0
[gzserver-2] 	Velocity Y:
[gzserver-2] 		kP: 5, kI: 0,kD: 2.3, Limit: 2, Time Constant: 0
[gzserver-2] 	Velocity Z:
[gzserver-2] 		kP: 5, kI: 0,kD: 1, Limit: -1, Time Constant: 0
[gzserver-2] 	Position XY:
[gzserver-2] 		kP: 1.1, kI: 0,kD: 0, Limit: 5, Time Constant: 0
[gzserver-2] 	Position Z:
[gzserver-2] 		kP: 1, kI: 0,kD: 0.2, Limit: -1, Time Constant: 0
[gzserver-2] [INFO] [1773041558.446111475] [drone.simple_drone]: The drone plugin finished loading!
[INFO] [spawn_drone-5]: process has finished cleanly [pid 1532882]
[gzserver-2] [INFO] [1773041564.423321991] [gazebo_wind_plugin_node]: WindPlugin: set wind_speed=0.00 wind_direction=0.0
[gzserver-2] [INFO] [1773041564.742610099] [drone.simple_drone]: Quadrotor takes off!!
[gzserver-2] [INFO] [1773041564.944863065] [gazebo_wind_plugin_node]: WindPlugin: set wind_speed=0.00 wind_direction=0.0
[gzserver-2] [INFO] [1773041565.666113244] [gazebo_wind_plugin_node]: WindPlugin: set wind_speed=0.00 wind_direction=0.0
[gzserver-2] [0m[1;36m[Dbg] [wind_plugin.cpp:110] [0m[1;36mWindPlugin: received command -> speed=[0m[1;36m0[0m[1;36m dir=[0m[1;36m0[0m[1;36m
[gzserver-2] [0m[1;36m[Dbg] [wind_plugin.cpp:110] [0m[1;36mWindPlugin: received command -> speed=[0m[1;36m0[0m[1;36m dir=[0m[1;36m0[0m[1;36m
[gzserver-2] [0m[1;36m[Dbg] [wind_plugin.cpp:110] [0m[1;36mWindPlugin: received command -> speed=[0m[1;36m0[0m[1;36m dir=[0m[1;36m0[0m[1;36m
[gzserver-2] [0mEntering flying model!
[gzserver-2] [INFO] [1773041566.378328475] [gazebo_wind_plugin_node]: WindPlugin: set wind_speed=0.00 wind_direction=0.0
[gzserver-2] [INFO] [1773041567.083180906] [gazebo_wind_plugin_node]: WindPlugin: set wind_speed=0.00 wind_direction=0.0
[gzserver-2] [INFO] [1773041567.784268399] [gazebo_wind_plugin_node]: WindPlugin: set wind_speed=0.00 wind_direction=0.0
[gzserver-2] [INFO] [1773041568.497743966] [gazebo_wind_plugin_node]: WindPlugin: set wind_speed=0.00 wind_direction=0.0
[gzserver-2] [INFO] [1773041569.208007223] [gazebo_wind_plugin_node]: WindPlugin: set wind_speed=0.00 wind_direction=0.0
[gzserver-2] [INFO] [1773041569.922237698] [gazebo_wind_plugin_node]: WindPlugin: set wind_speed=0.00 wind_direction=0.0
[gzserver-2] [INFO] [1773041570.626369625] [gazebo_wind_plugin_node]: WindPlugin: set wind_speed=0.00 wind_direction=0.0
[gzserver-2] [INFO] [1773041571.340934751] [gazebo_wind_plugin_node]: WindPlugin: set wind_speed=0.00 wind_direction=0.0
[gzserver-2] [INFO] [1773041572.060364194] [gazebo_wind_plugin_node]: WindPlugin: set wind_speed=0.00 wind_direction=0.0
[gzserver-2] [INFO] [1773041572.764789044] [gazebo_wind_plugin_node]: WindPlugin: set wind_speed=0.00 wind_direction=0.0
[gzserver-2] [INFO] [1773041573.479388532] [gazebo_wind_plugin_node]: WindPlugin: set wind_speed=0.00 wind_direction=0.0
[gzserver-2] [INFO] [1773041574.188254014] [gazebo_wind_plugin_node]: WindPlugin: set wind_speed=0.00 wind_direction=0.0
[gzserver-2] [INFO] [1773041574.896596700] [gazebo_wind_plugin_node]: WindPlugin: set wind_speed=5.57 wind_direction=35.4
[gzserver-2] [INFO] [1773041575.600478679] [gazebo_wind_plugin_node]: WindPlugin: set wind_speed=6.58 wind_direction=39.9
[gzserver-2] [INFO] [1773041576.306201864] [gazebo_wind_plugin_node]: WindPlugin: set wind_speed=7.99 wind_direction=41.5
[gzserver-2] [INFO] [1773041577.015924028] [gazebo_wind_plugin_node]: WindPlugin: set wind_speed=8.19 wind_direction=41.2
[gzserver-2] [INFO] [1773041577.568497682] [gazebo_wind_plugin_node]: WindPlugin: set wind_speed=7.78 wind_direction=37.2
[gzserver-2] [INFO] [1773041578.276473157] [gazebo_wind_plugin_node]: WindPlugin: set wind_speed=6.69 wind_direction=41.2
[gzserver-2] [INFO] [1773041578.986775698] [gazebo_wind_plugin_node]: WindPlugin: set wind_speed=5.46 wind_direction=33.9
[gzserver-2] [INFO] [1773041579.705502472] [gazebo_wind_plugin_node]: WindPlugin: set wind_speed=5.04 wind_direction=34.3
[gzserver-2] [INFO] [1773041580.413798806] [gazebo_wind_plugin_node]: WindPlugin: set wind_speed=5.51 wind_direction=28.6
[gzserver-2] [INFO] [1773041581.132714963] [gazebo_wind_plugin_node]: WindPlugin: set wind_speed=6.70 wind_direction=22.7
[gzserver-2] [INFO] [1773041581.840565358] [gazebo_wind_plugin_node]: WindPlugin: set wind_speed=7.84 wind_direction=24.8
[gzserver-2] [INFO] [1773041582.549831565] [gazebo_wind_plugin_node]: WindPlugin: set wind_speed=8.22 wind_direction=23.1
[gzserver-2] [INFO] [1773041583.258097958] [gazebo_wind_plugin_node]: WindPlugin: set wind_speed=7.62 wind_direction=23.8
[gzserver-2] [INFO] [1773041583.966627301] [gazebo_wind_plugin_node]: WindPlugin: set wind_speed=6.31 wind_direction=21.7
[gzserver-2] [INFO] [1773041584.684910596] [gazebo_wind_plugin_node]: WindPlugin: set wind_speed=4.91 wind_direction=30.0
[gzserver-2] [INFO] [1773041585.393958397] [gazebo_wind_plugin_node]: WindPlugin: set wind_speed=5.01 wind_direction=33.9
[gzserver-2] [1;36m[Dbg] [wind_plugin.cpp:110] [0m[1;36mWindPlugin: received command -> speed=[0m[1;36m0[0m[1;36m dir=[0m[1;36m0[0m[1;36m
[gzserver-2] [0m[1;36m[Dbg] [wind_plugin.cpp:110] [0m[1;36mWindPlugin: received command -> speed=[0m[1;36m0[0m[1;36m dir=[0m[1;36m0[0m[1;36m
[gzserver-2] [0m[1;36m[Dbg] [wind_plugin.cpp:110] [0m[1;36mWindPlugin: received command -> speed=[0m[1;36m0[0m[1;36m dir=[0m[1;36m0[0m[1;36m
[gzserver-2] [0m[1;36m[Dbg] [wind_plugin.cpp:110] [0m[1;36mWindPlugin: received command -> speed=[0m[1;36m0[0m[1;36m dir=[0m[1;36m0[0m[1;36m
[gzserver-2] [0m[1;36m[Dbg] [wind_plugin.cpp:110] [0m[1;36mWindPlugin: received command -> speed=[0m[1;36m0[0m[1;36m dir=[0m[1;36m0[0m[1;36m
[gzserver-2] [0m[1;36m[Dbg] [wind_plugin.cpp:110] [0m[1;36mWindPlugin: received command -> speed=[0m[1;36m0[0m[1;36m dir=[0m[1;36m0[0m[1;36m
[gzserver-2] [0m[1;36m[Dbg] [wind_plugin.cpp:110] [0m[1;36mWindPlugin: received command -> speed=[0m[1;36m0[0m[1;36m dir=[0m[1;36m0[0m[1;36m
[gzserver-2] [0m[1;36m[Dbg] [wind_plugin.cpp:110] [0m[1;36mWindPlugin: received command -> speed=[0m[1;36m0[0m[1;36m dir=[0m[1;36m0[0m[1;36m
[gzserver-2] [0m[1;36m[Dbg] [wind_plugin.cpp:110] [0m[1;36mWindPlugin: received command -> speed=[0m[1;36m0[0m[1;36m dir=[0m[1;36m0[0m[1;36m
[gzserver-2] [0m[1;36m[Dbg] [wind_plugin.cpp:110] [0m[1;36mWindPlugin: received command -> speed=[0m[1;36m0[0m[1;36m dir=[0m[1;36m0[0m[1;36m
[gzserver-2] [0m[1;36m[Dbg] [wind_plugin.cpp:110] [0m[1;36mWindPlugin: received command -> speed=[0m[1;36m0[0m[1;36m dir=[0m[1;36m0[0m[1;36m
[gzserver-2] [0m[1;36m[Dbg] [wind_plugin.cpp:110] [0m[1;36mWindPlugin: received command -> speed=[0m[1;36m0[0m[1;36m dir=[0m[1;36m0[0m[1;36m
[gzserver-2] [0m[1;36m[Dbg] [wind_plugin.cpp:110] [0m[1;36mWindPlugin: received command -> speed=[0m[1;36m5.56604[0m[1;36m dir=[0m[1;36m35.4303[0m[1;36m
[gzserver-2] [0m[1;36m[Dbg] [wind_plugin.cpp:110] [0m[1;36mWindPlugin: received command -> speed=[0m[1;36m6.58233[0m[1;36m dir=[0m[1;36m39.8799[0m[1;36m
[gzserver-2] [0m[1;36m[Dbg] [wind_plugin.cpp:110] [0m[1;36mWindPlugin: received command -> speed=[0m[1;36m7.98742[0m[1;36m dir=[0m[1;36m41.4684[0m[1;36m
[gzserver-2] [0m[1;36m[Dbg] [wind_plugin.cpp:110] [0m[1;36mWindPlugin: received command -> speed=[0m[1;36m8.1905[0m[1;36m dir=[0m[1;36m41.225[0m[1;36m
[gzserver-2] [0m[1;36m[Dbg] [wind_plugin.cpp:110] [0m[1;36mWindPlugin: received command -> speed=[0m[1;36m7.77748[0m[1;36m dir=[0m[1;36m37.2284[0m[1;36m
[gzserver-2] [0m[1;36m[Dbg] [wind_plugin.cpp:110] [0m[1;36mWindPlugin: received command -> speed=[0m[1;36m6.69037[0m[1;36m dir=[0m[1;36m41.2057[0m[1;36m
[gzserver-2] [0m[1;36m[Dbg] [wind_plugin.cpp:110] [0m[1;36mWindPlugin: received command -> speed=[0m[1;36m5.45561[0m[1;36m dir=[0m[1;36m33.8563[0m[1;36m
[gzserver-2] [0m[1;36m[Dbg] [wind_plugin.cpp:110] [0m[1;36mWindPlugin: received command -> speed=[0m[1;36m5.03842[0m[1;36m dir=[0m[1;36m34.335[0m[1;36m
[gzserver-2] [0m[1;36m[Dbg] [wind_plugin.cpp:110] [0m[1;36mWindPlugin: received command -> speed=[0m[1;36m5.51462[0m[1;36m dir=[0m[1;36m28.649[0m[1;36m
[gzserver-2] [0m[1;36m[Dbg] [wind_plugin.cpp:110] [0m[1;36mWindPlugin: received command -> speed=[0m[1;36m6.69927[0m[1;36m dir=[0m[1;36m22.6617[0m[1;36m
[gzserver-2] [0m[1;36m[Dbg] [wind_plugin.cpp:110] [0m[1;36mWindPlugin: received command -> speed=[0m[1;36m7.84157[0m[1;36m dir=[0m[1;36m24.8054[0m[1;36m
[gzserver-2] [0m[1;36m[Dbg] [wind_plugin.cpp:110] [0m[1;36mWindPlugin: received command -> speed=[0m[1;36m8.21786[0m[1;36m dir=[0m[1;36m23.1145[0m[1;36m
[gzserver-2] [0m[1;36m[Dbg] [wind_plugin.cpp:110] [0m[1;36mWindPlugin: received command -> speed=[0m[1;36m7.6227[0m[1;36m dir=[0m[1;36m23.7729[0m[1;36m
[gzserver-2] [0m[1;36m[Dbg] [wind_plugin.cpp:110] [0m[1;36mWindPlugin: received command -> speed=[0m[1;36m6.3075[0m[1;36m dir=[0m[1;36m21.7027[0m[1;36m
[gzserver-2] [0m[1;36m[Dbg] [wind_plugin.cpp:110] [0m[1;36mWindPlugin: received command -> speed=[0m[1;36m4.90544[0m[1;36m dir=[0m[1;36m29.9964[0m[1;36m
[gzserver-2] [INFO] [1773041586.102396501] [gazebo_wind_plugin_node]: WindPlugin: set wind_speed=5.72 wind_direction=31.5
[gzserver-2] [INFO] [1773041586.817824183] [gazebo_wind_plugin_node]: WindPlugin: set wind_speed=6.92 wind_direction=43.9
[gzserver-2] [INFO] [1773041587.526540457] [gazebo_wind_plugin_node]: WindPlugin: set wind_speed=8.11 wind_direction=40.6
[gzserver-2] [INFO] [1773041588.241104220] [gazebo_wind_plugin_node]: WindPlugin: set wind_speed=8.12 wind_direction=40.4
[gzserver-2] [INFO] [1773041588.959492891] [gazebo_wind_plugin_node]: WindPlugin: set wind_speed=7.45 wind_direction=40.5
[gzserver-2] [INFO] [1773041589.668860892] [gazebo_wind_plugin_node]: WindPlugin: set wind_speed=6.00 wind_direction=36.2
[gzserver-2] [INFO] [1773041590.386866573] [gazebo_wind_plugin_node]: WindPlugin: set wind_speed=5.08 wind_direction=36.5
[gzserver-2] [INFO] [1773041591.100574889] [gazebo_wind_plugin_node]: WindPlugin: set wind_speed=5.18 wind_direction=30.5
[gzserver-2] [INFO] [1773041591.804175951] [gazebo_wind_plugin_node]: WindPlugin: set wind_speed=5.68 wind_direction=26.6
[gzserver-2] [INFO] [1773041592.520285928] [gazebo_wind_plugin_node]: WindPlugin: set wind_speed=7.29 wind_direction=22.6
[gzserver-2] [INFO] [1773041593.233895348] [gazebo_wind_plugin_node]: WindPlugin: set wind_speed=7.90 wind_direction=19.6
[gzserver-2] [INFO] [1773041593.948209936] [gazebo_wind_plugin_node]: WindPlugin: set wind_speed=8.22 wind_direction=21.4
[gzserver-2] [INFO] [1773041594.188874339] [drone.simple_drone]: Quadrotor lands!!
[gzserver-2] [0m[1;36m[Dbg] [wind_plugin.cpp:110] [0m[1;36mWindPlugin: received command -> speed=[0m[1;36m5.01102[0m[1;36m dir=[0m[1;36m33.9403[0m[1;36m
[gzserver-2] [0m[1;36m[Dbg] [wind_plugin.cpp:110] [0m[1;36mWindPlugin: received command -> speed=[0m[1;36m5.72294[0m[1;36m dir=[0m[1;36m31.5018[0m[1;36m
[gzserver-2] [0m[1;36m[Dbg] [wind_plugin.cpp:110] [0m[1;36mWindPlugin: received command -> speed=[0m[1;36m6.92071[0m[1;36m dir=[0m[1;36m43.9053[0m[1;36m
[gzserver-2] [0m[1;36m[Dbg] [wind_plugin.cpp:110] [0m[1;36mWindPlugin: received command -> speed=[0m[1;36m8.1077[0m[1;36m dir=[0m[1;36m40.555[0m[1;36m
[gzserver-2] [0m[1;36m[Dbg] [wind_plugin.cpp:110] [0m[1;36mWindPlugin: received command -> speed=[0m[1;36m8.11637[0m[1;36m dir=[0m[1;36m40.3587[0m[1;36m
[gzserver-2] [0m[1;36m[Dbg] [wind_plugin.cpp:110] [0m[1;36mWindPlugin: received command -> speed=[0m[1;36m7.44762[0m[1;36m dir=[0m[1;36m40.465[0m[1;36m
[gzserver-2] [0m[1;36m[Dbg] [wind_plugin.cpp:110] [0m[1;36mWindPlugin: received command -> speed=[0m[1;36m5.9987[0m[1;36m dir=[0m[1;36m36.2261[0m[1;36m
[gzserver-2] [0m[1;36m[Dbg] [wind_plugin.cpp:110] [0m[1;36mWindPlugin: received command -> speed=[0m[1;36m5.0828[0m[1;36m dir=[0m[1;36m36.4603[0m[1;36m
[gzserver-2] [0m[1;36m[Dbg] [wind_plugin.cpp:110] [0m[1;36mWindPlugin: received command -> speed=[0m[1;36m5.17873[0m[1;36m dir=[0m[1;36m30.4709[0m[1;36m
[gzserver-2] [0m[1;36m[Dbg] [wind_plugin.cpp:110] [0m[1;36mWindPlugin: received command -> speed=[0m[1;36m5.68288[0m[1;36m dir=[0m[1;36m26.6178[0m[1;36m
[gzserver-2] [0m[1;36m[Dbg] [wind_plugin.cpp:110] [0m[1;36mWindPlugin: received command -> speed=[0m[1;36m7.28518[0m[1;36m dir=[0m[1;36m22.6309[0m[1;36m
[gzserver-2] [0m[1;36m[Dbg] [wind_plugin.cpp:110] [0m[1;36mWindPlugin: received command -> speed=[0m[1;36m7.90433[0m[1;36m dir=[0m[1;36m19.628[0m[1;36m
[gzserver-2] [0m[1;36m[Dbg] [wind_plugin.cpp:110] [0m[1;36mWindPlugin: received command -> speed=[0m[1;36m8.21528[0m[1;36m dir=[0m[1;36m21.3742[0m[1;36m
[gzserver-2] [0mLanded!
