[INFO] [launch]: All log files can be found below /home/j/.ros/log/2026-03-10-11-09-22-433109-j-409006
[INFO] [launch]: Default logging verbosity is set to INFO
[INFO] [launch.user]: [bringup] Apriltag config: camera=/drone/bottom, image=/drone/bottom/image_raw, tags=/drone/bottom/tags, bridge=/landing_tag_state, standalone=true, use_target_id=true, target_id=0
[INFO] [rviz2-1]: process started with pid [409007]
[INFO] [gzserver-2]: process started with pid [409009]
[INFO] [robot_state_publisher-3]: process started with pid [409011]
[INFO] [joint_state_publisher-4]: process started with pid [409013]
[INFO] [spawn_drone-5]: process started with pid [409015]
[INFO] [static_transform_publisher-6]: process started with pid [409017]
[INFO] [joy_node-7]: process started with pid [409019]
[INFO] [teleop_joystick-8]: process started with pid [409021]
[INFO] [apriltag_detector_node-9]: process started with pid [409023]
[INFO] [apriltag_state_bridge-10]: process started with pid [409025]
[static_transform_publisher-6] [WARN] [1773108562.914256509] []: Old-style arguments are deprecated; see --help for new-style arguments
[static_transform_publisher-6] [INFO] [1773108562.920305829] [static_transform_publisher_s5JyIgQJ7sRv1XZI]: Spinning until stopped - publishing transform
[static_transform_publisher-6] translation: ('0.000000', '0.000000', '0.000000')
[static_transform_publisher-6] rotation: ('0.000000', '0.000000', '0.000000', '1.000000')
[static_transform_publisher-6] from 'world' to '/drone/odom'
[rviz2-1] 
[rviz2-1] (rviz2:409007): dbind-WARNING **: 11:09:22.939: Couldn't connect to accessibility bus: Failed to connect to socket /root/.cache/at-spi/bus_0: 허가 거부
[robot_state_publisher-3] [INFO] [1773108562.947723507] [drone.robot_state_publisher]: got segment base_footprint
[robot_state_publisher-3] [INFO] [1773108562.947818336] [drone.robot_state_publisher]: got segment base_link
[robot_state_publisher-3] [INFO] [1773108562.947831023] [drone.robot_state_publisher]: got segment bottom_cam_link
[robot_state_publisher-3] [INFO] [1773108562.947838962] [drone.robot_state_publisher]: got segment front_cam_link
[robot_state_publisher-3] [INFO] [1773108562.947846203] [drone.robot_state_publisher]: got segment sonar_link
[apriltag_detector_node-9] [INFO] [1773108562.967771881] [apriltag_detector_node]: tag detector type: umich
[teleop_joystick-8] Traceback (most recent call last):
[teleop_joystick-8]   File "/home/j/INCSL/IICC26_ws/install/sjtu_drone_control/lib/sjtu_drone_control/teleop_joystick", line 33, in <module>
[teleop_joystick-8]     sys.exit(load_entry_point('sjtu_drone_control==0.0.0', 'console_scripts', 'teleop_joystick')())
[teleop_joystick-8]   File "/home/j/INCSL/IICC26_ws/install/sjtu_drone_control/lib/sjtu_drone_control/teleop_joystick", line 22, in importlib_load_entry_point
[teleop_joystick-8]     for entry_point in distribution(dist_name).entry_points
[teleop_joystick-8]   File "/usr/lib/python3.10/importlib/metadata/__init__.py", line 969, in distribution
[teleop_joystick-8]     return Distribution.from_name(distribution_name)
[teleop_joystick-8]   File "/usr/lib/python3.10/importlib/metadata/__init__.py", line 548, in from_name
[teleop_joystick-8]     raise PackageNotFoundError(name)
[teleop_joystick-8] importlib.metadata.PackageNotFoundError: No package metadata was found for sjtu_drone_control
[ERROR] [teleop_joystick-8]: process has died [pid 409021, exit code 1, cmd '/home/j/INCSL/IICC26_ws/install/sjtu_drone_control/lib/sjtu_drone_control/teleop_joystick --ros-args -r __ns:=/drone'].
[gzserver-2] Gazebo multi-robot simulator, version 11.10.2
[gzserver-2] Copyright (C) 2012 Open Source Robotics Foundation.
[gzserver-2] Released under the Apache 2 License.
[gzserver-2] http://gazebosim.org
[gzserver-2] 
[apriltag_state_bridge-10] [INFO] [1773108563.149313167] [apriltag_state_bridge]: AprilTag bridge started: /drone/bottom/tags -> /landing_tag_state, use_target_id=True, target_id=0
[joint_state_publisher-4] [INFO] [1773108563.191085631] [drone.joint_state_publisher]: Waiting for robot_description to be published on the robot_description topic...
[gzserver-2] [1;33m[Wrn] [gazebo_ros_init.cpp:178] [0m[1;33m
[gzserver-2] #     # ####### ####### ###  #####  #######
[gzserver-2] ##    # #     #    #     #  #     # #
[gzserver-2] # #   # #     #    #     #  #       #
[gzserver-2] #  #  # #     #    #     #  #       #####
[gzserver-2] #   # # #     #    #     #  #       #
[gzserver-2] #    ## #     #    #     #  #     # #
[gzserver-2] #     # #######    #    ###  #####  #######
[gzserver-2] 
[gzserver-2] This version of Gazebo, now called Gazebo classic, reaches end-of-life
[gzserver-2] in January 2025. Users are highly encouraged to migrate to the new Gazebo
[gzserver-2] using our migration guides (https://gazebosim.org/docs/latest/gazebo_classic_migration?utm_source=gazebo_ros_pkgs&utm_medium=cli)
[gzserver-2] 
[gzserver-2] [0m[1;33m
[rviz2-1] [INFO] [1773108563.307412581] [rviz2]: Stereo is NOT SUPPORTED
[rviz2-1] [INFO] [1773108563.307502553] [rviz2]: OpenGl version: 4.6 (GLSL 4.6)
[rviz2-1] [INFO] [1773108563.330314493] [rviz2]: Stereo is NOT SUPPORTED
[rviz2-1] [INFO] [1773108563.448953792] [rviz2]: Stereo is NOT SUPPORTED
[gzserver-2] [1;32m[Msg] [0m[1;32mWaiting for master.[0m[1;32m
[gzserver-2] [0m[1;32m[0m[1;32m[0m[1;32m[Msg] [0m[1;32mConnected to gazebo master @ [0m[1;32mhttp://127.0.0.1:11345[0m[1;32m
[gzserver-2] [0m[1;32m[0m[1;32m[0m[1;32m[Msg] [0m[1;32mPublicized address: [0m[1;32m172.16.52.147[0m[1;32m
[gzserver-2] [0m[1;32m[0m[1;32m[0m[1;32m[Msg] [0m[1;32mLoading world file [[0m[1;32m/home/j/INCSL/IICC26_ws/install/sjtu_drone_description/share/sjtu_drone_description/worlds/landingPad.world[0m[1;32m][0m[1;32m
[gzserver-2] [0m[1;32m[0m[1;32m[0m[1;36m[Dbg] [wind_plugin.cpp:96] [0m[1;36mWindPlugin loaded: speed=[0m[1;36m0[0m[1;36m dir=[0m[1;36m0[0m[1;36m deg area=[0m[1;36m0.1[0m[1;36m coeff=[0m[1;36m1[0m[1;36m
[gzserver-2] [0m[1;33m[0m[1;33m[0m[1;31m[Err] [Sensor.cc:510] [0m[1;31mGet noise index not valid[0m[1;31m
[gzserver-2] [0m[1;31m[0m[1;31m[0m[1;31m[Err] [Sensor.cc:510] [0m[1;31mGet noise index not valid[0m[1;31m
[gzserver-2] [0m[1;31m[0m[1;31m[0m[1;31m[Err] [Sensor.cc:510] [0m[1;31mGet noise index not valid[0m[1;31m
[gzserver-2] [0m[1;31m[0m[1;31m[0m[1;31m[Err] [Sensor.cc:510] [0m[1;31mGet noise index not valid[0m[1;31m
[gzserver-2] [0m[1;31m[0m[1;31m[0m[1;31m[Err] [Sensor.cc:510] [0m[1;31mGet noise index not valid[0m[1;31m
[gzserver-2] [0m[1;31m[0m[1;31m[0m[1;31m[Err] [Sensor.cc:510] [0m[1;31mGet noise index not valid[0m[1;31m
[gzserver-2] [0m[1;31m[0m[1;31m[0mTopic [default//drone/base_footprint/down_camera/image] is not valid.
[gzserver-2] [INFO] [1773108564.113766769] [drone.collision_plugin]: Publishing contact states to [/drone/bumper_states]
[gzserver-2] Topic [default//drone/base_footprint/front_camera/image] is not valid.
[gzserver-2] [1;33m[Wrn] [Event.cc:61] [0m[1;33mWarning: Deleting a connection right after creation. [0m[1;33mMake sure to save the ConnectionPtr from a Connect call
[gzserver-2] [0m[INFO] [1773108564.672673379] [drone.camera_bottom]: Publishing camera info to [/drone/bottom/camera_info]
[gzserver-2] [INFO] [1773108564.677592669] [drone.camera_front]: Publishing camera info to [/drone/front/camera_info]
[spawn_drone-5] [INFO] [1773108564.689911030] [spawn_drone]: Result True SpawnEntity: Successfully spawned entity [/drone]
[gzserver-2] [INFO] [1773108564.800866580] [drone.simple_drone]: The drone plugin is loading!
[gzserver-2] [INFO] [1773108564.801098799] [drone.simple_drone]: pub_odom: 1
[gzserver-2] [INFO] [1773108564.801143738] [drone.simple_drone]: Using following parameters: 
[gzserver-2] 		link_name: base_footprint,
[gzserver-2] 		max_force: 30,
[gzserver-2] 		motion_small_noise: 0,
[gzserver-2] 		motion_drift_noise: 0,
[gzserver-2] 		motion_drift_noise_time: 50,
[gzserver-2] 		takeoff_hover_height: 2.05,
[gzserver-2] 		takeoff_vertical_speed: 0.2
[gzserver-2] [INFO] [1773108564.814288442] [drone.simple_drone]: Using the PID parameters: 
[gzserver-2] 	Roll Pitch:
[gzserver-2] 		kP: 10, kI: 0,kD: 5, Limit: 0.5, Time Constant: 0
[gzserver-2] 	Yaw:
[gzserver-2] 		kP: 2, kI: 0,kD: 1, Limit: 1.5, Time Constant: 0
[gzserver-2] 	Velocity X:
[gzserver-2] 		kP: 5, kI: 0,kD: 2.3, Limit: 2, Time Constant: 0
[gzserver-2] 	Velocity Y:
[gzserver-2] 		kP: 5, kI: 0,kD: 2.3, Limit: 2, Time Constant: 0
[gzserver-2] 	Velocity Z:
[gzserver-2] 		kP: 5, kI: 0,kD: 1, Limit: -1, Time Constant: 0
[gzserver-2] 	Position XY:
[gzserver-2] 		kP: 1.1, kI: 0,kD: 0, Limit: 5, Time Constant: 0
[gzserver-2] 	Position Z:
[gzserver-2] 		kP: 1, kI: 0,kD: 0.2, Limit: -1, Time Constant: 0
[gzserver-2] [INFO] [1773108564.814456227] [drone.simple_drone]: The drone plugin finished loading!
[INFO] [spawn_drone-5]: process has finished cleanly [pid 409015]
[gzserver-2] [INFO] [1773108572.263864983] [gazebo_wind_plugin_node]: WindPlugin: set wind_speed=0.00 wind_direction=0.0
[gzserver-2] [INFO] [1773108572.538158818] [gazebo_wind_plugin_node]: WindPlugin: set wind_speed=0.00 wind_direction=0.0
[gzserver-2] [INFO] [1773108572.571262399] [drone.simple_drone]: Quadrotor takes off!!
[gzserver-2] [INFO] [1773108572.777376319] [gazebo_wind_plugin_node]: WindPlugin: set wind_speed=0.00 wind_direction=0.0
[gzserver-2] [INFO] [1773108573.012124873] [gazebo_wind_plugin_node]: WindPlugin: set wind_speed=0.00 wind_direction=0.0
[gzserver-2] [INFO] [1773108573.251720166] [gazebo_wind_plugin_node]: WindPlugin: set wind_speed=0.00 wind_direction=0.0
[gzserver-2] [INFO] [1773108573.485750459] [gazebo_wind_plugin_node]: WindPlugin: set wind_speed=0.00 wind_direction=0.0
[gzserver-2] [INFO] [1773108573.725155081] [gazebo_wind_plugin_node]: WindPlugin: set wind_speed=0.00 wind_direction=0.0
[gzserver-2] [INFO] [1773108573.962305767] [gazebo_wind_plugin_node]: WindPlugin: set wind_speed=0.00 wind_direction=0.0
[gzserver-2] [0m[1;36m[Dbg] [wind_plugin.cpp:110] [0m[1;36mWindPlugin: received command -> speed=[0m[1;36m0[0m[1;36m dir=[0m[1;36m0[0m[1;36m
[gzserver-2] [0m[1;36m[Dbg] [wind_plugin.cpp:110] [0m[1;36mWindPlugin: received command -> speed=[0m[1;36m0[0m[1;36m dir=[0m[1;36m0[0m[1;36m
[gzserver-2] [0m[1;36m[Dbg] [wind_plugin.cpp:110] [0m[1;36mWindPlugin: received command -> speed=[0m[1;36m0[0m[1;36m dir=[0m[1;36m0[0m[1;36m
[gzserver-2] [0m[1;36m[Dbg] [wind_plugin.cpp:110] [0m[1;36mWindPlugin: received command -> speed=[0m[1;36m0[0m[1;36m dir=[0m[1;36m0[0m[1;36m
[gzserver-2] [0m[1;36m[Dbg] [wind_plugin.cpp:110] [0m[1;36mWindPlugin: received command -> speed=[0m[1;36m0[0m[1;36m dir=[0m[1;36m0[0m[1;36m
[gzserver-2] [0m[1;36m[Dbg] [wind_plugin.cpp:110] [0m[1;36mWindPlugin: received command -> speed=[0m[1;36m0[0m[1;36m dir=[0m[1;36m0[0m[1;36m
[gzserver-2] [0m[1;36m[Dbg] [wind_plugin.cpp:110] [0m[1;36mWindPlugin: received command -> speed=[0m[1;36m0[0m[1;36m dir=[0m[1;36m0[0m[1;36m
[gzserver-2] [0m[1;36m[Dbg] [wind_plugin.cpp:110] [0m[1;36mWindPlugin: received command -> speed=[0m[1;36m0[0m[1;36m dir=[0m[1;36m0[0m[1;36m
[gzserver-2] [0mEntering flying model!
[gzserver-2] [INFO] [1773108574.204893494] [gazebo_wind_plugin_node]: WindPlugin: set wind_speed=0.00 wind_direction=0.0
[gzserver-2] [INFO] [1773108574.444345219] [gazebo_wind_plugin_node]: WindPlugin: set wind_speed=2.33 wind_direction=-66.5
[gzserver-2] [INFO] [1773108574.679450220] [gazebo_wind_plugin_node]: WindPlugin: set wind_speed=2.33 wind_direction=-66.5
[gzserver-2] [INFO] [1773108574.914772312] [gazebo_wind_plugin_node]: WindPlugin: set wind_speed=2.32 wind_direction=-69.9
[gzserver-2] [INFO] [1773108575.153963434] [gazebo_wind_plugin_node]: WindPlugin: set wind_speed=2.32 wind_direction=-69.9
[gzserver-2] [INFO] [1773108575.393088634] [gazebo_wind_plugin_node]: WindPlugin: set wind_speed=2.32 wind_direction=-69.9
[gzserver-2] [INFO] [1773108575.632474692] [gazebo_wind_plugin_node]: WindPlugin: set wind_speed=2.32 wind_direction=-69.9
[gzserver-2] [INFO] [1773108575.866719338] [gazebo_wind_plugin_node]: WindPlugin: set wind_speed=2.51 wind_direction=-69.5
[gzserver-2] [INFO] [1773108576.096165075] [gazebo_wind_plugin_node]: WindPlugin: set wind_speed=2.51 wind_direction=-69.5
[gzserver-2] [INFO] [1773108576.330822655] [gazebo_wind_plugin_node]: WindPlugin: set wind_speed=2.51 wind_direction=-69.5
[gzserver-2] [INFO] [1773108576.565054344] [gazebo_wind_plugin_node]: WindPlugin: set wind_speed=2.51 wind_direction=-69.5
[gzserver-2] [INFO] [1773108576.799030173] [gazebo_wind_plugin_node]: WindPlugin: set wind_speed=2.41 wind_direction=-68.4
[gzserver-2] [INFO] [1773108577.033469484] [gazebo_wind_plugin_node]: WindPlugin: set wind_speed=2.41 wind_direction=-68.4
[gzserver-2] [INFO] [1773108577.272688006] [gazebo_wind_plugin_node]: WindPlugin: set wind_speed=2.41 wind_direction=-68.4
[gzserver-2] [INFO] [1773108577.508169785] [gazebo_wind_plugin_node]: WindPlugin: set wind_speed=2.41 wind_direction=-68.4
[gzserver-2] [INFO] [1773108577.760498691] [gazebo_wind_plugin_node]: WindPlugin: set wind_speed=2.41 wind_direction=-68.4
[gzserver-2] [INFO] [1773108578.010356737] [gazebo_wind_plugin_node]: WindPlugin: set wind_speed=2.47 wind_direction=-67.4
[gzserver-2] [INFO] [1773108578.249870396] [gazebo_wind_plugin_node]: WindPlugin: set wind_speed=2.47 wind_direction=-67.4
[gzserver-2] [INFO] [1773108578.491963639] [gazebo_wind_plugin_node]: WindPlugin: set wind_speed=2.47 wind_direction=-67.4
[gzserver-2] [INFO] [1773108578.735593923] [gazebo_wind_plugin_node]: WindPlugin: set wind_speed=2.47 wind_direction=-67.4
[gzserver-2] [INFO] [1773108578.975659042] [gazebo_wind_plugin_node]: WindPlugin: set wind_speed=2.41 wind_direction=-67.9
[gzserver-2] [INFO] [1773108579.218031104] [gazebo_wind_plugin_node]: WindPlugin: set wind_speed=2.41 wind_direction=-67.9
[gzserver-2] [INFO] [1773108579.459960270] [gazebo_wind_plugin_node]: WindPlugin: set wind_speed=2.41 wind_direction=-67.9
[gzserver-2] [INFO] [1773108579.699327029] [gazebo_wind_plugin_node]: WindPlugin: set wind_speed=2.41 wind_direction=-67.9
[gzserver-2] [INFO] [1773108579.737764969] [drone.simple_drone]: Quadrotor lands!!
[gzserver-2] [INFO] [1773108579.939343092] [gazebo_wind_plugin_node]: WindPlugin: set wind_speed=2.28 wind_direction=-67.5
[gzserver-2] [INFO] [1773108580.169668397] [gazebo_wind_plugin_node]: WindPlugin: set wind_speed=2.28 wind_direction=-67.5
[gzserver-2] [INFO] [1773108580.399865593] [gazebo_wind_plugin_node]: WindPlugin: set wind_speed=2.28 wind_direction=-67.5
[gzserver-2] [1;36m[Dbg] [wind_plugin.cpp:110] [0m[1;36mWindPlugin: received command -> speed=[0m[1;36m0[0m[1;36m dir=[0m[1;36m0[0m[1;36m
[gzserver-2] [0m[1;36m[Dbg] [wind_plugin.cpp:110] [0m[1;36mWindPlugin: received command -> speed=[0m[1;36m2.33499[0m[1;36m dir=[0m[1;36m-66.4734[0m[1;36m
[gzserver-2] [0m[1;36m[Dbg] [wind_plugin.cpp:110] [0m[1;36mWindPlugin: received command -> speed=[0m[1;36m2.33499[0m[1;36m dir=[0m[1;36m-66.4734[0m[1;36m
[gzserver-2] [0m[1;36m[Dbg] [wind_plugin.cpp:110] [0m[1;36mWindPlugin: received command -> speed=[0m[1;36m2.32026[0m[1;36m dir=[0m[1;36m-69.8627[0m[1;36m
[gzserver-2] [0m[1;36m[Dbg] [wind_plugin.cpp:110] [0m[1;36mWindPlugin: received command -> speed=[0m[1;36m2.32026[0m[1;36m dir=[0m[1;36m-69.8627[0m[1;36m
[gzserver-2] [0m[1;36m[Dbg] [wind_plugin.cpp:110] [0m[1;36mWindPlugin: received command -> speed=[0m[1;36m2.32026[0m[1;36m dir=[0m[1;36m-69.8627[0m[1;36m
[gzserver-2] [0m[1;36m[Dbg] [wind_plugin.cpp:110] [0m[1;36mWindPlugin: received command -> speed=[0m[1;36m2.32026[0m[1;36m dir=[0m[1;36m-69.8627[0m[1;36m
[gzserver-2] [0m[1;36m[Dbg] [wind_plugin.cpp:110] [0m[1;36mWindPlugin: received command -> speed=[0m[1;36m2.50852[0m[1;36m dir=[0m[1;36m-69.5314[0m[1;36m
[gzserver-2] [0m[1;36m[Dbg] [wind_plugin.cpp:110] [0m[1;36mWindPlugin: received command -> speed=[0m[1;36m2.50852[0m[1;36m dir=[0m[1;36m-69.5314[0m[1;36m
[gzserver-2] [0m[1;36m[Dbg] [wind_plugin.cpp:110] [0m[1;36mWindPlugin: received command -> speed=[0m[1;36m2.50852[0m[1;36m dir=[0m[1;36m-69.5314[0m[1;36m
[gzserver-2] [0m[1;36m[Dbg] [wind_plugin.cpp:110] [0m[1;36mWindPlugin: received command -> speed=[0m[1;36m2.50852[0m[1;36m dir=[0m[1;36m-69.5314[0m[1;36m
[gzserver-2] [0m[1;36m[Dbg] [wind_plugin.cpp:110] [0m[1;36mWindPlugin: received command -> speed=[0m[1;36m2.406[0m[1;36m dir=[0m[1;36m-68.399[0m[1;36m
[gzserver-2] [0m[1;36m[Dbg] [wind_plugin.cpp:110] [0m[1;36mWindPlugin: received command -> speed=[0m[1;36m2.406[0m[1;36m dir=[0m[1;36m-68.399[0m[1;36m
[gzserver-2] [0m[1;36m[Dbg] [wind_plugin.cpp:110] [0m[1;36mWindPlugin: received command -> speed=[0m[1;36m2.406[0m[1;36m dir=[0m[1;36m-68.399[0m[1;36m
[gzserver-2] [0m[1;36m[Dbg] [wind_plugin.cpp:110] [0m[1;36mWindPlugin: received command -> speed=[0m[1;36m2.406[0m[1;36m dir=[0m[1;36m-68.399[0m[1;36m
[gzserver-2] [0m[1;36m[Dbg] [wind_plugin.cpp:110] [0m[1;36mWindPlugin: received command -> speed=[0m[1;36m2.406[0m[1;36m dir=[0m[1;36m-68.399[0m[1;36m
[gzserver-2] [0m[1;36m[Dbg] [wind_plugin.cpp:110] [0m[1;36mWindPlugin: received command -> speed=[0m[1;36m2.46599[0m[1;36m dir=[0m[1;36m-67.4407[0m[1;36m
[gzserver-2] [0m[1;36m[Dbg] [wind_plugin.cpp:110] [0m[1;36mWindPlugin: received command -> speed=[0m[1;36m2.46599[0m[1;36m dir=[0m[1;36m-67.4407[0m[1;36m
[gzserver-2] [0m[1;36m[Dbg] [wind_plugin.cpp:110] [0m[1;36mWindPlugin: received command -> speed=[0m[1;36m2.46599[0m[1;36m dir=[0m[1;36m-67.4407[0m[1;36m
[gzserver-2] [0m[1;36m[Dbg] [wind_plugin.cpp:110] [0m[1;36mWindPlugin: received command -> speed=[0m[1;36m2.46599[0m[1;36m dir=[0m[1;36m-67.4407[0m[1;36m
[gzserver-2] [0m[1;36m[Dbg] [wind_plugin.cpp:110] [0m[1;36mWindPlugin: received command -> speed=[0m[1;36m2.4098[0m[1;36m dir=[0m[1;36m-67.8654[0m[1;36m
[gzserver-2] [0m[1;36m[Dbg] [wind_plugin.cpp:110] [0m[1;36mWindPlugin: received command -> speed=[0m[1;36m2.4098[0m[1;36m dir=[0m[1;36m-67.8654[0m[1;36m
[gzserver-2] [0m[1;36m[Dbg] [wind_plugin.cpp:110] [0m[1;36mWindPlugin: received command -> speed=[0m[1;36m2.4098[0m[1;36m dir=[0m[1;36m-67.8654[0m[1;36m
[gzserver-2] [0m[1;36m[Dbg] [wind_plugin.cpp:110] [0m[1;36mWindPlugin: received command -> speed=[0m[1;36m2.4098[0m[1;36m dir=[0m[1;36m-67.8654[0m[1;36m
[gzserver-2] [0m[1;36m[Dbg] [wind_plugin.cpp:110] [0m[1;36mWindPlugin: received command -> speed=[0m[1;36m2.27524[0m[1;36m dir=[0m[1;36m-67.5203[0m[1;36m
[gzserver-2] [0m[1;36m[Dbg] [wind_plugin.cpp:110] [0m[1;36mWindPlugin: received command -> speed=[0m[1;36m2.27524[0m[1;36m dir=[0m[1;36m-67.5203[0m[1;36m
[gzserver-2] [0m[1;36m[Dbg] [wind_plugin.cpp:110] [0m[1;36mWindPlugin: received command -> speed=[0m[1;36m2.27524[0m[1;36m dir=[0m[1;36m-67.5203[0m[1;36m
[gzserver-2] [INFO] [1773108580.635008182] [gazebo_wind_plugin_node]: WindPlugin: set wind_speed=2.28 wind_direction=-67.5
[gzserver-2] [0m[1;36m[Dbg] [wind_plugin.cpp:110] [0m[1;36mWindPlugin: received command -> speed=[0m[1;36m2.27524[0m[1;36m dir=[0m[1;36m-67.5203[0m[1;36m
[gzserver-2] [0mLanded!
[gzserver-2] [INFO] [1773108580.869127161] [gazebo_wind_plugin_node]: WindPlugin: set wind_speed=2.40 wind_direction=-66.2
[gzserver-2] [INFO] [1773108581.108299575] [gazebo_wind_plugin_node]: WindPlugin: set wind_speed=2.40 wind_direction=-66.2
[gzserver-2] [INFO] [1773108581.347846544] [gazebo_wind_plugin_node]: WindPlugin: set wind_speed=2.40 wind_direction=-66.2
[gzserver-2] [INFO] [1773108581.586092110] [gazebo_wind_plugin_node]: WindPlugin: set wind_speed=2.40 wind_direction=-66.2
[gzserver-2] [INFO] [1773108581.825411847] [gazebo_wind_plugin_node]: WindPlugin: set wind_speed=2.56 wind_direction=-63.9
[gzserver-2] [INFO] [1773108582.065624506] [gazebo_wind_plugin_node]: WindPlugin: set wind_speed=2.56 wind_direction=-63.9
[gzserver-2] [INFO] [1773108582.294905049] [gazebo_wind_plugin_node]: WindPlugin: set wind_speed=2.56 wind_direction=-63.9
[gzserver-2] [INFO] [1773108582.536016286] [gazebo_wind_plugin_node]: WindPlugin: set wind_speed=2.56 wind_direction=-63.9
