/home/j/.local/lib/python3.10/site-packages/setuptools/_distutils/cmd.py:90: DevelopDeprecationWarning: develop command is deprecated.
!!

        ********************************************************************************
        Please avoid running ``setup.py`` and ``develop``.
        Instead, use standards-based tools like pip or uv.

        This deprecation is overdue, please update your project and remove deprecated
        calls to avoid build errors in the future.

        See https://github.com/pypa/setuptools/issues/917 for details.
        ********************************************************************************

!!
  self.initialize_options()
[33m    WARNING: Could not access 'pyvenv.cfg' despite a virtual environment being active. Assuming global site-packages is not accessible in this environment.[0m[33m
[0m[33m    WARNING: Could not access 'pyvenv.cfg' despite a virtual environment being active. Assuming global site-packages is not accessible in this environment.[0m[33m
[0m[33m    WARNING: Could not access 'pyvenv.cfg' despite a virtual environment being active. Assuming global site-packages is not accessible in this environment.[0m[33m
[0m[33m    WARNING: Could not access 'pyvenv.cfg' despite a virtual environment being active. Assuming global site-packages is not accessible in this environment.[0m[33m
[0m[33m    WARNING: Could not access 'pyvenv.cfg' despite a virtual environment being active. Assuming global site-packages is not accessible in this environment.[0m[33m
[0m[33m  WARNING: The scripts apriltag_state_bridge and spawn_drone are installed in '/home/j/INCSL/IICC26_ws/install/sjtu_drone_bringup/bin' which is not on PATH.
  Consider adding this directory to PATH or, if you prefer to suppress this warning, use --no-warn-script-location.[0m[33m
[0m
[1m[[0m[34;49mnotice[0m[1;39;49m][0m[39;49m A new release of pip is available: [0m[31;49m25.3[0m[39;49m -> [0m[32;49m26.0.1[0m
[1m[[0m[34;49mnotice[0m[1;39;49m][0m[39;49m To update, run: [0m[32;49mpython3 -m pip install --upgrade pip[0m
