[INFO] [launch]: All log files can be found below /home/j/.ros/log/2026-03-20-18-26-11-317488-j-690521
[INFO] [launch]: Default logging verbosity is set to INFO
[INFO] [launch.user]: [bringup] Apriltag config: camera=/drone_w04/bottom, image=/drone_w04/bottom/image_raw, tags=/drone_w04/bottom/tags, bridge=/drone_w04/landing_tag_state, standalone=true, use_target_id=true, target_id=0
[INFO] [rviz2-1]: process started with pid [690681]
[INFO] [gzserver-2]: process started with pid [690683]
[INFO] [robot_state_publisher-3]: process started with pid [690685]
[INFO] [joint_state_publisher-4]: process started with pid [690687]
[INFO] [spawn_drone-5]: process started with pid [690689]
[INFO] [static_transform_publisher-6]: process started with pid [690691]
[INFO] [apriltag_detector_node-7]: process started with pid [690693]
[INFO] [apriltag_state_bridge-8]: process started with pid [690695]
[static_transform_publisher-6] [WARN] [1773998772.106844889] []: Old-style arguments are deprecated; see --help for new-style arguments
[static_transform_publisher-6] [INFO] [1773998772.119370551] [static_transform_publisher_CSYnTl7ndO6JuTz1]: Spinning until stopped - publishing transform
[static_transform_publisher-6] translation: ('0.000000', '0.000000', '0.000000')
[static_transform_publisher-6] rotation: ('0.000000', '0.000000', '0.000000', '1.000000')
[static_transform_publisher-6] from 'world' to '/drone_w04/odom'
[robot_state_publisher-3] [INFO] [1773998772.141366384] [drone_w04.robot_state_publisher]: got segment base_footprint
[robot_state_publisher-3] [INFO] [1773998772.141480245] [drone_w04.robot_state_publisher]: got segment base_link
[robot_state_publisher-3] [INFO] [1773998772.141493289] [drone_w04.robot_state_publisher]: got segment bottom_cam_link
[robot_state_publisher-3] [INFO] [1773998772.141501915] [drone_w04.robot_state_publisher]: got segment front_cam_link
[robot_state_publisher-3] [INFO] [1773998772.141509492] [drone_w04.robot_state_publisher]: got segment sonar_link
[apriltag_detector_node-7] [INFO] [1773998772.154870007] [apriltag_detector_node]: tag detector type: umich
[rviz2-1] 
[rviz2-1] (rviz2:690681): dbind-WARNING **: 18:26:12.167: Couldn't connect to accessibility bus: Failed to connect to socket /root/.cache/at-spi/bus_0: 허가 거부
[gzserver-2] Gazebo multi-robot simulator, version 11.10.2
[gzserver-2] Copyright (C) 2012 Open Source Robotics Foundation.
[gzserver-2] Released under the Apache 2 License.
[gzserver-2] http://gazebosim.org
[gzserver-2] 
[apriltag_state_bridge-8] [INFO] [1773998772.370467006] [apriltag_state_bridge]: AprilTag bridge started: /drone_w04/bottom/tags -> /drone_w04/landing_tag_state, use_target_id=True, target_id=0
[gzserver-2] [1;31m[Err] [Master.cc:96] [0m[1;31mEXCEPTION: [0m[1;31mUnable to start server[bind: Address already in use]. There is probably another Gazebo process running.
[gzserver-2] [0m[1;31m
[gzserver-2] [0m[1;31m[0m[1;31m[0m[1;31m[Err] [Master.cc:96] [0m[1;31mEXCEPTION: [0m[1;31mUnable to start server[bind: Address already in use]. There is probably another Gazebo process running.
[gzserver-2] [0m[1;31m
[ERROR] [gzserver-2]: process has died [pid 690683, exit code 255, cmd 'gzserver /home/j/INCSL/IICC26_ws/install/sjtu_drone_description/share/sjtu_drone_description/worlds/landingPad.world --verbose -slibgazebo_ros_init.so -slibgazebo_ros_factory.so -slibgazebo_ros_force_system.so verbose'].
[gzserver-2] [1;36m[0m[1;32m[0m
[gzserver-2] [0m[1;31m[0m[1;31m[0m[1;33m[0m[1;31m[0m
[joint_state_publisher-4] [INFO] [1773998772.475512571] [drone_w04.joint_state_publisher]: Waiting for robot_description to be published on the robot_description topic...
[spawn_drone-5] [INFO] [1773998772.500187825] [spawn_drone]: Result False Entity [/drone_w04] already exists.
[INFO] [spawn_drone-5]: process has finished cleanly [pid 690689]
[rviz2-1] [INFO] [1773998772.863296141] [rviz2]: Stereo is NOT SUPPORTED
[rviz2-1] [INFO] [1773998772.863399466] [rviz2]: OpenGl version: 4.6 (GLSL 4.6)
[rviz2-1] [INFO] [1773998772.953515468] [rviz2]: Stereo is NOT SUPPORTED
[rviz2-1] [INFO] [1773998773.037927936] [rviz2]: Stereo is NOT SUPPORTED
