[INFO] [launch]: All log files can be found below /home/j/.ros/log/2026-03-08-00-26-08-437491-j-90443
[INFO] [launch]: Default logging verbosity is set to INFO
namespace:  /drone
namespace:  /drone
[INFO] [rviz2-1]: process started with pid [90446]
[INFO] [robot_state_publisher-2]: process started with pid [90448]
[INFO] [joint_state_publisher-3]: process started with pid [90450]
[INFO] [gzserver-4]: process started with pid [90452]
[INFO] [gzclient-5]: process started with pid [90454]
[INFO] [spawn_drone-6]: process started with pid [90456]
[INFO] [static_transform_publisher-7]: process started with pid [90458]
[INFO] [joy_node-8]: process started with pid [90460]
[INFO] [xterm-9]: process started with pid [90463]
[static_transform_publisher-7] [WARN] [1772897169.031836857] []: Old-style arguments are deprecated; see --help for new-style arguments
[static_transform_publisher-7] [INFO] [1772897169.037757435] [static_transform_publisher_v5sw4aMkuSZZDOns]: Spinning until stopped - publishing transform
[static_transform_publisher-7] translation: ('0.000000', '0.000000', '0.000000')
[static_transform_publisher-7] rotation: ('0.000000', '0.000000', '0.000000', '1.000000')
[static_transform_publisher-7] from 'world' to '/drone/odom'
[robot_state_publisher-2] [INFO] [1772897169.057971811] [drone.robot_state_publisher]: got segment base_footprint
[robot_state_publisher-2] [INFO] [1772897169.058036734] [drone.robot_state_publisher]: got segment base_link
[robot_state_publisher-2] [INFO] [1772897169.058042334] [drone.robot_state_publisher]: got segment bottom_cam_link
[robot_state_publisher-2] [INFO] [1772897169.058045653] [drone.robot_state_publisher]: got segment front_cam_link
[robot_state_publisher-2] [INFO] [1772897169.058048476] [drone.robot_state_publisher]: got segment sonar_link
[rviz2-1] 
[rviz2-1] (rviz2:90446): dbind-WARNING **: 00:26:09.109: Couldn't connect to accessibility bus: Failed to connect to socket /root/.cache/at-spi/bus_0: 허가 거부
[rviz2-1] /opt/ros/humble/lib/rviz2/rviz2: symbol lookup error: /snap/core20/current/lib/x86_64-linux-gnu/libpthread.so.0: undefined symbol: __libc_pthread_init, version GLIBC_PRIVATE
[ERROR] [rviz2-1]: process has died [pid 90446, exit code 127, cmd '/opt/ros/humble/lib/rviz2/rviz2 -d /home/j/INCSL/IICC26_ws/install/sjtu_drone_bringup/share/sjtu_drone_bringup/rviz/rviz.rviz --ros-args -r __node:=rviz2'].
[gzclient-5] Gazebo multi-robot simulator, version 11.10.2
[gzclient-5] Copyright (C) 2012 Open Source Robotics Foundation.
[gzclient-5] Released under the Apache 2 License.
[gzclient-5] http://gazebosim.org
[gzclient-5] 
[gzserver-4] Gazebo multi-robot simulator, version 11.10.2
[gzserver-4] Copyright (C) 2012 Open Source Robotics Foundation.
[gzserver-4] Released under the Apache 2 License.
[gzserver-4] http://gazebosim.org
[gzserver-4] 
[joint_state_publisher-3] [INFO] [1772897169.349187679] [drone.joint_state_publisher]: Waiting for robot_description to be published on the robot_description topic...
[gzserver-4] [1;33m[Wrn] [gazebo_ros_init.cpp:178] [0m[1;33m
[gzserver-4] #     # ####### ####### ###  #####  #######
[gzserver-4] ##    # #     #    #     #  #     # #
[gzserver-4] # #   # #     #    #     #  #       #
[gzserver-4] #  #  # #     #    #     #  #       #####
[gzserver-4] #   # # #     #    #     #  #       #
[gzserver-4] #    ## #     #    #     #  #     # #
[gzserver-4] #     # #######    #    ###  #####  #######
[gzserver-4] 
[gzserver-4] This version of Gazebo, now called Gazebo classic, reaches end-of-life
[gzserver-4] in January 2025. Users are highly encouraged to migrate to the new Gazebo
[gzserver-4] using our migration guides (https://gazebosim.org/docs/latest/gazebo_classic_migration?utm_source=gazebo_ros_pkgs&utm_medium=cli)
[gzserver-4] 
[gzserver-4] [0m[1;33m
[spawn_drone-6] [INFO] [1772897170.735732414] [spawn_drone]: Result False Entity pushed to spawn queue, but spawn service timed outwaiting for entity to appear in simulation under the name [/drone]
[gzclient-5] 
[gzclient-5] (gzclient:90454): dbind-WARNING **: 00:26:10.793: Couldn't connect to accessibility bus: Failed to connect to socket /root/.cache/at-spi/bus_0: 허가 거부
[gzserver-4] [1;32m[Msg] [0m[1;32mWaiting for master.[0m[1;32m
[gzserver-4] [0m[1;32m[0m[1;32m[0m[1;32m[Msg] [0m[1;32mConnected to gazebo master @ [0m[1;32mhttp://127.0.0.1:11345[0m[1;32m
[gzserver-4] [0m[1;32m[0m[1;32m[0m[1;32m[Msg] [0m[1;32mPublicized address: [0m[1;32m192.168.0.11[0m[1;32m
[gzserver-4] [0m[1;32m[0m[1;32m[0m[1;32m[Msg] [0m[1;32mLoading world file [[0m[1;32m/home/j/INCSL/IICC26_ws/install/sjtu_drone_description/share/sjtu_drone_description/worlds/playgroun[INFO] [xterm-9]: process has finished cleanly [pid 89471]
[1;32m[0m[1;36m[Dbg] [wind_plugin.cpp:96] [0m[1;36mWindPlugin loaded: speed=[0m[1;36m0[0m[1;36m dir=[0m[1;36m0[0m[1;36m deg area=[0m[1;36m0.1[0m[1;36m coeff=[0m[1;36m1[0m[1;36m
[gzserver-4] [0m[1;33m[0m[1;33m[0m[1;31m[Err] [Sensor.cc:510] [0m[1;31mGet noise index not valid[0m[1;31m
[gzserver-4] [0m[1;31m[0m[1;31m[0m[1;31m[Err] [Sensor.cc:510] [0m[1;31mGet noise index not valid[0m[1;31m
[gzserver-4] [0m[1;31m[0m[1;31m[0m[1;31m[Err] [Sensor.cc:510] [0m[1;31mGet noise index not valid[0m[1;31m
[gzserver-4] [0m[1;31m[0m[1;31m[0m[1;31m[Err] [Sensor.cc:510] [0m[1;31mGet noise index not valid[0m[1;31m
[gzserver-4] [0m[1;31m[0m[1;31m[0m[1;31m[Err] [Sensor.cc:510] [0m[1;31mGet noise index not valid[0m[1;31m
[gzserver-4] [0m[1;31m[0m[1;31m[0m[1;31m[Err] [Sensor.cc:510] [0m[1;31mGet noise index not valid[0m[1;31m
[gzserver-4] [0m[1;31m[0m[1;31m[0mTopic [default//drone/base_footprint/down_camera/image] is not valid.
[gzserver-4] [INFO] [1772897170.825181138] [drone.collision_plugin]: Publishing contact states to [/drone/bumper_states]
[gzserver-4] Topic [default//drone/base_footprint/front_camera/image] is not valid.
[gzserver-4] [1;33m[Wrn] [Event.cc:61] [0m[1;33mWarning: Deleting a connection right after creation. [0m[1;33mMake sure to save the ConnectionPtr from a Connect call
[INFO] [spawn_drone-6]: process has finished cleanly [pid 90456]
[gzclient-5] [1;32m[Msg] [0m[1;32mWaiting for master.[0m[1;32m
[gzclient-5] [0m[1;32m[0m[1;32m[0m[1;32m[Msg] [0m[1;32mConnected to gazebo master @ [0m[1;32mhttp://127.0.0.1:11345[0m[1;32m
[gzclient-5] [0m[1;32m[0m[1;32m[0m[1;32m[Msg] [0m[1;32mPublicized address: [0m[1;32m192.168.0.11[0m[1;32m
[gzclient-5] [1;33m[Wrn] [Event.cc:61] [0m[1;33mWarning: Deleting a connection right after creation. [0m[1;33mMake sure to save the ConnectionPtr from a Connect call
[gzserver-4] [0m[INFO] [1772897171.162263967] [drone.camera_bottom]: Publishing camera info to [/drone/bottom/camera_info]
[gzserver-4] [INFO] [1772897171.168110539] [drone.camera_front]: Publishing camera info to [/drone/front/camera_info]
[gzserver-4] [INFO] [1772897172.292781425] [drone.simple_drone]: The drone plugin is loading!
[gzserver-4] [INFO] [1772897172.293073869] [drone.simple_drone]: pub_odom: 1
[gzserver-4] [INFO] [1772897172.293117188] [drone.simple_drone]: Using following parameters: 
[gzserver-4] 		link_name: base_footprint,
[gzserver-4] 		max_force: 30,
[gzserver-4] 		motion_small_noise: 0,
[gzserver-4] 		motion_drift_noise: 0,
[gzserver-4] 		motion_drift_noise_time: 50
[gzserver-4] [INFO] [1772897172.308675358] [drone.simple_drone]: Using the PID parameters: 
[gzserver-4] 	Roll Pitch:
[gzserver-4] 		kP: 10, kI: 0,kD: 5, Limit: 0.5, Time Constant: 0
[gzserver-4] 	Yaw:
[gzserver-4] 		kP: 2, kI: 0,kD: 1, Limit: 1.5, Time Constant: 0
[gzserver-4] 	Velocity X:
[gzserver-4] 		kP: 5, kI: 0,kD: 2.3, Limit: 2, Time Constant: 0
[gzserver-4] 	Velocity Y:
[gzserver-4] 		kP: 5, kI: 0,kD: 2.3, Limit: 2, Time Constant: 0
[gzserver-4] 	Velocity Z:
[gzserver-4] 		kP: 5, kI: 0,kD: 1, Limit: -1, Time Constant: 0
[gzserver-4] 	Position XY:
[gzserver-4] 		kP: 1.1, kI: 0,kD: 0, Limit: 5, Time Constant: 0
[gzserver-4] 	Position Z:
[gzserver-4] 		kP: 1, kI: 0,kD: 0.2, Limit: -1, Time Constant: 0
[gzserver-4] [INFO] [1772897172.308833888] [drone.simple_drone]: The drone plugin finished loading!
[gzserver-4] [1;33m[Wrn] [Publisher.cc:135] [0m[1;33mQueue limit reached for topic [0m[1;33m/gazebo/default/pose/local/info[0m[1;33m, deleting message. [0m[1;33mThis warning is printed only once.[0m[1;33m
[gzserver-4] [0m[1;33m[0m[1;33m[0m[INFO] [1772897234.342788248] [gazebo_wind_plugin_node]: WindPlugin: set wind_speed=5.00 wind_direction=90.0
[gzserver-4] [INFO] [1772897252.461314472] [drone.simple_drone]: Quadrotor takes off!!
[gzserver-4] [0m[1;36m[Dbg] [wind_plugin.cpp:110] [0m[1;36mWindPlugin: received command -> speed=[0m[1;36m5[0m[1;36m dir=[0m[1;36m90[0m[1;36m
[gzserver-4] [0mEntering flying model!
