[INFO] [launch]: All log files can be found below /home/j/.ros/log/2026-03-20-18-35-08-033716-j-704784
[INFO] [launch]: Default logging verbosity is set to INFO
[INFO] [launch.user]: [bringup] Apriltag config: camera=/drone/bottom, image=/drone/bottom/image_raw, tags=/drone/bottom/tags, bridge=/drone/landing_tag_state, standalone=true, use_target_id=true, target_id=0
[INFO] [rviz2-1]: process started with pid [704787]
[INFO] [gzserver-2]: process started with pid [704789]
[INFO] [robot_state_publisher-3]: process started with pid [704791]
[INFO] [joint_state_publisher-4]: process started with pid [704793]
[INFO] [spawn_drone-5]: process started with pid [704795]
[INFO] [static_transform_publisher-6]: process started with pid [704797]
[INFO] [apriltag_detector_node-7]: process started with pid [704799]
[INFO] [apriltag_state_bridge-8]: process started with pid [704801]
[static_transform_publisher-6] [WARN] [1773999308.567351344] []: Old-style arguments are deprecated; see --help for new-style arguments
[static_transform_publisher-6] [INFO] [1773999308.573743557] [static_transform_publisher_AezZQXfbi0CrYJbP]: Spinning until stopped - publishing transform
[static_transform_publisher-6] translation: ('0.000000', '0.000000', '0.000000')
[static_transform_publisher-6] rotation: ('0.000000', '0.000000', '0.000000', '1.000000')
[static_transform_publisher-6] from 'world' to '/drone/odom'
[robot_state_publisher-3] [INFO] [1773999308.595962012] [drone.robot_state_publisher]: got segment base_footprint
[robot_state_publisher-3] [INFO] [1773999308.596021793] [drone.robot_state_publisher]: got segment base_link
[robot_state_publisher-3] [INFO] [1773999308.596027294] [drone.robot_state_publisher]: got segment bottom_cam_link
[robot_state_publisher-3] [INFO] [1773999308.596030660] [drone.robot_state_publisher]: got segment front_cam_link
[robot_state_publisher-3] [INFO] [1773999308.596033447] [drone.robot_state_publisher]: got segment sonar_link
[apriltag_detector_node-7] [INFO] [1773999308.605187815] [apriltag_detector_node]: tag detector type: umich
[rviz2-1] 
[rviz2-1] (rviz2:704787): dbind-WARNING **: 18:35:08.606: Couldn't connect to accessibility bus: Failed to connect to socket /root/.cache/at-spi/bus_0: 허가 거부
[rviz2-1] /opt/ros/humble/lib/rviz2/rviz2: symbol lookup error: /snap/core20/current/lib/x86_64-linux-gnu/libpthread.so.0: undefined symbol: __libc_pthread_init, version GLIBC_PRIVATE
[ERROR] [rviz2-1]: process has died [pid 704787, exit code 127, cmd '/opt/ros/humble/lib/rviz2/rviz2 -d /home/j/INCSL/IICC26_ws/install/sjtu_drone_bringup/share/sjtu_drone_bringup/rviz/rviz.rviz --ros-args -r __node:=rviz2'].
[gzserver-2] Gazebo multi-robot simulator, version 11.10.2
[gzserver-2] Copyright (C) 2012 Open Source Robotics Foundation.
[gzserver-2] Released under the Apache 2 License.
[gzserver-2] http://gazebosim.org
[gzserver-2] 
[gzserver-2] [1;31m[Err] [Master.cc:96] [0m[1;31mEXCEPTION: [0m[1;31mUnable to start server[bind: Address already in use]. There is probably another Gazebo process running.
[gzserver-2] [0m[1;31m
[gzserver-2] [0m[1;31m[0m[1;31m[0m[1;31m[Err] [Master.cc:96] [0m[1;31mEXCEPTION: [0m[1;31mUnable to start server[bind: Address already in use]. There is probably another Gazebo process running.
[gzserver-2] [0m[1;31m
[ERROR] [gzserver-2]: process has died [pid 704789, exit code 255, cmd 'gzserver /home/j/INCSL/IICC26_ws/install/sjtu_drone_description/share/sjtu_drone_description/worlds/landingPad.world --verbose -slibgazebo_ros_init.so -slibgazebo_ros_factory.so -slibgazebo_ros_force_system.so verbose'].
[gzserver-2] [1;36m[0m[1;32m[0m
[gzserver-2] [0m[1;31m[0m[1;31m[0m[1;33m[0m[1;31m[0m
[joint_state_publisher-4] [INFO] [1773999308.804075657] [drone.joint_state_publisher]: Waiting for robot_description to be published on the robot_description topic...
[apriltag_state_bridge-8] [INFO] [1773999308.867556495] [apriltag_state_bridge]: AprilTag bridge started: /drone/bottom/tags -> /drone/landing_tag_state, use_target_id=True, target_id=0
[spawn_drone-5] [INFO] [1773999308.944244109] [spawn_drone]: Result True SpawnEntity: Successfully spawned entity [/drone]
[INFO] [spawn_drone-5]: process has finished cleanly [pid 704795]
