running egg_info
writing ../../../build/sjtu_drone_bringup/sjtu_drone_bringup.egg-info/PKG-INFO
writing dependency_links to ../../../build/sjtu_drone_bringup/sjtu_drone_bringup.egg-info/dependency_links.txt
writing entry points to ../../../build/sjtu_drone_bringup/sjtu_drone_bringup.egg-info/entry_points.txt
writing requirements to ../../../build/sjtu_drone_bringup/sjtu_drone_bringup.egg-info/requires.txt
writing top-level names to ../../../build/sjtu_drone_bringup/sjtu_drone_bringup.egg-info/top_level.txt
reading manifest file '../../../build/sjtu_drone_bringup/sjtu_drone_bringup.egg-info/SOURCES.txt'
writing manifest file '../../../build/sjtu_drone_bringup/sjtu_drone_bringup.egg-info/SOURCES.txt'
running build
running build_py
copying sjtu_drone_bringup/apriltag_state_bridge.py -> /home/j/INCSL/IICC26_ws/build/sjtu_drone_bringup/build/lib/sjtu_drone_bringup
running install
running install_lib
running install_data
copying package.xml -> /home/j/INCSL/IICC26_ws/install/sjtu_drone_bringup/share/sjtu_drone_bringup
copying launch/sjtu_drone_gazebo.launch.py -> /home/j/INCSL/IICC26_ws/install/sjtu_drone_bringup/share/sjtu_drone_bringup/launch
copying launch/wind_publisher_launch.py -> /home/j/INCSL/IICC26_ws/install/sjtu_drone_bringup/share/sjtu_drone_bringup/launch
copying launch/sjtu_drone_bringup.launch.py -> /home/j/INCSL/IICC26_ws/install/sjtu_drone_bringup/share/sjtu_drone_bringup/launch
copying config/drone.yaml -> /home/j/INCSL/IICC26_ws/install/sjtu_drone_bringup/share/sjtu_drone_bringup/config
running install_egg_info
removing '/home/j/INCSL/IICC26_ws/install/sjtu_drone_bringup/lib/python3.10/site-packages/sjtu_drone_bringup-0.0.0-py3.10.egg-info' (and everything under it)
Copying ../../../build/sjtu_drone_bringup/sjtu_drone_bringup.egg-info to /home/j/INCSL/IICC26_ws/install/sjtu_drone_bringup/lib/python3.10/site-packages/sjtu_drone_bringup-0.0.0-py3.10.egg-info
running install_scripts
Installing apriltag_state_bridge script to /home/j/INCSL/IICC26_ws/install/sjtu_drone_bringup/bin
Installing spawn_drone script to /home/j/INCSL/IICC26_ws/install/sjtu_drone_bringup/bin
writing list of installed files to '/home/j/INCSL/IICC26_ws/build/sjtu_drone_bringup/install.log'
