[0.373s] Invoking command in '/home/j/INCSL/IICC26_ws/src/sjtu_drone-ros2/sjtu_drone_bringup': PYTHONPATH=/home/j/INCSL/IICC26_ws/build/sjtu_drone_bringup/prefix_override:/usr/lib/python3/dist-packages/colcon_core/task/python/colcon_distutils_commands:/home/j/INCSL/IICC26_ws/install/sjtu_drone_bringup/lib/python3.10/site-packages:${PYTHONPATH} /usr/bin/python3 -W ignore:setup.py install is deprecated -W ignore:easy_install command is deprecated setup.py egg_info --egg-base ../../../build/sjtu_drone_bringup build --build-base /home/j/INCSL/IICC26_ws/build/sjtu_drone_bringup/build install --record /home/j/INCSL/IICC26_ws/build/sjtu_drone_bringup/install.log --single-version-externally-managed install_data
[0.520s] running egg_info
[0.533s] writing ../../../build/sjtu_drone_bringup/sjtu_drone_bringup.egg-info/PKG-INFO
[0.533s] writing dependency_links to ../../../build/sjtu_drone_bringup/sjtu_drone_bringup.egg-info/dependency_links.txt
[0.533s] writing entry points to ../../../build/sjtu_drone_bringup/sjtu_drone_bringup.egg-info/entry_points.txt
[0.533s] writing requirements to ../../../build/sjtu_drone_bringup/sjtu_drone_bringup.egg-info/requires.txt
[0.533s] writing top-level names to ../../../build/sjtu_drone_bringup/sjtu_drone_bringup.egg-info/top_level.txt
[0.554s] reading manifest file '../../../build/sjtu_drone_bringup/sjtu_drone_bringup.egg-info/SOURCES.txt'
[0.555s] writing manifest file '../../../build/sjtu_drone_bringup/sjtu_drone_bringup.egg-info/SOURCES.txt'
[0.555s] running build
[0.555s] running build_py
[0.555s] copying sjtu_drone_bringup/apriltag_state_bridge.py -> /home/j/INCSL/IICC26_ws/build/sjtu_drone_bringup/build/lib/sjtu_drone_bringup
[0.555s] running install
[0.558s] running install_lib
[0.568s] running install_data
[0.569s] copying package.xml -> /home/j/INCSL/IICC26_ws/install/sjtu_drone_bringup/share/sjtu_drone_bringup
[0.569s] copying launch/sjtu_drone_gazebo.launch.py -> /home/j/INCSL/IICC26_ws/install/sjtu_drone_bringup/share/sjtu_drone_bringup/launch
[0.569s] copying launch/wind_publisher_launch.py -> /home/j/INCSL/IICC26_ws/install/sjtu_drone_bringup/share/sjtu_drone_bringup/launch
[0.569s] copying launch/sjtu_drone_bringup.launch.py -> /home/j/INCSL/IICC26_ws/install/sjtu_drone_bringup/share/sjtu_drone_bringup/launch
[0.569s] copying config/drone.yaml -> /home/j/INCSL/IICC26_ws/install/sjtu_drone_bringup/share/sjtu_drone_bringup/config
[0.569s] running install_egg_info
[0.579s] removing '/home/j/INCSL/IICC26_ws/install/sjtu_drone_bringup/lib/python3.10/site-packages/sjtu_drone_bringup-0.0.0-py3.10.egg-info' (and everything under it)
[0.579s] Copying ../../../build/sjtu_drone_bringup/sjtu_drone_bringup.egg-info to /home/j/INCSL/IICC26_ws/install/sjtu_drone_bringup/lib/python3.10/site-packages/sjtu_drone_bringup-0.0.0-py3.10.egg-info
[0.580s] running install_scripts
[0.600s] Installing apriltag_state_bridge script to /home/j/INCSL/IICC26_ws/install/sjtu_drone_bringup/bin
[0.600s] Installing spawn_drone script to /home/j/INCSL/IICC26_ws/install/sjtu_drone_bringup/bin
[0.600s] writing list of installed files to '/home/j/INCSL/IICC26_ws/build/sjtu_drone_bringup/install.log'
[0.614s] Invoked command in '/home/j/INCSL/IICC26_ws/src/sjtu_drone-ros2/sjtu_drone_bringup' returned '0': PYTHONPATH=/home/j/INCSL/IICC26_ws/build/sjtu_drone_bringup/prefix_override:/usr/lib/python3/dist-packages/colcon_core/task/python/colcon_distutils_commands:/home/j/INCSL/IICC26_ws/install/sjtu_drone_bringup/lib/python3.10/site-packages:${PYTHONPATH} /usr/bin/python3 -W ignore:setup.py install is deprecated -W ignore:easy_install command is deprecated setup.py egg_info --egg-base ../../../build/sjtu_drone_bringup build --build-base /home/j/INCSL/IICC26_ws/build/sjtu_drone_bringup/build install --record /home/j/INCSL/IICC26_ws/build/sjtu_drone_bringup/install.log --single-version-externally-managed install_data
