[INFO] [launch]: All log files can be found below /home/j/.ros/log/2026-03-20-17-24-54-210947-j-599874
[INFO] [launch]: Default logging verbosity is set to INFO
[INFO] [launch.user]: [bringup] Apriltag config: camera=/drone/bottom, image=/drone/bottom/image_raw, tags=/drone/bottom/tags, bridge=/landing_tag_state, standalone=true, use_target_id=true, target_id=0
[INFO] [rviz2-1]: process started with pid [600088]
[INFO] [gzserver-2]: process started with pid [600091]
[INFO] [robot_state_publisher-3]: process started with pid [600102]
[INFO] [joint_state_publisher-4]: process started with pid [600115]
[INFO] [spawn_drone-5]: process started with pid [600117]
[INFO] [static_transform_publisher-6]: process started with pid [600119]
[INFO] [apriltag_detector_node-7]: process started with pid [600121]
[INFO] [apriltag_state_bridge-8]: process started with pid [600123]
[static_transform_publisher-6] [WARN] [1773995095.242350739] []: Old-style arguments are deprecated; see --help for new-style arguments
[static_transform_publisher-6] [INFO] [1773995095.247898330] [static_transform_publisher_eHrnKqiNK2fhzcvH]: Spinning until stopped - publishing transform
[static_transform_publisher-6] translation: ('0.000000', '0.000000', '0.000000')
[static_transform_publisher-6] rotation: ('0.000000', '0.000000', '0.000000', '1.000000')
[static_transform_publisher-6] from 'world' to '/drone/odom'
[rviz2-1] 
[rviz2-1] (rviz2:600088): dbind-WARNING **: 17:24:55.269: Couldn't connect to accessibility bus: Failed to connect to socket /root/.cache/at-spi/bus_0: 허가 거부
[robot_state_publisher-3] [INFO] [1773995095.276575599] [drone.robot_state_publisher]: got segment base_footprint
[robot_state_publisher-3] [INFO] [1773995095.276705010] [drone.robot_state_publisher]: got segment base_link
[robot_state_publisher-3] [INFO] [1773995095.276721769] [drone.robot_state_publisher]: got segment bottom_cam_link
[robot_state_publisher-3] [INFO] [1773995095.276731376] [drone.robot_state_publisher]: got segment front_cam_link
[robot_state_publisher-3] [INFO] [1773995095.276739411] [drone.robot_state_publisher]: got segment sonar_link
[apriltag_detector_node-7] [INFO] [1773995095.339806807] [apriltag_detector_node]: tag detector type: umich
[gzserver-2] Gazebo multi-robot simulator, version 11.10.2
[gzserver-2] Copyright (C) 2012 Open Source Robotics Foundation.
[gzserver-2] Released under the Apache 2 License.
[gzserver-2] http://gazebosim.org
[gzserver-2] 
[gzserver-2] [1;31m[Err] [Master.cc:96] [0m[1;31mEXCEPTION: [0m[1;31mUnable to start server[bind: Address already in use]. There is probably another Gazebo process running.
[gzserver-2] [0m[1;31m
[gzserver-2] [0m[1;31m[0m[1;31m[0m[1;31m[Err] [Master.cc:96] [0m[1;31mEXCEPTION: [0m[1;31mUnable to start server[bind: Address already in use]. There is probably another Gazebo process running.
[gzserver-2] [0m[1;31m
[ERROR] [gzserver-2]: process has died [pid 600091, exit code 255, cmd 'gzserver /home/j/INCSL/IICC26_ws/install/sjtu_drone_description/share/sjtu_drone_description/worlds/landingPad.world --verbose -slibgazebo_ros_init.so -slibgazebo_ros_factory.so -slibgazebo_ros_force_system.so verbose'].
[gzserver-2] [1;36m[0m[1;32m[0m
[gzserver-2] [0m[1;31m[0m[1;31m[0m[1;33m[0m[1;31m[0m
[spawn_drone-5] [INFO] [1773995095.909605427] [spawn_drone]: Result False Entity [/drone] already exists.
[joint_state_publisher-4] [INFO] [1773995095.974802575] [drone.joint_state_publisher]: Waiting for robot_description to be published on the robot_description topic...
[apriltag_state_bridge-8] [INFO] [1773995095.977011037] [apriltag_state_bridge]: AprilTag bridge started: /drone/bottom/tags -> /landing_tag_state, use_target_id=True, target_id=0
[INFO] [spawn_drone-5]: process has finished cleanly [pid 600117]
[rviz2-1] [INFO] [1773995096.667547445] [rviz2]: Stereo is NOT SUPPORTED
[rviz2-1] [INFO] [1773995096.667717198] [rviz2]: OpenGl version: 4.6 (GLSL 4.6)
[rviz2-1] [INFO] [1773995096.849622970] [rviz2]: Stereo is NOT SUPPORTED
[rviz2-1] [INFO] [1773995096.999042259] [rviz2]: Stereo is NOT SUPPORTED
[ERROR] [rviz2-1]: process has died [pid 600088, exit code -9, cmd '/opt/ros/humble/lib/rviz2/rviz2 -d /home/j/INCSL/IICC26_ws/install/sjtu_drone_bringup/share/sjtu_drone_bringup/rviz/rviz.rviz --ros-args -r __node:=rviz2'].
