[INFO] [launch]: All log files can be found below /home/j/.ros/log/2026-03-20-18-14-43-969365-j-671621
[INFO] [launch]: Default logging verbosity is set to INFO
[INFO] [launch.user]: [bringup] Apriltag config: camera=/drone_w03/bottom, image=/drone_w03/bottom/image_raw, tags=/drone_w03/bottom/tags, bridge=/drone_w03/landing_tag_state, standalone=true, use_target_id=true, target_id=0
[INFO] [rviz2-1]: process started with pid [671836]
[INFO] [gzserver-2]: process started with pid [671838]
[INFO] [robot_state_publisher-3]: process started with pid [671840]
[INFO] [joint_state_publisher-4]: process started with pid [671843]
[INFO] [spawn_drone-5]: process started with pid [671845]
[INFO] [static_transform_publisher-6]: process started with pid [671847]
[INFO] [apriltag_detector_node-7]: process started with pid [671849]
[INFO] [apriltag_state_bridge-8]: process started with pid [671851]
[static_transform_publisher-6] [WARN] [1773998084.504242198] []: Old-style arguments are deprecated; see --help for new-style arguments
[static_transform_publisher-6] [INFO] [1773998084.511094276] [static_transform_publisher_zBaIyV8baZEhRe5g]: Spinning until stopped - publishing transform
[static_transform_publisher-6] translation: ('0.000000', '0.000000', '0.000000')
[static_transform_publisher-6] rotation: ('0.000000', '0.000000', '0.000000', '1.000000')
[static_transform_publisher-6] from 'world' to '/drone_w03/odom'
[robot_state_publisher-3] [INFO] [1773998084.536440617] [drone_w03.robot_state_publisher]: got segment base_footprint
[robot_state_publisher-3] [INFO] [1773998084.536541945] [drone_w03.robot_state_publisher]: got segment base_link
[robot_state_publisher-3] [INFO] [1773998084.536554366] [drone_w03.robot_state_publisher]: got segment bottom_cam_link
[robot_state_publisher-3] [INFO] [1773998084.536562563] [drone_w03.robot_state_publisher]: got segment front_cam_link
[robot_state_publisher-3] [INFO] [1773998084.536569815] [drone_w03.robot_state_publisher]: got segment sonar_link
[rviz2-1] 
[rviz2-1] (rviz2:671836): dbind-WARNING **: 18:14:44.542: Couldn't connect to accessibility bus: Failed to connect to socket /root/.cache/at-spi/bus_0: 허가 거부
[apriltag_detector_node-7] [INFO] [1773998084.545551717] [apriltag_detector_node]: tag detector type: umich
[gzserver-2] Gazebo multi-robot simulator, version 11.10.2
[gzserver-2] Copyright (C) 2012 Open Source Robotics Foundation.
[gzserver-2] Released under the Apache 2 License.
[gzserver-2] http://gazebosim.org
[gzserver-2] 
[joint_state_publisher-4] [INFO] [1773998084.771327131] [drone_w03.joint_state_publisher]: Waiting for robot_description to be published on the robot_description topic...
[apriltag_state_bridge-8] [INFO] [1773998084.810382610] [apriltag_state_bridge]: AprilTag bridge started: /drone_w03/bottom/tags -> /drone_w03/landing_tag_state, use_target_id=True, target_id=0
[gzserver-2] [1;33m[Wrn] [gazebo_ros_init.cpp:178] [0m[1;33m
[gzserver-2] #     # ####### ####### ###  #####  #######
[gzserver-2] ##    # #     #    #     #  #     # #
[gzserver-2] # #   # #     #    #     #  #       #
[gzserver-2] #  #  # #     #    #     #  #       #####
[gzserver-2] #   # # #     #    #     #  #       #
[gzserver-2] #    ## #     #    #     #  #     # #
[gzserver-2] #     # #######    #    ###  #####  #######
[gzserver-2] 
[gzserver-2] This version of Gazebo, now called Gazebo classic, reaches end-of-life
[gzserver-2] in January 2025. Users are highly encouraged to migrate to the new Gazebo
[gzserver-2] using our migration guides (https://gazebosim.org/docs/latest/gazebo_classic_migration?utm_source=gazebo_ros_pkgs&utm_medium=cli)
[gzserver-2] 
[gzserver-2] [0m[1;33m
[rviz2-1] [INFO] [1773998085.388751579] [rviz2]: Stereo is NOT SUPPORTED
[rviz2-1] [INFO] [1773998085.388849800] [rviz2]: OpenGl version: 4.6 (GLSL 4.6)
[rviz2-1] [INFO] [1773998085.458670571] [rviz2]: Stereo is NOT SUPPORTED
[rviz2-1] [INFO] [1773998085.541486002] [rviz2]: Stereo is NOT SUPPORTED
[spawn_drone-5] [INFO] [1773998085.884069612] [spawn_drone]: Result False Entity pushed to spawn queue, but spawn service timed outwaiting for entity to appear in simulation under the name [/drone_w03]
[gzserver-2] [1;32m[Msg] [0m[1;32mWaiting for master.[0m[1;32m
[gzserver-2] [0m[1;32m[0m[1;32m[0m[1;32m[Msg] [0m[1;32mConnected to gazebo master @ [0m[1;32mhttp://127.0.0.1:13047[0m[1;32m
[gzserver-2] [0m[1;32m[0m[1;32m[0m[1;32m[Msg] [0m[1;32mPublicized address: [0m[1;32m172.16.52.147[0m[1;32m
[gzserver-2] [0m[1;32m[0m[1;32m[0m[1;32m[Msg] [0m[1;32mLoading world file [[0m[1;32m/home/j/INCSL/IICC26_ws/install/sjtu_drone_description/share/sjtu_drone_description/worlds/landingPad.world[0m[1;32m][0m[1;32m
[gzserver-2] [0m[1;32m[0m[1;32m[0m[1;36m[Dbg] [wind_plugin.cpp:96] [0m[1;36mWindPlugin loaded: speed=[0m[1;36m0[0m[1;36m dir=[0m[1;36m0[0m[1;36m deg area=[0m[1;36m0.1[0m[1;36m coeff=[0m[1;36m1[0m[1;36m
[gzserver-2] [0m[1;33m[0m[1;33m[0m[1;31m[Err] [Sensor.cc:510] [0m[1;31mGet noise index not valid[0m[1;31m
[gzserver-2] [0m[1;31m[0m[1;31m[0m[1;31m[Err] [Sensor.cc:510] [0m[1;31mGet noise index not valid[0m[1;31m
[gzserver-2] [0m[1;31m[0m[1;31m[0m[1;31m[Err] [Sensor.cc:510] [0m[1;31mGet noise index not valid[0m[1;31m
[gzserver-2] [0m[1;31m[0m[1;31m[0m[1;31m[Err] [Sensor.cc:510] [0m[1;31mGet noise index not valid[0m[1;31m
[gzserver-2] [0m[1;31m[0m[1;31m[0m[1;31m[Err] [Sensor.cc:510] [0m[1;31mGet noise index not valid[0m[1;31m
[gzserver-2] [0m[1;31m[0m[1;31m[0m[1;31m[Err] [Sensor.cc:510] [0m[1;31mGet noise index not valid[0m[1;31m
[gzserver-2] [0m[1;31m[0m[1;31m[0mTopic [default//drone_w03/base_footprint/down_camera/image] is not valid.
[gzserver-2] Topic [default//drone_w03/base_footprint/front_camera/image] is not valid.
[gzserver-2] [INFO] [1773998085.921277423] [drone_w03.collision_plugin]: Publishing contact states to [/drone_w03/bumper_states]
[gzserver-2] [1;33m[Wrn] [Event.cc:61] [0m[1;33mWarning: Deleting a connection right after creation. [0m[1;33mMake sure to save the ConnectionPtr from a Connect call
[INFO] [spawn_drone-5]: process has finished cleanly [pid 671845]
[gzserver-2] [0m[INFO] [1773998086.663230918] [drone_w03.camera_bottom]: Publishing camera info to [/drone_w03/bottom/camera_info]
[gzserver-2] [INFO] [1773998086.670858858] [drone_w03.camera_front]: Publishing camera info to [/drone_w03/front/camera_info]
[gzserver-2] [INFO] [1773998086.810012688] [drone_w03.simple_drone]: The drone plugin is loading!
[gzserver-2] [INFO] [1773998086.810407482] [drone_w03.simple_drone]: pub_odom: 1
[gzserver-2] [INFO] [1773998086.810476199] [drone_w03.simple_drone]: Using following parameters: 
[gzserver-2] 		link_name: base_footprint,
[gzserver-2] 		max_force: 30,
[gzserver-2] 		motion_small_noise: 0,
[gzserver-2] 		motion_drift_noise: 0,
[gzserver-2] 		motion_drift_noise_time: 50,
[gzserver-2] 		takeoff_hover_height: 2.31,
[gzserver-2] 		takeoff_vertical_speed: 0.2
[gzserver-2] [INFO] [1773998086.830995843] [drone_w03.simple_drone]: Using the PID parameters: 
[gzserver-2] 	Roll Pitch:
[gzserver-2] 		kP: 10, kI: 0,kD: 5, Limit: 0.5, Time Constant: 0
[gzserver-2] 	Yaw:
[gzserver-2] 		kP: 2, kI: 0,kD: 1, Limit: 1.5, Time Constant: 0
[gzserver-2] 	Velocity X:
[gzserver-2] 		kP: 5, kI: 0,kD: 2.3, Limit: 2, Time Constant: 0
[gzserver-2] 	Velocity Y:
[gzserver-2] 		kP: 5, kI: 0,kD: 2.3, Limit: 2, Time Constant: 0
[gzserver-2] 	Velocity Z:
[gzserver-2] 		kP: 5, kI: 0,kD: 1, Limit: -1, Time Constant: 0
[gzserver-2] 	Position XY:
[gzserver-2] 		kP: 1.1, kI: 0,kD: 0, Limit: 5, Time Constant: 0
[gzserver-2] 	Position Z:
[gzserver-2] 		kP: 1, kI: 0,kD: 0.2, Limit: -1, Time Constant: 0
[gzserver-2] [INFO] [1773998086.831199534] [drone_w03.simple_drone]: The drone plugin finished loading!
[gzserver-2] [1;33m[Wrn] [Publisher.cc:135] [0m[1;33mQueue limit reached for topic [0m[1;33m/gazebo/default/pose/local/info[0m[1;33m, deleting message. [0m[1;33mThis warning is printed only once.[0m[1;33m
