/home/j/INCSL/IICC26_ws/install/sjtu_drone_control/lib/python3.10/site-packages/sjtu_drone_control/teleop.py
/home/j/INCSL/IICC26_ws/install/sjtu_drone_control/lib/python3.10/site-packages/sjtu_drone_control/teleop_joystick.py
/home/j/INCSL/IICC26_ws/install/sjtu_drone_control/lib/python3.10/site-packages/sjtu_drone_control/open_loop_control.py
/home/j/INCSL/IICC26_ws/install/sjtu_drone_control/lib/python3.10/site-packages/sjtu_drone_control/__init__.py
/home/j/INCSL/IICC26_ws/install/sjtu_drone_control/lib/python3.10/site-packages/sjtu_drone_control/drone_position_control.py
/home/j/INCSL/IICC26_ws/install/sjtu_drone_control/lib/python3.10/site-packages/sjtu_drone_control/drone_utils/controllers.py
/home/j/INCSL/IICC26_ws/install/sjtu_drone_control/lib/python3.10/site-packages/sjtu_drone_control/drone_utils/drone_object.py
/home/j/INCSL/IICC26_ws/install/sjtu_drone_control/lib/python3.10/site-packages/sjtu_drone_control/drone_utils/__init__.py
/home/j/INCSL/IICC26_ws/install/sjtu_drone_control/lib/python3.10/site-packages/sjtu_drone_control/__pycache__/teleop.cpython-310.pyc
/home/j/INCSL/IICC26_ws/install/sjtu_drone_control/lib/python3.10/site-packages/sjtu_drone_control/__pycache__/teleop_joystick.cpython-310.pyc
/home/j/INCSL/IICC26_ws/install/sjtu_drone_control/lib/python3.10/site-packages/sjtu_drone_control/__pycache__/open_loop_control.cpython-310.pyc
/home/j/INCSL/IICC26_ws/install/sjtu_drone_control/lib/python3.10/site-packages/sjtu_drone_control/__pycache__/__init__.cpython-310.pyc
/home/j/INCSL/IICC26_ws/install/sjtu_drone_control/lib/python3.10/site-packages/sjtu_drone_control/__pycache__/drone_position_control.cpython-310.pyc
/home/j/INCSL/IICC26_ws/install/sjtu_drone_control/lib/python3.10/site-packages/sjtu_drone_control/drone_utils/__pycache__/controllers.cpython-310.pyc
/home/j/INCSL/IICC26_ws/install/sjtu_drone_control/lib/python3.10/site-packages/sjtu_drone_control/drone_utils/__pycache__/drone_object.cpython-310.pyc
/home/j/INCSL/IICC26_ws/install/sjtu_drone_control/lib/python3.10/site-packages/sjtu_drone_control/drone_utils/__pycache__/__init__.cpython-310.pyc
/home/j/INCSL/IICC26_ws/install/sjtu_drone_control/share/ament_index/resource_index/packages/sjtu_drone_control
/home/j/INCSL/IICC26_ws/install/sjtu_drone_control/share/sjtu_drone_control/package.xml
/home/j/INCSL/IICC26_ws/install/sjtu_drone_control/lib/python3.10/site-packages/sjtu_drone_control-0.0.0-py3.10.egg-info/top_level.txt
/home/j/INCSL/IICC26_ws/install/sjtu_drone_control/lib/python3.10/site-packages/sjtu_drone_control-0.0.0-py3.10.egg-info/entry_points.txt
/home/j/INCSL/IICC26_ws/install/sjtu_drone_control/lib/python3.10/site-packages/sjtu_drone_control-0.0.0-py3.10.egg-info/dependency_links.txt
/home/j/INCSL/IICC26_ws/install/sjtu_drone_control/lib/python3.10/site-packages/sjtu_drone_control-0.0.0-py3.10.egg-info/requires.txt
/home/j/INCSL/IICC26_ws/install/sjtu_drone_control/lib/python3.10/site-packages/sjtu_drone_control-0.0.0-py3.10.egg-info/zip-safe
/home/j/INCSL/IICC26_ws/install/sjtu_drone_control/lib/python3.10/site-packages/sjtu_drone_control-0.0.0-py3.10.egg-info/PKG-INFO
/home/j/INCSL/IICC26_ws/install/sjtu_drone_control/lib/python3.10/site-packages/sjtu_drone_control-0.0.0-py3.10.egg-info/SOURCES.txt
/home/j/INCSL/IICC26_ws/install/sjtu_drone_control/bin/drone_position_control
/home/j/INCSL/IICC26_ws/install/sjtu_drone_control/bin/open_loop_control
/home/j/INCSL/IICC26_ws/install/sjtu_drone_control/bin/teleop
/home/j/INCSL/IICC26_ws/install/sjtu_drone_control/bin/teleop_joystick
