[INFO] [launch]: All log files can be found below /home/j/.ros/log/2026-03-20-18-14-41-682655-j-670733
[INFO] [launch]: Default logging verbosity is set to INFO
[INFO] [launch.user]: [bringup] Apriltag config: camera=/drone_w01/bottom, image=/drone_w01/bottom/image_raw, tags=/drone_w01/bottom/tags, bridge=/drone_w01/landing_tag_state, standalone=true, use_target_id=true, target_id=0
[INFO] [rviz2-1]: process started with pid [670918]
[INFO] [gzserver-2]: process started with pid [670920]
[INFO] [robot_state_publisher-3]: process started with pid [670922]
[INFO] [joint_state_publisher-4]: process started with pid [670924]
[INFO] [spawn_drone-5]: process started with pid [670926]
[INFO] [static_transform_publisher-6]: process started with pid [670928]
[INFO] [apriltag_detector_node-7]: process started with pid [670930]
[INFO] [apriltag_state_bridge-8]: process started with pid [670932]
[static_transform_publisher-6] [WARN] [1773998082.358627276] []: Old-style arguments are deprecated; see --help for new-style arguments
[static_transform_publisher-6] [INFO] [1773998082.365234242] [static_transform_publisher_GpaF8A1CdQQ1xlLf]: Spinning until stopped - publishing transform
[static_transform_publisher-6] translation: ('0.000000', '0.000000', '0.000000')
[static_transform_publisher-6] rotation: ('0.000000', '0.000000', '0.000000', '1.000000')
[static_transform_publisher-6] from 'world' to '/drone_w01/odom'
[robot_state_publisher-3] [INFO] [1773998082.382341368] [drone_w01.robot_state_publisher]: got segment base_footprint
[robot_state_publisher-3] [INFO] [1773998082.382405062] [drone_w01.robot_state_publisher]: got segment base_link
[robot_state_publisher-3] [INFO] [1773998082.382410678] [drone_w01.robot_state_publisher]: got segment bottom_cam_link
[robot_state_publisher-3] [INFO] [1773998082.382414033] [drone_w01.robot_state_publisher]: got segment front_cam_link
[robot_state_publisher-3] [INFO] [1773998082.382417039] [drone_w01.robot_state_publisher]: got segment sonar_link
[apriltag_detector_node-7] [INFO] [1773998082.394561920] [apriltag_detector_node]: tag detector type: umich
[rviz2-1] 
[rviz2-1] (rviz2:670918): dbind-WARNING **: 18:14:42.396: Couldn't connect to accessibility bus: Failed to connect to socket /root/.cache/at-spi/bus_0: 허가 거부
[gzserver-2] Gazebo multi-robot simulator, version 11.10.2
[gzserver-2] Copyright (C) 2012 Open Source Robotics Foundation.
[gzserver-2] Released under the Apache 2 License.
[gzserver-2] http://gazebosim.org
[gzserver-2] 
[gzserver-2] [1;31m[Err] [Master.cc:96] [0m[1;31mEXCEPTION: [0m[1;31mUnable to start server[bind: Address already in use]. There is probably another Gazebo process running.
[gzserver-2] [0m[1;31m
[gzserver-2] [0m[1;31m[0m[1;31m[0m[1;31m[Err] [Master.cc:96] [0m[1;31mEXCEPTION: [0m[1;31mUnable to start server[bind: Address already in use]. There is probably another Gazebo process running.
[gzserver-2] [0m[1;31m
[ERROR] [gzserver-2]: process has died [pid 670920, exit code 255, cmd 'gzserver /home/j/INCSL/IICC26_ws/install/sjtu_drone_description/share/sjtu_drone_description/worlds/landingPad.world --verbose -slibgazebo_ros_init.so -slibgazebo_ros_factory.so -slibgazebo_ros_force_system.so verbose'].
[gzserver-2] [1;36m[0m[1;32m[0m
[gzserver-2] [0m[1;31m[0m[1;31m[0m[1;33m[0m[1;31m[0m
[apriltag_state_bridge-8] [INFO] [1773998082.614460767] [apriltag_state_bridge]: AprilTag bridge started: /drone_w01/bottom/tags -> /drone_w01/landing_tag_state, use_target_id=True, target_id=0
[joint_state_publisher-4] [INFO] [1773998082.684853407] [drone_w01.joint_state_publisher]: Waiting for robot_description to be published on the robot_description topic...
[spawn_drone-5] [INFO] [1773998082.893935125] [spawn_drone]: Result True SpawnEntity: Successfully spawned entity [/drone_w01]
[INFO] [spawn_drone-5]: process has finished cleanly [pid 670926]
[rviz2-1] [INFO] [1773998083.562624682] [rviz2]: Stereo is NOT SUPPORTED
[rviz2-1] [INFO] [1773998083.562734336] [rviz2]: OpenGl version: 4.6 (GLSL 4.6)
[rviz2-1] [INFO] [1773998083.586198761] [rviz2]: Stereo is NOT SUPPORTED
[rviz2-1] [INFO] [1773998083.726199517] [rviz2]: Stereo is NOT SUPPORTED
