[INFO] [launch]: All log files can be found below /home/j/.ros/log/2026-03-20-18-14-45-390328-j-672226
[INFO] [launch]: Default logging verbosity is set to INFO
[INFO] [launch.user]: [bringup] Apriltag config: camera=/drone_w04/bottom, image=/drone_w04/bottom/image_raw, tags=/drone_w04/bottom/tags, bridge=/drone_w04/landing_tag_state, standalone=true, use_target_id=true, target_id=0
[INFO] [rviz2-1]: process started with pid [672289]
[INFO] [gzserver-2]: process started with pid [672291]
[INFO] [robot_state_publisher-3]: process started with pid [672293]
[INFO] [joint_state_publisher-4]: process started with pid [672295]
[INFO] [spawn_drone-5]: process started with pid [672297]
[INFO] [static_transform_publisher-6]: process started with pid [672299]
[INFO] [apriltag_detector_node-7]: process started with pid [672301]
[INFO] [apriltag_state_bridge-8]: process started with pid [672303]
[static_transform_publisher-6] [WARN] [1773998085.939252352] []: Old-style arguments are deprecated; see --help for new-style arguments
[static_transform_publisher-6] [INFO] [1773998085.946175053] [static_transform_publisher_DNkg9NEw45I8M9au]: Spinning until stopped - publishing transform
[static_transform_publisher-6] translation: ('0.000000', '0.000000', '0.000000')
[static_transform_publisher-6] rotation: ('0.000000', '0.000000', '0.000000', '1.000000')
[static_transform_publisher-6] from 'world' to '/drone_w04/odom'
[robot_state_publisher-3] [INFO] [1773998085.963959314] [drone_w04.robot_state_publisher]: got segment base_footprint
[robot_state_publisher-3] [INFO] [1773998085.964021014] [drone_w04.robot_state_publisher]: got segment base_link
[robot_state_publisher-3] [INFO] [1773998085.964026587] [drone_w04.robot_state_publisher]: got segment bottom_cam_link
[robot_state_publisher-3] [INFO] [1773998085.964029938] [drone_w04.robot_state_publisher]: got segment front_cam_link
[robot_state_publisher-3] [INFO] [1773998085.964032755] [drone_w04.robot_state_publisher]: got segment sonar_link
[apriltag_detector_node-7] [INFO] [1773998085.977099086] [apriltag_detector_node]: tag detector type: umich
[rviz2-1] 
[rviz2-1] (rviz2:672289): dbind-WARNING **: 18:14:45.978: Couldn't connect to accessibility bus: Failed to connect to socket /root/.cache/at-spi/bus_0: 허가 거부
[gzserver-2] Gazebo multi-robot simulator, version 11.10.2
[gzserver-2] Copyright (C) 2012 Open Source Robotics Foundation.
[gzserver-2] Released under the Apache 2 License.
[gzserver-2] http://gazebosim.org
[gzserver-2] 
[joint_state_publisher-4] [INFO] [1773998086.273343249] [drone_w04.joint_state_publisher]: Waiting for robot_description to be published on the robot_description topic...
[apriltag_state_bridge-8] [INFO] [1773998086.277141158] [apriltag_state_bridge]: AprilTag bridge started: /drone_w04/bottom/tags -> /drone_w04/landing_tag_state, use_target_id=True, target_id=0
[gzserver-2] [1;33m[Wrn] [gazebo_ros_init.cpp:178] [0m[1;33m
[gzserver-2] #     # ####### ####### ###  #####  #######
[gzserver-2] ##    # #     #    #     #  #     # #
[gzserver-2] # #   # #     #    #     #  #       #
[gzserver-2] #  #  # #     #    #     #  #       #####
[gzserver-2] #   # # #     #    #     #  #       #
[gzserver-2] #    ## #     #    #     #  #     # #
[gzserver-2] #     # #######    #    ###  #####  #######
[gzserver-2] 
[gzserver-2] This version of Gazebo, now called Gazebo classic, reaches end-of-life
[gzserver-2] in January 2025. Users are highly encouraged to migrate to the new Gazebo
[gzserver-2] using our migration guides (https://gazebosim.org/docs/latest/gazebo_classic_migration?utm_source=gazebo_ros_pkgs&utm_medium=cli)
[gzserver-2] 
[gzserver-2] [0m[1;33m
[rviz2-1] [INFO] [1773998086.931787393] [rviz2]: Stereo is NOT SUPPORTED
[rviz2-1] [INFO] [1773998086.931896444] [rviz2]: OpenGl version: 4.6 (GLSL 4.6)
[rviz2-1] [INFO] [1773998087.008670534] [rviz2]: Stereo is NOT SUPPORTED
[rviz2-1] [INFO] [1773998087.091760700] [rviz2]: Stereo is NOT SUPPORTED
[spawn_drone-5] [INFO] [1773998087.426157711] [spawn_drone]: Result False Entity pushed to spawn queue, but spawn service timed outwaiting for entity to appear in simulation under the name [/drone_w04]
[gzserver-2] [1;32m[Msg] [0m[1;32mWaiting for master.[0m[1;32m
[gzserver-2] [0m[1;32m[0m[1;32m[0m[1;32m[Msg] [0m[1;32mConnected to gazebo master @ [0m[1;32mhttp://127.0.0.1:13048[0m[1;32m
[gzserver-2] [0m[1;32m[0m[1;32m[0m[1;32m[Msg] [0m[1;32mPublicized address: [0m[1;32m172.16.52.147[0m[1;32m
[gzserver-2] [0m[1;32m[0m[1;32m[0m[1;32m[Msg] [0m[1;32mLoading world file [[0m[1;32m/home/j/INCSL/IICC26_ws/install/sjtu_drone_description/share/sjtu_drone_description/worlds/landingPad.world[0m[1;32m][0m[1;32m
[gzserver-2] [0m[1;32m[0m[1;32m[0m[1;36m[Dbg] [wind_plugin.cpp:96] [0m[1;36mWindPlugin loaded: speed=[0m[1;36m0[0m[1;36m dir=[0m[1;36m0[0m[1;36m deg area=[0m[1;36m0.1[0m[1;36m coeff=[0m[1;36m1[0m[1;36m
[gzserver-2] [0m[1;33m[0m[1;33m[0m[1;31m[Err] [Sensor.cc:510] [0m[1;31mGet noise index not valid[0m[1;31m
[gzserver-2] [0m[1;31m[0m[1;31m[0m[1;31m[Err] [Sensor.cc:510] [0m[1;31mGet noise index not valid[0m[1;31m
[gzserver-2] [0m[1;31m[0m[1;31m[0m[1;31m[Err] [Sensor.cc:510] [0m[1;31mGet noise index not valid[0m[1;31m
[gzserver-2] [0m[1;31m[0m[1;31m[0m[1;31m[Err] [Sensor.cc:510] [0m[1;31mGet noise index not valid[0m[1;31m
[gzserver-2] [0m[1;31m[0m[1;31m[0m[1;31m[Err] [Sensor.cc:510] [0m[1;31mGet noise index not valid[0m[1;31m
[gzserver-2] [0m[1;31m[0m[1;31m[0m[1;31m[Err] [Sensor.cc:510] [0m[1;31mGet noise index not valid[0m[1;31m
[gzserver-2] [0m[1;31m[0m[1;31m[0mTopic [default//drone_w04/base_footprint/down_camera/image] is not valid.
[gzserver-2] [INFO] [1773998087.478633826] [drone_w04.collision_plugin]: Publishing contact states to [/drone_w04/bumper_states]
[gzserver-2] Topic [default//drone_w04/base_footprint/front_camera/image] is not valid.
[gzserver-2] [1;33m[Wrn] [Event.cc:61] [0m[1;33mWarning: Deleting a connection right after creation. [0m[1;33mMake sure to save the ConnectionPtr from a Connect call
[INFO] [spawn_drone-5]: process has finished cleanly [pid 672297]
[gzserver-2] [0m[INFO] [1773998088.137225555] [drone_w04.camera_bottom]: Publishing camera info to [/drone_w04/bottom/camera_info]
[gzserver-2] [INFO] [1773998088.140047240] [drone_w04.camera_front]: Publishing camera info to [/drone_w04/front/camera_info]
[gzserver-2] [INFO] [1773998088.265943775] [drone_w04.simple_drone]: The drone plugin is loading!
[gzserver-2] [INFO] [1773998088.266202664] [drone_w04.simple_drone]: pub_odom: 1
[gzserver-2] [INFO] [1773998088.266240645] [drone_w04.simple_drone]: Using following parameters: 
[gzserver-2] 		link_name: base_footprint,
[gzserver-2] 		max_force: 30,
[gzserver-2] 		motion_small_noise: 0,
[gzserver-2] 		motion_drift_noise: 0,
[gzserver-2] 		motion_drift_noise_time: 50,
[gzserver-2] 		takeoff_hover_height: 2.31,
[gzserver-2] 		takeoff_vertical_speed: 0.2
[gzserver-2] [INFO] [1773998088.279923740] [drone_w04.simple_drone]: Using the PID parameters: 
[gzserver-2] 	Roll Pitch:
[gzserver-2] 		kP: 10, kI: 0,kD: 5, Limit: 0.5, Time Constant: 0
[gzserver-2] 	Yaw:
[gzserver-2] 		kP: 2, kI: 0,kD: 1, Limit: 1.5, Time Constant: 0
[gzserver-2] 	Velocity X:
[gzserver-2] 		kP: 5, kI: 0,kD: 2.3, Limit: 2, Time Constant: 0
[gzserver-2] 	Velocity Y:
[gzserver-2] 		kP: 5, kI: 0,kD: 2.3, Limit: 2, Time Constant: 0
[gzserver-2] 	Velocity Z:
[gzserver-2] 		kP: 5, kI: 0,kD: 1, Limit: -1, Time Constant: 0
[gzserver-2] 	Position XY:
[gzserver-2] 		kP: 1.1, kI: 0,kD: 0, Limit: 5, Time Constant: 0
[gzserver-2] 	Position Z:
[gzserver-2] 		kP: 1, kI: 0,kD: 0.2, Limit: -1, Time Constant: 0
[gzserver-2] [INFO] [1773998088.280085560] [drone_w04.simple_drone]: The drone plugin finished loading!
[gzserver-2] [1;33m[Wrn] [Publisher.cc:135] [0m[1;33mQueue limit reached for topic [0m[1;33m/gazebo/default/pose/local/info[0m[1;33m, deleting message. [0m[1;33mThis warning is printed only once.[0m[1;33m
