[INFO] [launch]: All log files can be found below /home/j/.ros/log/2026-03-20-18-14-41-972425-j-670760
[INFO] [launch]: Default logging verbosity is set to INFO
[INFO] [launch.user]: [bringup] Apriltag config: camera=/drone_w02/bottom, image=/drone_w02/bottom/image_raw, tags=/drone_w02/bottom/tags, bridge=/drone_w02/landing_tag_state, standalone=true, use_target_id=true, target_id=0
[INFO] [rviz2-1]: process started with pid [671064]
[INFO] [gzserver-2]: process started with pid [671066]
[INFO] [robot_state_publisher-3]: process started with pid [671068]
[INFO] [joint_state_publisher-4]: process started with pid [671070]
[INFO] [spawn_drone-5]: process started with pid [671072]
[INFO] [static_transform_publisher-6]: process started with pid [671074]
[INFO] [apriltag_detector_node-7]: process started with pid [671076]
[INFO] [apriltag_state_bridge-8]: process started with pid [671078]
[static_transform_publisher-6] [WARN] [1773998082.681427604] []: Old-style arguments are deprecated; see --help for new-style arguments
[static_transform_publisher-6] [INFO] [1773998082.687317503] [static_transform_publisher_w28HGDhtJntRA4GC]: Spinning until stopped - publishing transform
[static_transform_publisher-6] translation: ('0.000000', '0.000000', '0.000000')
[static_transform_publisher-6] rotation: ('0.000000', '0.000000', '0.000000', '1.000000')
[static_transform_publisher-6] from 'world' to '/drone_w02/odom'
[robot_state_publisher-3] [INFO] [1773998082.706687491] [drone_w02.robot_state_publisher]: got segment base_footprint
[robot_state_publisher-3] [INFO] [1773998082.706771883] [drone_w02.robot_state_publisher]: got segment base_link
[robot_state_publisher-3] [INFO] [1773998082.706778776] [drone_w02.robot_state_publisher]: got segment bottom_cam_link
[robot_state_publisher-3] [INFO] [1773998082.706782278] [drone_w02.robot_state_publisher]: got segment front_cam_link
[robot_state_publisher-3] [INFO] [1773998082.706785235] [drone_w02.robot_state_publisher]: got segment sonar_link
[apriltag_detector_node-7] [INFO] [1773998082.719026005] [apriltag_detector_node]: tag detector type: umich
[rviz2-1] 
[rviz2-1] (rviz2:671064): dbind-WARNING **: 18:14:42.851: Couldn't connect to accessibility bus: Failed to connect to socket /root/.cache/at-spi/bus_0: 허가 거부
[apriltag_state_bridge-8] [INFO] [1773998082.944916999] [apriltag_state_bridge]: AprilTag bridge started: /drone_w02/bottom/tags -> /drone_w02/landing_tag_state, use_target_id=True, target_id=0
[gzserver-2] Gazebo multi-robot simulator, version 11.10.2
[gzserver-2] Copyright (C) 2012 Open Source Robotics Foundation.
[gzserver-2] Released under the Apache 2 License.
[gzserver-2] http://gazebosim.org
[gzserver-2] 
[joint_state_publisher-4] [INFO] [1773998083.040954231] [drone_w02.joint_state_publisher]: Waiting for robot_description to be published on the robot_description topic...
[gzserver-2] [1;33m[Wrn] [gazebo_ros_init.cpp:178] [0m[1;33m
[gzserver-2] #     # ####### ####### ###  #####  #######
[gzserver-2] ##    # #     #    #     #  #     # #
[gzserver-2] # #   # #     #    #     #  #       #
[gzserver-2] #  #  # #     #    #     #  #       #####
[gzserver-2] #   # # #     #    #     #  #       #
[gzserver-2] #    ## #     #    #     #  #     # #
[gzserver-2] #     # #######    #    ###  #####  #######
[gzserver-2] 
[gzserver-2] This version of Gazebo, now called Gazebo classic, reaches end-of-life
[gzserver-2] in January 2025. Users are highly encouraged to migrate to the new Gazebo
[gzserver-2] using our migration guides (https://gazebosim.org/docs/latest/gazebo_classic_migration?utm_source=gazebo_ros_pkgs&utm_medium=cli)
[gzserver-2] 
[gzserver-2] [0m[1;33m
[rviz2-1] [INFO] [1773998083.782200866] [rviz2]: Stereo is NOT SUPPORTED
[rviz2-1] [INFO] [1773998083.782291266] [rviz2]: OpenGl version: 4.6 (GLSL 4.6)
[rviz2-1] [INFO] [1773998083.824409284] [rviz2]: Stereo is NOT SUPPORTED
[rviz2-1] [INFO] [1773998083.970930391] [rviz2]: Stereo is NOT SUPPORTED
[spawn_drone-5] [INFO] [1773998084.001052949] [spawn_drone]: service not available, waiting again...
[gzserver-2] [1;32m[Msg] [0m[1;32mWaiting for master.[0m[1;32m
[gzserver-2] [0m[1;32m[0m[1;32m[0m[1;32m[Msg] [0m[1;32mConnected to gazebo master @ [0m[1;32mhttp://127.0.0.1:13046[0m[1;32m
[gzserver-2] [0m[1;32m[0m[1;32m[0m[1;32m[Msg] [0m[1;32mPublicized address: [0m[1;32m172.16.52.147[0m[1;32m
[gzserver-2] [0m[1;32m[0m[1;32m[0m[1;32m[Msg] [0m[1;32mLoading world file [[0m[1;32m/home/j/INCSL/IICC26_ws/install/sjtu_drone_description/share/sjtu_drone_description/worlds/landingPad.world[0m[1;32m][0m[1;32m
[gzserver-2] [0m[1;32m[0m[1;32m[0m[1;36m[Dbg] [wind_plugin.cpp:96] [0m[1;36mWindPlugin loaded: speed=[0m[1;36m0[0m[1;36m dir=[0m[1;36m0[0m[1;36m deg area=[0m[1;36m0.1[0m[1;36m coeff=[0m[1;36m1[0m[1;36m
[gzserver-2] [0m[1;33m[0m[1;33m[0m[1;31m[Err] [Sensor.cc:510] [0m[1;31mGet noise index not valid[0m[1;31m
[gzserver-2] [0m[1;31m[0m[1;31m[0m[1;31m[Err] [Sensor.cc:510] [0m[1;31mGet noise index not valid[0m[1;31m
[gzserver-2] [0m[1;31m[0m[1;31m[0m[1;31m[Err] [Sensor.cc:510] [0m[1;31mGet noise index not valid[0m[1;31m
[gzserver-2] [0m[1;31m[0m[1;31m[0m[1;31m[Err] [Sensor.cc:510] [0m[1;31mGet noise index not valid[0m[1;31m
[gzserver-2] [0m[1;31m[0m[1;31m[0m[1;31m[Err] [Sensor.cc:510] [0m[1;31mGet noise index not valid[0m[1;31m
[gzserver-2] [0m[1;31m[0m[1;31m[0m[1;31m[Err] [Sensor.cc:510] [0m[1;31mGet noise index not valid[0m[1;31m
[gzserver-2] [0m[1;31m[0m[1;31m[0mTopic [default//drone_w02/base_footprint/down_camera/image] is not valid.
[gzserver-2] [INFO] [1773998084.495505056] [drone_w02.collision_plugin]: Publishing contact states to [/drone_w02/bumper_states]
[gzserver-2] Topic [default//drone_w02/base_footprint/front_camera/image] is not valid.
[gzserver-2] [1;33m[Wrn] [Event.cc:61] [0m[1;33mWarning: Deleting a connection right after creation. [0m[1;33mMake sure to save the ConnectionPtr from a Connect call
[gzserver-2] [0m[INFO] [1773998085.024600214] [drone_w02.camera_bottom]: Publishing camera info to [/drone_w02/bottom/camera_info]
[gzserver-2] [INFO] [1773998085.049101107] [drone_w02.camera_front]: Publishing camera info to [/drone_w02/front/camera_info]
[spawn_drone-5] [INFO] [1773998085.050444103] [spawn_drone]: Result True SpawnEntity: Successfully spawned entity [/drone_w02]
[gzserver-2] [INFO] [1773998085.173922629] [drone_w02.simple_drone]: The drone plugin is loading!
[gzserver-2] [INFO] [1773998085.174208036] [drone_w02.simple_drone]: pub_odom: 1
[gzserver-2] [INFO] [1773998085.174252959] [drone_w02.simple_drone]: Using following parameters: 
[gzserver-2] 		link_name: base_footprint,
[gzserver-2] 		max_force: 30,
[gzserver-2] 		motion_small_noise: 0,
[gzserver-2] 		motion_drift_noise: 0,
[gzserver-2] 		motion_drift_noise_time: 50,
[gzserver-2] 		takeoff_hover_height: 2.31,
[gzserver-2] 		takeoff_vertical_speed: 0.2
[gzserver-2] [INFO] [1773998085.187945252] [drone_w02.simple_drone]: Using the PID parameters: 
[gzserver-2] 	Roll Pitch:
[gzserver-2] 		kP: 10, kI: 0,kD: 5, Limit: 0.5, Time Constant: 0
[gzserver-2] 	Yaw:
[gzserver-2] 		kP: 2, kI: 0,kD: 1, Limit: 1.5, Time Constant: 0
[gzserver-2] 	Velocity X:
[gzserver-2] 		kP: 5, kI: 0,kD: 2.3, Limit: 2, Time Constant: 0
[gzserver-2] 	Velocity Y:
[gzserver-2] 		kP: 5, kI: 0,kD: 2.3, Limit: 2, Time Constant: 0
[gzserver-2] 	Velocity Z:
[gzserver-2] 		kP: 5, kI: 0,kD: 1, Limit: -1, Time Constant: 0
[gzserver-2] 	Position XY:
[gzserver-2] 		kP: 1.1, kI: 0,kD: 0, Limit: 5, Time Constant: 0
[gzserver-2] 	Position Z:
[gzserver-2] 		kP: 1, kI: 0,kD: 0.2, Limit: -1, Time Constant: 0
[gzserver-2] [INFO] [1773998085.188099363] [drone_w02.simple_drone]: The drone plugin finished loading!
[INFO] [spawn_drone-5]: process has finished cleanly [pid 671072]
[gzserver-2] [1;33m[Wrn] [Publisher.cc:135] [0m[1;33mQueue limit reached for topic [0m[1;33m/gazebo/default/pose/local/info[0m[1;33m, deleting message. [0m[1;33mThis warning is printed only once.[0m[1;33m
