[INFO] [launch]: All log files can be found below /home/j/.ros/log/2026-03-20-17-24-53-896735-j-599864
[INFO] [launch]: Default logging verbosity is set to INFO
[INFO] [launch.user]: [bringup] Apriltag config: camera=/drone/bottom, image=/drone/bottom/image_raw, tags=/drone/bottom/tags, bridge=/landing_tag_state, standalone=true, use_target_id=true, target_id=0
[INFO] [rviz2-1]: process started with pid [600043]
[INFO] [gzserver-2]: process started with pid [600045]
[INFO] [robot_state_publisher-3]: process started with pid [600047]
[INFO] [joint_state_publisher-4]: process started with pid [600049]
[INFO] [spawn_drone-5]: process started with pid [600051]
[INFO] [static_transform_publisher-6]: process started with pid [600055]
[INFO] [apriltag_detector_node-7]: process started with pid [600066]
[INFO] [apriltag_state_bridge-8]: process started with pid [600070]
[static_transform_publisher-6] [WARN] [1773995095.107954330] []: Old-style arguments are deprecated; see --help for new-style arguments
[robot_state_publisher-3] [INFO] [1773995095.122976461] [drone.robot_state_publisher]: got segment base_footprint
[robot_state_publisher-3] [INFO] [1773995095.123074613] [drone.robot_state_publisher]: got segment base_link
[robot_state_publisher-3] [INFO] [1773995095.123084069] [drone.robot_state_publisher]: got segment bottom_cam_link
[robot_state_publisher-3] [INFO] [1773995095.123090584] [drone.robot_state_publisher]: got segment front_cam_link
[robot_state_publisher-3] [INFO] [1773995095.123096030] [drone.robot_state_publisher]: got segment sonar_link
[static_transform_publisher-6] [INFO] [1773995095.125642659] [static_transform_publisher_w1qyDxN4764ClGja]: Spinning until stopped - publishing transform
[static_transform_publisher-6] translation: ('0.000000', '0.000000', '0.000000')
[static_transform_publisher-6] rotation: ('0.000000', '0.000000', '0.000000', '1.000000')
[static_transform_publisher-6] from 'world' to '/drone/odom'
[rviz2-1] 
[rviz2-1] (rviz2:600043): dbind-WARNING **: 17:24:55.140: Couldn't connect to accessibility bus: Failed to connect to socket /root/.cache/at-spi/bus_0: 허가 거부
[apriltag_detector_node-7] [INFO] [1773995095.218226775] [apriltag_detector_node]: tag detector type: umich
[gzserver-2] Gazebo multi-robot simulator, version 11.10.2
[gzserver-2] Copyright (C) 2012 Open Source Robotics Foundation.
[gzserver-2] Released under the Apache 2 License.
[gzserver-2] http://gazebosim.org
[gzserver-2] 
[joint_state_publisher-4] [INFO] [1773995095.608659258] [drone.joint_state_publisher]: Waiting for robot_description to be published on the robot_description topic...
[gzserver-2] [1;31m[Err] [Master.cc:96] [0m[1;31mEXCEPTION: [0m[1;31mUnable to start server[bind: Address already in use]. There is probably another Gazebo process running.
[gzserver-2] [0m[1;31m
[gzserver-2] [0m[1;31m[0m[1;31m[0m[1;31m[Err] [Master.cc:96] [0m[1;31mEXCEPTION: [0m[1;31mUnable to start server[bind: Address already in use]. There is probably another Gazebo process running.
[gzserver-2] [0m[1;31m
[apriltag_state_bridge-8] [INFO] [1773995095.659935202] [apriltag_state_bridge]: AprilTag bridge started: /drone/bottom/tags -> /landing_tag_state, use_target_id=True, target_id=0
[ERROR] [gzserver-2]: process has died [pid 600045, exit code 255, cmd 'gzserver /home/j/INCSL/IICC26_ws/install/sjtu_drone_description/share/sjtu_drone_description/worlds/landingPad.world --verbose -slibgazebo_ros_init.so -slibgazebo_ros_factory.so -slibgazebo_ros_force_system.so verbose'].
[gzserver-2] [1;36m[0m[1;32m[0m
[gzserver-2] [0m[1;31m[0m[1;31m[0m[1;33m[0m[1;31m[0m
[spawn_drone-5] [INFO] [1773995095.780162203] [spawn_drone]: Result False Entity [/drone] already exists.
[INFO] [spawn_drone-5]: process has finished cleanly [pid 600051]
[rviz2-1] [INFO] [1773995096.644676840] [rviz2]: Stereo is NOT SUPPORTED
[rviz2-1] [INFO] [1773995096.644813847] [rviz2]: OpenGl version: 4.6 (GLSL 4.6)
[rviz2-1] [INFO] [1773995096.697738100] [rviz2]: Stereo is NOT SUPPORTED
[rviz2-1] [INFO] [1773995096.938129770] [rviz2]: Stereo is NOT SUPPORTED
[ERROR] [rviz2-1]: process has died [pid 600043, exit code -9, cmd '/opt/ros/humble/lib/rviz2/rviz2 -d /home/j/INCSL/IICC26_ws/install/sjtu_drone_bringup/share/sjtu_drone_bringup/rviz/rviz.rviz --ros-args -r __node:=rviz2'].
