[INFO] [launch]: All log files can be found below /home/j/.ros/log/2026-03-20-18-26-10-721020-j-690321
[INFO] [launch]: Default logging verbosity is set to INFO
[INFO] [launch.user]: [bringup] Apriltag config: camera=/drone_w03/bottom, image=/drone_w03/bottom/image_raw, tags=/drone_w03/bottom/tags, bridge=/drone_w03/landing_tag_state, standalone=true, use_target_id=true, target_id=0
[INFO] [rviz2-1]: process started with pid [690522]
[INFO] [gzserver-2]: process started with pid [690524]
[INFO] [robot_state_publisher-3]: process started with pid [690526]
[INFO] [joint_state_publisher-4]: process started with pid [690528]
[INFO] [spawn_drone-5]: process started with pid [690530]
[INFO] [static_transform_publisher-6]: process started with pid [690532]
[INFO] [apriltag_detector_node-7]: process started with pid [690534]
[INFO] [apriltag_state_bridge-8]: process started with pid [690536]
[static_transform_publisher-6] [WARN] [1773998771.306407925] []: Old-style arguments are deprecated; see --help for new-style arguments
[static_transform_publisher-6] [INFO] [1773998771.312204438] [static_transform_publisher_ftWESJnZL0s5misM]: Spinning until stopped - publishing transform
[static_transform_publisher-6] translation: ('0.000000', '0.000000', '0.000000')
[static_transform_publisher-6] rotation: ('0.000000', '0.000000', '0.000000', '1.000000')
[static_transform_publisher-6] from 'world' to '/drone_w03/odom'
[robot_state_publisher-3] [INFO] [1773998771.340238252] [drone_w03.robot_state_publisher]: got segment base_footprint
[robot_state_publisher-3] [INFO] [1773998771.340314432] [drone_w03.robot_state_publisher]: got segment base_link
[robot_state_publisher-3] [INFO] [1773998771.340321285] [drone_w03.robot_state_publisher]: got segment bottom_cam_link
[robot_state_publisher-3] [INFO] [1773998771.340324854] [drone_w03.robot_state_publisher]: got segment front_cam_link
[robot_state_publisher-3] [INFO] [1773998771.340327858] [drone_w03.robot_state_publisher]: got segment sonar_link
[rviz2-1] 
[rviz2-1] (rviz2:690522): dbind-WARNING **: 18:26:11.353: Couldn't connect to accessibility bus: Failed to connect to socket /root/.cache/at-spi/bus_0: 허가 거부
[apriltag_detector_node-7] [INFO] [1773998771.383586563] [apriltag_detector_node]: tag detector type: umich
[gzserver-2] Gazebo multi-robot simulator, version 11.10.2
[gzserver-2] Copyright (C) 2012 Open Source Robotics Foundation.
[gzserver-2] Released under the Apache 2 License.
[gzserver-2] http://gazebosim.org
[gzserver-2] 
[gzserver-2] [1;31m[Err] [Master.cc:96] [0m[1;31mEXCEPTION: [0m[1;31mUnable to start server[bind: Address already in use]. There is probably another Gazebo process running.
[gzserver-2] [0m[1;31m
[gzserver-2] [0m[1;31m[0m[1;31m[0m[1;31m[Err] [Master.cc:96] [0m[1;31mEXCEPTION: [0m[1;31mUnable to start server[bind: Address already in use]. There is probably another Gazebo process running.
[gzserver-2] [0m[1;31m
[apriltag_state_bridge-8] [INFO] [1773998771.612601570] [apriltag_state_bridge]: AprilTag bridge started: /drone_w03/bottom/tags -> /drone_w03/landing_tag_state, use_target_id=True, target_id=0
[ERROR] [gzserver-2]: process has died [pid 690524, exit code 255, cmd 'gzserver /home/j/INCSL/IICC26_ws/install/sjtu_drone_description/share/sjtu_drone_description/worlds/landingPad.world --verbose -slibgazebo_ros_init.so -slibgazebo_ros_factory.so -slibgazebo_ros_force_system.so verbose'].
[gzserver-2] [1;36m[0m[1;32m[0m
[gzserver-2] [0m[1;31m[0m[1;31m[0m[1;33m[0m[1;31m[0m
[joint_state_publisher-4] [INFO] [1773998771.684485500] [drone_w03.joint_state_publisher]: Waiting for robot_description to be published on the robot_description topic...
[spawn_drone-5] [INFO] [1773998771.710065530] [spawn_drone]: Result False Entity [/drone_w03] already exists.
[INFO] [spawn_drone-5]: process has finished cleanly [pid 690530]
[rviz2-1] [INFO] [1773998771.969428663] [rviz2]: Stereo is NOT SUPPORTED
[rviz2-1] [INFO] [1773998771.969533727] [rviz2]: OpenGl version: 4.6 (GLSL 4.6)
[rviz2-1] [INFO] [1773998772.010649965] [rviz2]: Stereo is NOT SUPPORTED
[rviz2-1] [INFO] [1773998772.161414326] [rviz2]: Stereo is NOT SUPPORTED
