[0.060s] DEBUG:colcon:Command line arguments: ['/usr/bin/colcon', 'build', '--packages-select', 'sjtu_drone_bringup']
[0.060s] DEBUG:colcon:Parsed command line arguments: Namespace(log_base=None, log_level=None, verb_name='build', build_base='build', install_base='install', merge_install=False, symlink_install=False, test_result_base=None, continue_on_error=False, executor='parallel', parallel_workers=20, event_handlers=None, ignore_user_meta=False, metas=['./colcon.meta'], base_paths=['.'], packages_ignore=None, packages_ignore_regex=None, paths=None, packages_up_to=None, packages_up_to_regex=None, packages_above=None, packages_above_and_dependencies=None, packages_above_depth=None, packages_select_by_dep=None, packages_skip_by_dep=None, packages_skip_up_to=None, packages_select_build_failed=False, packages_skip_build_finished=False, packages_select_test_failures=False, packages_skip_test_passed=False, packages_select=['sjtu_drone_bringup'], packages_skip=None, packages_select_regex=None, packages_skip_regex=None, packages_start=None, packages_end=None, allow_overriding=[], cmake_args=None, cmake_target=None, cmake_target_skip_unavailable=False, cmake_clean_cache=False, cmake_clean_first=False, cmake_force_configure=False, ament_cmake_args=None, catkin_cmake_args=None, catkin_skip_building_tests=False, mixin_files=None, mixin=None, verb_parser=<colcon_mixin.mixin.mixin_argument.MixinArgumentDecorator object at 0x7f1a7adaeb30>, verb_extension=<colcon_core.verb.build.BuildVerb object at 0x7f1a7ae97c40>, main=<bound method BuildVerb.main of <colcon_core.verb.build.BuildVerb object at 0x7f1a7ae97c40>>, mixin_verb=('build',))
[0.081s] Level 1:colcon.colcon_core.package_discovery:discover_packages(colcon_meta) check parameters
[0.081s] Level 1:colcon.colcon_core.package_discovery:discover_packages(recursive) check parameters
[0.081s] Level 1:colcon.colcon_core.package_discovery:discover_packages(ignore) check parameters
[0.081s] Level 1:colcon.colcon_core.package_discovery:discover_packages(path) check parameters
[0.081s] Level 1:colcon.colcon_core.package_discovery:discover_packages(colcon_meta) discover
[0.081s] Level 1:colcon.colcon_core.package_discovery:discover_packages(recursive) discover
[0.081s] INFO:colcon.colcon_core.package_discovery:Crawling recursively for packages in '/home/j/INCSL/IICC26_ws'
[0.082s] Level 1:colcon.colcon_core.package_identification:_identify(.) by extensions ['ignore', 'ignore_ament_install']
[0.082s] Level 1:colcon.colcon_core.package_identification:_identify(.) by extension 'ignore'
[0.082s] Level 1:colcon.colcon_core.package_identification:_identify(.) by extension 'ignore_ament_install'
[0.082s] Level 1:colcon.colcon_core.package_identification:_identify(.) by extensions ['colcon_pkg']
[0.082s] Level 1:colcon.colcon_core.package_identification:_identify(.) by extension 'colcon_pkg'
[0.082s] Level 1:colcon.colcon_core.package_identification:_identify(.) by extensions ['colcon_meta']
[0.082s] Level 1:colcon.colcon_core.package_identification:_identify(.) by extension 'colcon_meta'
[0.082s] Level 1:colcon.colcon_core.package_identification:_identify(.) by extensions ['ros']
[0.082s] Level 1:colcon.colcon_core.package_identification:_identify(.) by extension 'ros'
[0.089s] Level 1:colcon.colcon_core.package_identification:_identify(.) by extensions ['cmake', 'python']
[0.089s] Level 1:colcon.colcon_core.package_identification:_identify(.) by extension 'cmake'
[0.089s] Level 1:colcon.colcon_core.package_identification:_identify(.) by extension 'python'
[0.089s] Level 1:colcon.colcon_core.package_identification:_identify(.) by extensions ['python_setup_py']
[0.089s] Level 1:colcon.colcon_core.package_identification:_identify(.) by extension 'python_setup_py'
[0.090s] Level 1:colcon.colcon_core.package_identification:_identify(build) by extensions ['ignore', 'ignore_ament_install']
[0.090s] Level 1:colcon.colcon_core.package_identification:_identify(build) by extension 'ignore'
[0.090s] Level 1:colcon.colcon_core.package_identification:_identify(build) ignored
[0.090s] Level 1:colcon.colcon_core.package_identification:_identify(install) by extensions ['ignore', 'ignore_ament_install']
[0.090s] Level 1:colcon.colcon_core.package_identification:_identify(install) by extension 'ignore'
[0.090s] Level 1:colcon.colcon_core.package_identification:_identify(install) ignored
[0.090s] Level 1:colcon.colcon_core.package_identification:_identify(log) by extensions ['ignore', 'ignore_ament_install']
[0.090s] Level 1:colcon.colcon_core.package_identification:_identify(log) by extension 'ignore'
[0.090s] Level 1:colcon.colcon_core.package_identification:_identify(log) ignored
[0.090s] Level 1:colcon.colcon_core.package_identification:_identify(src) by extensions ['ignore', 'ignore_ament_install']
[0.090s] Level 1:colcon.colcon_core.package_identification:_identify(src) by extension 'ignore'
[0.090s] Level 1:colcon.colcon_core.package_identification:_identify(src) by extension 'ignore_ament_install'
[0.090s] Level 1:colcon.colcon_core.package_identification:_identify(src) by extensions ['colcon_pkg']
[0.090s] Level 1:colcon.colcon_core.package_identification:_identify(src) by extension 'colcon_pkg'
[0.090s] Level 1:colcon.colcon_core.package_identification:_identify(src) by extensions ['colcon_meta']
[0.090s] Level 1:colcon.colcon_core.package_identification:_identify(src) by extension 'colcon_meta'
[0.090s] Level 1:colcon.colcon_core.package_identification:_identify(src) by extensions ['ros']
[0.090s] Level 1:colcon.colcon_core.package_identification:_identify(src) by extension 'ros'
[0.090s] Level 1:colcon.colcon_core.package_identification:_identify(src) by extensions ['cmake', 'python']
[0.090s] Level 1:colcon.colcon_core.package_identification:_identify(src) by extension 'cmake'
[0.090s] Level 1:colcon.colcon_core.package_identification:_identify(src) by extension 'python'
[0.090s] Level 1:colcon.colcon_core.package_identification:_identify(src) by extensions ['python_setup_py']
[0.090s] Level 1:colcon.colcon_core.package_identification:_identify(src) by extension 'python_setup_py'
[0.090s] Level 1:colcon.colcon_core.package_identification:_identify(src/Diagram) by extensions ['ignore', 'ignore_ament_install']
[0.090s] Level 1:colcon.colcon_core.package_identification:_identify(src/Diagram) by extension 'ignore'
[0.090s] Level 1:colcon.colcon_core.package_identification:_identify(src/Diagram) by extension 'ignore_ament_install'
[0.090s] Level 1:colcon.colcon_core.package_identification:_identify(src/Diagram) by extensions ['colcon_pkg']
[0.090s] Level 1:colcon.colcon_core.package_identification:_identify(src/Diagram) by extension 'colcon_pkg'
[0.090s] Level 1:colcon.colcon_core.package_identification:_identify(src/Diagram) by extensions ['colcon_meta']
[0.090s] Level 1:colcon.colcon_core.package_identification:_identify(src/Diagram) by extension 'colcon_meta'
[0.090s] Level 1:colcon.colcon_core.package_identification:_identify(src/Diagram) by extensions ['ros']
[0.090s] Level 1:colcon.colcon_core.package_identification:_identify(src/Diagram) by extension 'ros'
[0.090s] Level 1:colcon.colcon_core.package_identification:_identify(src/Diagram) by extensions ['cmake', 'python']
[0.090s] Level 1:colcon.colcon_core.package_identification:_identify(src/Diagram) by extension 'cmake'
[0.090s] Level 1:colcon.colcon_core.package_identification:_identify(src/Diagram) by extension 'python'
[0.090s] Level 1:colcon.colcon_core.package_identification:_identify(src/Diagram) by extensions ['python_setup_py']
[0.090s] Level 1:colcon.colcon_core.package_identification:_identify(src/Diagram) by extension 'python_setup_py'
[0.090s] Level 1:colcon.colcon_core.package_identification:_identify(src/sjtu_drone-ros2) by extensions ['ignore', 'ignore_ament_install']
[0.091s] Level 1:colcon.colcon_core.package_identification:_identify(src/sjtu_drone-ros2) by extension 'ignore'
[0.091s] Level 1:colcon.colcon_core.package_identification:_identify(src/sjtu_drone-ros2) by extension 'ignore_ament_install'
[0.091s] Level 1:colcon.colcon_core.package_identification:_identify(src/sjtu_drone-ros2) by extensions ['colcon_pkg']
[0.091s] Level 1:colcon.colcon_core.package_identification:_identify(src/sjtu_drone-ros2) by extension 'colcon_pkg'
[0.091s] Level 1:colcon.colcon_core.package_identification:_identify(src/sjtu_drone-ros2) by extensions ['colcon_meta']
[0.091s] Level 1:colcon.colcon_core.package_identification:_identify(src/sjtu_drone-ros2) by extension 'colcon_meta'
[0.091s] Level 1:colcon.colcon_core.package_identification:_identify(src/sjtu_drone-ros2) by extensions ['ros']
[0.091s] Level 1:colcon.colcon_core.package_identification:_identify(src/sjtu_drone-ros2) by extension 'ros'
[0.091s] Level 1:colcon.colcon_core.package_identification:_identify(src/sjtu_drone-ros2) by extensions ['cmake', 'python']
[0.091s] Level 1:colcon.colcon_core.package_identification:_identify(src/sjtu_drone-ros2) by extension 'cmake'
[0.091s] Level 1:colcon.colcon_core.package_identification:_identify(src/sjtu_drone-ros2) by extension 'python'
[0.091s] Level 1:colcon.colcon_core.package_identification:_identify(src/sjtu_drone-ros2) by extensions ['python_setup_py']
[0.091s] Level 1:colcon.colcon_core.package_identification:_identify(src/sjtu_drone-ros2) by extension 'python_setup_py'
[0.091s] Level 1:colcon.colcon_core.package_identification:_identify(src/sjtu_drone-ros2/imgs) by extensions ['ignore', 'ignore_ament_install']
[0.091s] Level 1:colcon.colcon_core.package_identification:_identify(src/sjtu_drone-ros2/imgs) by extension 'ignore'
[0.091s] Level 1:colcon.colcon_core.package_identification:_identify(src/sjtu_drone-ros2/imgs) by extension 'ignore_ament_install'
[0.091s] Level 1:colcon.colcon_core.package_identification:_identify(src/sjtu_drone-ros2/imgs) by extensions ['colcon_pkg']
[0.091s] Level 1:colcon.colcon_core.package_identification:_identify(src/sjtu_drone-ros2/imgs) by extension 'colcon_pkg'
[0.091s] Level 1:colcon.colcon_core.package_identification:_identify(src/sjtu_drone-ros2/imgs) by extensions ['colcon_meta']
[0.091s] Level 1:colcon.colcon_core.package_identification:_identify(src/sjtu_drone-ros2/imgs) by extension 'colcon_meta'
[0.091s] Level 1:colcon.colcon_core.package_identification:_identify(src/sjtu_drone-ros2/imgs) by extensions ['ros']
[0.091s] Level 1:colcon.colcon_core.package_identification:_identify(src/sjtu_drone-ros2/imgs) by extension 'ros'
[0.091s] Level 1:colcon.colcon_core.package_identification:_identify(src/sjtu_drone-ros2/imgs) by extensions ['cmake', 'python']
[0.091s] Level 1:colcon.colcon_core.package_identification:_identify(src/sjtu_drone-ros2/imgs) by extension 'cmake'
[0.091s] Level 1:colcon.colcon_core.package_identification:_identify(src/sjtu_drone-ros2/imgs) by extension 'python'
[0.091s] Level 1:colcon.colcon_core.package_identification:_identify(src/sjtu_drone-ros2/imgs) by extensions ['python_setup_py']
[0.091s] Level 1:colcon.colcon_core.package_identification:_identify(src/sjtu_drone-ros2/imgs) by extension 'python_setup_py'
[0.091s] Level 1:colcon.colcon_core.package_identification:_identify(src/sjtu_drone-ros2/launch) by extensions ['ignore', 'ignore_ament_install']
[0.091s] Level 1:colcon.colcon_core.package_identification:_identify(src/sjtu_drone-ros2/launch) by extension 'ignore'
[0.091s] Level 1:colcon.colcon_core.package_identification:_identify(src/sjtu_drone-ros2/launch) by extension 'ignore_ament_install'
[0.091s] Level 1:colcon.colcon_core.package_identification:_identify(src/sjtu_drone-ros2/launch) by extensions ['colcon_pkg']
[0.091s] Level 1:colcon.colcon_core.package_identification:_identify(src/sjtu_drone-ros2/launch) by extension 'colcon_pkg'
[0.091s] Level 1:colcon.colcon_core.package_identification:_identify(src/sjtu_drone-ros2/launch) by extensions ['colcon_meta']
[0.091s] Level 1:colcon.colcon_core.package_identification:_identify(src/sjtu_drone-ros2/launch) by extension 'colcon_meta'
[0.091s] Level 1:colcon.colcon_core.package_identification:_identify(src/sjtu_drone-ros2/launch) by extensions ['ros']
[0.091s] Level 1:colcon.colcon_core.package_identification:_identify(src/sjtu_drone-ros2/launch) by extension 'ros'
[0.091s] Level 1:colcon.colcon_core.package_identification:_identify(src/sjtu_drone-ros2/launch) by extensions ['cmake', 'python']
[0.091s] Level 1:colcon.colcon_core.package_identification:_identify(src/sjtu_drone-ros2/launch) by extension 'cmake'
[0.091s] Level 1:colcon.colcon_core.package_identification:_identify(src/sjtu_drone-ros2/launch) by extension 'python'
[0.091s] Level 1:colcon.colcon_core.package_identification:_identify(src/sjtu_drone-ros2/launch) by extensions ['python_setup_py']
[0.091s] Level 1:colcon.colcon_core.package_identification:_identify(src/sjtu_drone-ros2/launch) by extension 'python_setup_py'
[0.091s] Level 1:colcon.colcon_core.package_identification:_identify(src/sjtu_drone-ros2/matlab) by extensions ['ignore', 'ignore_ament_install']
[0.091s] Level 1:colcon.colcon_core.package_identification:_identify(src/sjtu_drone-ros2/matlab) by extension 'ignore'
[0.091s] Level 1:colcon.colcon_core.package_identification:_identify(src/sjtu_drone-ros2/matlab) by extension 'ignore_ament_install'
[0.091s] Level 1:colcon.colcon_core.package_identification:_identify(src/sjtu_drone-ros2/matlab) by extensions ['colcon_pkg']
[0.091s] Level 1:colcon.colcon_core.package_identification:_identify(src/sjtu_drone-ros2/matlab) by extension 'colcon_pkg'
[0.092s] Level 1:colcon.colcon_core.package_identification:_identify(src/sjtu_drone-ros2/matlab) by extensions ['colcon_meta']
[0.092s] Level 1:colcon.colcon_core.package_identification:_identify(src/sjtu_drone-ros2/matlab) by extension 'colcon_meta'
[0.092s] Level 1:colcon.colcon_core.package_identification:_identify(src/sjtu_drone-ros2/matlab) by extensions ['ros']
[0.092s] Level 1:colcon.colcon_core.package_identification:_identify(src/sjtu_drone-ros2/matlab) by extension 'ros'
[0.092s] Level 1:colcon.colcon_core.package_identification:_identify(src/sjtu_drone-ros2/matlab) by extensions ['cmake', 'python']
[0.092s] Level 1:colcon.colcon_core.package_identification:_identify(src/sjtu_drone-ros2/matlab) by extension 'cmake'
[0.092s] Level 1:colcon.colcon_core.package_identification:_identify(src/sjtu_drone-ros2/matlab) by extension 'python'
[0.092s] Level 1:colcon.colcon_core.package_identification:_identify(src/sjtu_drone-ros2/matlab) by extensions ['python_setup_py']
[0.092s] Level 1:colcon.colcon_core.package_identification:_identify(src/sjtu_drone-ros2/matlab) by extension 'python_setup_py'
[0.092s] Level 1:colcon.colcon_core.package_identification:_identify(src/sjtu_drone-ros2/matlab/data) by extensions ['ignore', 'ignore_ament_install']
[0.092s] Level 1:colcon.colcon_core.package_identification:_identify(src/sjtu_drone-ros2/matlab/data) by extension 'ignore'
[0.092s] Level 1:colcon.colcon_core.package_identification:_identify(src/sjtu_drone-ros2/matlab/data) by extension 'ignore_ament_install'
[0.092s] Level 1:colcon.colcon_core.package_identification:_identify(src/sjtu_drone-ros2/matlab/data) by extensions ['colcon_pkg']
[0.092s] Level 1:colcon.colcon_core.package_identification:_identify(src/sjtu_drone-ros2/matlab/data) by extension 'colcon_pkg'
[0.092s] Level 1:colcon.colcon_core.package_identification:_identify(src/sjtu_drone-ros2/matlab/data) by extensions ['colcon_meta']
[0.092s] Level 1:colcon.colcon_core.package_identification:_identify(src/sjtu_drone-ros2/matlab/data) by extension 'colcon_meta'
[0.092s] Level 1:colcon.colcon_core.package_identification:_identify(src/sjtu_drone-ros2/matlab/data) by extensions ['ros']
[0.092s] Level 1:colcon.colcon_core.package_identification:_identify(src/sjtu_drone-ros2/matlab/data) by extension 'ros'
[0.092s] Level 1:colcon.colcon_core.package_identification:_identify(src/sjtu_drone-ros2/matlab/data) by extensions ['cmake', 'python']
[0.092s] Level 1:colcon.colcon_core.package_identification:_identify(src/sjtu_drone-ros2/matlab/data) by extension 'cmake'
[0.092s] Level 1:colcon.colcon_core.package_identification:_identify(src/sjtu_drone-ros2/matlab/data) by extension 'python'
[0.092s] Level 1:colcon.colcon_core.package_identification:_identify(src/sjtu_drone-ros2/matlab/data) by extensions ['python_setup_py']
[0.092s] Level 1:colcon.colcon_core.package_identification:_identify(src/sjtu_drone-ros2/matlab/data) by extension 'python_setup_py'
[0.092s] Level 1:colcon.colcon_core.package_identification:_identify(src/sjtu_drone-ros2/matlab/data/20260311_132243) by extensions ['ignore', 'ignore_ament_install']
[0.092s] Level 1:colcon.colcon_core.package_identification:_identify(src/sjtu_drone-ros2/matlab/data/20260311_132243) by extension 'ignore'
[0.092s] Level 1:colcon.colcon_core.package_identification:_identify(src/sjtu_drone-ros2/matlab/data/20260311_132243) by extension 'ignore_ament_install'
[0.092s] Level 1:colcon.colcon_core.package_identification:_identify(src/sjtu_drone-ros2/matlab/data/20260311_132243) by extensions ['colcon_pkg']
[0.092s] Level 1:colcon.colcon_core.package_identification:_identify(src/sjtu_drone-ros2/matlab/data/20260311_132243) by extension 'colcon_pkg'
[0.092s] Level 1:colcon.colcon_core.package_identification:_identify(src/sjtu_drone-ros2/matlab/data/20260311_132243) by extensions ['colcon_meta']
[0.092s] Level 1:colcon.colcon_core.package_identification:_identify(src/sjtu_drone-ros2/matlab/data/20260311_132243) by extension 'colcon_meta'
[0.092s] Level 1:colcon.colcon_core.package_identification:_identify(src/sjtu_drone-ros2/matlab/data/20260311_132243) by extensions ['ros']
[0.092s] Level 1:colcon.colcon_core.package_identification:_identify(src/sjtu_drone-ros2/matlab/data/20260311_132243) by extension 'ros'
[0.092s] Level 1:colcon.colcon_core.package_identification:_identify(src/sjtu_drone-ros2/matlab/data/20260311_132243) by extensions ['cmake', 'python']
[0.092s] Level 1:colcon.colcon_core.package_identification:_identify(src/sjtu_drone-ros2/matlab/data/20260311_132243) by extension 'cmake'
[0.092s] Level 1:colcon.colcon_core.package_identification:_identify(src/sjtu_drone-ros2/matlab/data/20260311_132243) by extension 'python'
[0.092s] Level 1:colcon.colcon_core.package_identification:_identify(src/sjtu_drone-ros2/matlab/data/20260311_132243) by extensions ['python_setup_py']
[0.092s] Level 1:colcon.colcon_core.package_identification:_identify(src/sjtu_drone-ros2/matlab/data/20260311_132243) by extension 'python_setup_py'
[0.092s] Level 1:colcon.colcon_core.package_identification:_identify(src/sjtu_drone-ros2/matlab/data/20260311_133519) by extensions ['ignore', 'ignore_ament_install']
[0.092s] Level 1:colcon.colcon_core.package_identification:_identify(src/sjtu_drone-ros2/matlab/data/20260311_133519) by extension 'ignore'
[0.092s] Level 1:colcon.colcon_core.package_identification:_identify(src/sjtu_drone-ros2/matlab/data/20260311_133519) by extension 'ignore_ament_install'
[0.092s] Level 1:colcon.colcon_core.package_identification:_identify(src/sjtu_drone-ros2/matlab/data/20260311_133519) by extensions ['colcon_pkg']
[0.092s] Level 1:colcon.colcon_core.package_identification:_identify(src/sjtu_drone-ros2/matlab/data/20260311_133519) by extension 'colcon_pkg'
[0.092s] Level 1:colcon.colcon_core.package_identification:_identify(src/sjtu_drone-ros2/matlab/data/20260311_133519) by extensions ['colcon_meta']
[0.092s] Level 1:colcon.colcon_core.package_identification:_identify(src/sjtu_drone-ros2/matlab/data/20260311_133519) by extension 'colcon_meta'
[0.092s] Level 1:colcon.colcon_core.package_identification:_identify(src/sjtu_drone-ros2/matlab/data/20260311_133519) by extensions ['ros']
[0.092s] Level 1:colcon.colcon_core.package_identification:_identify(src/sjtu_drone-ros2/matlab/data/20260311_133519) by extension 'ros'
[0.092s] Level 1:colcon.colcon_core.package_identification:_identify(src/sjtu_drone-ros2/matlab/data/20260311_133519) by extensions ['cmake', 'python']
[0.092s] Level 1:colcon.colcon_core.package_identification:_identify(src/sjtu_drone-ros2/matlab/data/20260311_133519) by extension 'cmake'
[0.092s] Level 1:colcon.colcon_core.package_identification:_identify(src/sjtu_drone-ros2/matlab/data/20260311_133519) by extension 'python'
[0.092s] Level 1:colcon.colcon_core.package_identification:_identify(src/sjtu_drone-ros2/matlab/data/20260311_133519) by extensions ['python_setup_py']
[0.093s] Level 1:colcon.colcon_core.package_identification:_identify(src/sjtu_drone-ros2/matlab/data/20260311_133519) by extension 'python_setup_py'
[0.093s] Level 1:colcon.colcon_core.package_identification:_identify(src/sjtu_drone-ros2/matlab/data/20260311_154050) by extensions ['ignore', 'ignore_ament_install']
[0.093s] Level 1:colcon.colcon_core.package_identification:_identify(src/sjtu_drone-ros2/matlab/data/20260311_154050) by extension 'ignore'
[0.093s] Level 1:colcon.colcon_core.package_identification:_identify(src/sjtu_drone-ros2/matlab/data/20260311_154050) by extension 'ignore_ament_install'
[0.093s] Level 1:colcon.colcon_core.package_identification:_identify(src/sjtu_drone-ros2/matlab/data/20260311_154050) by extensions ['colcon_pkg']
[0.093s] Level 1:colcon.colcon_core.package_identification:_identify(src/sjtu_drone-ros2/matlab/data/20260311_154050) by extension 'colcon_pkg'
[0.093s] Level 1:colcon.colcon_core.package_identification:_identify(src/sjtu_drone-ros2/matlab/data/20260311_154050) by extensions ['colcon_meta']
[0.093s] Level 1:colcon.colcon_core.package_identification:_identify(src/sjtu_drone-ros2/matlab/data/20260311_154050) by extension 'colcon_meta'
[0.093s] Level 1:colcon.colcon_core.package_identification:_identify(src/sjtu_drone-ros2/matlab/data/20260311_154050) by extensions ['ros']
[0.093s] Level 1:colcon.colcon_core.package_identification:_identify(src/sjtu_drone-ros2/matlab/data/20260311_154050) by extension 'ros'
[0.093s] Level 1:colcon.colcon_core.package_identification:_identify(src/sjtu_drone-ros2/matlab/data/20260311_154050) by extensions ['cmake', 'python']
[0.093s] Level 1:colcon.colcon_core.package_identification:_identify(src/sjtu_drone-ros2/matlab/data/20260311_154050) by extension 'cmake'
[0.093s] Level 1:colcon.colcon_core.package_identification:_identify(src/sjtu_drone-ros2/matlab/data/20260311_154050) by extension 'python'
[0.093s] Level 1:colcon.colcon_core.package_identification:_identify(src/sjtu_drone-ros2/matlab/data/20260311_154050) by extensions ['python_setup_py']
[0.093s] Level 1:colcon.colcon_core.package_identification:_identify(src/sjtu_drone-ros2/matlab/data/20260311_154050) by extension 'python_setup_py'
[0.093s] Level 1:colcon.colcon_core.package_identification:_identify(src/sjtu_drone-ros2/matlab/logs) by extensions ['ignore', 'ignore_ament_install']
[0.093s] Level 1:colcon.colcon_core.package_identification:_identify(src/sjtu_drone-ros2/matlab/logs) by extension 'ignore'
[0.093s] Level 1:colcon.colcon_core.package_identification:_identify(src/sjtu_drone-ros2/matlab/logs) by extension 'ignore_ament_install'
[0.093s] Level 1:colcon.colcon_core.package_identification:_identify(src/sjtu_drone-ros2/matlab/logs) by extensions ['colcon_pkg']
[0.093s] Level 1:colcon.colcon_core.package_identification:_identify(src/sjtu_drone-ros2/matlab/logs) by extension 'colcon_pkg'
[0.093s] Level 1:colcon.colcon_core.package_identification:_identify(src/sjtu_drone-ros2/matlab/logs) by extensions ['colcon_meta']
[0.093s] Level 1:colcon.colcon_core.package_identification:_identify(src/sjtu_drone-ros2/matlab/logs) by extension 'colcon_meta'
[0.093s] Level 1:colcon.colcon_core.package_identification:_identify(src/sjtu_drone-ros2/matlab/logs) by extensions ['ros']
[0.093s] Level 1:colcon.colcon_core.package_identification:_identify(src/sjtu_drone-ros2/matlab/logs) by extension 'ros'
[0.093s] Level 1:colcon.colcon_core.package_identification:_identify(src/sjtu_drone-ros2/matlab/logs) by extensions ['cmake', 'python']
[0.093s] Level 1:colcon.colcon_core.package_identification:_identify(src/sjtu_drone-ros2/matlab/logs) by extension 'cmake'
[0.093s] Level 1:colcon.colcon_core.package_identification:_identify(src/sjtu_drone-ros2/matlab/logs) by extension 'python'
[0.093s] Level 1:colcon.colcon_core.package_identification:_identify(src/sjtu_drone-ros2/matlab/logs) by extensions ['python_setup_py']
[0.093s] Level 1:colcon.colcon_core.package_identification:_identify(src/sjtu_drone-ros2/matlab/logs) by extension 'python_setup_py'
[0.093s] Level 1:colcon.colcon_core.package_identification:_identify(src/sjtu_drone-ros2/matlab/logs/20260311_132243) by extensions ['ignore', 'ignore_ament_install']
[0.093s] Level 1:colcon.colcon_core.package_identification:_identify(src/sjtu_drone-ros2/matlab/logs/20260311_132243) by extension 'ignore'
[0.093s] Level 1:colcon.colcon_core.package_identification:_identify(src/sjtu_drone-ros2/matlab/logs/20260311_132243) by extension 'ignore_ament_install'
[0.093s] Level 1:colcon.colcon_core.package_identification:_identify(src/sjtu_drone-ros2/matlab/logs/20260311_132243) by extensions ['colcon_pkg']
[0.093s] Level 1:colcon.colcon_core.package_identification:_identify(src/sjtu_drone-ros2/matlab/logs/20260311_132243) by extension 'colcon_pkg'
[0.093s] Level 1:colcon.colcon_core.package_identification:_identify(src/sjtu_drone-ros2/matlab/logs/20260311_132243) by extensions ['colcon_meta']
[0.093s] Level 1:colcon.colcon_core.package_identification:_identify(src/sjtu_drone-ros2/matlab/logs/20260311_132243) by extension 'colcon_meta'
[0.093s] Level 1:colcon.colcon_core.package_identification:_identify(src/sjtu_drone-ros2/matlab/logs/20260311_132243) by extensions ['ros']
[0.093s] Level 1:colcon.colcon_core.package_identification:_identify(src/sjtu_drone-ros2/matlab/logs/20260311_132243) by extension 'ros'
[0.093s] Level 1:colcon.colcon_core.package_identification:_identify(src/sjtu_drone-ros2/matlab/logs/20260311_132243) by extensions ['cmake', 'python']
[0.093s] Level 1:colcon.colcon_core.package_identification:_identify(src/sjtu_drone-ros2/matlab/logs/20260311_132243) by extension 'cmake'
[0.093s] Level 1:colcon.colcon_core.package_identification:_identify(src/sjtu_drone-ros2/matlab/logs/20260311_132243) by extension 'python'
[0.093s] Level 1:colcon.colcon_core.package_identification:_identify(src/sjtu_drone-ros2/matlab/logs/20260311_132243) by extensions ['python_setup_py']
[0.093s] Level 1:colcon.colcon_core.package_identification:_identify(src/sjtu_drone-ros2/matlab/logs/20260311_132243) by extension 'python_setup_py'
[0.094s] Level 1:colcon.colcon_core.package_identification:_identify(src/sjtu_drone-ros2/matlab/logs/20260311_133519) by extensions ['ignore', 'ignore_ament_install']
[0.094s] Level 1:colcon.colcon_core.package_identification:_identify(src/sjtu_drone-ros2/matlab/logs/20260311_133519) by extension 'ignore'
[0.094s] Level 1:colcon.colcon_core.package_identification:_identify(src/sjtu_drone-ros2/matlab/logs/20260311_133519) by extension 'ignore_ament_install'
[0.094s] Level 1:colcon.colcon_core.package_identification:_identify(src/sjtu_drone-ros2/matlab/logs/20260311_133519) by extensions ['colcon_pkg']
[0.094s] Level 1:colcon.colcon_core.package_identification:_identify(src/sjtu_drone-ros2/matlab/logs/20260311_133519) by extension 'colcon_pkg'
[0.094s] Level 1:colcon.colcon_core.package_identification:_identify(src/sjtu_drone-ros2/matlab/logs/20260311_133519) by extensions ['colcon_meta']
[0.094s] Level 1:colcon.colcon_core.package_identification:_identify(src/sjtu_drone-ros2/matlab/logs/20260311_133519) by extension 'colcon_meta'
[0.094s] Level 1:colcon.colcon_core.package_identification:_identify(src/sjtu_drone-ros2/matlab/logs/20260311_133519) by extensions ['ros']
[0.094s] Level 1:colcon.colcon_core.package_identification:_identify(src/sjtu_drone-ros2/matlab/logs/20260311_133519) by extension 'ros'
[0.094s] Level 1:colcon.colcon_core.package_identification:_identify(src/sjtu_drone-ros2/matlab/logs/20260311_133519) by extensions ['cmake', 'python']
[0.094s] Level 1:colcon.colcon_core.package_identification:_identify(src/sjtu_drone-ros2/matlab/logs/20260311_133519) by extension 'cmake'
[0.094s] Level 1:colcon.colcon_core.package_identification:_identify(src/sjtu_drone-ros2/matlab/logs/20260311_133519) by extension 'python'
[0.094s] Level 1:colcon.colcon_core.package_identification:_identify(src/sjtu_drone-ros2/matlab/logs/20260311_133519) by extensions ['python_setup_py']
[0.094s] Level 1:colcon.colcon_core.package_identification:_identify(src/sjtu_drone-ros2/matlab/logs/20260311_133519) by extension 'python_setup_py'
[0.094s] Level 1:colcon.colcon_core.package_identification:_identify(src/sjtu_drone-ros2/matlab/logs/20260311_154050) by extensions ['ignore', 'ignore_ament_install']
[0.094s] Level 1:colcon.colcon_core.package_identification:_identify(src/sjtu_drone-ros2/matlab/logs/20260311_154050) by extension 'ignore'
[0.094s] Level 1:colcon.colcon_core.package_identification:_identify(src/sjtu_drone-ros2/matlab/logs/20260311_154050) by extension 'ignore_ament_install'
[0.094s] Level 1:colcon.colcon_core.package_identification:_identify(src/sjtu_drone-ros2/matlab/logs/20260311_154050) by extensions ['colcon_pkg']
[0.094s] Level 1:colcon.colcon_core.package_identification:_identify(src/sjtu_drone-ros2/matlab/logs/20260311_154050) by extension 'colcon_pkg'
[0.094s] Level 1:colcon.colcon_core.package_identification:_identify(src/sjtu_drone-ros2/matlab/logs/20260311_154050) by extensions ['colcon_meta']
[0.094s] Level 1:colcon.colcon_core.package_identification:_identify(src/sjtu_drone-ros2/matlab/logs/20260311_154050) by extension 'colcon_meta'
[0.094s] Level 1:colcon.colcon_core.package_identification:_identify(src/sjtu_drone-ros2/matlab/logs/20260311_154050) by extensions ['ros']
[0.094s] Level 1:colcon.colcon_core.package_identification:_identify(src/sjtu_drone-ros2/matlab/logs/20260311_154050) by extension 'ros'
[0.094s] Level 1:colcon.colcon_core.package_identification:_identify(src/sjtu_drone-ros2/matlab/logs/20260311_154050) by extensions ['cmake', 'python']
[0.094s] Level 1:colcon.colcon_core.package_identification:_identify(src/sjtu_drone-ros2/matlab/logs/20260311_154050) by extension 'cmake'
[0.094s] Level 1:colcon.colcon_core.package_identification:_identify(src/sjtu_drone-ros2/matlab/logs/20260311_154050) by extension 'python'
[0.094s] Level 1:colcon.colcon_core.package_identification:_identify(src/sjtu_drone-ros2/matlab/logs/20260311_154050) by extensions ['python_setup_py']
[0.094s] Level 1:colcon.colcon_core.package_identification:_identify(src/sjtu_drone-ros2/matlab/logs/20260311_154050) by extension 'python_setup_py'
[0.094s] Level 1:colcon.colcon_core.package_identification:_identify(src/sjtu_drone-ros2/matlab/models) by extensions ['ignore', 'ignore_ament_install']
[0.094s] Level 1:colcon.colcon_core.package_identification:_identify(src/sjtu_drone-ros2/matlab/models) by extension 'ignore'
[0.094s] Level 1:colcon.colcon_core.package_identification:_identify(src/sjtu_drone-ros2/matlab/models) by extension 'ignore_ament_install'
[0.094s] Level 1:colcon.colcon_core.package_identification:_identify(src/sjtu_drone-ros2/matlab/models) by extensions ['colcon_pkg']
[0.094s] Level 1:colcon.colcon_core.package_identification:_identify(src/sjtu_drone-ros2/matlab/models) by extension 'colcon_pkg'
[0.094s] Level 1:colcon.colcon_core.package_identification:_identify(src/sjtu_drone-ros2/matlab/models) by extensions ['colcon_meta']
[0.094s] Level 1:colcon.colcon_core.package_identification:_identify(src/sjtu_drone-ros2/matlab/models) by extension 'colcon_meta'
[0.094s] Level 1:colcon.colcon_core.package_identification:_identify(src/sjtu_drone-ros2/matlab/models) by extensions ['ros']
[0.094s] Level 1:colcon.colcon_core.package_identification:_identify(src/sjtu_drone-ros2/matlab/models) by extension 'ros'
[0.094s] Level 1:colcon.colcon_core.package_identification:_identify(src/sjtu_drone-ros2/matlab/models) by extensions ['cmake', 'python']
[0.094s] Level 1:colcon.colcon_core.package_identification:_identify(src/sjtu_drone-ros2/matlab/models) by extension 'cmake'
[0.094s] Level 1:colcon.colcon_core.package_identification:_identify(src/sjtu_drone-ros2/matlab/models) by extension 'python'
[0.094s] Level 1:colcon.colcon_core.package_identification:_identify(src/sjtu_drone-ros2/matlab/models) by extensions ['python_setup_py']
[0.094s] Level 1:colcon.colcon_core.package_identification:_identify(src/sjtu_drone-ros2/matlab/models) by extension 'python_setup_py'
[0.094s] Level 1:colcon.colcon_core.package_identification:_identify(src/sjtu_drone-ros2/matlab/plots) by extensions ['ignore', 'ignore_ament_install']
[0.094s] Level 1:colcon.colcon_core.package_identification:_identify(src/sjtu_drone-ros2/matlab/plots) by extension 'ignore'
[0.095s] Level 1:colcon.colcon_core.package_identification:_identify(src/sjtu_drone-ros2/matlab/plots) by extension 'ignore_ament_install'
[0.095s] Level 1:colcon.colcon_core.package_identification:_identify(src/sjtu_drone-ros2/matlab/plots) by extensions ['colcon_pkg']
[0.095s] Level 1:colcon.colcon_core.package_identification:_identify(src/sjtu_drone-ros2/matlab/plots) by extension 'colcon_pkg'
[0.095s] Level 1:colcon.colcon_core.package_identification:_identify(src/sjtu_drone-ros2/matlab/plots) by extensions ['colcon_meta']
[0.095s] Level 1:colcon.colcon_core.package_identification:_identify(src/sjtu_drone-ros2/matlab/plots) by extension 'colcon_meta'
[0.095s] Level 1:colcon.colcon_core.package_identification:_identify(src/sjtu_drone-ros2/matlab/plots) by extensions ['ros']
[0.095s] Level 1:colcon.colcon_core.package_identification:_identify(src/sjtu_drone-ros2/matlab/plots) by extension 'ros'
[0.095s] Level 1:colcon.colcon_core.package_identification:_identify(src/sjtu_drone-ros2/matlab/plots) by extensions ['cmake', 'python']
[0.095s] Level 1:colcon.colcon_core.package_identification:_identify(src/sjtu_drone-ros2/matlab/plots) by extension 'cmake'
[0.095s] Level 1:colcon.colcon_core.package_identification:_identify(src/sjtu_drone-ros2/matlab/plots) by extension 'python'
[0.095s] Level 1:colcon.colcon_core.package_identification:_identify(src/sjtu_drone-ros2/matlab/plots) by extensions ['python_setup_py']
[0.095s] Level 1:colcon.colcon_core.package_identification:_identify(src/sjtu_drone-ros2/matlab/plots) by extension 'python_setup_py'
[0.095s] Level 1:colcon.colcon_core.package_identification:_identify(src/sjtu_drone-ros2/matlab/plots/20260311_132243) by extensions ['ignore', 'ignore_ament_install']
[0.095s] Level 1:colcon.colcon_core.package_identification:_identify(src/sjtu_drone-ros2/matlab/plots/20260311_132243) by extension 'ignore'
[0.095s] Level 1:colcon.colcon_core.package_identification:_identify(src/sjtu_drone-ros2/matlab/plots/20260311_132243) by extension 'ignore_ament_install'
[0.095s] Level 1:colcon.colcon_core.package_identification:_identify(src/sjtu_drone-ros2/matlab/plots/20260311_132243) by extensions ['colcon_pkg']
[0.095s] Level 1:colcon.colcon_core.package_identification:_identify(src/sjtu_drone-ros2/matlab/plots/20260311_132243) by extension 'colcon_pkg'
[0.095s] Level 1:colcon.colcon_core.package_identification:_identify(src/sjtu_drone-ros2/matlab/plots/20260311_132243) by extensions ['colcon_meta']
[0.095s] Level 1:colcon.colcon_core.package_identification:_identify(src/sjtu_drone-ros2/matlab/plots/20260311_132243) by extension 'colcon_meta'
[0.095s] Level 1:colcon.colcon_core.package_identification:_identify(src/sjtu_drone-ros2/matlab/plots/20260311_132243) by extensions ['ros']
[0.095s] Level 1:colcon.colcon_core.package_identification:_identify(src/sjtu_drone-ros2/matlab/plots/20260311_132243) by extension 'ros'
[0.095s] Level 1:colcon.colcon_core.package_identification:_identify(src/sjtu_drone-ros2/matlab/plots/20260311_132243) by extensions ['cmake', 'python']
[0.095s] Level 1:colcon.colcon_core.package_identification:_identify(src/sjtu_drone-ros2/matlab/plots/20260311_132243) by extension 'cmake'
[0.095s] Level 1:colcon.colcon_core.package_identification:_identify(src/sjtu_drone-ros2/matlab/plots/20260311_132243) by extension 'python'
[0.095s] Level 1:colcon.colcon_core.package_identification:_identify(src/sjtu_drone-ros2/matlab/plots/20260311_132243) by extensions ['python_setup_py']
[0.095s] Level 1:colcon.colcon_core.package_identification:_identify(src/sjtu_drone-ros2/matlab/plots/20260311_132243) by extension 'python_setup_py'
[0.095s] Level 1:colcon.colcon_core.package_identification:_identify(src/sjtu_drone-ros2/matlab/plots/20260311_133519) by extensions ['ignore', 'ignore_ament_install']
[0.095s] Level 1:colcon.colcon_core.package_identification:_identify(src/sjtu_drone-ros2/matlab/plots/20260311_133519) by extension 'ignore'
[0.095s] Level 1:colcon.colcon_core.package_identification:_identify(src/sjtu_drone-ros2/matlab/plots/20260311_133519) by extension 'ignore_ament_install'
[0.095s] Level 1:colcon.colcon_core.package_identification:_identify(src/sjtu_drone-ros2/matlab/plots/20260311_133519) by extensions ['colcon_pkg']
[0.095s] Level 1:colcon.colcon_core.package_identification:_identify(src/sjtu_drone-ros2/matlab/plots/20260311_133519) by extension 'colcon_pkg'
[0.095s] Level 1:colcon.colcon_core.package_identification:_identify(src/sjtu_drone-ros2/matlab/plots/20260311_133519) by extensions ['colcon_meta']
[0.095s] Level 1:colcon.colcon_core.package_identification:_identify(src/sjtu_drone-ros2/matlab/plots/20260311_133519) by extension 'colcon_meta'
[0.095s] Level 1:colcon.colcon_core.package_identification:_identify(src/sjtu_drone-ros2/matlab/plots/20260311_133519) by extensions ['ros']
[0.095s] Level 1:colcon.colcon_core.package_identification:_identify(src/sjtu_drone-ros2/matlab/plots/20260311_133519) by extension 'ros'
[0.095s] Level 1:colcon.colcon_core.package_identification:_identify(src/sjtu_drone-ros2/matlab/plots/20260311_133519) by extensions ['cmake', 'python']
[0.095s] Level 1:colcon.colcon_core.package_identification:_identify(src/sjtu_drone-ros2/matlab/plots/20260311_133519) by extension 'cmake'
[0.095s] Level 1:colcon.colcon_core.package_identification:_identify(src/sjtu_drone-ros2/matlab/plots/20260311_133519) by extension 'python'
[0.095s] Level 1:colcon.colcon_core.package_identification:_identify(src/sjtu_drone-ros2/matlab/plots/20260311_133519) by extensions ['python_setup_py']
[0.095s] Level 1:colcon.colcon_core.package_identification:_identify(src/sjtu_drone-ros2/matlab/plots/20260311_133519) by extension 'python_setup_py'
[0.095s] Level 1:colcon.colcon_core.package_identification:_identify(src/sjtu_drone-ros2/matlab/plots/20260311_154050) by extensions ['ignore', 'ignore_ament_install']
[0.095s] Level 1:colcon.colcon_core.package_identification:_identify(src/sjtu_drone-ros2/matlab/plots/20260311_154050) by extension 'ignore'
[0.095s] Level 1:colcon.colcon_core.package_identification:_identify(src/sjtu_drone-ros2/matlab/plots/20260311_154050) by extension 'ignore_ament_install'
[0.095s] Level 1:colcon.colcon_core.package_identification:_identify(src/sjtu_drone-ros2/matlab/plots/20260311_154050) by extensions ['colcon_pkg']
[0.095s] Level 1:colcon.colcon_core.package_identification:_identify(src/sjtu_drone-ros2/matlab/plots/20260311_154050) by extension 'colcon_pkg'
[0.095s] Level 1:colcon.colcon_core.package_identification:_identify(src/sjtu_drone-ros2/matlab/plots/20260311_154050) by extensions ['colcon_meta']
[0.095s] Level 1:colcon.colcon_core.package_identification:_identify(src/sjtu_drone-ros2/matlab/plots/20260311_154050) by extension 'colcon_meta'
[0.095s] Level 1:colcon.colcon_core.package_identification:_identify(src/sjtu_drone-ros2/matlab/plots/20260311_154050) by extensions ['ros']
[0.095s] Level 1:colcon.colcon_core.package_identification:_identify(src/sjtu_drone-ros2/matlab/plots/20260311_154050) by extension 'ros'
[0.095s] Level 1:colcon.colcon_core.package_identification:_identify(src/sjtu_drone-ros2/matlab/plots/20260311_154050) by extensions ['cmake', 'python']
[0.095s] Level 1:colcon.colcon_core.package_identification:_identify(src/sjtu_drone-ros2/matlab/plots/20260311_154050) by extension 'cmake'
[0.096s] Level 1:colcon.colcon_core.package_identification:_identify(src/sjtu_drone-ros2/matlab/plots/20260311_154050) by extension 'python'
[0.096s] Level 1:colcon.colcon_core.package_identification:_identify(src/sjtu_drone-ros2/matlab/plots/20260311_154050) by extensions ['python_setup_py']
[0.096s] Level 1:colcon.colcon_core.package_identification:_identify(src/sjtu_drone-ros2/matlab/plots/20260311_154050) by extension 'python_setup_py'
[0.096s] Level 1:colcon.colcon_core.package_identification:_identify(src/sjtu_drone-ros2/scripts) by extensions ['ignore', 'ignore_ament_install']
[0.096s] Level 1:colcon.colcon_core.package_identification:_identify(src/sjtu_drone-ros2/scripts) by extension 'ignore'
[0.096s] Level 1:colcon.colcon_core.package_identification:_identify(src/sjtu_drone-ros2/scripts) by extension 'ignore_ament_install'
[0.096s] Level 1:colcon.colcon_core.package_identification:_identify(src/sjtu_drone-ros2/scripts) by extensions ['colcon_pkg']
[0.096s] Level 1:colcon.colcon_core.package_identification:_identify(src/sjtu_drone-ros2/scripts) by extension 'colcon_pkg'
[0.096s] Level 1:colcon.colcon_core.package_identification:_identify(src/sjtu_drone-ros2/scripts) by extensions ['colcon_meta']
[0.096s] Level 1:colcon.colcon_core.package_identification:_identify(src/sjtu_drone-ros2/scripts) by extension 'colcon_meta'
[0.096s] Level 1:colcon.colcon_core.package_identification:_identify(src/sjtu_drone-ros2/scripts) by extensions ['ros']
[0.096s] Level 1:colcon.colcon_core.package_identification:_identify(src/sjtu_drone-ros2/scripts) by extension 'ros'
[0.096s] Level 1:colcon.colcon_core.package_identification:_identify(src/sjtu_drone-ros2/scripts) by extensions ['cmake', 'python']
[0.096s] Level 1:colcon.colcon_core.package_identification:_identify(src/sjtu_drone-ros2/scripts) by extension 'cmake'
[0.096s] Level 1:colcon.colcon_core.package_identification:_identify(src/sjtu_drone-ros2/scripts) by extension 'python'
[0.096s] Level 1:colcon.colcon_core.package_identification:_identify(src/sjtu_drone-ros2/scripts) by extensions ['python_setup_py']
[0.096s] Level 1:colcon.colcon_core.package_identification:_identify(src/sjtu_drone-ros2/scripts) by extension 'python_setup_py'
[0.096s] Level 1:colcon.colcon_core.package_identification:_identify(src/sjtu_drone-ros2/sjtu_drone_bringup) by extensions ['ignore', 'ignore_ament_install']
[0.096s] Level 1:colcon.colcon_core.package_identification:_identify(src/sjtu_drone-ros2/sjtu_drone_bringup) by extension 'ignore'
[0.096s] Level 1:colcon.colcon_core.package_identification:_identify(src/sjtu_drone-ros2/sjtu_drone_bringup) by extension 'ignore_ament_install'
[0.096s] Level 1:colcon.colcon_core.package_identification:_identify(src/sjtu_drone-ros2/sjtu_drone_bringup) by extensions ['colcon_pkg']
[0.096s] Level 1:colcon.colcon_core.package_identification:_identify(src/sjtu_drone-ros2/sjtu_drone_bringup) by extension 'colcon_pkg'
[0.096s] Level 1:colcon.colcon_core.package_identification:_identify(src/sjtu_drone-ros2/sjtu_drone_bringup) by extensions ['colcon_meta']
[0.096s] Level 1:colcon.colcon_core.package_identification:_identify(src/sjtu_drone-ros2/sjtu_drone_bringup) by extension 'colcon_meta'
[0.096s] Level 1:colcon.colcon_core.package_identification:_identify(src/sjtu_drone-ros2/sjtu_drone_bringup) by extensions ['ros']
[0.096s] Level 1:colcon.colcon_core.package_identification:_identify(src/sjtu_drone-ros2/sjtu_drone_bringup) by extension 'ros'
[0.098s] DEBUG:colcon.colcon_core.package_identification:Package 'src/sjtu_drone-ros2/sjtu_drone_bringup' with type 'ros.ament_python' and name 'sjtu_drone_bringup'
[0.098s] Level 1:colcon.colcon_core.package_identification:_identify(src/sjtu_drone-ros2/sjtu_drone_control) by extensions ['ignore', 'ignore_ament_install']
[0.098s] Level 1:colcon.colcon_core.package_identification:_identify(src/sjtu_drone-ros2/sjtu_drone_control) by extension 'ignore'
[0.098s] Level 1:colcon.colcon_core.package_identification:_identify(src/sjtu_drone-ros2/sjtu_drone_control) by extension 'ignore_ament_install'
[0.098s] Level 1:colcon.colcon_core.package_identification:_identify(src/sjtu_drone-ros2/sjtu_drone_control) by extensions ['colcon_pkg']
[0.098s] Level 1:colcon.colcon_core.package_identification:_identify(src/sjtu_drone-ros2/sjtu_drone_control) by extension 'colcon_pkg'
[0.098s] Level 1:colcon.colcon_core.package_identification:_identify(src/sjtu_drone-ros2/sjtu_drone_control) by extensions ['colcon_meta']
[0.098s] Level 1:colcon.colcon_core.package_identification:_identify(src/sjtu_drone-ros2/sjtu_drone_control) by extension 'colcon_meta'
[0.098s] Level 1:colcon.colcon_core.package_identification:_identify(src/sjtu_drone-ros2/sjtu_drone_control) by extensions ['ros']
[0.098s] Level 1:colcon.colcon_core.package_identification:_identify(src/sjtu_drone-ros2/sjtu_drone_control) by extension 'ros'
[0.098s] DEBUG:colcon.colcon_core.package_identification:Package 'src/sjtu_drone-ros2/sjtu_drone_control' with type 'ros.ament_python' and name 'sjtu_drone_control'
[0.098s] Level 1:colcon.colcon_core.package_identification:_identify(src/sjtu_drone-ros2/sjtu_drone_description) by extensions ['ignore', 'ignore_ament_install']
[0.098s] Level 1:colcon.colcon_core.package_identification:_identify(src/sjtu_drone-ros2/sjtu_drone_description) by extension 'ignore'
[0.098s] Level 1:colcon.colcon_core.package_identification:_identify(src/sjtu_drone-ros2/sjtu_drone_description) by extension 'ignore_ament_install'
[0.098s] Level 1:colcon.colcon_core.package_identification:_identify(src/sjtu_drone-ros2/sjtu_drone_description) by extensions ['colcon_pkg']
[0.098s] Level 1:colcon.colcon_core.package_identification:_identify(src/sjtu_drone-ros2/sjtu_drone_description) by extension 'colcon_pkg'
[0.098s] Level 1:colcon.colcon_core.package_identification:_identify(src/sjtu_drone-ros2/sjtu_drone_description) by extensions ['colcon_meta']
[0.099s] Level 1:colcon.colcon_core.package_identification:_identify(src/sjtu_drone-ros2/sjtu_drone_description) by extension 'colcon_meta'
[0.099s] Level 1:colcon.colcon_core.package_identification:_identify(src/sjtu_drone-ros2/sjtu_drone_description) by extensions ['ros']
[0.099s] Level 1:colcon.colcon_core.package_identification:_identify(src/sjtu_drone-ros2/sjtu_drone_description) by extension 'ros'
[0.099s] DEBUG:colcon.colcon_core.package_identification:Package 'src/sjtu_drone-ros2/sjtu_drone_description' with type 'ros.ament_cmake' and name 'sjtu_drone_description'
[0.099s] Level 1:colcon.colcon_core.package_identification:_identify(src/sjtu_drone-ros2/sjtu_drone_interfaces) by extensions ['ignore', 'ignore_ament_install']
[0.099s] Level 1:colcon.colcon_core.package_identification:_identify(src/sjtu_drone-ros2/sjtu_drone_interfaces) by extension 'ignore'
[0.099s] Level 1:colcon.colcon_core.package_identification:_identify(src/sjtu_drone-ros2/sjtu_drone_interfaces) by extension 'ignore_ament_install'
[0.099s] Level 1:colcon.colcon_core.package_identification:_identify(src/sjtu_drone-ros2/sjtu_drone_interfaces) by extensions ['colcon_pkg']
[0.099s] Level 1:colcon.colcon_core.package_identification:_identify(src/sjtu_drone-ros2/sjtu_drone_interfaces) by extension 'colcon_pkg'
[0.099s] Level 1:colcon.colcon_core.package_identification:_identify(src/sjtu_drone-ros2/sjtu_drone_interfaces) by extensions ['colcon_meta']
[0.099s] Level 1:colcon.colcon_core.package_identification:_identify(src/sjtu_drone-ros2/sjtu_drone_interfaces) by extension 'colcon_meta'
[0.099s] Level 1:colcon.colcon_core.package_identification:_identify(src/sjtu_drone-ros2/sjtu_drone_interfaces) by extensions ['ros']
[0.099s] Level 1:colcon.colcon_core.package_identification:_identify(src/sjtu_drone-ros2/sjtu_drone_interfaces) by extension 'ros'
[0.100s] DEBUG:colcon.colcon_core.package_identification:Package 'src/sjtu_drone-ros2/sjtu_drone_interfaces' with type 'ros.ament_cmake' and name 'sjtu_drone_interfaces'
[0.100s] Level 1:colcon.colcon_core.package_identification:_identify(src/sjtu_drone_bringup) by extensions ['ignore', 'ignore_ament_install']
[0.100s] Level 1:colcon.colcon_core.package_identification:_identify(src/sjtu_drone_bringup) by extension 'ignore'
[0.100s] Level 1:colcon.colcon_core.package_identification:_identify(src/sjtu_drone_bringup) by extension 'ignore_ament_install'
[0.100s] Level 1:colcon.colcon_core.package_identification:_identify(src/sjtu_drone_bringup) by extensions ['colcon_pkg']
[0.100s] Level 1:colcon.colcon_core.package_identification:_identify(src/sjtu_drone_bringup) by extension 'colcon_pkg'
[0.100s] Level 1:colcon.colcon_core.package_identification:_identify(src/sjtu_drone_bringup) by extensions ['colcon_meta']
[0.100s] Level 1:colcon.colcon_core.package_identification:_identify(src/sjtu_drone_bringup) by extension 'colcon_meta'
[0.100s] Level 1:colcon.colcon_core.package_identification:_identify(src/sjtu_drone_bringup) by extensions ['ros']
[0.100s] Level 1:colcon.colcon_core.package_identification:_identify(src/sjtu_drone_bringup) by extension 'ros'
[0.100s] Level 1:colcon.colcon_core.package_identification:_identify(src/sjtu_drone_bringup) by extensions ['cmake', 'python']
[0.100s] Level 1:colcon.colcon_core.package_identification:_identify(src/sjtu_drone_bringup) by extension 'cmake'
[0.100s] Level 1:colcon.colcon_core.package_identification:_identify(src/sjtu_drone_bringup) by extension 'python'
[0.100s] Level 1:colcon.colcon_core.package_identification:_identify(src/sjtu_drone_bringup) by extensions ['python_setup_py']
[0.100s] Level 1:colcon.colcon_core.package_identification:_identify(src/sjtu_drone_bringup) by extension 'python_setup_py'
[0.100s] Level 1:colcon.colcon_core.package_identification:_identify(src/sjtu_drone_bringup/launch) by extensions ['ignore', 'ignore_ament_install']
[0.100s] Level 1:colcon.colcon_core.package_identification:_identify(src/sjtu_drone_bringup/launch) by extension 'ignore'
[0.100s] Level 1:colcon.colcon_core.package_identification:_identify(src/sjtu_drone_bringup/launch) by extension 'ignore_ament_install'
[0.100s] Level 1:colcon.colcon_core.package_identification:_identify(src/sjtu_drone_bringup/launch) by extensions ['colcon_pkg']
[0.100s] Level 1:colcon.colcon_core.package_identification:_identify(src/sjtu_drone_bringup/launch) by extension 'colcon_pkg'
[0.100s] Level 1:colcon.colcon_core.package_identification:_identify(src/sjtu_drone_bringup/launch) by extensions ['colcon_meta']
[0.100s] Level 1:colcon.colcon_core.package_identification:_identify(src/sjtu_drone_bringup/launch) by extension 'colcon_meta'
[0.100s] Level 1:colcon.colcon_core.package_identification:_identify(src/sjtu_drone_bringup/launch) by extensions ['ros']
[0.100s] Level 1:colcon.colcon_core.package_identification:_identify(src/sjtu_drone_bringup/launch) by extension 'ros'
[0.100s] Level 1:colcon.colcon_core.package_identification:_identify(src/sjtu_drone_bringup/launch) by extensions ['cmake', 'python']
[0.100s] Level 1:colcon.colcon_core.package_identification:_identify(src/sjtu_drone_bringup/launch) by extension 'cmake'
[0.100s] Level 1:colcon.colcon_core.package_identification:_identify(src/sjtu_drone_bringup/launch) by extension 'python'
[0.100s] Level 1:colcon.colcon_core.package_identification:_identify(src/sjtu_drone_bringup/launch) by extensions ['python_setup_py']
[0.100s] Level 1:colcon.colcon_core.package_identification:_identify(src/sjtu_drone_bringup/launch) by extension 'python_setup_py'
[0.100s] Level 1:colcon.colcon_core.package_discovery:discover_packages(recursive) using defaults
[0.100s] Level 1:colcon.colcon_core.package_discovery:discover_packages(ignore) discover
[0.100s] Level 1:colcon.colcon_core.package_discovery:discover_packages(ignore) using defaults
[0.100s] Level 1:colcon.colcon_core.package_discovery:discover_packages(path) discover
[0.100s] Level 1:colcon.colcon_core.package_discovery:discover_packages(path) using defaults
[0.112s] INFO:colcon.colcon_core.package_selection:Skipping not selected package 'sjtu_drone_control' in 'src/sjtu_drone-ros2/sjtu_drone_control'
[0.112s] INFO:colcon.colcon_core.package_selection:Skipping not selected package 'sjtu_drone_interfaces' in 'src/sjtu_drone-ros2/sjtu_drone_interfaces'
[0.112s] INFO:colcon.colcon_core.package_selection:Skipping not selected package 'sjtu_drone_description' in 'src/sjtu_drone-ros2/sjtu_drone_description'
[0.113s] Level 1:colcon.colcon_core.package_discovery:discover_packages(prefix_path) check parameters
[0.113s] Level 1:colcon.colcon_core.package_discovery:discover_packages(prefix_path) discover
[0.114s] DEBUG:colcon.colcon_installed_package_information.package_discovery:Found 398 installed packages in /opt/ros/humble
[0.115s] Level 1:colcon.colcon_core.package_discovery:discover_packages(prefix_path) using defaults
[0.136s] Level 5:colcon.colcon_core.verb:set package 'sjtu_drone_bringup' build argument 'cmake_args' from command line to 'None'
[0.136s] Level 5:colcon.colcon_core.verb:set package 'sjtu_drone_bringup' build argument 'cmake_target' from command line to 'None'
[0.136s] Level 5:colcon.colcon_core.verb:set package 'sjtu_drone_bringup' build argument 'cmake_target_skip_unavailable' from command line to 'False'
[0.136s] Level 5:colcon.colcon_core.verb:set package 'sjtu_drone_bringup' build argument 'cmake_clean_cache' from command line to 'False'
[0.136s] Level 5:colcon.colcon_core.verb:set package 'sjtu_drone_bringup' build argument 'cmake_clean_first' from command line to 'False'
[0.136s] Level 5:colcon.colcon_core.verb:set package 'sjtu_drone_bringup' build argument 'cmake_force_configure' from command line to 'False'
[0.136s] Level 5:colcon.colcon_core.verb:set package 'sjtu_drone_bringup' build argument 'ament_cmake_args' from command line to 'None'
[0.136s] Level 5:colcon.colcon_core.verb:set package 'sjtu_drone_bringup' build argument 'catkin_cmake_args' from command line to 'None'
[0.136s] Level 5:colcon.colcon_core.verb:set package 'sjtu_drone_bringup' build argument 'catkin_skip_building_tests' from command line to 'False'
[0.136s] DEBUG:colcon.colcon_core.verb:Building package 'sjtu_drone_bringup' with the following arguments: {'ament_cmake_args': None, 'build_base': '/home/j/INCSL/IICC26_ws/build/sjtu_drone_bringup', 'catkin_cmake_args': None, 'catkin_skip_building_tests': False, 'cmake_args': None, 'cmake_clean_cache': False, 'cmake_clean_first': False, 'cmake_force_configure': False, 'cmake_target': None, 'cmake_target_skip_unavailable': False, 'install_base': '/home/j/INCSL/IICC26_ws/install/sjtu_drone_bringup', 'merge_install': False, 'path': '/home/j/INCSL/IICC26_ws/src/sjtu_drone-ros2/sjtu_drone_bringup', 'symlink_install': False, 'test_result_base': None}
[0.136s] INFO:colcon.colcon_core.executor:Executing jobs using 'parallel' executor
[0.137s] DEBUG:colcon.colcon_parallel_executor.executor.parallel:run_until_complete
[0.137s] INFO:colcon.colcon_ros.task.ament_python.build:Building ROS package in '/home/j/INCSL/IICC26_ws/src/sjtu_drone-ros2/sjtu_drone_bringup' with build type 'ament_python'
[0.137s] Level 1:colcon.colcon_core.shell:create_environment_hook('sjtu_drone_bringup', 'ament_prefix_path')
[0.138s] INFO:colcon.colcon_core.plugin_system:Skipping extension 'colcon_core.shell.bat': Not used on non-Windows systems
[0.138s] INFO:colcon.colcon_core.shell:Creating environment hook '/home/j/INCSL/IICC26_ws/install/sjtu_drone_bringup/share/sjtu_drone_bringup/hook/ament_prefix_path.ps1'
[0.139s] INFO:colcon.colcon_core.shell:Creating environment descriptor '/home/j/INCSL/IICC26_ws/install/sjtu_drone_bringup/share/sjtu_drone_bringup/hook/ament_prefix_path.dsv'
[0.139s] INFO:colcon.colcon_core.shell:Creating environment hook '/home/j/INCSL/IICC26_ws/install/sjtu_drone_bringup/share/sjtu_drone_bringup/hook/ament_prefix_path.sh'
[0.139s] INFO:colcon.colcon_core.shell:Skip shell extension 'powershell' for command environment: Not usable outside of PowerShell
[0.139s] DEBUG:colcon.colcon_core.shell:Skip shell extension 'dsv' for command environment
[0.260s] INFO:colcon.colcon_core.task.python.build:Building Python package in '/home/j/INCSL/IICC26_ws/src/sjtu_drone-ros2/sjtu_drone_bringup'
[0.260s] INFO:colcon.colcon_core.shell:Skip shell extension 'powershell' for command environment: Not usable outside of PowerShell
[0.260s] DEBUG:colcon.colcon_core.shell:Skip shell extension 'dsv' for command environment
[0.511s] DEBUG:colcon.colcon_core.event_handler.log_command:Invoking command in '/home/j/INCSL/IICC26_ws/src/sjtu_drone-ros2/sjtu_drone_bringup': PYTHONPATH=/home/j/INCSL/IICC26_ws/build/sjtu_drone_bringup/prefix_override:/usr/lib/python3/dist-packages/colcon_core/task/python/colcon_distutils_commands:/home/j/INCSL/IICC26_ws/install/sjtu_drone_bringup/lib/python3.10/site-packages:${PYTHONPATH} /usr/bin/python3 -W ignore:setup.py install is deprecated -W ignore:easy_install command is deprecated setup.py egg_info --egg-base ../../../build/sjtu_drone_bringup build --build-base /home/j/INCSL/IICC26_ws/build/sjtu_drone_bringup/build install --record /home/j/INCSL/IICC26_ws/build/sjtu_drone_bringup/install.log --single-version-externally-managed install_data
[0.751s] DEBUG:colcon.colcon_core.event_handler.log_command:Invoked command in '/home/j/INCSL/IICC26_ws/src/sjtu_drone-ros2/sjtu_drone_bringup' returned '0': PYTHONPATH=/home/j/INCSL/IICC26_ws/build/sjtu_drone_bringup/prefix_override:/usr/lib/python3/dist-packages/colcon_core/task/python/colcon_distutils_commands:/home/j/INCSL/IICC26_ws/install/sjtu_drone_bringup/lib/python3.10/site-packages:${PYTHONPATH} /usr/bin/python3 -W ignore:setup.py install is deprecated -W ignore:easy_install command is deprecated setup.py egg_info --egg-base ../../../build/sjtu_drone_bringup build --build-base /home/j/INCSL/IICC26_ws/build/sjtu_drone_bringup/build install --record /home/j/INCSL/IICC26_ws/build/sjtu_drone_bringup/install.log --single-version-externally-managed install_data
[0.752s] Level 1:colcon.colcon_core.environment:checking '/home/j/INCSL/IICC26_ws/install/sjtu_drone_bringup' for CMake module files
[0.752s] Level 1:colcon.colcon_core.environment:checking '/home/j/INCSL/IICC26_ws/install/sjtu_drone_bringup' for CMake config files
[0.753s] Level 1:colcon.colcon_core.environment:checking '/home/j/INCSL/IICC26_ws/install/sjtu_drone_bringup/lib'
[0.753s] Level 1:colcon.colcon_core.environment:checking '/home/j/INCSL/IICC26_ws/install/sjtu_drone_bringup/bin'
[0.753s] Level 1:colcon.colcon_core.shell:create_environment_hook('sjtu_drone_bringup', 'path')
[0.753s] INFO:colcon.colcon_core.shell:Creating environment hook '/home/j/INCSL/IICC26_ws/install/sjtu_drone_bringup/share/sjtu_drone_bringup/hook/path.ps1'
[0.753s] INFO:colcon.colcon_core.shell:Creating environment descriptor '/home/j/INCSL/IICC26_ws/install/sjtu_drone_bringup/share/sjtu_drone_bringup/hook/path.dsv'
[0.754s] INFO:colcon.colcon_core.shell:Creating environment hook '/home/j/INCSL/IICC26_ws/install/sjtu_drone_bringup/share/sjtu_drone_bringup/hook/path.sh'
[0.754s] Level 1:colcon.colcon_core.environment:checking '/home/j/INCSL/IICC26_ws/install/sjtu_drone_bringup/lib/pkgconfig/sjtu_drone_bringup.pc'
[0.754s] Level 1:colcon.colcon_core.environment:checking '/home/j/INCSL/IICC26_ws/install/sjtu_drone_bringup/lib/python3.10/site-packages'
[0.754s] Level 1:colcon.colcon_core.shell:create_environment_hook('sjtu_drone_bringup', 'pythonpath')
[0.754s] INFO:colcon.colcon_core.shell:Creating environment hook '/home/j/INCSL/IICC26_ws/install/sjtu_drone_bringup/share/sjtu_drone_bringup/hook/pythonpath.ps1'
[0.754s] INFO:colcon.colcon_core.shell:Creating environment descriptor '/home/j/INCSL/IICC26_ws/install/sjtu_drone_bringup/share/sjtu_drone_bringup/hook/pythonpath.dsv'
[0.754s] INFO:colcon.colcon_core.shell:Creating environment hook '/home/j/INCSL/IICC26_ws/install/sjtu_drone_bringup/share/sjtu_drone_bringup/hook/pythonpath.sh'
[0.755s] Level 1:colcon.colcon_core.environment:checking '/home/j/INCSL/IICC26_ws/install/sjtu_drone_bringup/bin'
[0.755s] Level 1:colcon.colcon_core.shell:create_environment_hook('sjtu_drone_bringup', 'pythonscriptspath')
[0.755s] INFO:colcon.colcon_core.shell:Creating environment hook '/home/j/INCSL/IICC26_ws/install/sjtu_drone_bringup/share/sjtu_drone_bringup/hook/pythonscriptspath.ps1'
[0.755s] INFO:colcon.colcon_core.shell:Creating environment descriptor '/home/j/INCSL/IICC26_ws/install/sjtu_drone_bringup/share/sjtu_drone_bringup/hook/pythonscriptspath.dsv'
[0.755s] INFO:colcon.colcon_core.shell:Creating environment hook '/home/j/INCSL/IICC26_ws/install/sjtu_drone_bringup/share/sjtu_drone_bringup/hook/pythonscriptspath.sh'
[0.755s] Level 1:colcon.colcon_core.environment:create_environment_scripts_only(sjtu_drone_bringup)
[0.756s] INFO:colcon.colcon_core.shell:Creating package script '/home/j/INCSL/IICC26_ws/install/sjtu_drone_bringup/share/sjtu_drone_bringup/package.ps1'
[0.756s] INFO:colcon.colcon_core.shell:Creating package descriptor '/home/j/INCSL/IICC26_ws/install/sjtu_drone_bringup/share/sjtu_drone_bringup/package.dsv'
[0.756s] INFO:colcon.colcon_core.shell:Creating package script '/home/j/INCSL/IICC26_ws/install/sjtu_drone_bringup/share/sjtu_drone_bringup/package.sh'
[0.757s] INFO:colcon.colcon_core.shell:Creating package script '/home/j/INCSL/IICC26_ws/install/sjtu_drone_bringup/share/sjtu_drone_bringup/package.bash'
[0.762s] INFO:colcon.colcon_core.shell:Creating package script '/home/j/INCSL/IICC26_ws/install/sjtu_drone_bringup/share/sjtu_drone_bringup/package.zsh'
[0.763s] Level 1:colcon.colcon_core.environment:create_file_with_runtime_dependencies(/home/j/INCSL/IICC26_ws/install/sjtu_drone_bringup/share/colcon-core/packages/sjtu_drone_bringup)
[0.763s] DEBUG:colcon.colcon_parallel_executor.executor.parallel:closing loop
[0.763s] DEBUG:colcon.colcon_parallel_executor.executor.parallel:loop closed
[0.763s] DEBUG:colcon.colcon_parallel_executor.executor.parallel:run_until_complete finished with '0'
[0.763s] DEBUG:colcon.colcon_core.event_reactor:joining thread
[0.767s] INFO:colcon.colcon_core.plugin_system:Skipping extension 'colcon_notification.desktop_notification.terminal_notifier': Not used on non-Darwin systems
[0.767s] INFO:colcon.colcon_core.plugin_system:Skipping extension 'colcon_notification.desktop_notification.win32': Not used on non-Windows systems
[0.767s] INFO:colcon.colcon_notification.desktop_notification:Sending desktop notification using 'notify2'
[0.771s] DEBUG:colcon.colcon_core.event_reactor:joined thread
[0.771s] INFO:colcon.colcon_core.shell:Creating prefix script '/home/j/INCSL/IICC26_ws/install/local_setup.ps1'
[0.772s] INFO:colcon.colcon_core.shell:Creating prefix util module '/home/j/INCSL/IICC26_ws/install/_local_setup_util_ps1.py'
[0.772s] INFO:colcon.colcon_core.shell:Creating prefix chain script '/home/j/INCSL/IICC26_ws/install/setup.ps1'
[0.773s] INFO:colcon.colcon_core.shell:Creating prefix script '/home/j/INCSL/IICC26_ws/install/local_setup.sh'
[0.773s] INFO:colcon.colcon_core.shell:Creating prefix util module '/home/j/INCSL/IICC26_ws/install/_local_setup_util_sh.py'
[0.773s] INFO:colcon.colcon_core.shell:Creating prefix chain script '/home/j/INCSL/IICC26_ws/install/setup.sh'
[0.774s] INFO:colcon.colcon_core.shell:Creating prefix script '/home/j/INCSL/IICC26_ws/install/local_setup.bash'
[0.774s] INFO:colcon.colcon_core.shell:Creating prefix chain script '/home/j/INCSL/IICC26_ws/install/setup.bash'
[0.774s] INFO:colcon.colcon_core.shell:Creating prefix script '/home/j/INCSL/IICC26_ws/install/local_setup.zsh'
[0.775s] INFO:colcon.colcon_core.shell:Creating prefix chain script '/home/j/INCSL/IICC26_ws/install/setup.zsh'
